2022-09-15 12:09:36,719 INFO Welcome to the CDS
2022-09-15 12:09:36,720 INFO Sending request to https://cds.climate.copernicus.eu/api/v2/resources/reanalysis-era5-single-levels
2022-09-15 12:09:36,942 INFO Request is queued
2022-09-15 12:09:38,080 INFO Request is running
2022-09-15 12:10:27,338 INFO Request is completed
2022-09-15 12:10:54,941 INFO Welcome to the CDS
2022-09-15 12:10:54,941 INFO Sending request to https://cds.climate.copernicus.eu/api/v2/resources/reanalysis-era5-single-levels
2022-09-15 12:10:55,093 INFO Request is queued
2022-09-15 12:10:56,230 INFO Request is running
2022-09-15 12:11:45,488 INFO Request is completed
2022-09-15 12:13:28,887 INFO Welcome to the CDS
2022-09-15 12:13:28,888 INFO Sending request to https://cds.climate.copernicus.eu/api/v2/resources/reanalysis-era5-single-levels
2022-09-15 12:13:29,045 INFO Request is queued
2022-09-15 12:13:30,177 INFO Request is running
2022-09-15 12:14:19,422 INFO Request is completed
2022-09-15 12:15:35,430 INFO Welcome to the CDS
2022-09-15 12:15:35,430 INFO Sending request to https://cds.climate.copernicus.eu/api/v2/resources/reanalysis-era5-single-levels
2022-09-15 12:15:35,565 INFO Request is queued
2022-09-15 12:15:36,696 INFO Request is running
2022-09-15 12:16:25,912 INFO Request is completed
2022-09-15 12:19:37,685 INFO Welcome to the CDS
2022-09-15 12:19:37,686 INFO Sending request to https://cds.climate.copernicus.eu/api/v2/resources/reanalysis-era5-single-levels
2022-09-15 12:19:37,835 INFO Request is queued
2022-09-15 12:19:38,966 INFO Request is running
2022-09-15 12:20:28,186 INFO Request is completed
/home/mundi/miniconda3/envs/cyc_loc/lib/python3.8/site-packages/xarray/conventions.py:492: SerializationWarning: variable 'melt_onset_day_seaice_conc_cdr' has multiple fill values {-1, 65535}, decoding all values to NaN.
  new_vars[k] = decode_cf_variable(
2022-09-15 12:26:01,525 INFO Welcome to the CDS
2022-09-15 12:26:01,525 INFO Sending request to https://cds.climate.copernicus.eu/api/v2/resources/reanalysis-era5-single-levels
2022-09-15 12:26:01,655 INFO Request is queued
2022-09-15 12:26:02,779 INFO Request is running
2022-09-15 12:26:06,781 INFO Request is completed
2022-09-15 12:26:10,616 INFO Welcome to the CDS
2022-09-15 12:26:10,617 INFO Sending request to https://cds.climate.copernicus.eu/api/v2/resources/reanalysis-era5-single-levels
2022-09-15 12:26:10,775 INFO Request is queued
2022-09-15 12:26:11,900 INFO Request is running
2022-09-15 12:26:15,904 INFO Request is completed
2022-09-15 12:26:19,091 INFO Welcome to the CDS
2022-09-15 12:26:19,094 INFO Sending request to https://cds.climate.copernicus.eu/api/v2/resources/reanalysis-era5-single-levels
2022-09-15 12:26:19,232 INFO Request is queued
2022-09-15 12:26:20,358 INFO Request is running
2022-09-15 12:26:24,361 INFO Request is completed
2022-09-15 12:26:26,735 INFO Welcome to the CDS
2022-09-15 12:26:26,736 INFO Sending request to https://cds.climate.copernicus.eu/api/v2/resources/reanalysis-era5-single-levels
2022-09-15 12:26:26,863 INFO Request is queued
2022-09-15 12:26:27,989 INFO Request is running
2022-09-15 12:26:31,991 INFO Request is completed
2022-09-15 12:26:39,495 INFO Welcome to the CDS
2022-09-15 12:26:39,495 INFO Sending request to https://cds.climate.copernicus.eu/api/v2/resources/reanalysis-era5-single-levels
2022-09-15 12:26:39,624 INFO Request is queued
2022-09-15 12:26:40,750 INFO Request is running
2022-09-15 12:26:44,754 INFO Request is completed
2022-09-15 12:27:05,611 INFO Welcome to the CDS
2022-09-15 12:27:05,611 INFO Sending request to https://cds.climate.copernicus.eu/api/v2/resources/reanalysis-era5-single-levels
2022-09-15 12:27:05,740 INFO Request is queued
2022-09-15 12:27:06,866 INFO Request is running
2022-09-15 12:27:10,869 INFO Request is completed
2022-09-15 12:27:20,122 INFO Welcome to the CDS
2022-09-15 12:27:20,122 INFO Sending request to https://cds.climate.copernicus.eu/api/v2/resources/reanalysis-era5-single-levels
2022-09-15 12:27:20,250 INFO Request is queued
2022-09-15 12:27:21,375 INFO Request is running
2022-09-15 12:27:25,377 INFO Request is completed
2022-09-15 12:27:42,548 INFO Welcome to the CDS
2022-09-15 12:27:42,548 INFO Sending request to https://cds.climate.copernicus.eu/api/v2/resources/reanalysis-era5-single-levels
2022-09-15 12:27:42,698 INFO Request is completed
2022-09-15 12:27:51,050 INFO Welcome to the CDS
2022-09-15 12:27:51,050 INFO Sending request to https://cds.climate.copernicus.eu/api/v2/resources/reanalysis-era5-single-levels
2022-09-15 12:27:51,193 INFO Request is completed
2022-09-15 12:27:54,062 INFO Welcome to the CDS
2022-09-15 12:27:54,062 INFO Sending request to https://cds.climate.copernicus.eu/api/v2/resources/reanalysis-era5-single-levels
2022-09-15 12:27:54,217 INFO Request is completed
2022-09-15 12:27:58,863 INFO Welcome to the CDS
2022-09-15 12:27:58,863 INFO Sending request to https://cds.climate.copernicus.eu/api/v2/resources/reanalysis-era5-single-levels
2022-09-15 12:27:59,064 INFO Request is completed
2022-09-15 12:28:02,472 INFO Welcome to the CDS
2022-09-15 12:28:02,473 INFO Sending request to https://cds.climate.copernicus.eu/api/v2/resources/reanalysis-era5-single-levels
2022-09-15 12:28:02,626 INFO Request is completed
2022-09-15 12:28:07,955 INFO Welcome to the CDS
2022-09-15 12:28:07,955 INFO Sending request to https://cds.climate.copernicus.eu/api/v2/resources/reanalysis-era5-single-levels
2022-09-15 12:28:08,100 INFO Request is completed
2022-09-15 12:28:10,354 INFO Welcome to the CDS
2022-09-15 12:28:10,354 INFO Sending request to https://cds.climate.copernicus.eu/api/v2/resources/reanalysis-era5-single-levels
2022-09-15 12:28:10,499 INFO Request is completed
2022-09-15 12:28:13,892 INFO Welcome to the CDS
2022-09-15 12:28:13,892 INFO Sending request to https://cds.climate.copernicus.eu/api/v2/resources/reanalysis-era5-single-levels
2022-09-15 12:28:14,088 INFO Request is completed
2022-09-15 12:28:24,731 INFO Welcome to the CDS
2022-09-15 12:28:24,732 INFO Sending request to https://cds.climate.copernicus.eu/api/v2/resources/reanalysis-era5-single-levels
2022-09-15 12:28:24,913 INFO Request is completed
2022-09-15 12:28:27,692 INFO Welcome to the CDS
2022-09-15 12:28:27,693 INFO Sending request to https://cds.climate.copernicus.eu/api/v2/resources/reanalysis-era5-single-levels
2022-09-15 12:28:27,853 INFO Request is completed
2022-09-15 12:28:38,990 INFO Welcome to the CDS
2022-09-15 12:28:38,990 INFO Sending request to https://cds.climate.copernicus.eu/api/v2/resources/reanalysis-era5-single-levels
2022-09-15 12:28:39,118 INFO Request is queued
2022-09-15 12:28:41,871 INFO Request is running
2022-09-15 12:28:44,248 INFO Request is completed
2022-09-15 12:28:47,233 INFO Welcome to the CDS
2022-09-15 12:28:47,234 INFO Sending request to https://cds.climate.copernicus.eu/api/v2/resources/reanalysis-era5-single-levels
2022-09-15 12:28:47,362 INFO Request is queued
2022-09-15 12:28:48,488 INFO Request is running
2022-09-15 12:28:52,490 INFO Request is completed
2022-09-15 12:28:55,852 INFO Welcome to the CDS
2022-09-15 12:28:55,852 INFO Sending request to https://cds.climate.copernicus.eu/api/v2/resources/reanalysis-era5-single-levels
2022-09-15 12:28:56,024 INFO Request is completed
2022-09-15 12:29:00,024 INFO Welcome to the CDS
2022-09-15 12:29:00,024 INFO Sending request to https://cds.climate.copernicus.eu/api/v2/resources/reanalysis-era5-single-levels
2022-09-15 12:29:00,198 INFO Request is completed
/home/mundi/Summer2022/myfuncs.py:73: RuntimeWarning: More than 20 figures have been opened. Figures created through the pyplot interface (`matplotlib.pyplot.figure`) are retained until explicitly closed and may consume too much memory. (To control this warning, see the rcParam `figure.max_open_warning`).
  fig=plt.figure(figsize=[15,15])
2022-09-15 12:29:03,277 INFO Welcome to the CDS
2022-09-15 12:29:03,277 INFO Sending request to https://cds.climate.copernicus.eu/api/v2/resources/reanalysis-era5-single-levels
2022-09-15 12:29:03,428 INFO Request is completed
/home/mundi/Summer2022/myfuncs.py:73: RuntimeWarning: More than 20 figures have been opened. Figures created through the pyplot interface (`matplotlib.pyplot.figure`) are retained until explicitly closed and may consume too much memory. (To control this warning, see the rcParam `figure.max_open_warning`).
  fig=plt.figure(figsize=[15,15])
2022-09-15 12:29:06,680 INFO Welcome to the CDS
2022-09-15 12:29:06,680 INFO Sending request to https://cds.climate.copernicus.eu/api/v2/resources/reanalysis-era5-single-levels
2022-09-15 12:29:06,809 INFO Request is queued
2022-09-15 12:29:07,934 INFO Request is running
2022-09-15 12:29:11,937 INFO Request is completed
/home/mundi/Summer2022/myfuncs.py:73: RuntimeWarning: More than 20 figures have been opened. Figures created through the pyplot interface (`matplotlib.pyplot.figure`) are retained until explicitly closed and may consume too much memory. (To control this warning, see the rcParam `figure.max_open_warning`).
  fig=plt.figure(figsize=[15,15])
2022-09-15 12:29:19,819 INFO Welcome to the CDS
2022-09-15 12:29:19,819 INFO Sending request to https://cds.climate.copernicus.eu/api/v2/resources/reanalysis-era5-single-levels
2022-09-15 12:29:20,444 INFO Request is queued
2022-09-15 12:29:21,570 INFO Request is running
2022-09-15 12:29:25,573 INFO Request is completed
/home/mundi/Summer2022/myfuncs.py:73: RuntimeWarning: More than 20 figures have been opened. Figures created through the pyplot interface (`matplotlib.pyplot.figure`) are retained until explicitly closed and may consume too much memory. (To control this warning, see the rcParam `figure.max_open_warning`).
  fig=plt.figure(figsize=[15,15])
2022-09-15 12:29:28,937 INFO Welcome to the CDS
2022-09-15 12:29:28,938 INFO Sending request to https://cds.climate.copernicus.eu/api/v2/resources/reanalysis-era5-single-levels
2022-09-15 12:29:29,099 INFO Request is queued
2022-09-15 12:29:30,224 INFO Request is running
2022-09-15 12:29:34,226 INFO Request is completed
/home/mundi/Summer2022/myfuncs.py:73: RuntimeWarning: More than 20 figures have been opened. Figures created through the pyplot interface (`matplotlib.pyplot.figure`) are retained until explicitly closed and may consume too much memory. (To control this warning, see the rcParam `figure.max_open_warning`).
  fig=plt.figure(figsize=[15,15])
2022-09-15 12:29:37,740 INFO Welcome to the CDS
2022-09-15 12:29:37,740 INFO Sending request to https://cds.climate.copernicus.eu/api/v2/resources/reanalysis-era5-single-levels
2022-09-15 12:29:37,885 INFO Request is completed
/home/mundi/Summer2022/myfuncs.py:73: RuntimeWarning: More than 20 figures have been opened. Figures created through the pyplot interface (`matplotlib.pyplot.figure`) are retained until explicitly closed and may consume too much memory. (To control this warning, see the rcParam `figure.max_open_warning`).
  fig=plt.figure(figsize=[15,15])
2022-09-15 12:29:41,894 INFO Welcome to the CDS
2022-09-15 12:29:41,895 INFO Sending request to https://cds.climate.copernicus.eu/api/v2/resources/reanalysis-era5-single-levels
2022-09-15 12:29:42,115 INFO Request is completed
/home/mundi/Summer2022/myfuncs.py:73: RuntimeWarning: More than 20 figures have been opened. Figures created through the pyplot interface (`matplotlib.pyplot.figure`) are retained until explicitly closed and may consume too much memory. (To control this warning, see the rcParam `figure.max_open_warning`).
  fig=plt.figure(figsize=[15,15])
2022-09-15 12:29:45,468 INFO Welcome to the CDS
2022-09-15 12:29:45,468 INFO Sending request to https://cds.climate.copernicus.eu/api/v2/resources/reanalysis-era5-single-levels
2022-09-15 12:29:45,703 INFO Request is queued
2022-09-15 12:29:46,828 INFO Request is running
2022-09-15 12:29:50,830 INFO Request is completed
/home/mundi/Summer2022/myfuncs.py:73: RuntimeWarning: More than 20 figures have been opened. Figures created through the pyplot interface (`matplotlib.pyplot.figure`) are retained until explicitly closed and may consume too much memory. (To control this warning, see the rcParam `figure.max_open_warning`).
  fig=plt.figure(figsize=[15,15])
2022-09-15 12:29:52,971 INFO Welcome to the CDS
2022-09-15 12:29:52,971 INFO Sending request to https://cds.climate.copernicus.eu/api/v2/resources/reanalysis-era5-single-levels
2022-09-15 12:29:53,126 INFO Request is queued
2022-09-15 12:29:54,251 INFO Request is running
2022-09-15 12:29:58,252 INFO Request is completed
/home/mundi/Summer2022/myfuncs.py:73: RuntimeWarning: More than 20 figures have been opened. Figures created through the pyplot interface (`matplotlib.pyplot.figure`) are retained until explicitly closed and may consume too much memory. (To control this warning, see the rcParam `figure.max_open_warning`).
  fig=plt.figure(figsize=[15,15])
2022-09-15 12:30:02,141 INFO Welcome to the CDS
2022-09-15 12:30:02,141 INFO Sending request to https://cds.climate.copernicus.eu/api/v2/resources/reanalysis-era5-single-levels
2022-09-15 12:30:02,270 INFO Request is queued
2022-09-15 12:30:03,395 INFO Request is running
2022-09-15 12:30:07,396 INFO Request is completed
/home/mundi/Summer2022/myfuncs.py:73: RuntimeWarning: More than 20 figures have been opened. Figures created through the pyplot interface (`matplotlib.pyplot.figure`) are retained until explicitly closed and may consume too much memory. (To control this warning, see the rcParam `figure.max_open_warning`).
  fig=plt.figure(figsize=[15,15])
2022-09-15 12:30:10,622 INFO Welcome to the CDS
2022-09-15 12:30:10,622 INFO Sending request to https://cds.climate.copernicus.eu/api/v2/resources/reanalysis-era5-single-levels
2022-09-15 12:30:10,872 INFO Request is queued
2022-09-15 12:30:11,998 INFO Request is running
2022-09-15 12:30:16,002 INFO Request is completed
/home/mundi/Summer2022/myfuncs.py:73: RuntimeWarning: More than 20 figures have been opened. Figures created through the pyplot interface (`matplotlib.pyplot.figure`) are retained until explicitly closed and may consume too much memory. (To control this warning, see the rcParam `figure.max_open_warning`).
  fig=plt.figure(figsize=[15,15])
2022-09-15 12:30:20,557 INFO Welcome to the CDS
2022-09-15 12:30:20,557 INFO Sending request to https://cds.climate.copernicus.eu/api/v2/resources/reanalysis-era5-single-levels
2022-09-15 12:30:20,777 INFO Request is queued
2022-09-15 12:30:21,903 INFO Request is running
2022-09-15 12:30:25,906 INFO Request is completed
/home/mundi/Summer2022/myfuncs.py:73: RuntimeWarning: More than 20 figures have been opened. Figures created through the pyplot interface (`matplotlib.pyplot.figure`) are retained until explicitly closed and may consume too much memory. (To control this warning, see the rcParam `figure.max_open_warning`).
  fig=plt.figure(figsize=[15,15])
2022-09-15 12:30:29,102 INFO Welcome to the CDS
2022-09-15 12:30:29,102 INFO Sending request to https://cds.climate.copernicus.eu/api/v2/resources/reanalysis-era5-single-levels
2022-09-15 12:30:29,272 INFO Request is queued
2022-09-15 12:30:30,397 INFO Request is running
2022-09-15 12:30:32,023 INFO Request is completed
/home/mundi/Summer2022/myfuncs.py:73: RuntimeWarning: More than 20 figures have been opened. Figures created through the pyplot interface (`matplotlib.pyplot.figure`) are retained until explicitly closed and may consume too much memory. (To control this warning, see the rcParam `figure.max_open_warning`).
  fig=plt.figure(figsize=[15,15])
2022-09-15 12:30:36,561 INFO Welcome to the CDS
2022-09-15 12:30:36,561 INFO Sending request to https://cds.climate.copernicus.eu/api/v2/resources/reanalysis-era5-single-levels
2022-09-15 12:30:36,705 INFO Request is completed
/home/mundi/Summer2022/myfuncs.py:73: RuntimeWarning: More than 20 figures have been opened. Figures created through the pyplot interface (`matplotlib.pyplot.figure`) are retained until explicitly closed and may consume too much memory. (To control this warning, see the rcParam `figure.max_open_warning`).
  fig=plt.figure(figsize=[15,15])
2022-09-15 12:30:41,312 INFO Welcome to the CDS
2022-09-15 12:30:41,312 INFO Sending request to https://cds.climate.copernicus.eu/api/v2/resources/reanalysis-era5-single-levels
2022-09-15 12:30:41,471 INFO Request is completed
/home/mundi/Summer2022/myfuncs.py:73: RuntimeWarning: More than 20 figures have been opened. Figures created through the pyplot interface (`matplotlib.pyplot.figure`) are retained until explicitly closed and may consume too much memory. (To control this warning, see the rcParam `figure.max_open_warning`).
  fig=plt.figure(figsize=[15,15])
2022-09-15 12:30:44,670 INFO Welcome to the CDS
2022-09-15 12:30:44,670 INFO Sending request to https://cds.climate.copernicus.eu/api/v2/resources/reanalysis-era5-single-levels
2022-09-15 12:30:44,834 INFO Request is completed
/home/mundi/Summer2022/myfuncs.py:73: RuntimeWarning: More than 20 figures have been opened. Figures created through the pyplot interface (`matplotlib.pyplot.figure`) are retained until explicitly closed and may consume too much memory. (To control this warning, see the rcParam `figure.max_open_warning`).
  fig=plt.figure(figsize=[15,15])
2022-09-15 12:30:47,691 INFO Welcome to the CDS
2022-09-15 12:30:47,692 INFO Sending request to https://cds.climate.copernicus.eu/api/v2/resources/reanalysis-era5-single-levels
2022-09-15 12:30:47,964 INFO Request is completed
/home/mundi/Summer2022/myfuncs.py:73: RuntimeWarning: More than 20 figures have been opened. Figures created through the pyplot interface (`matplotlib.pyplot.figure`) are retained until explicitly closed and may consume too much memory. (To control this warning, see the rcParam `figure.max_open_warning`).
  fig=plt.figure(figsize=[15,15])
2022-09-15 12:30:51,535 INFO Welcome to the CDS
2022-09-15 12:30:51,536 INFO Sending request to https://cds.climate.copernicus.eu/api/v2/resources/reanalysis-era5-single-levels
2022-09-15 12:30:51,664 INFO Request is queued
2022-09-15 12:30:52,790 INFO Request is running
2022-09-15 12:30:54,415 INFO Request is completed
/home/mundi/Summer2022/myfuncs.py:73: RuntimeWarning: More than 20 figures have been opened. Figures created through the pyplot interface (`matplotlib.pyplot.figure`) are retained until explicitly closed and may consume too much memory. (To control this warning, see the rcParam `figure.max_open_warning`).
  fig=plt.figure(figsize=[15,15])
2022-09-15 12:30:56,557 INFO Welcome to the CDS
2022-09-15 12:30:56,557 INFO Sending request to https://cds.climate.copernicus.eu/api/v2/resources/reanalysis-era5-single-levels
2022-09-15 12:30:56,686 INFO Request is queued
2022-09-15 12:30:57,811 INFO Request is running
2022-09-15 12:31:01,813 INFO Request is completed
/home/mundi/Summer2022/myfuncs.py:73: RuntimeWarning: More than 20 figures have been opened. Figures created through the pyplot interface (`matplotlib.pyplot.figure`) are retained until explicitly closed and may consume too much memory. (To control this warning, see the rcParam `figure.max_open_warning`).
  fig=plt.figure(figsize=[15,15])
2022-09-15 12:31:04,933 INFO Welcome to the CDS
2022-09-15 12:31:04,933 INFO Sending request to https://cds.climate.copernicus.eu/api/v2/resources/reanalysis-era5-single-levels
2022-09-15 12:31:05,087 INFO Request is completed
/home/mundi/Summer2022/myfuncs.py:73: RuntimeWarning: More than 20 figures have been opened. Figures created through the pyplot interface (`matplotlib.pyplot.figure`) are retained until explicitly closed and may consume too much memory. (To control this warning, see the rcParam `figure.max_open_warning`).
  fig=plt.figure(figsize=[15,15])
2022-09-15 12:31:07,704 INFO Welcome to the CDS
2022-09-15 12:31:07,704 INFO Sending request to https://cds.climate.copernicus.eu/api/v2/resources/reanalysis-era5-single-levels
2022-09-15 12:31:07,867 INFO Request is queued
2022-09-15 12:31:08,994 INFO Request is running
2022-09-15 12:31:12,996 INFO Request is completed
/home/mundi/Summer2022/myfuncs.py:73: RuntimeWarning: More than 20 figures have been opened. Figures created through the pyplot interface (`matplotlib.pyplot.figure`) are retained until explicitly closed and may consume too much memory. (To control this warning, see the rcParam `figure.max_open_warning`).
  fig=plt.figure(figsize=[15,15])
2022-09-15 12:31:15,315 INFO Welcome to the CDS
2022-09-15 12:31:15,315 INFO Sending request to https://cds.climate.copernicus.eu/api/v2/resources/reanalysis-era5-single-levels
2022-09-15 12:31:15,455 INFO Request is queued
2022-09-15 12:31:16,580 INFO Request is running
2022-09-15 12:31:20,581 INFO Request is completed
/home/mundi/Summer2022/myfuncs.py:73: RuntimeWarning: More than 20 figures have been opened. Figures created through the pyplot interface (`matplotlib.pyplot.figure`) are retained until explicitly closed and may consume too much memory. (To control this warning, see the rcParam `figure.max_open_warning`).
  fig=plt.figure(figsize=[15,15])
/home/mundi/miniconda3/envs/cyc_loc/lib/python3.8/site-packages/cartopy/mpl/geoaxes.py:1478: UserWarning: No contour levels were found within the data range.
  result = matplotlib.axes.Axes.contour(self, *args, **kwargs)
2022-09-15 12:31:51,108 INFO Welcome to the CDS
2022-09-15 12:31:51,108 INFO Sending request to https://cds.climate.copernicus.eu/api/v2/resources/reanalysis-era5-single-levels
2022-09-15 12:31:51,268 INFO Request is queued
2022-09-15 12:31:52,392 INFO Request is running
2022-09-15 12:31:56,407 INFO Request is completed
/home/mundi/Summer2022/myfuncs.py:73: RuntimeWarning: More than 20 figures have been opened. Figures created through the pyplot interface (`matplotlib.pyplot.figure`) are retained until explicitly closed and may consume too much memory. (To control this warning, see the rcParam `figure.max_open_warning`).
  fig=plt.figure(figsize=[15,15])
2022-09-15 12:31:58,615 INFO Welcome to the CDS
2022-09-15 12:31:58,615 INFO Sending request to https://cds.climate.copernicus.eu/api/v2/resources/reanalysis-era5-single-levels
2022-09-15 12:31:58,769 INFO Request is queued
2022-09-15 12:31:59,895 INFO Request is running
2022-09-15 12:32:04,279 INFO Request is completed
/home/mundi/Summer2022/myfuncs.py:73: RuntimeWarning: More than 20 figures have been opened. Figures created through the pyplot interface (`matplotlib.pyplot.figure`) are retained until explicitly closed and may consume too much memory. (To control this warning, see the rcParam `figure.max_open_warning`).
  fig=plt.figure(figsize=[15,15])
2022-09-15 12:32:08,245 INFO Welcome to the CDS
2022-09-15 12:32:08,245 INFO Sending request to https://cds.climate.copernicus.eu/api/v2/resources/reanalysis-era5-single-levels
2022-09-15 12:32:08,375 INFO Request is queued
2022-09-15 12:32:09,501 INFO Request is running
2022-09-15 12:32:13,504 INFO Request is completed
/home/mundi/Summer2022/myfuncs.py:73: RuntimeWarning: More than 20 figures have been opened. Figures created through the pyplot interface (`matplotlib.pyplot.figure`) are retained until explicitly closed and may consume too much memory. (To control this warning, see the rcParam `figure.max_open_warning`).
  fig=plt.figure(figsize=[15,15])
2022-09-15 12:32:19,361 INFO Welcome to the CDS
2022-09-15 12:32:19,361 INFO Sending request to https://cds.climate.copernicus.eu/api/v2/resources/reanalysis-era5-single-levels
2022-09-15 12:32:19,513 INFO Request is queued
2022-09-15 12:32:20,639 INFO Request is running
2022-09-15 12:32:24,643 INFO Request is completed
/home/mundi/Summer2022/myfuncs.py:73: RuntimeWarning: More than 20 figures have been opened. Figures created through the pyplot interface (`matplotlib.pyplot.figure`) are retained until explicitly closed and may consume too much memory. (To control this warning, see the rcParam `figure.max_open_warning`).
  fig=plt.figure(figsize=[15,15])
2022-09-15 12:32:27,909 INFO Welcome to the CDS
2022-09-15 12:32:27,909 INFO Sending request to https://cds.climate.copernicus.eu/api/v2/resources/reanalysis-era5-single-levels
2022-09-15 12:32:28,062 INFO Request is queued
2022-09-15 12:32:29,190 INFO Request is running
2022-09-15 12:32:33,192 INFO Request is completed
/home/mundi/Summer2022/myfuncs.py:73: RuntimeWarning: More than 20 figures have been opened. Figures created through the pyplot interface (`matplotlib.pyplot.figure`) are retained until explicitly closed and may consume too much memory. (To control this warning, see the rcParam `figure.max_open_warning`).
  fig=plt.figure(figsize=[15,15])
/home/mundi/miniconda3/envs/cyc_loc/lib/python3.8/site-packages/cartopy/mpl/geoaxes.py:1478: UserWarning: No contour levels were found within the data range.
  result = matplotlib.axes.Axes.contour(self, *args, **kwargs)
2022-09-15 12:33:35,197 INFO Welcome to the CDS
2022-09-15 12:33:35,198 INFO Sending request to https://cds.climate.copernicus.eu/api/v2/resources/reanalysis-era5-single-levels
2022-09-15 12:33:35,326 INFO Request is queued
2022-09-15 12:33:36,451 INFO Request is running
2022-09-15 12:33:40,467 INFO Request is completed
/home/mundi/Summer2022/myfuncs.py:73: RuntimeWarning: More than 20 figures have been opened. Figures created through the pyplot interface (`matplotlib.pyplot.figure`) are retained until explicitly closed and may consume too much memory. (To control this warning, see the rcParam `figure.max_open_warning`).
  fig=plt.figure(figsize=[15,15])
2022-09-15 12:33:43,219 INFO Welcome to the CDS
2022-09-15 12:33:43,219 INFO Sending request to https://cds.climate.copernicus.eu/api/v2/resources/reanalysis-era5-single-levels
2022-09-15 12:33:43,368 INFO Request is queued
2022-09-15 12:33:44,493 INFO Request is running
2022-09-15 12:33:48,499 INFO Request is completed
/home/mundi/Summer2022/myfuncs.py:73: RuntimeWarning: More than 20 figures have been opened. Figures created through the pyplot interface (`matplotlib.pyplot.figure`) are retained until explicitly closed and may consume too much memory. (To control this warning, see the rcParam `figure.max_open_warning`).
  fig=plt.figure(figsize=[15,15])
/home/mundi/miniconda3/envs/cyc_loc/lib/python3.8/site-packages/cartopy/mpl/geoaxes.py:1478: UserWarning: No contour levels were found within the data range.
  result = matplotlib.axes.Axes.contour(self, *args, **kwargs)
2022-09-15 12:34:40,826 INFO Welcome to the CDS
2022-09-15 12:34:40,826 INFO Sending request to https://cds.climate.copernicus.eu/api/v2/resources/reanalysis-era5-single-levels
2022-09-15 12:34:40,965 INFO Request is queued
2022-09-15 12:34:42,091 INFO Request is running
2022-09-15 12:34:46,093 INFO Request is completed
/home/mundi/Summer2022/myfuncs.py:73: RuntimeWarning: More than 20 figures have been opened. Figures created through the pyplot interface (`matplotlib.pyplot.figure`) are retained until explicitly closed and may consume too much memory. (To control this warning, see the rcParam `figure.max_open_warning`).
  fig=plt.figure(figsize=[15,15])
2022-09-15 12:34:48,984 INFO Welcome to the CDS
2022-09-15 12:34:48,984 INFO Sending request to https://cds.climate.copernicus.eu/api/v2/resources/reanalysis-era5-single-levels
2022-09-15 12:34:49,123 INFO Request is queued
2022-09-15 12:34:50,249 INFO Request is running
2022-09-15 12:34:54,253 INFO Request is completed
/home/mundi/Summer2022/myfuncs.py:73: RuntimeWarning: More than 20 figures have been opened. Figures created through the pyplot interface (`matplotlib.pyplot.figure`) are retained until explicitly closed and may consume too much memory. (To control this warning, see the rcParam `figure.max_open_warning`).
  fig=plt.figure(figsize=[15,15])
/home/mundi/miniconda3/envs/cyc_loc/lib/python3.8/site-packages/cartopy/mpl/geoaxes.py:1478: UserWarning: No contour levels were found within the data range.
  result = matplotlib.axes.Axes.contour(self, *args, **kwargs)
2022-09-15 12:35:51,038 INFO Welcome to the CDS
2022-09-15 12:35:51,039 INFO Sending request to https://cds.climate.copernicus.eu/api/v2/resources/reanalysis-era5-single-levels
2022-09-15 12:35:51,174 INFO Request is queued
2022-09-15 12:35:52,300 INFO Request is running
2022-09-15 12:35:56,315 INFO Request is completed
/home/mundi/Summer2022/myfuncs.py:73: RuntimeWarning: More than 20 figures have been opened. Figures created through the pyplot interface (`matplotlib.pyplot.figure`) are retained until explicitly closed and may consume too much memory. (To control this warning, see the rcParam `figure.max_open_warning`).
  fig=plt.figure(figsize=[15,15])
2022-09-15 12:36:11,917 INFO Welcome to the CDS
2022-09-15 12:36:11,918 INFO Sending request to https://cds.climate.copernicus.eu/api/v2/resources/reanalysis-era5-single-levels
2022-09-15 12:36:12,046 INFO Request is queued
2022-09-15 12:36:13,171 INFO Request is running
2022-09-15 12:36:17,173 INFO Request is completed
/home/mundi/Summer2022/myfuncs.py:73: RuntimeWarning: More than 20 figures have been opened. Figures created through the pyplot interface (`matplotlib.pyplot.figure`) are retained until explicitly closed and may consume too much memory. (To control this warning, see the rcParam `figure.max_open_warning`).
  fig=plt.figure(figsize=[15,15])
2022-09-15 12:36:20,419 INFO Welcome to the CDS
2022-09-15 12:36:20,419 INFO Sending request to https://cds.climate.copernicus.eu/api/v2/resources/reanalysis-era5-single-levels
2022-09-15 12:36:20,556 INFO Request is queued
2022-09-15 12:36:21,682 INFO Request is running
2022-09-15 12:36:25,683 INFO Request is completed
/home/mundi/Summer2022/myfuncs.py:73: RuntimeWarning: More than 20 figures have been opened. Figures created through the pyplot interface (`matplotlib.pyplot.figure`) are retained until explicitly closed and may consume too much memory. (To control this warning, see the rcParam `figure.max_open_warning`).
  fig=plt.figure(figsize=[15,15])
/home/mundi/miniconda3/envs/cyc_loc/lib/python3.8/site-packages/cartopy/mpl/geoaxes.py:1478: UserWarning: No contour levels were found within the data range.
  result = matplotlib.axes.Axes.contour(self, *args, **kwargs)
2022-09-15 12:37:02,038 INFO Welcome to the CDS
2022-09-15 12:37:02,038 INFO Sending request to https://cds.climate.copernicus.eu/api/v2/resources/reanalysis-era5-single-levels
2022-09-15 12:37:02,234 INFO Request is completed
/home/mundi/Summer2022/myfuncs.py:73: RuntimeWarning: More than 20 figures have been opened. Figures created through the pyplot interface (`matplotlib.pyplot.figure`) are retained until explicitly closed and may consume too much memory. (To control this warning, see the rcParam `figure.max_open_warning`).
  fig=plt.figure(figsize=[15,15])
2022-09-15 12:37:04,674 INFO Welcome to the CDS
2022-09-15 12:37:04,674 INFO Sending request to https://cds.climate.copernicus.eu/api/v2/resources/reanalysis-era5-single-levels
2022-09-15 12:37:04,834 INFO Request is completed
/home/mundi/Summer2022/myfuncs.py:73: RuntimeWarning: More than 20 figures have been opened. Figures created through the pyplot interface (`matplotlib.pyplot.figure`) are retained until explicitly closed and may consume too much memory. (To control this warning, see the rcParam `figure.max_open_warning`).
  fig=plt.figure(figsize=[15,15])
2022-09-15 12:37:07,415 INFO Welcome to the CDS
2022-09-15 12:37:07,415 INFO Sending request to https://cds.climate.copernicus.eu/api/v2/resources/reanalysis-era5-single-levels
2022-09-15 12:37:07,576 INFO Request is completed
/home/mundi/Summer2022/myfuncs.py:73: RuntimeWarning: More than 20 figures have been opened. Figures created through the pyplot interface (`matplotlib.pyplot.figure`) are retained until explicitly closed and may consume too much memory. (To control this warning, see the rcParam `figure.max_open_warning`).
  fig=plt.figure(figsize=[15,15])
2022-09-15 12:37:14,553 INFO Welcome to the CDS
2022-09-15 12:37:14,553 INFO Sending request to https://cds.climate.copernicus.eu/api/v2/resources/reanalysis-era5-single-levels
2022-09-15 12:37:14,714 INFO Request is completed
/home/mundi/Summer2022/myfuncs.py:73: RuntimeWarning: More than 20 figures have been opened. Figures created through the pyplot interface (`matplotlib.pyplot.figure`) are retained until explicitly closed and may consume too much memory. (To control this warning, see the rcParam `figure.max_open_warning`).
  fig=plt.figure(figsize=[15,15])
2022-09-15 12:37:20,087 INFO Welcome to the CDS
2022-09-15 12:37:20,087 INFO Sending request to https://cds.climate.copernicus.eu/api/v2/resources/reanalysis-era5-single-levels
2022-09-15 12:37:20,255 INFO Request is completed
/home/mundi/Summer2022/myfuncs.py:73: RuntimeWarning: More than 20 figures have been opened. Figures created through the pyplot interface (`matplotlib.pyplot.figure`) are retained until explicitly closed and may consume too much memory. (To control this warning, see the rcParam `figure.max_open_warning`).
  fig=plt.figure(figsize=[15,15])
2022-09-15 12:37:25,552 INFO Welcome to the CDS
2022-09-15 12:37:25,552 INFO Sending request to https://cds.climate.copernicus.eu/api/v2/resources/reanalysis-era5-single-levels
2022-09-15 12:37:25,744 INFO Request is completed
/home/mundi/Summer2022/myfuncs.py:73: RuntimeWarning: More than 20 figures have been opened. Figures created through the pyplot interface (`matplotlib.pyplot.figure`) are retained until explicitly closed and may consume too much memory. (To control this warning, see the rcParam `figure.max_open_warning`).
  fig=plt.figure(figsize=[15,15])
2022-09-15 12:37:29,435 INFO Welcome to the CDS
2022-09-15 12:37:29,435 INFO Sending request to https://cds.climate.copernicus.eu/api/v2/resources/reanalysis-era5-single-levels
2022-09-15 12:37:29,621 INFO Request is completed
/home/mundi/Summer2022/myfuncs.py:73: RuntimeWarning: More than 20 figures have been opened. Figures created through the pyplot interface (`matplotlib.pyplot.figure`) are retained until explicitly closed and may consume too much memory. (To control this warning, see the rcParam `figure.max_open_warning`).
  fig=plt.figure(figsize=[15,15])
2022-09-15 12:37:32,501 INFO Welcome to the CDS
2022-09-15 12:37:32,501 INFO Sending request to https://cds.climate.copernicus.eu/api/v2/resources/reanalysis-era5-single-levels
2022-09-15 12:37:32,687 INFO Request is completed
/home/mundi/Summer2022/myfuncs.py:73: RuntimeWarning: More than 20 figures have been opened. Figures created through the pyplot interface (`matplotlib.pyplot.figure`) are retained until explicitly closed and may consume too much memory. (To control this warning, see the rcParam `figure.max_open_warning`).
  fig=plt.figure(figsize=[15,15])
2022-09-15 12:37:36,456 INFO Welcome to the CDS
2022-09-15 12:37:36,456 INFO Sending request to https://cds.climate.copernicus.eu/api/v2/resources/reanalysis-era5-single-levels
2022-09-15 12:37:36,761 INFO Request is completed
/home/mundi/Summer2022/myfuncs.py:73: RuntimeWarning: More than 20 figures have been opened. Figures created through the pyplot interface (`matplotlib.pyplot.figure`) are retained until explicitly closed and may consume too much memory. (To control this warning, see the rcParam `figure.max_open_warning`).
  fig=plt.figure(figsize=[15,15])
2022-09-15 12:37:54,918 INFO Welcome to the CDS
2022-09-15 12:37:54,919 INFO Sending request to https://cds.climate.copernicus.eu/api/v2/resources/reanalysis-era5-single-levels
2022-09-15 12:37:55,091 INFO Request is completed
/home/mundi/Summer2022/myfuncs.py:73: RuntimeWarning: More than 20 figures have been opened. Figures created through the pyplot interface (`matplotlib.pyplot.figure`) are retained until explicitly closed and may consume too much memory. (To control this warning, see the rcParam `figure.max_open_warning`).
  fig=plt.figure(figsize=[15,15])
2022-09-15 12:38:01,601 INFO Welcome to the CDS
2022-09-15 12:38:01,601 INFO Sending request to https://cds.climate.copernicus.eu/api/v2/resources/reanalysis-era5-single-levels
2022-09-15 12:38:01,763 INFO Request is completed
/home/mundi/Summer2022/myfuncs.py:73: RuntimeWarning: More than 20 figures have been opened. Figures created through the pyplot interface (`matplotlib.pyplot.figure`) are retained until explicitly closed and may consume too much memory. (To control this warning, see the rcParam `figure.max_open_warning`).
  fig=plt.figure(figsize=[15,15])
2022-09-15 12:38:05,709 INFO Welcome to the CDS
2022-09-15 12:38:05,709 INFO Sending request to https://cds.climate.copernicus.eu/api/v2/resources/reanalysis-era5-single-levels
2022-09-15 12:38:05,940 INFO Request is completed
/home/mundi/Summer2022/myfuncs.py:73: RuntimeWarning: More than 20 figures have been opened. Figures created through the pyplot interface (`matplotlib.pyplot.figure`) are retained until explicitly closed and may consume too much memory. (To control this warning, see the rcParam `figure.max_open_warning`).
  fig=plt.figure(figsize=[15,15])
2022-09-15 12:38:16,033 INFO Welcome to the CDS
2022-09-15 12:38:16,033 INFO Sending request to https://cds.climate.copernicus.eu/api/v2/resources/reanalysis-era5-single-levels
2022-09-15 12:38:16,267 INFO Request is completed
/home/mundi/Summer2022/myfuncs.py:73: RuntimeWarning: More than 20 figures have been opened. Figures created through the pyplot interface (`matplotlib.pyplot.figure`) are retained until explicitly closed and may consume too much memory. (To control this warning, see the rcParam `figure.max_open_warning`).
  fig=plt.figure(figsize=[15,15])
2022-09-15 12:38:24,795 INFO Welcome to the CDS
2022-09-15 12:38:24,796 INFO Sending request to https://cds.climate.copernicus.eu/api/v2/resources/reanalysis-era5-single-levels
2022-09-15 12:38:24,992 INFO Request is completed
/home/mundi/Summer2022/myfuncs.py:73: RuntimeWarning: More than 20 figures have been opened. Figures created through the pyplot interface (`matplotlib.pyplot.figure`) are retained until explicitly closed and may consume too much memory. (To control this warning, see the rcParam `figure.max_open_warning`).
  fig=plt.figure(figsize=[15,15])
2022-09-15 12:38:31,764 INFO Welcome to the CDS
2022-09-15 12:38:31,764 INFO Sending request to https://cds.climate.copernicus.eu/api/v2/resources/reanalysis-era5-single-levels
2022-09-15 12:38:31,934 INFO Request is completed
/home/mundi/Summer2022/myfuncs.py:73: RuntimeWarning: More than 20 figures have been opened. Figures created through the pyplot interface (`matplotlib.pyplot.figure`) are retained until explicitly closed and may consume too much memory. (To control this warning, see the rcParam `figure.max_open_warning`).
  fig=plt.figure(figsize=[15,15])
2022-09-15 12:38:43,195 INFO Welcome to the CDS
2022-09-15 12:38:43,196 INFO Sending request to https://cds.climate.copernicus.eu/api/v2/resources/reanalysis-era5-single-levels
2022-09-15 12:38:43,380 INFO Request is completed
/home/mundi/Summer2022/myfuncs.py:73: RuntimeWarning: More than 20 figures have been opened. Figures created through the pyplot interface (`matplotlib.pyplot.figure`) are retained until explicitly closed and may consume too much memory. (To control this warning, see the rcParam `figure.max_open_warning`).
  fig=plt.figure(figsize=[15,15])
2022-09-15 12:38:50,960 INFO Welcome to the CDS
2022-09-15 12:38:50,960 INFO Sending request to https://cds.climate.copernicus.eu/api/v2/resources/reanalysis-era5-single-levels
2022-09-15 12:38:51,110 INFO Request is completed
/home/mundi/Summer2022/myfuncs.py:73: RuntimeWarning: More than 20 figures have been opened. Figures created through the pyplot interface (`matplotlib.pyplot.figure`) are retained until explicitly closed and may consume too much memory. (To control this warning, see the rcParam `figure.max_open_warning`).
  fig=plt.figure(figsize=[15,15])
2022-09-15 12:38:55,286 INFO Welcome to the CDS
2022-09-15 12:38:55,287 INFO Sending request to https://cds.climate.copernicus.eu/api/v2/resources/reanalysis-era5-single-levels
2022-09-15 12:38:55,455 INFO Request is completed
/home/mundi/Summer2022/myfuncs.py:73: RuntimeWarning: More than 20 figures have been opened. Figures created through the pyplot interface (`matplotlib.pyplot.figure`) are retained until explicitly closed and may consume too much memory. (To control this warning, see the rcParam `figure.max_open_warning`).
  fig=plt.figure(figsize=[15,15])
2022-09-15 12:39:03,231 INFO Welcome to the CDS
2022-09-15 12:39:03,231 INFO Sending request to https://cds.climate.copernicus.eu/api/v2/resources/reanalysis-era5-single-levels
2022-09-15 12:39:03,406 INFO Request is completed
/home/mundi/Summer2022/myfuncs.py:73: RuntimeWarning: More than 20 figures have been opened. Figures created through the pyplot interface (`matplotlib.pyplot.figure`) are retained until explicitly closed and may consume too much memory. (To control this warning, see the rcParam `figure.max_open_warning`).
  fig=plt.figure(figsize=[15,15])
2022-09-15 12:39:06,792 INFO Welcome to the CDS
2022-09-15 12:39:06,793 INFO Sending request to https://cds.climate.copernicus.eu/api/v2/resources/reanalysis-era5-single-levels
2022-09-15 12:39:07,017 INFO Request is completed
/home/mundi/Summer2022/myfuncs.py:73: RuntimeWarning: More than 20 figures have been opened. Figures created through the pyplot interface (`matplotlib.pyplot.figure`) are retained until explicitly closed and may consume too much memory. (To control this warning, see the rcParam `figure.max_open_warning`).
  fig=plt.figure(figsize=[15,15])
2022-09-15 12:39:13,213 INFO Welcome to the CDS
2022-09-15 12:39:13,213 INFO Sending request to https://cds.climate.copernicus.eu/api/v2/resources/reanalysis-era5-single-levels
2022-09-15 12:39:13,399 INFO Request is completed
/home/mundi/Summer2022/myfuncs.py:73: RuntimeWarning: More than 20 figures have been opened. Figures created through the pyplot interface (`matplotlib.pyplot.figure`) are retained until explicitly closed and may consume too much memory. (To control this warning, see the rcParam `figure.max_open_warning`).
  fig=plt.figure(figsize=[15,15])
2022-09-15 12:39:15,920 INFO Welcome to the CDS
2022-09-15 12:39:15,920 INFO Sending request to https://cds.climate.copernicus.eu/api/v2/resources/reanalysis-era5-single-levels
2022-09-15 12:39:16,069 INFO Request is queued
2022-09-15 12:39:17,200 INFO Request is running
2022-09-15 12:39:18,832 INFO Request is completed
/home/mundi/Summer2022/myfuncs.py:73: RuntimeWarning: More than 20 figures have been opened. Figures created through the pyplot interface (`matplotlib.pyplot.figure`) are retained until explicitly closed and may consume too much memory. (To control this warning, see the rcParam `figure.max_open_warning`).
  fig=plt.figure(figsize=[15,15])
2022-09-15 12:39:23,138 INFO Welcome to the CDS
2022-09-15 12:39:23,139 INFO Sending request to https://cds.climate.copernicus.eu/api/v2/resources/reanalysis-era5-single-levels
2022-09-15 12:39:23,291 INFO Request is queued
2022-09-15 12:39:24,422 INFO Request is running
2022-09-15 12:39:28,436 INFO Request is completed
/home/mundi/Summer2022/myfuncs.py:73: RuntimeWarning: More than 20 figures have been opened. Figures created through the pyplot interface (`matplotlib.pyplot.figure`) are retained until explicitly closed and may consume too much memory. (To control this warning, see the rcParam `figure.max_open_warning`).
  fig=plt.figure(figsize=[15,15])
2022-09-15 12:39:31,918 INFO Welcome to the CDS
2022-09-15 12:39:31,918 INFO Sending request to https://cds.climate.copernicus.eu/api/v2/resources/reanalysis-era5-single-levels
2022-09-15 12:39:32,052 INFO Request is queued
2022-09-15 12:39:33,184 INFO Request is running
2022-09-15 12:39:37,197 INFO Request is completed
/home/mundi/Summer2022/myfuncs.py:73: RuntimeWarning: More than 20 figures have been opened. Figures created through the pyplot interface (`matplotlib.pyplot.figure`) are retained until explicitly closed and may consume too much memory. (To control this warning, see the rcParam `figure.max_open_warning`).
  fig=plt.figure(figsize=[15,15])
2022-09-15 12:39:42,220 INFO Welcome to the CDS
2022-09-15 12:39:42,220 INFO Sending request to https://cds.climate.copernicus.eu/api/v2/resources/reanalysis-era5-single-levels
2022-09-15 12:39:42,400 INFO Request is completed
/home/mundi/Summer2022/myfuncs.py:73: RuntimeWarning: More than 20 figures have been opened. Figures created through the pyplot interface (`matplotlib.pyplot.figure`) are retained until explicitly closed and may consume too much memory. (To control this warning, see the rcParam `figure.max_open_warning`).
  fig=plt.figure(figsize=[15,15])
2022-09-15 12:39:50,959 INFO Welcome to the CDS
2022-09-15 12:39:50,960 INFO Sending request to https://cds.climate.copernicus.eu/api/v2/resources/reanalysis-era5-single-levels
2022-09-15 12:39:51,122 INFO Request is completed
/home/mundi/Summer2022/myfuncs.py:73: RuntimeWarning: More than 20 figures have been opened. Figures created through the pyplot interface (`matplotlib.pyplot.figure`) are retained until explicitly closed and may consume too much memory. (To control this warning, see the rcParam `figure.max_open_warning`).
  fig=plt.figure(figsize=[15,15])
2022-09-15 12:40:07,776 INFO Welcome to the CDS
2022-09-15 12:40:07,776 INFO Sending request to https://cds.climate.copernicus.eu/api/v2/resources/reanalysis-era5-single-levels
2022-09-15 12:40:07,965 INFO Request is completed
/home/mundi/Summer2022/myfuncs.py:73: RuntimeWarning: More than 20 figures have been opened. Figures created through the pyplot interface (`matplotlib.pyplot.figure`) are retained until explicitly closed and may consume too much memory. (To control this warning, see the rcParam `figure.max_open_warning`).
  fig=plt.figure(figsize=[15,15])
2022-09-15 12:40:12,169 INFO Welcome to the CDS
2022-09-15 12:40:12,169 INFO Sending request to https://cds.climate.copernicus.eu/api/v2/resources/reanalysis-era5-single-levels
2022-09-15 12:40:12,350 INFO Request is queued
2022-09-15 12:40:13,482 INFO Request is running
2022-09-15 12:40:17,497 INFO Request is completed
/home/mundi/Summer2022/myfuncs.py:73: RuntimeWarning: More than 20 figures have been opened. Figures created through the pyplot interface (`matplotlib.pyplot.figure`) are retained until explicitly closed and may consume too much memory. (To control this warning, see the rcParam `figure.max_open_warning`).
  fig=plt.figure(figsize=[15,15])
2022-09-15 12:40:20,740 INFO Welcome to the CDS
2022-09-15 12:40:20,740 INFO Sending request to https://cds.climate.copernicus.eu/api/v2/resources/reanalysis-era5-single-levels
2022-09-15 12:40:20,900 INFO Request is queued
2022-09-15 12:40:22,032 INFO Request is running
2022-09-15 12:40:26,045 INFO Request is completed
/home/mundi/Summer2022/myfuncs.py:73: RuntimeWarning: More than 20 figures have been opened. Figures created through the pyplot interface (`matplotlib.pyplot.figure`) are retained until explicitly closed and may consume too much memory. (To control this warning, see the rcParam `figure.max_open_warning`).
  fig=plt.figure(figsize=[15,15])
2022-09-15 12:40:29,911 INFO Welcome to the CDS
2022-09-15 12:40:29,911 INFO Sending request to https://cds.climate.copernicus.eu/api/v2/resources/reanalysis-era5-single-levels
2022-09-15 12:40:30,091 INFO Request is queued
2022-09-15 12:40:31,222 INFO Request is running
2022-09-15 12:40:35,236 INFO Request is completed
/home/mundi/Summer2022/myfuncs.py:73: RuntimeWarning: More than 20 figures have been opened. Figures created through the pyplot interface (`matplotlib.pyplot.figure`) are retained until explicitly closed and may consume too much memory. (To control this warning, see the rcParam `figure.max_open_warning`).
  fig=plt.figure(figsize=[15,15])
2022-09-15 12:40:39,202 INFO Welcome to the CDS
2022-09-15 12:40:39,203 INFO Sending request to https://cds.climate.copernicus.eu/api/v2/resources/reanalysis-era5-single-levels
2022-09-15 12:40:39,350 INFO Request is queued
2022-09-15 12:40:40,482 INFO Request is running
2022-09-15 12:40:44,497 INFO Request is completed
/home/mundi/Summer2022/myfuncs.py:73: RuntimeWarning: More than 20 figures have been opened. Figures created through the pyplot interface (`matplotlib.pyplot.figure`) are retained until explicitly closed and may consume too much memory. (To control this warning, see the rcParam `figure.max_open_warning`).
  fig=plt.figure(figsize=[15,15])
2022-09-15 12:40:48,162 INFO Welcome to the CDS
2022-09-15 12:40:48,162 INFO Sending request to https://cds.climate.copernicus.eu/api/v2/resources/reanalysis-era5-single-levels
2022-09-15 12:40:48,360 INFO Request is queued
2022-09-15 12:40:49,491 INFO Request is running
2022-09-15 12:40:53,506 INFO Request is completed
/home/mundi/Summer2022/myfuncs.py:73: RuntimeWarning: More than 20 figures have been opened. Figures created through the pyplot interface (`matplotlib.pyplot.figure`) are retained until explicitly closed and may consume too much memory. (To control this warning, see the rcParam `figure.max_open_warning`).
  fig=plt.figure(figsize=[15,15])
2022-09-15 12:40:56,654 INFO Welcome to the CDS
2022-09-15 12:40:56,654 INFO Sending request to https://cds.climate.copernicus.eu/api/v2/resources/reanalysis-era5-single-levels
2022-09-15 12:40:56,890 INFO Request is queued
2022-09-15 12:40:58,021 INFO Request is running
2022-09-15 12:41:02,036 INFO Request is completed
/home/mundi/Summer2022/myfuncs.py:73: RuntimeWarning: More than 20 figures have been opened. Figures created through the pyplot interface (`matplotlib.pyplot.figure`) are retained until explicitly closed and may consume too much memory. (To control this warning, see the rcParam `figure.max_open_warning`).
  fig=plt.figure(figsize=[15,15])
2022-09-15 12:41:05,767 INFO Welcome to the CDS
2022-09-15 12:41:05,767 INFO Sending request to https://cds.climate.copernicus.eu/api/v2/resources/reanalysis-era5-single-levels
2022-09-15 12:41:05,935 INFO Request is queued
2022-09-15 12:41:07,067 INFO Request is running
2022-09-15 12:41:11,086 INFO Request is completed
/home/mundi/Summer2022/myfuncs.py:73: RuntimeWarning: More than 20 figures have been opened. Figures created through the pyplot interface (`matplotlib.pyplot.figure`) are retained until explicitly closed and may consume too much memory. (To control this warning, see the rcParam `figure.max_open_warning`).
  fig=plt.figure(figsize=[15,15])
2022-09-15 12:41:15,756 INFO Welcome to the CDS
2022-09-15 12:41:15,757 INFO Sending request to https://cds.climate.copernicus.eu/api/v2/resources/reanalysis-era5-single-levels
2022-09-15 12:41:15,899 INFO Request is queued
2022-09-15 12:41:17,032 INFO Request is running
2022-09-15 12:41:21,050 INFO Request is completed
/home/mundi/Summer2022/myfuncs.py:73: RuntimeWarning: More than 20 figures have been opened. Figures created through the pyplot interface (`matplotlib.pyplot.figure`) are retained until explicitly closed and may consume too much memory. (To control this warning, see the rcParam `figure.max_open_warning`).
  fig=plt.figure(figsize=[15,15])
2022-09-15 12:41:23,740 INFO Welcome to the CDS
2022-09-15 12:41:23,740 INFO Sending request to https://cds.climate.copernicus.eu/api/v2/resources/reanalysis-era5-single-levels
2022-09-15 12:41:24,248 INFO Request is queued
2022-09-15 12:41:25,373 INFO Request is running
2022-09-15 12:41:27,000 INFO Request is completed
/home/mundi/Summer2022/myfuncs.py:73: RuntimeWarning: More than 20 figures have been opened. Figures created through the pyplot interface (`matplotlib.pyplot.figure`) are retained until explicitly closed and may consume too much memory. (To control this warning, see the rcParam `figure.max_open_warning`).
  fig=plt.figure(figsize=[15,15])
2022-09-15 12:41:32,496 INFO Welcome to the CDS
2022-09-15 12:41:32,496 INFO Sending request to https://cds.climate.copernicus.eu/api/v2/resources/reanalysis-era5-single-levels
2022-09-15 12:41:32,647 INFO Request is queued
2022-09-15 12:41:33,772 INFO Request is running
2022-09-15 12:41:37,774 INFO Request is completed
/home/mundi/Summer2022/myfuncs.py:73: RuntimeWarning: More than 20 figures have been opened. Figures created through the pyplot interface (`matplotlib.pyplot.figure`) are retained until explicitly closed and may consume too much memory. (To control this warning, see the rcParam `figure.max_open_warning`).
  fig=plt.figure(figsize=[15,15])
2022-09-15 12:41:41,834 INFO Welcome to the CDS
2022-09-15 12:41:41,834 INFO Sending request to https://cds.climate.copernicus.eu/api/v2/resources/reanalysis-era5-single-levels
2022-09-15 12:41:41,993 INFO Request is queued
2022-09-15 12:41:43,118 INFO Request is running
2022-09-15 12:41:47,119 INFO Request is completed
/home/mundi/Summer2022/myfuncs.py:73: RuntimeWarning: More than 20 figures have been opened. Figures created through the pyplot interface (`matplotlib.pyplot.figure`) are retained until explicitly closed and may consume too much memory. (To control this warning, see the rcParam `figure.max_open_warning`).
  fig=plt.figure(figsize=[15,15])
2022-09-15 12:41:51,246 INFO Welcome to the CDS
2022-09-15 12:41:51,246 INFO Sending request to https://cds.climate.copernicus.eu/api/v2/resources/reanalysis-era5-single-levels
2022-09-15 12:41:51,375 INFO Request is queued
2022-09-15 12:41:52,501 INFO Request is running
2022-09-15 12:41:54,126 INFO Request is completed
/home/mundi/Summer2022/myfuncs.py:73: RuntimeWarning: More than 20 figures have been opened. Figures created through the pyplot interface (`matplotlib.pyplot.figure`) are retained until explicitly closed and may consume too much memory. (To control this warning, see the rcParam `figure.max_open_warning`).
  fig=plt.figure(figsize=[15,15])
2022-09-15 12:41:59,812 INFO Welcome to the CDS
2022-09-15 12:41:59,812 INFO Sending request to https://cds.climate.copernicus.eu/api/v2/resources/reanalysis-era5-single-levels
2022-09-15 12:41:59,953 INFO Request is queued
2022-09-15 12:42:01,079 INFO Request is running
2022-09-15 12:42:05,082 INFO Request is completed
/home/mundi/Summer2022/myfuncs.py:73: RuntimeWarning: More than 20 figures have been opened. Figures created through the pyplot interface (`matplotlib.pyplot.figure`) are retained until explicitly closed and may consume too much memory. (To control this warning, see the rcParam `figure.max_open_warning`).
  fig=plt.figure(figsize=[15,15])
2022-09-15 12:42:08,489 INFO Welcome to the CDS
2022-09-15 12:42:08,490 INFO Sending request to https://cds.climate.copernicus.eu/api/v2/resources/reanalysis-era5-single-levels
2022-09-15 12:42:08,642 INFO Request is queued
2022-09-15 12:42:09,768 INFO Request is running
2022-09-15 12:42:11,393 INFO Request is completed
/home/mundi/Summer2022/myfuncs.py:73: RuntimeWarning: More than 20 figures have been opened. Figures created through the pyplot interface (`matplotlib.pyplot.figure`) are retained until explicitly closed and may consume too much memory. (To control this warning, see the rcParam `figure.max_open_warning`).
  fig=plt.figure(figsize=[15,15])
2022-09-15 12:42:16,342 INFO Welcome to the CDS
2022-09-15 12:42:16,343 INFO Sending request to https://cds.climate.copernicus.eu/api/v2/resources/reanalysis-era5-single-levels
2022-09-15 12:42:16,503 INFO Request is queued
2022-09-15 12:42:17,628 INFO Request is running
2022-09-15 12:42:19,253 INFO Request is completed
/home/mundi/Summer2022/myfuncs.py:73: RuntimeWarning: More than 20 figures have been opened. Figures created through the pyplot interface (`matplotlib.pyplot.figure`) are retained until explicitly closed and may consume too much memory. (To control this warning, see the rcParam `figure.max_open_warning`).
  fig=plt.figure(figsize=[15,15])
2022-09-15 12:42:24,565 INFO Welcome to the CDS
2022-09-15 12:42:24,566 INFO Sending request to https://cds.climate.copernicus.eu/api/v2/resources/reanalysis-era5-single-levels
2022-09-15 12:42:24,708 INFO Request is completed
/home/mundi/Summer2022/myfuncs.py:73: RuntimeWarning: More than 20 figures have been opened. Figures created through the pyplot interface (`matplotlib.pyplot.figure`) are retained until explicitly closed and may consume too much memory. (To control this warning, see the rcParam `figure.max_open_warning`).
  fig=plt.figure(figsize=[15,15])
2022-09-15 12:42:27,828 INFO Welcome to the CDS
2022-09-15 12:42:27,828 INFO Sending request to https://cds.climate.copernicus.eu/api/v2/resources/reanalysis-era5-single-levels
2022-09-15 12:42:28,072 INFO Request is completed
/home/mundi/Summer2022/myfuncs.py:73: RuntimeWarning: More than 20 figures have been opened. Figures created through the pyplot interface (`matplotlib.pyplot.figure`) are retained until explicitly closed and may consume too much memory. (To control this warning, see the rcParam `figure.max_open_warning`).
  fig=plt.figure(figsize=[15,15])
2022-09-15 12:42:31,887 INFO Welcome to the CDS
2022-09-15 12:42:31,887 INFO Sending request to https://cds.climate.copernicus.eu/api/v2/resources/reanalysis-era5-single-levels
2022-09-15 12:42:32,049 INFO Request is completed
/home/mundi/Summer2022/myfuncs.py:73: RuntimeWarning: More than 20 figures have been opened. Figures created through the pyplot interface (`matplotlib.pyplot.figure`) are retained until explicitly closed and may consume too much memory. (To control this warning, see the rcParam `figure.max_open_warning`).
  fig=plt.figure(figsize=[15,15])
2022-09-15 12:42:35,285 INFO Welcome to the CDS
2022-09-15 12:42:35,285 INFO Sending request to https://cds.climate.copernicus.eu/api/v2/resources/reanalysis-era5-single-levels
2022-09-15 12:42:35,427 INFO Request is queued
2022-09-15 12:42:36,552 INFO Request is running
2022-09-15 12:42:40,553 INFO Request is completed
/home/mundi/Summer2022/myfuncs.py:73: RuntimeWarning: More than 20 figures have been opened. Figures created through the pyplot interface (`matplotlib.pyplot.figure`) are retained until explicitly closed and may consume too much memory. (To control this warning, see the rcParam `figure.max_open_warning`).
  fig=plt.figure(figsize=[15,15])
2022-09-15 12:42:42,873 INFO Welcome to the CDS
2022-09-15 12:42:42,873 INFO Sending request to https://cds.climate.copernicus.eu/api/v2/resources/reanalysis-era5-single-levels
2022-09-15 12:42:43,027 INFO Request is queued
2022-09-15 12:42:44,152 INFO Request is running
2022-09-15 12:42:48,155 INFO Request is completed
/home/mundi/Summer2022/myfuncs.py:73: RuntimeWarning: More than 20 figures have been opened. Figures created through the pyplot interface (`matplotlib.pyplot.figure`) are retained until explicitly closed and may consume too much memory. (To control this warning, see the rcParam `figure.max_open_warning`).
  fig=plt.figure(figsize=[15,15])
2022-09-15 12:42:51,377 INFO Welcome to the CDS
2022-09-15 12:42:51,377 INFO Sending request to https://cds.climate.copernicus.eu/api/v2/resources/reanalysis-era5-single-levels
2022-09-15 12:42:51,511 INFO Request is queued
2022-09-15 12:42:52,636 INFO Request is running
2022-09-15 12:42:56,638 INFO Request is completed
/home/mundi/Summer2022/myfuncs.py:73: RuntimeWarning: More than 20 figures have been opened. Figures created through the pyplot interface (`matplotlib.pyplot.figure`) are retained until explicitly closed and may consume too much memory. (To control this warning, see the rcParam `figure.max_open_warning`).
  fig=plt.figure(figsize=[15,15])
2022-09-15 12:43:00,094 INFO Welcome to the CDS
2022-09-15 12:43:00,094 INFO Sending request to https://cds.climate.copernicus.eu/api/v2/resources/reanalysis-era5-single-levels
2022-09-15 12:43:00,244 INFO Request is queued
2022-09-15 12:43:01,369 INFO Request is running
2022-09-15 12:43:02,994 INFO Request is completed
/home/mundi/Summer2022/myfuncs.py:73: RuntimeWarning: More than 20 figures have been opened. Figures created through the pyplot interface (`matplotlib.pyplot.figure`) are retained until explicitly closed and may consume too much memory. (To control this warning, see the rcParam `figure.max_open_warning`).
  fig=plt.figure(figsize=[15,15])
2022-09-15 12:43:06,926 INFO Welcome to the CDS
2022-09-15 12:43:06,926 INFO Sending request to https://cds.climate.copernicus.eu/api/v2/resources/reanalysis-era5-single-levels
2022-09-15 12:43:07,065 INFO Request is queued
2022-09-15 12:43:08,189 INFO Request is running
2022-09-15 12:43:09,815 INFO Request is completed
/home/mundi/Summer2022/myfuncs.py:73: RuntimeWarning: More than 20 figures have been opened. Figures created through the pyplot interface (`matplotlib.pyplot.figure`) are retained until explicitly closed and may consume too much memory. (To control this warning, see the rcParam `figure.max_open_warning`).
  fig=plt.figure(figsize=[15,15])
2022-09-15 12:43:13,279 INFO Welcome to the CDS
2022-09-15 12:43:13,279 INFO Sending request to https://cds.climate.copernicus.eu/api/v2/resources/reanalysis-era5-single-levels
2022-09-15 12:43:13,433 INFO Request is queued
2022-09-15 12:43:14,558 INFO Request is running
2022-09-15 12:43:18,560 INFO Request is completed
/home/mundi/Summer2022/myfuncs.py:73: RuntimeWarning: More than 20 figures have been opened. Figures created through the pyplot interface (`matplotlib.pyplot.figure`) are retained until explicitly closed and may consume too much memory. (To control this warning, see the rcParam `figure.max_open_warning`).
  fig=plt.figure(figsize=[15,15])
2022-09-15 12:43:25,239 INFO Welcome to the CDS
2022-09-15 12:43:25,240 INFO Sending request to https://cds.climate.copernicus.eu/api/v2/resources/reanalysis-era5-single-levels
2022-09-15 12:43:25,430 INFO Request is queued
2022-09-15 12:43:26,556 INFO Request is running
2022-09-15 12:43:30,557 INFO Request is completed
/home/mundi/Summer2022/myfuncs.py:73: RuntimeWarning: More than 20 figures have been opened. Figures created through the pyplot interface (`matplotlib.pyplot.figure`) are retained until explicitly closed and may consume too much memory. (To control this warning, see the rcParam `figure.max_open_warning`).
  fig=plt.figure(figsize=[15,15])
2022-09-15 12:43:44,111 INFO Welcome to the CDS
2022-09-15 12:43:44,111 INFO Sending request to https://cds.climate.copernicus.eu/api/v2/resources/reanalysis-era5-single-levels
2022-09-15 12:43:44,240 INFO Request is queued
2022-09-15 12:43:45,365 INFO Request is running
2022-09-15 12:43:49,369 INFO Request is completed
/home/mundi/Summer2022/myfuncs.py:73: RuntimeWarning: More than 20 figures have been opened. Figures created through the pyplot interface (`matplotlib.pyplot.figure`) are retained until explicitly closed and may consume too much memory. (To control this warning, see the rcParam `figure.max_open_warning`).
  fig=plt.figure(figsize=[15,15])
2022-09-15 12:43:54,274 INFO Welcome to the CDS
2022-09-15 12:43:54,274 INFO Sending request to https://cds.climate.copernicus.eu/api/v2/resources/reanalysis-era5-single-levels
2022-09-15 12:43:54,402 INFO Request is queued
2022-09-15 12:43:55,527 INFO Request is running
2022-09-15 12:43:59,529 INFO Request is completed
/home/mundi/Summer2022/myfuncs.py:73: RuntimeWarning: More than 20 figures have been opened. Figures created through the pyplot interface (`matplotlib.pyplot.figure`) are retained until explicitly closed and may consume too much memory. (To control this warning, see the rcParam `figure.max_open_warning`).
  fig=plt.figure(figsize=[15,15])
2022-09-15 12:44:03,886 INFO Welcome to the CDS
2022-09-15 12:44:03,886 INFO Sending request to https://cds.climate.copernicus.eu/api/v2/resources/reanalysis-era5-single-levels
2022-09-15 12:44:04,156 INFO Request is queued
2022-09-15 12:44:05,693 INFO Request is running
2022-09-15 12:44:07,327 INFO Request is completed
/home/mundi/Summer2022/myfuncs.py:73: RuntimeWarning: More than 20 figures have been opened. Figures created through the pyplot interface (`matplotlib.pyplot.figure`) are retained until explicitly closed and may consume too much memory. (To control this warning, see the rcParam `figure.max_open_warning`).
  fig=plt.figure(figsize=[15,15])
2022-09-15 12:44:11,038 INFO Welcome to the CDS
2022-09-15 12:44:11,038 INFO Sending request to https://cds.climate.copernicus.eu/api/v2/resources/reanalysis-era5-single-levels
2022-09-15 12:44:11,224 INFO Request is queued
2022-09-15 12:44:12,355 INFO Request is running
2022-09-15 12:44:16,370 INFO Request is completed
/home/mundi/Summer2022/myfuncs.py:73: RuntimeWarning: More than 20 figures have been opened. Figures created through the pyplot interface (`matplotlib.pyplot.figure`) are retained until explicitly closed and may consume too much memory. (To control this warning, see the rcParam `figure.max_open_warning`).
  fig=plt.figure(figsize=[15,15])
2022-09-15 12:44:32,788 INFO Welcome to the CDS
2022-09-15 12:44:32,788 INFO Sending request to https://cds.climate.copernicus.eu/api/v2/resources/reanalysis-era5-single-levels
2022-09-15 12:44:32,922 INFO Request is queued
2022-09-15 12:44:34,054 INFO Request is running
2022-09-15 12:44:38,067 INFO Request is completed
/home/mundi/Summer2022/myfuncs.py:73: RuntimeWarning: More than 20 figures have been opened. Figures created through the pyplot interface (`matplotlib.pyplot.figure`) are retained until explicitly closed and may consume too much memory. (To control this warning, see the rcParam `figure.max_open_warning`).
  fig=plt.figure(figsize=[15,15])
/home/mundi/miniconda3/envs/cyc_loc/lib/python3.8/site-packages/cartopy/mpl/geoaxes.py:1478: UserWarning: No contour levels were found within the data range.
  result = matplotlib.axes.Axes.contour(self, *args, **kwargs)
2022-09-15 12:45:21,056 INFO Welcome to the CDS
2022-09-15 12:45:21,056 INFO Sending request to https://cds.climate.copernicus.eu/api/v2/resources/reanalysis-era5-single-levels
2022-09-15 12:45:21,241 INFO Request is queued
2022-09-15 12:45:22,374 INFO Request is running
2022-09-15 12:45:24,006 INFO Request is completed
/home/mundi/Summer2022/myfuncs.py:73: RuntimeWarning: More than 20 figures have been opened. Figures created through the pyplot interface (`matplotlib.pyplot.figure`) are retained until explicitly closed and may consume too much memory. (To control this warning, see the rcParam `figure.max_open_warning`).
  fig=plt.figure(figsize=[15,15])
2022-09-15 12:45:28,423 INFO Welcome to the CDS
2022-09-15 12:45:28,423 INFO Sending request to https://cds.climate.copernicus.eu/api/v2/resources/reanalysis-era5-single-levels
2022-09-15 12:45:28,593 INFO Request is completed
/home/mundi/Summer2022/myfuncs.py:73: RuntimeWarning: More than 20 figures have been opened. Figures created through the pyplot interface (`matplotlib.pyplot.figure`) are retained until explicitly closed and may consume too much memory. (To control this warning, see the rcParam `figure.max_open_warning`).
  fig=plt.figure(figsize=[15,15])
2022-09-15 12:45:33,786 INFO Welcome to the CDS
2022-09-15 12:45:33,786 INFO Sending request to https://cds.climate.copernicus.eu/api/v2/resources/reanalysis-era5-single-levels
2022-09-15 12:45:33,947 INFO Request is completed
/home/mundi/Summer2022/myfuncs.py:73: RuntimeWarning: More than 20 figures have been opened. Figures created through the pyplot interface (`matplotlib.pyplot.figure`) are retained until explicitly closed and may consume too much memory. (To control this warning, see the rcParam `figure.max_open_warning`).
  fig=plt.figure(figsize=[15,15])
2022-09-15 12:45:40,398 INFO Welcome to the CDS
2022-09-15 12:45:40,398 INFO Sending request to https://cds.climate.copernicus.eu/api/v2/resources/reanalysis-era5-single-levels
2022-09-15 12:45:40,550 INFO Request is completed
/home/mundi/Summer2022/myfuncs.py:73: RuntimeWarning: More than 20 figures have been opened. Figures created through the pyplot interface (`matplotlib.pyplot.figure`) are retained until explicitly closed and may consume too much memory. (To control this warning, see the rcParam `figure.max_open_warning`).
  fig=plt.figure(figsize=[15,15])
2022-09-15 12:45:46,274 INFO Welcome to the CDS
2022-09-15 12:45:46,274 INFO Sending request to https://cds.climate.copernicus.eu/api/v2/resources/reanalysis-era5-single-levels
2022-09-15 12:45:46,492 INFO Request is completed
/home/mundi/Summer2022/myfuncs.py:73: RuntimeWarning: More than 20 figures have been opened. Figures created through the pyplot interface (`matplotlib.pyplot.figure`) are retained until explicitly closed and may consume too much memory. (To control this warning, see the rcParam `figure.max_open_warning`).
  fig=plt.figure(figsize=[15,15])
2022-09-15 12:45:51,477 INFO Welcome to the CDS
2022-09-15 12:45:51,477 INFO Sending request to https://cds.climate.copernicus.eu/api/v2/resources/reanalysis-era5-single-levels
2022-09-15 12:45:51,627 INFO Request is completed
/home/mundi/Summer2022/myfuncs.py:73: RuntimeWarning: More than 20 figures have been opened. Figures created through the pyplot interface (`matplotlib.pyplot.figure`) are retained until explicitly closed and may consume too much memory. (To control this warning, see the rcParam `figure.max_open_warning`).
  fig=plt.figure(figsize=[15,15])
2022-09-15 12:45:58,450 INFO Welcome to the CDS
2022-09-15 12:45:58,450 INFO Sending request to https://cds.climate.copernicus.eu/api/v2/resources/reanalysis-era5-single-levels
2022-09-15 12:45:58,705 INFO Request is completed
/home/mundi/Summer2022/myfuncs.py:73: RuntimeWarning: More than 20 figures have been opened. Figures created through the pyplot interface (`matplotlib.pyplot.figure`) are retained until explicitly closed and may consume too much memory. (To control this warning, see the rcParam `figure.max_open_warning`).
  fig=plt.figure(figsize=[15,15])
2022-09-15 12:46:06,248 INFO Welcome to the CDS
2022-09-15 12:46:06,248 INFO Sending request to https://cds.climate.copernicus.eu/api/v2/resources/reanalysis-era5-single-levels
2022-09-15 12:46:06,437 INFO Request is completed
/home/mundi/Summer2022/myfuncs.py:73: RuntimeWarning: More than 20 figures have been opened. Figures created through the pyplot interface (`matplotlib.pyplot.figure`) are retained until explicitly closed and may consume too much memory. (To control this warning, see the rcParam `figure.max_open_warning`).
  fig=plt.figure(figsize=[15,15])
2022-09-15 12:46:10,291 INFO Welcome to the CDS
2022-09-15 12:46:10,291 INFO Sending request to https://cds.climate.copernicus.eu/api/v2/resources/reanalysis-era5-single-levels
2022-09-15 12:46:10,456 INFO Request is completed
/home/mundi/Summer2022/myfuncs.py:73: RuntimeWarning: More than 20 figures have been opened. Figures created through the pyplot interface (`matplotlib.pyplot.figure`) are retained until explicitly closed and may consume too much memory. (To control this warning, see the rcParam `figure.max_open_warning`).
  fig=plt.figure(figsize=[15,15])

 
 
Storm 1/24

1982 6 8
---------

1982 6 9
---------

1982 6 10
---------
coords_1982_0608_990
coords_1982_0609_1000
coords_1982_0609_990
coords_1982_0610_1000
coords_1982_0610_990
*exported*
Storm 2/24

1982 7 16
---------

1982 7 17
---------

1982 7 18
---------

1982 7 19
---------
coords_1982_0716_990
coords_1982_0716_1000
coords_1982_0717_990
coords_1982_0718_1000
*exported*
Storm 3/24

1982 7 16
---------

1982 7 17
---------

1982 7 18
---------

1982 7 19
---------
coords_1982_0716_990
coords_1982_0717_1000
coords_1982_0717_990
coords_1982_0718_1000
coords_1982_0719_990
coords_1982_0719_1000
*exported*
Storm 4/24

1982 7 17
---------

1982 7 18
---------

1982 7 19
---------
coords_1982_0717_990
coords_1982_0717_1000
coords_1982_0718_990
coords_1982_0719_1000
*exported*
Storm 5/24

1982 7 17
---------

1982 7 18
---------

1982 7 19
---------

1982 7 20
---------

1982 7 21
---------
coords_1982_0717_990
coords_1982_0718_1000
coords_1982_0720_990
coords_1982_0720_1000
coords_1982_0721_990
coords_1982_0721_1000
*exported*
Storm 6/24

1982 7 17
---------

1982 7 18
---------

1982 7 19
---------
coords_1982_0717_990
coords_1982_0717_1000
coords_1982_0718_990
coords_1982_0719_1000
*exported*
Storm 7/24

1982 8 13
---------

1982 8 14
---------

1982 8 15
---------
coords_1982_0813_990
coords_1982_0814_1000
coords_1982_0814_990
coords_1982_0815_1000
coords_1982_0815_990
coords_1982_0815_1000
coords_1982_0815_990
*exported*
Storm 8/24

1982 8 14
---------

1982 8 15
---------

1982 8 16
---------

1982 8 17
---------
coords_1982_0814_990
coords_1982_0814_1000
coords_1982_0814_990
coords_1982_0814_1000
coords_1982_0815_990
coords_1982_0815_1000
coords_1982_0815_990
coords_1982_0815_1000
coords_1982_0816_990
coords_1982_0816_1000
coords_1982_0816_990
coords_1982_0816_1000
coords_1982_0817_990
coords_1982_0817_1000
*exported*
Storm 9/24

1982 9 4
---------

1982 9 5
---------

1982 9 6
---------

1982 9 7
---------
coords_1982_0904_990
coords_1982_0904_1000
coords_1982_0905_990
coords_1982_0905_1000
coords_1982_0906_990
coords_1982_0906_1000
coords_1982_0907_990
*exported*
Storm 10/24

1982 9 4
---------

1982 9 5
---------

1982 9 6
---------

1982 9 7
---------

1982 9 8
---------

1982 9 9
---------
coords_1982_0904_990
coords_1982_0905_1000
coords_1982_0905_990
coords_1982_0906_1000
coords_1982_0906_990
coords_1982_0907_1000
coords_1982_0907_990
coords_1982_0908_1000
coords_1982_0908_990
coords_1982_0909_1000
coords_1982_0909_990
*exported*
Storm 11/24

1982 9 9
---------

1982 9 10
---------

1982 9 11
---------
1000: ['9'], ['11']

1982 9 12
---------

1982 9 13
---------

1982 9 14
---------

1982 9 15
---------

1982 9 16
---------
1000: ['9'], ['16']

1982 9 17
---------

1982 9 18
---------
1000: ['9'], ['18']

1982 9 19
---------

1982 9 20
---------
1000: ['9'], ['20']

1982 9 21
---------

1982 9 22
---------

1982 9 23
---------
1000: ['9'], ['23']
coords_1982_0909_990
coords_1982_0909_1000
coords_1982_0910_990
coords_1982_0910_1000
coords_1982_0912_990
coords_1982_0912_1000
coords_1982_0913_990
coords_1982_0913_1000
coords_1982_0914_990
coords_1982_0914_1000
coords_1982_0915_990
coords_1982_0915_1000
coords_1982_0917_990
coords_1982_0917_1000
coords_1982_0919_990
coords_1982_0919_1000
coords_1982_0921_990
coords_1982_0922_1000
coords_1982_0922_990
*exported*
Storm 12/24

1982 9 11
---------

1982 9 12
---------

1982 9 13
---------

1982 9 14
---------

1982 9 15
---------

1982 9 16
---------

1982 9 17
---------

1982 9 18
---------
coords_1982_0911_990
coords_1982_0912_1000
coords_1982_0912_990
coords_1982_0913_1000
coords_1982_0913_990
coords_1982_0914_1000
coords_1982_0914_990
coords_1982_0915_1000
coords_1982_0916_990
coords_1982_0916_1000
coords_1982_0917_990
coords_1982_0917_1000
coords_1982_0918_990
coords_1982_0918_1000
*exported*
Storm 13/24

1982 9 13
---------

1982 9 14
---------

1982 9 15
---------
coords_1982_0913_990
coords_1982_0914_1000
coords_1982_0914_990
coords_1982_0915_1000
*exported*
Storm 14/24

1982 9 13
---------

1982 9 14
---------

1982 9 15
---------
coords_1982_0913_990
coords_1982_0913_1000
coords_1982_0915_990
coords_1982_0915_1000
*exported*
Storm 15/24

1982 9 13
---------

1982 9 14
---------

1982 9 15
---------
coords_1982_0913_990
coords_1982_0913_1000
coords_1982_0914_990
coords_1982_0914_1000
coords_1982_0915_990
*exported*
Storm 16/24

1982 9 19
---------

1982 9 20
---------

1982 9 21
---------
coords_1982_0919_990
coords_1982_0920_1000
coords_1982_0920_990
coords_1982_0920_1000
coords_1982_0921_990
coords_1982_0921_1000
*exported*
Storm 17/24

1982 9 23
---------

1982 9 24
---------

1982 9 25
---------

1982 9 26
---------
coords_1982_0923_990
coords_1982_0923_1000
coords_1982_0924_990
coords_1982_0924_1000
coords_1982_0925_990
coords_1982_0925_1000
coords_1982_0926_990
*exported*
Storm 18/24

1982 9 24
---------

1982 9 25
---------

1982 9 26
---------

1982 9 27
---------

1982 9 28
---------

1982 9 29
---------

1982 9 30
---------

1982 10 1
---------

1982 10 2
---------

1982 10 3
---------

1982 10 4
---------
coords_1982_0924_990
coords_1982_0924_1000
coords_1982_0925_990
coords_1982_0926_1000
coords_1982_0926_990
coords_1982_0927_1000
coords_1982_0927_990
coords_1982_0928_1000
coords_1982_0928_990
coords_1982_0929_1000
coords_1982_0929_990
coords_1982_0930_1000
coords_1982_0930_990
coords_1982_1001_1000
coords_1982_1001_990
coords_1982_1002_1000
coords_1982_1002_990
coords_1982_1003_1000
coords_1982_1004_990
coords_1982_1004_1000
*exported*
Storm 19/24

1982 10 9
---------

1982 10 10
---------

1982 10 11
---------
coords_1982_1009_990
coords_1982_1010_1000
coords_1982_1010_990
coords_1982_1011_1000
coords_1982_1011_990
*exported*
Storm 20/24

1982 10 15
---------

1982 10 16
---------

1982 10 17
---------

1982 10 18
---------
coords_1982_1015_990
coords_1982_1016_1000
coords_1982_1016_990
coords_1982_1017_1000
coords_1982_1017_990
coords_1982_1018_1000
coords_1982_1018_990
*exported*
Storm 21/24

1982 10 16
---------

1982 10 17
---------

1982 10 18
---------

1982 10 19
---------

1982 10 20
---------

1982 10 21
---------

1982 10 22
---------

1982 10 23
---------

1982 10 24
---------

1982 10 25
---------

1982 10 26
---------

1982 10 27
---------

1982 10 28
---------

1982 10 29
---------

1982 10 30
---------
1000: ['10'], ['30']

1982 10 31
---------
coords_1982_1016_990
coords_1982_1016_1000
coords_1982_1017_990
coords_1982_1017_1000
coords_1982_1018_990
coords_1982_1018_1000
coords_1982_1019_990
coords_1982_1019_1000
coords_1982_1020_990
coords_1982_1020_1000
coords_1982_1021_990
coords_1982_1021_1000
coords_1982_1022_990
coords_1982_1022_1000
coords_1982_1023_990
coords_1982_1023_1000
coords_1982_1024_990
coords_1982_1024_1000
coords_1982_1025_990
coords_1982_1025_1000
coords_1982_1026_990
coords_1982_1026_1000
coords_1982_1027_990
coords_1982_1027_1000
coords_1982_1028_990
coords_1982_1028_1000
coords_1982_1029_990
coords_1982_1029_1000
coords_1982_1031_990
coords_1982_1031_1000
*exported*
Storm 22/24

1982 10 18
---------

1982 10 19
---------
coords_1982_1018_990
coords_1982_1018_1000
coords_1982_1019_990
coords_1982_1019_1000
*exported*
Storm 23/24

1982 10 22
---------

1982 10 23
---------

1982 10 24
---------
coords_1982_1022_990
coords_1982_1022_1000
coords_1982_1023_990
coords_1982_1023_1000
coords_1982_1024_990
coords_1982_1024_1000
coords_1982_1024_990
coords_1982_1024_1000
*exported*
Storm 24/24

1982 10 29
---------

1982 10 30
---------

1982 10 31
---------
coords_1982_1029_990
coords_1982_1030_1000
coords_1982_1030_990
coords_1982_1031_1000
coords_1982_1031_990
*exported*

FINISHED STORM DATA COLLECTION

 
 
------------------
       done!      
------------------
------------------
elapsed time: 
36.65030102332433

