2022-09-15 11:55:02,070 INFO Welcome to the CDS
2022-09-15 11:55:02,070 INFO Sending request to https://cds.climate.copernicus.eu/api/v2/resources/reanalysis-era5-single-levels
2022-09-15 11:55:02,217 INFO Request is queued
2022-09-15 11:55:03,348 INFO Request is running
2022-09-15 11:55:52,562 INFO Request is completed
2022-09-15 11:57:13,115 INFO Welcome to the CDS
2022-09-15 11:57:13,115 INFO Sending request to https://cds.climate.copernicus.eu/api/v2/resources/reanalysis-era5-single-levels
2022-09-15 11:57:13,250 INFO Request is queued
2022-09-15 11:57:14,381 INFO Request is running
2022-09-15 11:58:03,597 INFO Request is completed
2022-09-15 11:59:00,924 INFO Welcome to the CDS
2022-09-15 11:59:00,925 INFO Sending request to https://cds.climate.copernicus.eu/api/v2/resources/reanalysis-era5-single-levels
2022-09-15 11:59:01,059 INFO Request is queued
2022-09-15 11:59:02,191 INFO Request is running
2022-09-15 11:59:51,419 INFO Request is completed
2022-09-15 12:01:10,394 INFO Welcome to the CDS
2022-09-15 12:01:10,395 INFO Sending request to https://cds.climate.copernicus.eu/api/v2/resources/reanalysis-era5-single-levels
2022-09-15 12:01:10,543 INFO Request is queued
2022-09-15 12:01:11,674 INFO Request is running
2022-09-15 12:02:00,895 INFO Request is completed
2022-09-15 12:03:30,646 INFO Welcome to the CDS
2022-09-15 12:03:30,646 INFO Sending request to https://cds.climate.copernicus.eu/api/v2/resources/reanalysis-era5-single-levels
2022-09-15 12:03:30,791 INFO Request is queued
2022-09-15 12:03:31,922 INFO Request is running
2022-09-15 12:04:21,139 INFO Request is completed
/home/mundi/miniconda3/envs/cyc_loc/lib/python3.8/site-packages/xarray/conventions.py:492: SerializationWarning: variable 'melt_onset_day_seaice_conc_cdr' has multiple fill values {-1, 65535}, decoding all values to NaN.
  new_vars[k] = decode_cf_variable(
2022-09-15 12:12:32,270 INFO Welcome to the CDS
2022-09-15 12:12:32,270 INFO Sending request to https://cds.climate.copernicus.eu/api/v2/resources/reanalysis-era5-single-levels
2022-09-15 12:12:32,421 INFO Request is queued
2022-09-15 12:12:33,552 INFO Request is running
2022-09-15 12:12:37,576 INFO Request is completed
2022-09-15 12:12:39,845 INFO Welcome to the CDS
2022-09-15 12:12:39,845 INFO Sending request to https://cds.climate.copernicus.eu/api/v2/resources/reanalysis-era5-single-levels
2022-09-15 12:12:39,979 INFO Request is queued
2022-09-15 12:12:41,109 INFO Request is running
2022-09-15 12:12:45,122 INFO Request is completed
2022-09-15 12:12:48,480 INFO Welcome to the CDS
2022-09-15 12:12:48,480 INFO Sending request to https://cds.climate.copernicus.eu/api/v2/resources/reanalysis-era5-single-levels
2022-09-15 12:12:48,615 INFO Request is queued
2022-09-15 12:12:49,747 INFO Request is running
2022-09-15 12:12:51,378 INFO Request is completed
2022-09-15 12:12:53,923 INFO Welcome to the CDS
2022-09-15 12:12:53,923 INFO Sending request to https://cds.climate.copernicus.eu/api/v2/resources/reanalysis-era5-single-levels
2022-09-15 12:12:54,085 INFO Request is queued
2022-09-15 12:12:55,216 INFO Request is running
2022-09-15 12:12:56,848 INFO Request is completed
2022-09-15 12:13:02,477 INFO Welcome to the CDS
2022-09-15 12:13:02,477 INFO Sending request to https://cds.climate.copernicus.eu/api/v2/resources/reanalysis-era5-single-levels
2022-09-15 12:13:02,669 INFO Request is completed
2022-09-15 12:13:06,452 INFO Welcome to the CDS
2022-09-15 12:13:06,453 INFO Sending request to https://cds.climate.copernicus.eu/api/v2/resources/reanalysis-era5-single-levels
2022-09-15 12:13:06,605 INFO Request is completed
2022-09-15 12:13:08,664 INFO Welcome to the CDS
2022-09-15 12:13:08,665 INFO Sending request to https://cds.climate.copernicus.eu/api/v2/resources/reanalysis-era5-single-levels
2022-09-15 12:13:08,814 INFO Request is completed
2022-09-15 12:13:13,391 INFO Welcome to the CDS
2022-09-15 12:13:13,392 INFO Sending request to https://cds.climate.copernicus.eu/api/v2/resources/reanalysis-era5-single-levels
2022-09-15 12:13:13,527 INFO Request is queued
2022-09-15 12:13:14,657 INFO Request is running
2022-09-15 12:13:18,671 INFO Request is completed
2022-09-15 12:13:22,230 INFO Welcome to the CDS
2022-09-15 12:13:22,230 INFO Sending request to https://cds.climate.copernicus.eu/api/v2/resources/reanalysis-era5-single-levels
2022-09-15 12:13:22,365 INFO Request is queued
2022-09-15 12:13:23,497 INFO Request is running
2022-09-15 12:13:25,129 INFO Request is completed
2022-09-15 12:13:49,628 INFO Welcome to the CDS
2022-09-15 12:13:49,628 INFO Sending request to https://cds.climate.copernicus.eu/api/v2/resources/reanalysis-era5-single-levels
2022-09-15 12:13:49,762 INFO Request is queued
2022-09-15 12:14:22,878 INFO Request is completed
2022-09-15 12:14:49,660 INFO Welcome to the CDS
2022-09-15 12:14:49,660 INFO Sending request to https://cds.climate.copernicus.eu/api/v2/resources/reanalysis-era5-single-levels
2022-09-15 12:14:49,817 INFO Request is queued
2022-09-15 12:14:50,962 INFO Request is running
2022-09-15 12:14:52,594 INFO Request is completed
2022-09-15 12:14:56,565 INFO Welcome to the CDS
2022-09-15 12:14:56,566 INFO Sending request to https://cds.climate.copernicus.eu/api/v2/resources/reanalysis-era5-single-levels
2022-09-15 12:14:56,700 INFO Request is queued
2022-09-15 12:14:57,831 INFO Request is running
2022-09-15 12:15:01,845 INFO Request is completed
2022-09-15 12:15:05,399 INFO Welcome to the CDS
2022-09-15 12:15:05,400 INFO Sending request to https://cds.climate.copernicus.eu/api/v2/resources/reanalysis-era5-single-levels
2022-09-15 12:15:05,535 INFO Request is queued
2022-09-15 12:15:06,667 INFO Request is running
2022-09-15 12:15:10,682 INFO Request is completed
2022-09-15 12:15:13,663 INFO Welcome to the CDS
2022-09-15 12:15:13,663 INFO Sending request to https://cds.climate.copernicus.eu/api/v2/resources/reanalysis-era5-single-levels
2022-09-15 12:15:13,796 INFO Request is queued
2022-09-15 12:15:14,926 INFO Request is running
2022-09-15 12:15:18,940 INFO Request is completed
2022-09-15 12:15:21,594 INFO Welcome to the CDS
2022-09-15 12:15:21,594 INFO Sending request to https://cds.climate.copernicus.eu/api/v2/resources/reanalysis-era5-single-levels
2022-09-15 12:15:21,729 INFO Request is queued
2022-09-15 12:15:22,866 INFO Request is running
2022-09-15 12:15:26,880 INFO Request is completed
2022-09-15 12:15:30,279 INFO Welcome to the CDS
2022-09-15 12:15:30,279 INFO Sending request to https://cds.climate.copernicus.eu/api/v2/resources/reanalysis-era5-single-levels
2022-09-15 12:15:30,414 INFO Request is queued
2022-09-15 12:15:31,544 INFO Request is running
2022-09-15 12:15:35,559 INFO Request is completed
2022-09-15 12:15:37,745 INFO Welcome to the CDS
2022-09-15 12:15:37,745 INFO Sending request to https://cds.climate.copernicus.eu/api/v2/resources/reanalysis-era5-single-levels
2022-09-15 12:15:38,049 INFO Request is completed
2022-09-15 12:15:41,588 INFO Welcome to the CDS
2022-09-15 12:15:41,588 INFO Sending request to https://cds.climate.copernicus.eu/api/v2/resources/reanalysis-era5-single-levels
2022-09-15 12:15:41,752 INFO Request is completed
2022-09-15 12:15:45,126 INFO Welcome to the CDS
2022-09-15 12:15:45,127 INFO Sending request to https://cds.climate.copernicus.eu/api/v2/resources/reanalysis-era5-single-levels
2022-09-15 12:15:45,293 INFO Request is completed
/home/mundi/miniconda3/envs/cyc_loc/lib/python3.8/site-packages/cartopy/mpl/geoaxes.py:1478: UserWarning: No contour levels were found within the data range.
  result = matplotlib.axes.Axes.contour(self, *args, **kwargs)
2022-09-15 12:16:22,671 INFO Welcome to the CDS
2022-09-15 12:16:22,671 INFO Sending request to https://cds.climate.copernicus.eu/api/v2/resources/reanalysis-era5-single-levels
2022-09-15 12:16:22,822 INFO Request is completed
2022-09-15 12:16:25,311 INFO Welcome to the CDS
2022-09-15 12:16:25,312 INFO Sending request to https://cds.climate.copernicus.eu/api/v2/resources/reanalysis-era5-single-levels
2022-09-15 12:16:25,842 INFO Request is queued
2022-09-15 12:16:26,974 INFO Request is running
2022-09-15 12:16:30,990 INFO Request is completed
/home/mundi/Summer2022/myfuncs.py:73: RuntimeWarning: More than 20 figures have been opened. Figures created through the pyplot interface (`matplotlib.pyplot.figure`) are retained until explicitly closed and may consume too much memory. (To control this warning, see the rcParam `figure.max_open_warning`).
  fig=plt.figure(figsize=[15,15])
2022-09-15 12:16:34,615 INFO Welcome to the CDS
2022-09-15 12:16:34,615 INFO Sending request to https://cds.climate.copernicus.eu/api/v2/resources/reanalysis-era5-single-levels
2022-09-15 12:16:34,751 INFO Request is queued
2022-09-15 12:16:35,883 INFO Request is running
2022-09-15 12:16:39,897 INFO Request is completed
/home/mundi/Summer2022/myfuncs.py:73: RuntimeWarning: More than 20 figures have been opened. Figures created through the pyplot interface (`matplotlib.pyplot.figure`) are retained until explicitly closed and may consume too much memory. (To control this warning, see the rcParam `figure.max_open_warning`).
  fig=plt.figure(figsize=[15,15])
2022-09-15 12:16:42,763 INFO Welcome to the CDS
2022-09-15 12:16:42,764 INFO Sending request to https://cds.climate.copernicus.eu/api/v2/resources/reanalysis-era5-single-levels
2022-09-15 12:16:42,897 INFO Request is queued
2022-09-15 12:16:44,029 INFO Request is running
2022-09-15 12:16:48,043 INFO Request is completed
/home/mundi/Summer2022/myfuncs.py:73: RuntimeWarning: More than 20 figures have been opened. Figures created through the pyplot interface (`matplotlib.pyplot.figure`) are retained until explicitly closed and may consume too much memory. (To control this warning, see the rcParam `figure.max_open_warning`).
  fig=plt.figure(figsize=[15,15])
2022-09-15 12:16:50,550 INFO Welcome to the CDS
2022-09-15 12:16:50,550 INFO Sending request to https://cds.climate.copernicus.eu/api/v2/resources/reanalysis-era5-single-levels
2022-09-15 12:16:50,725 INFO Request is queued
2022-09-15 12:16:51,856 INFO Request is running
2022-09-15 12:16:53,488 INFO Request is completed
/home/mundi/Summer2022/myfuncs.py:73: RuntimeWarning: More than 20 figures have been opened. Figures created through the pyplot interface (`matplotlib.pyplot.figure`) are retained until explicitly closed and may consume too much memory. (To control this warning, see the rcParam `figure.max_open_warning`).
  fig=plt.figure(figsize=[15,15])
2022-09-15 12:16:57,378 INFO Welcome to the CDS
2022-09-15 12:16:57,378 INFO Sending request to https://cds.climate.copernicus.eu/api/v2/resources/reanalysis-era5-single-levels
2022-09-15 12:16:57,512 INFO Request is queued
2022-09-15 12:16:58,644 INFO Request is running
2022-09-15 12:17:02,658 INFO Request is completed
/home/mundi/Summer2022/myfuncs.py:73: RuntimeWarning: More than 20 figures have been opened. Figures created through the pyplot interface (`matplotlib.pyplot.figure`) are retained until explicitly closed and may consume too much memory. (To control this warning, see the rcParam `figure.max_open_warning`).
  fig=plt.figure(figsize=[15,15])
2022-09-15 12:17:05,590 INFO Welcome to the CDS
2022-09-15 12:17:05,590 INFO Sending request to https://cds.climate.copernicus.eu/api/v2/resources/reanalysis-era5-single-levels
2022-09-15 12:17:05,724 INFO Request is queued
2022-09-15 12:17:06,855 INFO Request is running
2022-09-15 12:17:10,869 INFO Request is completed
/home/mundi/Summer2022/myfuncs.py:73: RuntimeWarning: More than 20 figures have been opened. Figures created through the pyplot interface (`matplotlib.pyplot.figure`) are retained until explicitly closed and may consume too much memory. (To control this warning, see the rcParam `figure.max_open_warning`).
  fig=plt.figure(figsize=[15,15])
2022-09-15 12:17:13,401 INFO Welcome to the CDS
2022-09-15 12:17:13,401 INFO Sending request to https://cds.climate.copernicus.eu/api/v2/resources/reanalysis-era5-single-levels
2022-09-15 12:17:13,556 INFO Request is completed
/home/mundi/Summer2022/myfuncs.py:73: RuntimeWarning: More than 20 figures have been opened. Figures created through the pyplot interface (`matplotlib.pyplot.figure`) are retained until explicitly closed and may consume too much memory. (To control this warning, see the rcParam `figure.max_open_warning`).
  fig=plt.figure(figsize=[15,15])
2022-09-15 12:17:27,138 INFO Welcome to the CDS
2022-09-15 12:17:27,138 INFO Sending request to https://cds.climate.copernicus.eu/api/v2/resources/reanalysis-era5-single-levels
2022-09-15 12:17:27,273 INFO Request is queued
2022-09-15 12:17:28,403 INFO Request is running
2022-09-15 12:17:30,034 INFO Request is completed
/home/mundi/Summer2022/myfuncs.py:73: RuntimeWarning: More than 20 figures have been opened. Figures created through the pyplot interface (`matplotlib.pyplot.figure`) are retained until explicitly closed and may consume too much memory. (To control this warning, see the rcParam `figure.max_open_warning`).
  fig=plt.figure(figsize=[15,15])
2022-09-15 12:17:34,895 INFO Welcome to the CDS
2022-09-15 12:17:34,895 INFO Sending request to https://cds.climate.copernicus.eu/api/v2/resources/reanalysis-era5-single-levels
2022-09-15 12:17:35,028 INFO Request is queued
2022-09-15 12:17:36,159 INFO Request is running
2022-09-15 12:17:40,174 INFO Request is completed
/home/mundi/Summer2022/myfuncs.py:73: RuntimeWarning: More than 20 figures have been opened. Figures created through the pyplot interface (`matplotlib.pyplot.figure`) are retained until explicitly closed and may consume too much memory. (To control this warning, see the rcParam `figure.max_open_warning`).
  fig=plt.figure(figsize=[15,15])
2022-09-15 12:17:42,906 INFO Welcome to the CDS
2022-09-15 12:17:42,906 INFO Sending request to https://cds.climate.copernicus.eu/api/v2/resources/reanalysis-era5-single-levels
2022-09-15 12:17:43,068 INFO Request is queued
2022-09-15 12:17:44,199 INFO Request is running
2022-09-15 12:17:48,213 INFO Request is completed
/home/mundi/Summer2022/myfuncs.py:73: RuntimeWarning: More than 20 figures have been opened. Figures created through the pyplot interface (`matplotlib.pyplot.figure`) are retained until explicitly closed and may consume too much memory. (To control this warning, see the rcParam `figure.max_open_warning`).
  fig=plt.figure(figsize=[15,15])
2022-09-15 12:17:50,766 INFO Welcome to the CDS
2022-09-15 12:17:50,766 INFO Sending request to https://cds.climate.copernicus.eu/api/v2/resources/reanalysis-era5-single-levels
2022-09-15 12:17:50,913 INFO Request is queued
2022-09-15 12:17:52,045 INFO Request is running
2022-09-15 12:17:56,060 INFO Request is completed
/home/mundi/Summer2022/myfuncs.py:73: RuntimeWarning: More than 20 figures have been opened. Figures created through the pyplot interface (`matplotlib.pyplot.figure`) are retained until explicitly closed and may consume too much memory. (To control this warning, see the rcParam `figure.max_open_warning`).
  fig=plt.figure(figsize=[15,15])
2022-09-15 12:17:59,565 INFO Welcome to the CDS
2022-09-15 12:17:59,565 INFO Sending request to https://cds.climate.copernicus.eu/api/v2/resources/reanalysis-era5-single-levels
2022-09-15 12:17:59,699 INFO Request is queued
2022-09-15 12:18:00,830 INFO Request is running
2022-09-15 12:18:02,462 INFO Request is completed
/home/mundi/Summer2022/myfuncs.py:73: RuntimeWarning: More than 20 figures have been opened. Figures created through the pyplot interface (`matplotlib.pyplot.figure`) are retained until explicitly closed and may consume too much memory. (To control this warning, see the rcParam `figure.max_open_warning`).
  fig=plt.figure(figsize=[15,15])
2022-09-15 12:18:07,117 INFO Welcome to the CDS
2022-09-15 12:18:07,117 INFO Sending request to https://cds.climate.copernicus.eu/api/v2/resources/reanalysis-era5-single-levels
2022-09-15 12:18:07,252 INFO Request is queued
2022-09-15 12:18:08,383 INFO Request is running
2022-09-15 12:18:12,398 INFO Request is completed
/home/mundi/Summer2022/myfuncs.py:73: RuntimeWarning: More than 20 figures have been opened. Figures created through the pyplot interface (`matplotlib.pyplot.figure`) are retained until explicitly closed and may consume too much memory. (To control this warning, see the rcParam `figure.max_open_warning`).
  fig=plt.figure(figsize=[15,15])
/home/mundi/miniconda3/envs/cyc_loc/lib/python3.8/site-packages/cartopy/mpl/geoaxes.py:1478: UserWarning: No contour levels were found within the data range.
  result = matplotlib.axes.Axes.contour(self, *args, **kwargs)
2022-09-15 12:18:51,615 INFO Welcome to the CDS
2022-09-15 12:18:51,615 INFO Sending request to https://cds.climate.copernicus.eu/api/v2/resources/reanalysis-era5-single-levels
2022-09-15 12:18:51,771 INFO Request is queued
2022-09-15 12:18:52,902 INFO Request is running
2022-09-15 12:18:56,917 INFO Request is completed
/home/mundi/Summer2022/myfuncs.py:73: RuntimeWarning: More than 20 figures have been opened. Figures created through the pyplot interface (`matplotlib.pyplot.figure`) are retained until explicitly closed and may consume too much memory. (To control this warning, see the rcParam `figure.max_open_warning`).
  fig=plt.figure(figsize=[15,15])
2022-09-15 12:19:00,702 INFO Welcome to the CDS
2022-09-15 12:19:00,702 INFO Sending request to https://cds.climate.copernicus.eu/api/v2/resources/reanalysis-era5-single-levels
2022-09-15 12:19:00,837 INFO Request is queued
2022-09-15 12:19:01,968 INFO Request is running
2022-09-15 12:19:03,600 INFO Request is completed
/home/mundi/Summer2022/myfuncs.py:73: RuntimeWarning: More than 20 figures have been opened. Figures created through the pyplot interface (`matplotlib.pyplot.figure`) are retained until explicitly closed and may consume too much memory. (To control this warning, see the rcParam `figure.max_open_warning`).
  fig=plt.figure(figsize=[15,15])
2022-09-15 12:19:06,088 INFO Welcome to the CDS
2022-09-15 12:19:06,088 INFO Sending request to https://cds.climate.copernicus.eu/api/v2/resources/reanalysis-era5-single-levels
2022-09-15 12:19:06,222 INFO Request is queued
2022-09-15 12:19:07,353 INFO Request is running
2022-09-15 12:19:11,366 INFO Request is completed
/home/mundi/Summer2022/myfuncs.py:73: RuntimeWarning: More than 20 figures have been opened. Figures created through the pyplot interface (`matplotlib.pyplot.figure`) are retained until explicitly closed and may consume too much memory. (To control this warning, see the rcParam `figure.max_open_warning`).
  fig=plt.figure(figsize=[15,15])
2022-09-15 12:19:14,862 INFO Welcome to the CDS
2022-09-15 12:19:14,862 INFO Sending request to https://cds.climate.copernicus.eu/api/v2/resources/reanalysis-era5-single-levels
2022-09-15 12:19:14,995 INFO Request is queued
2022-09-15 12:19:16,127 INFO Request is running
2022-09-15 12:19:20,142 INFO Request is completed
/home/mundi/Summer2022/myfuncs.py:73: RuntimeWarning: More than 20 figures have been opened. Figures created through the pyplot interface (`matplotlib.pyplot.figure`) are retained until explicitly closed and may consume too much memory. (To control this warning, see the rcParam `figure.max_open_warning`).
  fig=plt.figure(figsize=[15,15])
2022-09-15 12:19:25,159 INFO Welcome to the CDS
2022-09-15 12:19:25,159 INFO Sending request to https://cds.climate.copernicus.eu/api/v2/resources/reanalysis-era5-single-levels
2022-09-15 12:19:25,294 INFO Request is queued
2022-09-15 12:19:26,426 INFO Request is running
2022-09-15 12:19:30,442 INFO Request is completed
/home/mundi/Summer2022/myfuncs.py:73: RuntimeWarning: More than 20 figures have been opened. Figures created through the pyplot interface (`matplotlib.pyplot.figure`) are retained until explicitly closed and may consume too much memory. (To control this warning, see the rcParam `figure.max_open_warning`).
  fig=plt.figure(figsize=[15,15])
2022-09-15 12:19:39,593 INFO Welcome to the CDS
2022-09-15 12:19:39,593 INFO Sending request to https://cds.climate.copernicus.eu/api/v2/resources/reanalysis-era5-single-levels
2022-09-15 12:19:39,730 INFO Request is queued
2022-09-15 12:19:40,862 INFO Request is running
2022-09-15 12:19:42,493 INFO Request is completed
/home/mundi/Summer2022/myfuncs.py:73: RuntimeWarning: More than 20 figures have been opened. Figures created through the pyplot interface (`matplotlib.pyplot.figure`) are retained until explicitly closed and may consume too much memory. (To control this warning, see the rcParam `figure.max_open_warning`).
  fig=plt.figure(figsize=[15,15])
2022-09-15 12:19:46,092 INFO Welcome to the CDS
2022-09-15 12:19:46,092 INFO Sending request to https://cds.climate.copernicus.eu/api/v2/resources/reanalysis-era5-single-levels
2022-09-15 12:19:46,255 INFO Request is queued
2022-09-15 12:19:47,387 INFO Request is running
2022-09-15 12:19:51,403 INFO Request is completed
/home/mundi/Summer2022/myfuncs.py:73: RuntimeWarning: More than 20 figures have been opened. Figures created through the pyplot interface (`matplotlib.pyplot.figure`) are retained until explicitly closed and may consume too much memory. (To control this warning, see the rcParam `figure.max_open_warning`).
  fig=plt.figure(figsize=[15,15])
2022-09-15 12:19:54,784 INFO Welcome to the CDS
2022-09-15 12:19:54,784 INFO Sending request to https://cds.climate.copernicus.eu/api/v2/resources/reanalysis-era5-single-levels
2022-09-15 12:19:54,918 INFO Request is queued
2022-09-15 12:19:56,051 INFO Request is running
2022-09-15 12:20:00,064 INFO Request is completed
/home/mundi/Summer2022/myfuncs.py:73: RuntimeWarning: More than 20 figures have been opened. Figures created through the pyplot interface (`matplotlib.pyplot.figure`) are retained until explicitly closed and may consume too much memory. (To control this warning, see the rcParam `figure.max_open_warning`).
  fig=plt.figure(figsize=[15,15])
2022-09-15 12:20:06,520 INFO Welcome to the CDS
2022-09-15 12:20:06,520 INFO Sending request to https://cds.climate.copernicus.eu/api/v2/resources/reanalysis-era5-single-levels
2022-09-15 12:20:06,654 INFO Request is queued
2022-09-15 12:20:11,801 INFO Request is running
2022-09-15 12:20:15,311 INFO Request is completed
/home/mundi/Summer2022/myfuncs.py:73: RuntimeWarning: More than 20 figures have been opened. Figures created through the pyplot interface (`matplotlib.pyplot.figure`) are retained until explicitly closed and may consume too much memory. (To control this warning, see the rcParam `figure.max_open_warning`).
  fig=plt.figure(figsize=[15,15])
2022-09-15 12:20:19,361 INFO Welcome to the CDS
2022-09-15 12:20:19,362 INFO Sending request to https://cds.climate.copernicus.eu/api/v2/resources/reanalysis-era5-single-levels
2022-09-15 12:20:19,517 INFO Request is completed
/home/mundi/Summer2022/myfuncs.py:73: RuntimeWarning: More than 20 figures have been opened. Figures created through the pyplot interface (`matplotlib.pyplot.figure`) are retained until explicitly closed and may consume too much memory. (To control this warning, see the rcParam `figure.max_open_warning`).
  fig=plt.figure(figsize=[15,15])
2022-09-15 12:20:25,340 INFO Welcome to the CDS
2022-09-15 12:20:25,341 INFO Sending request to https://cds.climate.copernicus.eu/api/v2/resources/reanalysis-era5-single-levels
2022-09-15 12:20:25,490 INFO Request is completed
/home/mundi/Summer2022/myfuncs.py:73: RuntimeWarning: More than 20 figures have been opened. Figures created through the pyplot interface (`matplotlib.pyplot.figure`) are retained until explicitly closed and may consume too much memory. (To control this warning, see the rcParam `figure.max_open_warning`).
  fig=plt.figure(figsize=[15,15])
2022-09-15 12:20:30,569 INFO Welcome to the CDS
2022-09-15 12:20:30,569 INFO Sending request to https://cds.climate.copernicus.eu/api/v2/resources/reanalysis-era5-single-levels
2022-09-15 12:20:30,730 INFO Request is completed
/home/mundi/Summer2022/myfuncs.py:73: RuntimeWarning: More than 20 figures have been opened. Figures created through the pyplot interface (`matplotlib.pyplot.figure`) are retained until explicitly closed and may consume too much memory. (To control this warning, see the rcParam `figure.max_open_warning`).
  fig=plt.figure(figsize=[15,15])
2022-09-15 12:20:35,023 INFO Welcome to the CDS
2022-09-15 12:20:35,024 INFO Sending request to https://cds.climate.copernicus.eu/api/v2/resources/reanalysis-era5-single-levels
2022-09-15 12:20:35,160 INFO Request is queued
2022-09-15 12:20:36,293 INFO Request is running
2022-09-15 12:20:37,925 INFO Request is completed
/home/mundi/Summer2022/myfuncs.py:73: RuntimeWarning: More than 20 figures have been opened. Figures created through the pyplot interface (`matplotlib.pyplot.figure`) are retained until explicitly closed and may consume too much memory. (To control this warning, see the rcParam `figure.max_open_warning`).
  fig=plt.figure(figsize=[15,15])
2022-09-15 12:20:41,307 INFO Welcome to the CDS
2022-09-15 12:20:41,308 INFO Sending request to https://cds.climate.copernicus.eu/api/v2/resources/reanalysis-era5-single-levels
2022-09-15 12:20:41,442 INFO Request is queued
2022-09-15 12:20:42,574 INFO Request is running
2022-09-15 12:20:46,589 INFO Request is completed
/home/mundi/Summer2022/myfuncs.py:73: RuntimeWarning: More than 20 figures have been opened. Figures created through the pyplot interface (`matplotlib.pyplot.figure`) are retained until explicitly closed and may consume too much memory. (To control this warning, see the rcParam `figure.max_open_warning`).
  fig=plt.figure(figsize=[15,15])
2022-09-15 12:20:49,525 INFO Welcome to the CDS
2022-09-15 12:20:49,525 INFO Sending request to https://cds.climate.copernicus.eu/api/v2/resources/reanalysis-era5-single-levels
2022-09-15 12:20:49,687 INFO Request is completed
/home/mundi/Summer2022/myfuncs.py:73: RuntimeWarning: More than 20 figures have been opened. Figures created through the pyplot interface (`matplotlib.pyplot.figure`) are retained until explicitly closed and may consume too much memory. (To control this warning, see the rcParam `figure.max_open_warning`).
  fig=plt.figure(figsize=[15,15])
2022-09-15 12:20:55,033 INFO Welcome to the CDS
2022-09-15 12:20:55,033 INFO Sending request to https://cds.climate.copernicus.eu/api/v2/resources/reanalysis-era5-single-levels
2022-09-15 12:20:55,195 INFO Request is completed
/home/mundi/Summer2022/myfuncs.py:73: RuntimeWarning: More than 20 figures have been opened. Figures created through the pyplot interface (`matplotlib.pyplot.figure`) are retained until explicitly closed and may consume too much memory. (To control this warning, see the rcParam `figure.max_open_warning`).
  fig=plt.figure(figsize=[15,15])
2022-09-15 12:20:58,508 INFO Welcome to the CDS
2022-09-15 12:20:58,508 INFO Sending request to https://cds.climate.copernicus.eu/api/v2/resources/reanalysis-era5-single-levels
2022-09-15 12:20:58,658 INFO Request is queued
2022-09-15 12:20:59,790 INFO Request is running
2022-09-15 12:21:03,805 INFO Request is completed
/home/mundi/Summer2022/myfuncs.py:73: RuntimeWarning: More than 20 figures have been opened. Figures created through the pyplot interface (`matplotlib.pyplot.figure`) are retained until explicitly closed and may consume too much memory. (To control this warning, see the rcParam `figure.max_open_warning`).
  fig=plt.figure(figsize=[15,15])
2022-09-15 12:21:06,283 INFO Welcome to the CDS
2022-09-15 12:21:06,283 INFO Sending request to https://cds.climate.copernicus.eu/api/v2/resources/reanalysis-era5-single-levels
2022-09-15 12:21:06,436 INFO Request is queued
2022-09-15 12:21:07,568 INFO Request is running
2022-09-15 12:21:11,583 INFO Request is completed
/home/mundi/Summer2022/myfuncs.py:73: RuntimeWarning: More than 20 figures have been opened. Figures created through the pyplot interface (`matplotlib.pyplot.figure`) are retained until explicitly closed and may consume too much memory. (To control this warning, see the rcParam `figure.max_open_warning`).
  fig=plt.figure(figsize=[15,15])
2022-09-15 12:21:15,801 INFO Welcome to the CDS
2022-09-15 12:21:15,801 INFO Sending request to https://cds.climate.copernicus.eu/api/v2/resources/reanalysis-era5-single-levels
2022-09-15 12:21:15,936 INFO Request is queued
2022-09-15 12:21:17,068 INFO Request is running
2022-09-15 12:21:21,083 INFO Request is completed
/home/mundi/Summer2022/myfuncs.py:73: RuntimeWarning: More than 20 figures have been opened. Figures created through the pyplot interface (`matplotlib.pyplot.figure`) are retained until explicitly closed and may consume too much memory. (To control this warning, see the rcParam `figure.max_open_warning`).
  fig=plt.figure(figsize=[15,15])
2022-09-15 12:21:24,854 INFO Welcome to the CDS
2022-09-15 12:21:24,854 INFO Sending request to https://cds.climate.copernicus.eu/api/v2/resources/reanalysis-era5-single-levels
2022-09-15 12:21:24,989 INFO Request is queued
2022-09-15 12:21:26,120 INFO Request is running
2022-09-15 12:21:27,753 INFO Request is completed
/home/mundi/Summer2022/myfuncs.py:73: RuntimeWarning: More than 20 figures have been opened. Figures created through the pyplot interface (`matplotlib.pyplot.figure`) are retained until explicitly closed and may consume too much memory. (To control this warning, see the rcParam `figure.max_open_warning`).
  fig=plt.figure(figsize=[15,15])
2022-09-15 12:21:31,454 INFO Welcome to the CDS
2022-09-15 12:21:31,454 INFO Sending request to https://cds.climate.copernicus.eu/api/v2/resources/reanalysis-era5-single-levels
2022-09-15 12:21:31,598 INFO Request is queued
2022-09-15 12:21:32,729 INFO Request is running
2022-09-15 12:21:34,362 INFO Request is completed
/home/mundi/Summer2022/myfuncs.py:73: RuntimeWarning: More than 20 figures have been opened. Figures created through the pyplot interface (`matplotlib.pyplot.figure`) are retained until explicitly closed and may consume too much memory. (To control this warning, see the rcParam `figure.max_open_warning`).
  fig=plt.figure(figsize=[15,15])
2022-09-15 12:21:40,134 INFO Welcome to the CDS
2022-09-15 12:21:40,134 INFO Sending request to https://cds.climate.copernicus.eu/api/v2/resources/reanalysis-era5-single-levels
2022-09-15 12:21:40,268 INFO Request is queued
2022-09-15 12:21:41,400 INFO Request is running
2022-09-15 12:21:45,413 INFO Request is completed
/home/mundi/Summer2022/myfuncs.py:73: RuntimeWarning: More than 20 figures have been opened. Figures created through the pyplot interface (`matplotlib.pyplot.figure`) are retained until explicitly closed and may consume too much memory. (To control this warning, see the rcParam `figure.max_open_warning`).
  fig=plt.figure(figsize=[15,15])
/home/mundi/miniconda3/envs/cyc_loc/lib/python3.8/site-packages/cartopy/mpl/geoaxes.py:1478: UserWarning: No contour levels were found within the data range.
  result = matplotlib.axes.Axes.contour(self, *args, **kwargs)
2022-09-15 12:23:04,566 INFO Welcome to the CDS
2022-09-15 12:23:04,566 INFO Sending request to https://cds.climate.copernicus.eu/api/v2/resources/reanalysis-era5-single-levels
2022-09-15 12:23:04,700 INFO Request is queued
2022-09-15 12:23:05,831 INFO Request is running
2022-09-15 12:23:07,463 INFO Request is completed
/home/mundi/Summer2022/myfuncs.py:73: RuntimeWarning: More than 20 figures have been opened. Figures created through the pyplot interface (`matplotlib.pyplot.figure`) are retained until explicitly closed and may consume too much memory. (To control this warning, see the rcParam `figure.max_open_warning`).
  fig=plt.figure(figsize=[15,15])
/home/mundi/miniconda3/envs/cyc_loc/lib/python3.8/site-packages/cartopy/mpl/geoaxes.py:1478: UserWarning: No contour levels were found within the data range.
  result = matplotlib.axes.Axes.contour(self, *args, **kwargs)
2022-09-15 12:23:41,533 INFO Welcome to the CDS
2022-09-15 12:23:41,533 INFO Sending request to https://cds.climate.copernicus.eu/api/v2/resources/reanalysis-era5-single-levels
2022-09-15 12:23:41,666 INFO Request is queued
2022-09-15 12:23:42,798 INFO Request is running
2022-09-15 12:23:46,811 INFO Request is completed
/home/mundi/Summer2022/myfuncs.py:73: RuntimeWarning: More than 20 figures have been opened. Figures created through the pyplot interface (`matplotlib.pyplot.figure`) are retained until explicitly closed and may consume too much memory. (To control this warning, see the rcParam `figure.max_open_warning`).
  fig=plt.figure(figsize=[15,15])
2022-09-15 12:23:49,049 INFO Welcome to the CDS
2022-09-15 12:23:49,049 INFO Sending request to https://cds.climate.copernicus.eu/api/v2/resources/reanalysis-era5-single-levels
2022-09-15 12:23:49,183 INFO Request is queued
2022-09-15 12:23:50,314 INFO Request is running
2022-09-15 12:23:54,332 INFO Request is completed
/home/mundi/Summer2022/myfuncs.py:73: RuntimeWarning: More than 20 figures have been opened. Figures created through the pyplot interface (`matplotlib.pyplot.figure`) are retained until explicitly closed and may consume too much memory. (To control this warning, see the rcParam `figure.max_open_warning`).
  fig=plt.figure(figsize=[15,15])
2022-09-15 12:23:58,263 INFO Welcome to the CDS
2022-09-15 12:23:58,263 INFO Sending request to https://cds.climate.copernicus.eu/api/v2/resources/reanalysis-era5-single-levels
2022-09-15 12:23:58,397 INFO Request is queued
2022-09-15 12:23:59,529 INFO Request is running
2022-09-15 12:24:01,160 INFO Request is completed
/home/mundi/Summer2022/myfuncs.py:73: RuntimeWarning: More than 20 figures have been opened. Figures created through the pyplot interface (`matplotlib.pyplot.figure`) are retained until explicitly closed and may consume too much memory. (To control this warning, see the rcParam `figure.max_open_warning`).
  fig=plt.figure(figsize=[15,15])
2022-09-15 12:24:04,485 INFO Welcome to the CDS
2022-09-15 12:24:04,485 INFO Sending request to https://cds.climate.copernicus.eu/api/v2/resources/reanalysis-era5-single-levels
2022-09-15 12:24:04,640 INFO Request is queued
2022-09-15 12:24:05,771 INFO Request is running
2022-09-15 12:24:09,785 INFO Request is completed
/home/mundi/Summer2022/myfuncs.py:73: RuntimeWarning: More than 20 figures have been opened. Figures created through the pyplot interface (`matplotlib.pyplot.figure`) are retained until explicitly closed and may consume too much memory. (To control this warning, see the rcParam `figure.max_open_warning`).
  fig=plt.figure(figsize=[15,15])
2022-09-15 12:24:12,429 INFO Welcome to the CDS
2022-09-15 12:24:12,430 INFO Sending request to https://cds.climate.copernicus.eu/api/v2/resources/reanalysis-era5-single-levels
2022-09-15 12:24:12,563 INFO Request is queued
2022-09-15 12:24:13,694 INFO Request is running
2022-09-15 12:24:17,707 INFO Request is completed
/home/mundi/Summer2022/myfuncs.py:73: RuntimeWarning: More than 20 figures have been opened. Figures created through the pyplot interface (`matplotlib.pyplot.figure`) are retained until explicitly closed and may consume too much memory. (To control this warning, see the rcParam `figure.max_open_warning`).
  fig=plt.figure(figsize=[15,15])
2022-09-15 12:24:22,400 INFO Welcome to the CDS
2022-09-15 12:24:22,400 INFO Sending request to https://cds.climate.copernicus.eu/api/v2/resources/reanalysis-era5-single-levels
2022-09-15 12:24:22,534 INFO Request is queued
2022-09-15 12:24:23,665 INFO Request is running
2022-09-15 12:24:27,679 INFO Request is completed
/home/mundi/Summer2022/myfuncs.py:73: RuntimeWarning: More than 20 figures have been opened. Figures created through the pyplot interface (`matplotlib.pyplot.figure`) are retained until explicitly closed and may consume too much memory. (To control this warning, see the rcParam `figure.max_open_warning`).
  fig=plt.figure(figsize=[15,15])
2022-09-15 12:24:30,975 INFO Welcome to the CDS
2022-09-15 12:24:30,975 INFO Sending request to https://cds.climate.copernicus.eu/api/v2/resources/reanalysis-era5-single-levels
2022-09-15 12:24:31,171 INFO Request is completed
/home/mundi/Summer2022/myfuncs.py:73: RuntimeWarning: More than 20 figures have been opened. Figures created through the pyplot interface (`matplotlib.pyplot.figure`) are retained until explicitly closed and may consume too much memory. (To control this warning, see the rcParam `figure.max_open_warning`).
  fig=plt.figure(figsize=[15,15])
2022-09-15 12:24:34,761 INFO Welcome to the CDS
2022-09-15 12:24:34,761 INFO Sending request to https://cds.climate.copernicus.eu/api/v2/resources/reanalysis-era5-single-levels
2022-09-15 12:24:34,960 INFO Request is completed
/home/mundi/Summer2022/myfuncs.py:73: RuntimeWarning: More than 20 figures have been opened. Figures created through the pyplot interface (`matplotlib.pyplot.figure`) are retained until explicitly closed and may consume too much memory. (To control this warning, see the rcParam `figure.max_open_warning`).
  fig=plt.figure(figsize=[15,15])
2022-09-15 12:24:38,474 INFO Welcome to the CDS
2022-09-15 12:24:38,474 INFO Sending request to https://cds.climate.copernicus.eu/api/v2/resources/reanalysis-era5-single-levels
2022-09-15 12:24:38,669 INFO Request is completed
/home/mundi/Summer2022/myfuncs.py:73: RuntimeWarning: More than 20 figures have been opened. Figures created through the pyplot interface (`matplotlib.pyplot.figure`) are retained until explicitly closed and may consume too much memory. (To control this warning, see the rcParam `figure.max_open_warning`).
  fig=plt.figure(figsize=[15,15])
2022-09-15 12:24:41,806 INFO Welcome to the CDS
2022-09-15 12:24:41,806 INFO Sending request to https://cds.climate.copernicus.eu/api/v2/resources/reanalysis-era5-single-levels
2022-09-15 12:24:41,968 INFO Request is completed
/home/mundi/Summer2022/myfuncs.py:73: RuntimeWarning: More than 20 figures have been opened. Figures created through the pyplot interface (`matplotlib.pyplot.figure`) are retained until explicitly closed and may consume too much memory. (To control this warning, see the rcParam `figure.max_open_warning`).
  fig=plt.figure(figsize=[15,15])
2022-09-15 12:24:45,258 INFO Welcome to the CDS
2022-09-15 12:24:45,258 INFO Sending request to https://cds.climate.copernicus.eu/api/v2/resources/reanalysis-era5-single-levels
2022-09-15 12:24:45,393 INFO Request is queued
2022-09-15 12:24:46,524 INFO Request is running
2022-09-15 12:24:50,537 INFO Request is completed
/home/mundi/Summer2022/myfuncs.py:73: RuntimeWarning: More than 20 figures have been opened. Figures created through the pyplot interface (`matplotlib.pyplot.figure`) are retained until explicitly closed and may consume too much memory. (To control this warning, see the rcParam `figure.max_open_warning`).
  fig=plt.figure(figsize=[15,15])
2022-09-15 12:24:54,225 INFO Welcome to the CDS
2022-09-15 12:24:54,225 INFO Sending request to https://cds.climate.copernicus.eu/api/v2/resources/reanalysis-era5-single-levels
2022-09-15 12:24:54,369 INFO Request is queued
2022-09-15 12:24:55,500 INFO Request is running
2022-09-15 12:24:59,514 INFO Request is completed
/home/mundi/Summer2022/myfuncs.py:73: RuntimeWarning: More than 20 figures have been opened. Figures created through the pyplot interface (`matplotlib.pyplot.figure`) are retained until explicitly closed and may consume too much memory. (To control this warning, see the rcParam `figure.max_open_warning`).
  fig=plt.figure(figsize=[15,15])
2022-09-15 12:25:01,747 INFO Welcome to the CDS
2022-09-15 12:25:01,748 INFO Sending request to https://cds.climate.copernicus.eu/api/v2/resources/reanalysis-era5-single-levels
2022-09-15 12:25:01,882 INFO Request is queued
2022-09-15 12:25:03,013 INFO Request is running
2022-09-15 12:25:07,028 INFO Request is completed
/home/mundi/Summer2022/myfuncs.py:73: RuntimeWarning: More than 20 figures have been opened. Figures created through the pyplot interface (`matplotlib.pyplot.figure`) are retained until explicitly closed and may consume too much memory. (To control this warning, see the rcParam `figure.max_open_warning`).
  fig=plt.figure(figsize=[15,15])
2022-09-15 12:25:10,393 INFO Welcome to the CDS
2022-09-15 12:25:10,394 INFO Sending request to https://cds.climate.copernicus.eu/api/v2/resources/reanalysis-era5-single-levels
2022-09-15 12:25:10,528 INFO Request is queued
2022-09-15 12:25:11,659 INFO Request is running
2022-09-15 12:25:15,672 INFO Request is completed
/home/mundi/Summer2022/myfuncs.py:73: RuntimeWarning: More than 20 figures have been opened. Figures created through the pyplot interface (`matplotlib.pyplot.figure`) are retained until explicitly closed and may consume too much memory. (To control this warning, see the rcParam `figure.max_open_warning`).
  fig=plt.figure(figsize=[15,15])
/home/mundi/miniconda3/envs/cyc_loc/lib/python3.8/site-packages/cartopy/mpl/geoaxes.py:1478: UserWarning: No contour levels were found within the data range.
  result = matplotlib.axes.Axes.contour(self, *args, **kwargs)
2022-09-15 12:25:33,194 INFO Welcome to the CDS
2022-09-15 12:25:33,194 INFO Sending request to https://cds.climate.copernicus.eu/api/v2/resources/reanalysis-era5-single-levels
2022-09-15 12:25:33,372 INFO Request is queued
2022-09-15 12:25:34,503 INFO Request is running
2022-09-15 12:25:38,518 INFO Request is completed
/home/mundi/Summer2022/myfuncs.py:73: RuntimeWarning: More than 20 figures have been opened. Figures created through the pyplot interface (`matplotlib.pyplot.figure`) are retained until explicitly closed and may consume too much memory. (To control this warning, see the rcParam `figure.max_open_warning`).
  fig=plt.figure(figsize=[15,15])
/home/mundi/miniconda3/envs/cyc_loc/lib/python3.8/site-packages/cartopy/mpl/geoaxes.py:1478: UserWarning: No contour levels were found within the data range.
  result = matplotlib.axes.Axes.contour(self, *args, **kwargs)
2022-09-15 12:26:40,405 INFO Welcome to the CDS
2022-09-15 12:26:40,405 INFO Sending request to https://cds.climate.copernicus.eu/api/v2/resources/reanalysis-era5-single-levels
2022-09-15 12:26:40,554 INFO Request is queued
2022-09-15 12:26:41,686 INFO Request is running
2022-09-15 12:26:43,317 INFO Request is completed
/home/mundi/Summer2022/myfuncs.py:73: RuntimeWarning: More than 20 figures have been opened. Figures created through the pyplot interface (`matplotlib.pyplot.figure`) are retained until explicitly closed and may consume too much memory. (To control this warning, see the rcParam `figure.max_open_warning`).
  fig=plt.figure(figsize=[15,15])
2022-09-15 12:26:50,343 INFO Welcome to the CDS
2022-09-15 12:26:50,343 INFO Sending request to https://cds.climate.copernicus.eu/api/v2/resources/reanalysis-era5-single-levels
2022-09-15 12:26:50,508 INFO Request is queued
2022-09-15 12:26:51,640 INFO Request is running
2022-09-15 12:26:55,654 INFO Request is completed
/home/mundi/Summer2022/myfuncs.py:73: RuntimeWarning: More than 20 figures have been opened. Figures created through the pyplot interface (`matplotlib.pyplot.figure`) are retained until explicitly closed and may consume too much memory. (To control this warning, see the rcParam `figure.max_open_warning`).
  fig=plt.figure(figsize=[15,15])
2022-09-15 12:27:03,714 INFO Welcome to the CDS
2022-09-15 12:27:03,714 INFO Sending request to https://cds.climate.copernicus.eu/api/v2/resources/reanalysis-era5-single-levels
2022-09-15 12:27:03,867 INFO Request is completed
/home/mundi/Summer2022/myfuncs.py:73: RuntimeWarning: More than 20 figures have been opened. Figures created through the pyplot interface (`matplotlib.pyplot.figure`) are retained until explicitly closed and may consume too much memory. (To control this warning, see the rcParam `figure.max_open_warning`).
  fig=plt.figure(figsize=[15,15])
2022-09-15 12:27:06,857 INFO Welcome to the CDS
2022-09-15 12:27:06,857 INFO Sending request to https://cds.climate.copernicus.eu/api/v2/resources/reanalysis-era5-single-levels
2022-09-15 12:27:07,056 INFO Request is completed
/home/mundi/Summer2022/myfuncs.py:73: RuntimeWarning: More than 20 figures have been opened. Figures created through the pyplot interface (`matplotlib.pyplot.figure`) are retained until explicitly closed and may consume too much memory. (To control this warning, see the rcParam `figure.max_open_warning`).
  fig=plt.figure(figsize=[15,15])
2022-09-15 12:27:10,508 INFO Welcome to the CDS
2022-09-15 12:27:10,508 INFO Sending request to https://cds.climate.copernicus.eu/api/v2/resources/reanalysis-era5-single-levels
2022-09-15 12:27:11,054 INFO Request is completed
/home/mundi/Summer2022/myfuncs.py:73: RuntimeWarning: More than 20 figures have been opened. Figures created through the pyplot interface (`matplotlib.pyplot.figure`) are retained until explicitly closed and may consume too much memory. (To control this warning, see the rcParam `figure.max_open_warning`).
  fig=plt.figure(figsize=[15,15])
2022-09-15 12:27:14,025 INFO Welcome to the CDS
2022-09-15 12:27:14,025 INFO Sending request to https://cds.climate.copernicus.eu/api/v2/resources/reanalysis-era5-single-levels
2022-09-15 12:27:14,158 INFO Request is queued
2022-09-15 12:27:15,289 INFO Request is running
2022-09-15 12:27:19,303 INFO Request is completed
/home/mundi/Summer2022/myfuncs.py:73: RuntimeWarning: More than 20 figures have been opened. Figures created through the pyplot interface (`matplotlib.pyplot.figure`) are retained until explicitly closed and may consume too much memory. (To control this warning, see the rcParam `figure.max_open_warning`).
  fig=plt.figure(figsize=[15,15])
/home/mundi/miniconda3/envs/cyc_loc/lib/python3.8/site-packages/cartopy/mpl/geoaxes.py:1478: UserWarning: No contour levels were found within the data range.
  result = matplotlib.axes.Axes.contour(self, *args, **kwargs)
2022-09-15 12:28:11,909 INFO Welcome to the CDS
2022-09-15 12:28:11,909 INFO Sending request to https://cds.climate.copernicus.eu/api/v2/resources/reanalysis-era5-single-levels
2022-09-15 12:28:12,043 INFO Request is queued
2022-09-15 12:28:13,175 INFO Request is running
2022-09-15 12:28:14,807 INFO Request is completed
/home/mundi/Summer2022/myfuncs.py:73: RuntimeWarning: More than 20 figures have been opened. Figures created through the pyplot interface (`matplotlib.pyplot.figure`) are retained until explicitly closed and may consume too much memory. (To control this warning, see the rcParam `figure.max_open_warning`).
  fig=plt.figure(figsize=[15,15])
2022-09-15 12:28:19,832 INFO Welcome to the CDS
2022-09-15 12:28:19,832 INFO Sending request to https://cds.climate.copernicus.eu/api/v2/resources/reanalysis-era5-single-levels
2022-09-15 12:28:19,979 INFO Request is queued
2022-09-15 12:28:21,110 INFO Request is running
2022-09-15 12:28:25,124 INFO Request is completed
/home/mundi/Summer2022/myfuncs.py:73: RuntimeWarning: More than 20 figures have been opened. Figures created through the pyplot interface (`matplotlib.pyplot.figure`) are retained until explicitly closed and may consume too much memory. (To control this warning, see the rcParam `figure.max_open_warning`).
  fig=plt.figure(figsize=[15,15])
2022-09-15 12:28:32,664 INFO Welcome to the CDS
2022-09-15 12:28:32,665 INFO Sending request to https://cds.climate.copernicus.eu/api/v2/resources/reanalysis-era5-single-levels
2022-09-15 12:28:32,799 INFO Request is queued
2022-09-15 12:28:33,930 INFO Request is running
2022-09-15 12:28:35,562 INFO Request is completed
/home/mundi/Summer2022/myfuncs.py:73: RuntimeWarning: More than 20 figures have been opened. Figures created through the pyplot interface (`matplotlib.pyplot.figure`) are retained until explicitly closed and may consume too much memory. (To control this warning, see the rcParam `figure.max_open_warning`).
  fig=plt.figure(figsize=[15,15])
2022-09-15 12:28:39,019 INFO Welcome to the CDS
2022-09-15 12:28:39,019 INFO Sending request to https://cds.climate.copernicus.eu/api/v2/resources/reanalysis-era5-single-levels
2022-09-15 12:28:39,153 INFO Request is queued
2022-09-15 12:28:40,285 INFO Request is running
2022-09-15 12:28:41,916 INFO Request is completed
/home/mundi/Summer2022/myfuncs.py:73: RuntimeWarning: More than 20 figures have been opened. Figures created through the pyplot interface (`matplotlib.pyplot.figure`) are retained until explicitly closed and may consume too much memory. (To control this warning, see the rcParam `figure.max_open_warning`).
  fig=plt.figure(figsize=[15,15])
2022-09-15 12:28:44,911 INFO Welcome to the CDS
2022-09-15 12:28:44,911 INFO Sending request to https://cds.climate.copernicus.eu/api/v2/resources/reanalysis-era5-single-levels
2022-09-15 12:28:45,056 INFO Request is queued
2022-09-15 12:28:46,187 INFO Request is running
2022-09-15 12:28:50,201 INFO Request is completed
/home/mundi/Summer2022/myfuncs.py:73: RuntimeWarning: More than 20 figures have been opened. Figures created through the pyplot interface (`matplotlib.pyplot.figure`) are retained until explicitly closed and may consume too much memory. (To control this warning, see the rcParam `figure.max_open_warning`).
  fig=plt.figure(figsize=[15,15])
/home/mundi/miniconda3/envs/cyc_loc/lib/python3.8/site-packages/cartopy/mpl/geoaxes.py:1478: UserWarning: No contour levels were found within the data range.
  result = matplotlib.axes.Axes.contour(self, *args, **kwargs)
2022-09-15 12:29:51,341 INFO Welcome to the CDS
2022-09-15 12:29:51,341 INFO Sending request to https://cds.climate.copernicus.eu/api/v2/resources/reanalysis-era5-single-levels
2022-09-15 12:29:51,496 INFO Request is queued
2022-09-15 12:29:52,628 INFO Request is running
2022-09-15 12:29:56,642 INFO Request is completed
/home/mundi/Summer2022/myfuncs.py:73: RuntimeWarning: More than 20 figures have been opened. Figures created through the pyplot interface (`matplotlib.pyplot.figure`) are retained until explicitly closed and may consume too much memory. (To control this warning, see the rcParam `figure.max_open_warning`).
  fig=plt.figure(figsize=[15,15])
/home/mundi/miniconda3/envs/cyc_loc/lib/python3.8/site-packages/cartopy/mpl/geoaxes.py:1478: UserWarning: No contour levels were found within the data range.
  result = matplotlib.axes.Axes.contour(self, *args, **kwargs)
2022-09-15 12:30:15,222 INFO Welcome to the CDS
2022-09-15 12:30:15,223 INFO Sending request to https://cds.climate.copernicus.eu/api/v2/resources/reanalysis-era5-single-levels
2022-09-15 12:30:15,439 INFO Request is queued
2022-09-15 12:30:16,570 INFO Request is running
2022-09-15 12:30:20,584 INFO Request is completed
/home/mundi/Summer2022/myfuncs.py:73: RuntimeWarning: More than 20 figures have been opened. Figures created through the pyplot interface (`matplotlib.pyplot.figure`) are retained until explicitly closed and may consume too much memory. (To control this warning, see the rcParam `figure.max_open_warning`).
  fig=plt.figure(figsize=[15,15])
/home/mundi/miniconda3/envs/cyc_loc/lib/python3.8/site-packages/cartopy/mpl/geoaxes.py:1478: UserWarning: No contour levels were found within the data range.
  result = matplotlib.axes.Axes.contour(self, *args, **kwargs)
2022-09-15 12:30:56,133 INFO Welcome to the CDS
2022-09-15 12:30:56,133 INFO Sending request to https://cds.climate.copernicus.eu/api/v2/resources/reanalysis-era5-single-levels
2022-09-15 12:30:56,278 INFO Request is queued
2022-09-15 12:30:57,410 INFO Request is running
2022-09-15 12:30:59,043 INFO Request is completed
/home/mundi/Summer2022/myfuncs.py:73: RuntimeWarning: More than 20 figures have been opened. Figures created through the pyplot interface (`matplotlib.pyplot.figure`) are retained until explicitly closed and may consume too much memory. (To control this warning, see the rcParam `figure.max_open_warning`).
  fig=plt.figure(figsize=[15,15])
2022-09-15 12:31:02,408 INFO Welcome to the CDS
2022-09-15 12:31:02,408 INFO Sending request to https://cds.climate.copernicus.eu/api/v2/resources/reanalysis-era5-single-levels
2022-09-15 12:31:02,592 INFO Request is queued
2022-09-15 12:31:03,723 INFO Request is running
2022-09-15 12:31:07,737 INFO Request is completed
/home/mundi/Summer2022/myfuncs.py:73: RuntimeWarning: More than 20 figures have been opened. Figures created through the pyplot interface (`matplotlib.pyplot.figure`) are retained until explicitly closed and may consume too much memory. (To control this warning, see the rcParam `figure.max_open_warning`).
  fig=plt.figure(figsize=[15,15])
2022-09-15 12:31:17,997 INFO Welcome to the CDS
2022-09-15 12:31:17,997 INFO Sending request to https://cds.climate.copernicus.eu/api/v2/resources/reanalysis-era5-single-levels
2022-09-15 12:31:18,144 INFO Request is queued
2022-09-15 12:31:19,275 INFO Request is running
2022-09-15 12:31:20,908 INFO Request is completed
/home/mundi/Summer2022/myfuncs.py:73: RuntimeWarning: More than 20 figures have been opened. Figures created through the pyplot interface (`matplotlib.pyplot.figure`) are retained until explicitly closed and may consume too much memory. (To control this warning, see the rcParam `figure.max_open_warning`).
  fig=plt.figure(figsize=[15,15])
2022-09-15 12:31:25,200 INFO Welcome to the CDS
2022-09-15 12:31:25,200 INFO Sending request to https://cds.climate.copernicus.eu/api/v2/resources/reanalysis-era5-single-levels
2022-09-15 12:31:25,347 INFO Request is queued
2022-09-15 12:31:26,478 INFO Request is running
2022-09-15 12:31:30,493 INFO Request is completed
/home/mundi/Summer2022/myfuncs.py:73: RuntimeWarning: More than 20 figures have been opened. Figures created through the pyplot interface (`matplotlib.pyplot.figure`) are retained until explicitly closed and may consume too much memory. (To control this warning, see the rcParam `figure.max_open_warning`).
  fig=plt.figure(figsize=[15,15])
2022-09-15 12:31:35,232 INFO Welcome to the CDS
2022-09-15 12:31:35,232 INFO Sending request to https://cds.climate.copernicus.eu/api/v2/resources/reanalysis-era5-single-levels
2022-09-15 12:31:35,368 INFO Request is queued
2022-09-15 12:31:36,499 INFO Request is running
2022-09-15 12:31:40,513 INFO Request is completed
/home/mundi/Summer2022/myfuncs.py:73: RuntimeWarning: More than 20 figures have been opened. Figures created through the pyplot interface (`matplotlib.pyplot.figure`) are retained until explicitly closed and may consume too much memory. (To control this warning, see the rcParam `figure.max_open_warning`).
  fig=plt.figure(figsize=[15,15])
2022-09-15 12:31:46,456 INFO Welcome to the CDS
2022-09-15 12:31:46,456 INFO Sending request to https://cds.climate.copernicus.eu/api/v2/resources/reanalysis-era5-single-levels
2022-09-15 12:31:46,625 INFO Request is queued
2022-09-15 12:31:47,758 INFO Request is running
2022-09-15 12:31:51,772 INFO Request is completed
/home/mundi/Summer2022/myfuncs.py:73: RuntimeWarning: More than 20 figures have been opened. Figures created through the pyplot interface (`matplotlib.pyplot.figure`) are retained until explicitly closed and may consume too much memory. (To control this warning, see the rcParam `figure.max_open_warning`).
  fig=plt.figure(figsize=[15,15])
2022-09-15 12:31:54,936 INFO Welcome to the CDS
2022-09-15 12:31:54,936 INFO Sending request to https://cds.climate.copernicus.eu/api/v2/resources/reanalysis-era5-single-levels
2022-09-15 12:31:55,147 INFO Request is queued
2022-09-15 12:31:56,279 INFO Request is running
2022-09-15 12:32:00,292 INFO Request is completed
/home/mundi/Summer2022/myfuncs.py:73: RuntimeWarning: More than 20 figures have been opened. Figures created through the pyplot interface (`matplotlib.pyplot.figure`) are retained until explicitly closed and may consume too much memory. (To control this warning, see the rcParam `figure.max_open_warning`).
  fig=plt.figure(figsize=[15,15])
2022-09-15 12:32:06,064 INFO Welcome to the CDS
2022-09-15 12:32:06,064 INFO Sending request to https://cds.climate.copernicus.eu/api/v2/resources/reanalysis-era5-single-levels
2022-09-15 12:32:06,225 INFO Request is completed
/home/mundi/Summer2022/myfuncs.py:73: RuntimeWarning: More than 20 figures have been opened. Figures created through the pyplot interface (`matplotlib.pyplot.figure`) are retained until explicitly closed and may consume too much memory. (To control this warning, see the rcParam `figure.max_open_warning`).
  fig=plt.figure(figsize=[15,15])
2022-09-15 12:32:10,601 INFO Welcome to the CDS
2022-09-15 12:32:10,601 INFO Sending request to https://cds.climate.copernicus.eu/api/v2/resources/reanalysis-era5-single-levels
2022-09-15 12:32:10,748 INFO Request is completed
/home/mundi/Summer2022/myfuncs.py:73: RuntimeWarning: More than 20 figures have been opened. Figures created through the pyplot interface (`matplotlib.pyplot.figure`) are retained until explicitly closed and may consume too much memory. (To control this warning, see the rcParam `figure.max_open_warning`).
  fig=plt.figure(figsize=[15,15])
2022-09-15 12:32:14,424 INFO Welcome to the CDS
2022-09-15 12:32:14,425 INFO Sending request to https://cds.climate.copernicus.eu/api/v2/resources/reanalysis-era5-single-levels
2022-09-15 12:32:14,591 INFO Request is completed
/home/mundi/Summer2022/myfuncs.py:73: RuntimeWarning: More than 20 figures have been opened. Figures created through the pyplot interface (`matplotlib.pyplot.figure`) are retained until explicitly closed and may consume too much memory. (To control this warning, see the rcParam `figure.max_open_warning`).
  fig=plt.figure(figsize=[15,15])
2022-09-15 12:32:19,323 INFO Welcome to the CDS
2022-09-15 12:32:19,323 INFO Sending request to https://cds.climate.copernicus.eu/api/v2/resources/reanalysis-era5-single-levels
2022-09-15 12:32:19,486 INFO Request is completed
/home/mundi/Summer2022/myfuncs.py:73: RuntimeWarning: More than 20 figures have been opened. Figures created through the pyplot interface (`matplotlib.pyplot.figure`) are retained until explicitly closed and may consume too much memory. (To control this warning, see the rcParam `figure.max_open_warning`).
  fig=plt.figure(figsize=[15,15])
2022-09-15 12:32:28,508 INFO Welcome to the CDS
2022-09-15 12:32:28,508 INFO Sending request to https://cds.climate.copernicus.eu/api/v2/resources/reanalysis-era5-single-levels
2022-09-15 12:32:29,082 INFO Request is completed
/home/mundi/Summer2022/myfuncs.py:73: RuntimeWarning: More than 20 figures have been opened. Figures created through the pyplot interface (`matplotlib.pyplot.figure`) are retained until explicitly closed and may consume too much memory. (To control this warning, see the rcParam `figure.max_open_warning`).
  fig=plt.figure(figsize=[15,15])
2022-09-15 12:32:33,929 INFO Welcome to the CDS
2022-09-15 12:32:33,930 INFO Sending request to https://cds.climate.copernicus.eu/api/v2/resources/reanalysis-era5-single-levels
2022-09-15 12:32:34,100 INFO Request is completed
/home/mundi/Summer2022/myfuncs.py:73: RuntimeWarning: More than 20 figures have been opened. Figures created through the pyplot interface (`matplotlib.pyplot.figure`) are retained until explicitly closed and may consume too much memory. (To control this warning, see the rcParam `figure.max_open_warning`).
  fig=plt.figure(figsize=[15,15])
2022-09-15 12:32:36,844 INFO Welcome to the CDS
2022-09-15 12:32:36,844 INFO Sending request to https://cds.climate.copernicus.eu/api/v2/resources/reanalysis-era5-single-levels
2022-09-15 12:32:36,999 INFO Request is completed
/home/mundi/Summer2022/myfuncs.py:73: RuntimeWarning: More than 20 figures have been opened. Figures created through the pyplot interface (`matplotlib.pyplot.figure`) are retained until explicitly closed and may consume too much memory. (To control this warning, see the rcParam `figure.max_open_warning`).
  fig=plt.figure(figsize=[15,15])
2022-09-15 12:32:59,643 INFO Welcome to the CDS
2022-09-15 12:32:59,644 INFO Sending request to https://cds.climate.copernicus.eu/api/v2/resources/reanalysis-era5-single-levels
2022-09-15 12:32:59,801 INFO Request is queued
2022-09-15 12:33:00,939 INFO Request is running
2022-09-15 12:33:02,577 INFO Request is completed
/home/mundi/Summer2022/myfuncs.py:73: RuntimeWarning: More than 20 figures have been opened. Figures created through the pyplot interface (`matplotlib.pyplot.figure`) are retained until explicitly closed and may consume too much memory. (To control this warning, see the rcParam `figure.max_open_warning`).
  fig=plt.figure(figsize=[15,15])
2022-09-15 12:33:08,891 INFO Welcome to the CDS
2022-09-15 12:33:08,891 INFO Sending request to https://cds.climate.copernicus.eu/api/v2/resources/reanalysis-era5-single-levels
2022-09-15 12:33:09,042 INFO Request is queued
2022-09-15 12:33:10,180 INFO Request is running
2022-09-15 12:33:14,206 INFO Request is completed
/home/mundi/Summer2022/myfuncs.py:73: RuntimeWarning: More than 20 figures have been opened. Figures created through the pyplot interface (`matplotlib.pyplot.figure`) are retained until explicitly closed and may consume too much memory. (To control this warning, see the rcParam `figure.max_open_warning`).
  fig=plt.figure(figsize=[15,15])
2022-09-15 12:33:37,704 INFO Welcome to the CDS
2022-09-15 12:33:37,704 INFO Sending request to https://cds.climate.copernicus.eu/api/v2/resources/reanalysis-era5-single-levels
2022-09-15 12:33:37,846 INFO Request is queued
2022-09-15 12:33:38,983 INFO Request is running
2022-09-15 12:33:43,012 INFO Request is completed
/home/mundi/Summer2022/myfuncs.py:73: RuntimeWarning: More than 20 figures have been opened. Figures created through the pyplot interface (`matplotlib.pyplot.figure`) are retained until explicitly closed and may consume too much memory. (To control this warning, see the rcParam `figure.max_open_warning`).
  fig=plt.figure(figsize=[15,15])
2022-09-15 12:33:48,060 INFO Welcome to the CDS
2022-09-15 12:33:48,061 INFO Sending request to https://cds.climate.copernicus.eu/api/v2/resources/reanalysis-era5-single-levels
2022-09-15 12:33:48,246 INFO Request is completed
/home/mundi/Summer2022/myfuncs.py:73: RuntimeWarning: More than 20 figures have been opened. Figures created through the pyplot interface (`matplotlib.pyplot.figure`) are retained until explicitly closed and may consume too much memory. (To control this warning, see the rcParam `figure.max_open_warning`).
  fig=plt.figure(figsize=[15,15])
/home/mundi/miniconda3/envs/cyc_loc/lib/python3.8/site-packages/cartopy/mpl/geoaxes.py:1478: UserWarning: No contour levels were found within the data range.
  result = matplotlib.axes.Axes.contour(self, *args, **kwargs)
2022-09-15 12:34:43,405 INFO Welcome to the CDS
2022-09-15 12:34:43,406 INFO Sending request to https://cds.climate.copernicus.eu/api/v2/resources/reanalysis-era5-single-levels
2022-09-15 12:34:43,573 INFO Request is completed
/home/mundi/Summer2022/myfuncs.py:73: RuntimeWarning: More than 20 figures have been opened. Figures created through the pyplot interface (`matplotlib.pyplot.figure`) are retained until explicitly closed and may consume too much memory. (To control this warning, see the rcParam `figure.max_open_warning`).
  fig=plt.figure(figsize=[15,15])
/home/mundi/miniconda3/envs/cyc_loc/lib/python3.8/site-packages/cartopy/mpl/geoaxes.py:1478: UserWarning: No contour levels were found within the data range.
  result = matplotlib.axes.Axes.contour(self, *args, **kwargs)
2022-09-15 12:35:31,302 INFO Welcome to the CDS
2022-09-15 12:35:31,302 INFO Sending request to https://cds.climate.copernicus.eu/api/v2/resources/reanalysis-era5-single-levels
2022-09-15 12:35:31,534 INFO Request is completed
/home/mundi/Summer2022/myfuncs.py:73: RuntimeWarning: More than 20 figures have been opened. Figures created through the pyplot interface (`matplotlib.pyplot.figure`) are retained until explicitly closed and may consume too much memory. (To control this warning, see the rcParam `figure.max_open_warning`).
  fig=plt.figure(figsize=[15,15])
2022-09-15 12:35:56,839 INFO Welcome to the CDS
2022-09-15 12:35:56,839 INFO Sending request to https://cds.climate.copernicus.eu/api/v2/resources/reanalysis-era5-single-levels
2022-09-15 12:35:57,025 INFO Request is completed
/home/mundi/Summer2022/myfuncs.py:73: RuntimeWarning: More than 20 figures have been opened. Figures created through the pyplot interface (`matplotlib.pyplot.figure`) are retained until explicitly closed and may consume too much memory. (To control this warning, see the rcParam `figure.max_open_warning`).
  fig=plt.figure(figsize=[15,15])
2022-09-15 12:35:59,953 INFO Welcome to the CDS
2022-09-15 12:35:59,953 INFO Sending request to https://cds.climate.copernicus.eu/api/v2/resources/reanalysis-era5-single-levels
2022-09-15 12:36:00,135 INFO Request is completed
/home/mundi/Summer2022/myfuncs.py:73: RuntimeWarning: More than 20 figures have been opened. Figures created through the pyplot interface (`matplotlib.pyplot.figure`) are retained until explicitly closed and may consume too much memory. (To control this warning, see the rcParam `figure.max_open_warning`).
  fig=plt.figure(figsize=[15,15])
/home/mundi/miniconda3/envs/cyc_loc/lib/python3.8/site-packages/cartopy/mpl/geoaxes.py:1478: UserWarning: No contour levels were found within the data range.
  result = matplotlib.axes.Axes.contour(self, *args, **kwargs)
2022-09-15 12:36:55,163 INFO Welcome to the CDS
2022-09-15 12:36:55,164 INFO Sending request to https://cds.climate.copernicus.eu/api/v2/resources/reanalysis-era5-single-levels
2022-09-15 12:36:55,400 INFO Request is completed
/home/mundi/Summer2022/myfuncs.py:73: RuntimeWarning: More than 20 figures have been opened. Figures created through the pyplot interface (`matplotlib.pyplot.figure`) are retained until explicitly closed and may consume too much memory. (To control this warning, see the rcParam `figure.max_open_warning`).
  fig=plt.figure(figsize=[15,15])
2022-09-15 12:37:02,493 INFO Welcome to the CDS
2022-09-15 12:37:02,493 INFO Sending request to https://cds.climate.copernicus.eu/api/v2/resources/reanalysis-era5-single-levels
2022-09-15 12:37:02,644 INFO Request is queued
2022-09-15 12:37:03,781 INFO Request is running
2022-09-15 12:37:07,806 INFO Request is completed
/home/mundi/Summer2022/myfuncs.py:73: RuntimeWarning: More than 20 figures have been opened. Figures created through the pyplot interface (`matplotlib.pyplot.figure`) are retained until explicitly closed and may consume too much memory. (To control this warning, see the rcParam `figure.max_open_warning`).
  fig=plt.figure(figsize=[15,15])
2022-09-15 12:37:12,613 INFO Welcome to the CDS
2022-09-15 12:37:12,613 INFO Sending request to https://cds.climate.copernicus.eu/api/v2/resources/reanalysis-era5-single-levels
2022-09-15 12:37:12,784 INFO Request is queued
2022-09-15 12:37:13,920 INFO Request is running
2022-09-15 12:37:15,557 INFO Request is completed
/home/mundi/Summer2022/myfuncs.py:73: RuntimeWarning: More than 20 figures have been opened. Figures created through the pyplot interface (`matplotlib.pyplot.figure`) are retained until explicitly closed and may consume too much memory. (To control this warning, see the rcParam `figure.max_open_warning`).
  fig=plt.figure(figsize=[15,15])
2022-09-15 12:37:18,328 INFO Welcome to the CDS
2022-09-15 12:37:18,328 INFO Sending request to https://cds.climate.copernicus.eu/api/v2/resources/reanalysis-era5-single-levels
2022-09-15 12:37:18,500 INFO Request is queued
2022-09-15 12:37:19,636 INFO Request is running
2022-09-15 12:37:23,662 INFO Request is completed
/home/mundi/Summer2022/myfuncs.py:73: RuntimeWarning: More than 20 figures have been opened. Figures created through the pyplot interface (`matplotlib.pyplot.figure`) are retained until explicitly closed and may consume too much memory. (To control this warning, see the rcParam `figure.max_open_warning`).
  fig=plt.figure(figsize=[15,15])
2022-09-15 12:37:26,700 INFO Welcome to the CDS
2022-09-15 12:37:26,700 INFO Sending request to https://cds.climate.copernicus.eu/api/v2/resources/reanalysis-era5-single-levels
2022-09-15 12:37:26,848 INFO Request is queued
2022-09-15 12:37:27,984 INFO Request is running
2022-09-15 12:37:32,009 INFO Request is completed
/home/mundi/Summer2022/myfuncs.py:73: RuntimeWarning: More than 20 figures have been opened. Figures created through the pyplot interface (`matplotlib.pyplot.figure`) are retained until explicitly closed and may consume too much memory. (To control this warning, see the rcParam `figure.max_open_warning`).
  fig=plt.figure(figsize=[15,15])
2022-09-15 12:38:00,406 INFO Welcome to the CDS
2022-09-15 12:38:00,406 INFO Sending request to https://cds.climate.copernicus.eu/api/v2/resources/reanalysis-era5-single-levels
2022-09-15 12:38:00,591 INFO Request is queued
2022-09-15 12:38:01,728 INFO Request is running
2022-09-15 12:38:03,366 INFO Request is completed
/home/mundi/Summer2022/myfuncs.py:73: RuntimeWarning: More than 20 figures have been opened. Figures created through the pyplot interface (`matplotlib.pyplot.figure`) are retained until explicitly closed and may consume too much memory. (To control this warning, see the rcParam `figure.max_open_warning`).
  fig=plt.figure(figsize=[15,15])
2022-09-15 12:38:08,830 INFO Welcome to the CDS
2022-09-15 12:38:08,830 INFO Sending request to https://cds.climate.copernicus.eu/api/v2/resources/reanalysis-era5-single-levels
2022-09-15 12:38:09,035 INFO Request is completed
/home/mundi/Summer2022/myfuncs.py:73: RuntimeWarning: More than 20 figures have been opened. Figures created through the pyplot interface (`matplotlib.pyplot.figure`) are retained until explicitly closed and may consume too much memory. (To control this warning, see the rcParam `figure.max_open_warning`).
  fig=plt.figure(figsize=[15,15])
2022-09-15 12:38:12,672 INFO Welcome to the CDS
2022-09-15 12:38:12,672 INFO Sending request to https://cds.climate.copernicus.eu/api/v2/resources/reanalysis-era5-single-levels
2022-09-15 12:38:12,847 INFO Request is completed
/home/mundi/Summer2022/myfuncs.py:73: RuntimeWarning: More than 20 figures have been opened. Figures created through the pyplot interface (`matplotlib.pyplot.figure`) are retained until explicitly closed and may consume too much memory. (To control this warning, see the rcParam `figure.max_open_warning`).
  fig=plt.figure(figsize=[15,15])
2022-09-15 12:38:17,971 INFO Welcome to the CDS
2022-09-15 12:38:17,971 INFO Sending request to https://cds.climate.copernicus.eu/api/v2/resources/reanalysis-era5-single-levels
2022-09-15 12:38:18,126 INFO Request is completed
/home/mundi/Summer2022/myfuncs.py:73: RuntimeWarning: More than 20 figures have been opened. Figures created through the pyplot interface (`matplotlib.pyplot.figure`) are retained until explicitly closed and may consume too much memory. (To control this warning, see the rcParam `figure.max_open_warning`).
  fig=plt.figure(figsize=[15,15])
/home/mundi/miniconda3/envs/cyc_loc/lib/python3.8/site-packages/cartopy/mpl/geoaxes.py:1478: UserWarning: No contour levels were found within the data range.
  result = matplotlib.axes.Axes.contour(self, *args, **kwargs)
2022-09-15 12:39:07,254 INFO Welcome to the CDS
2022-09-15 12:39:07,254 INFO Sending request to https://cds.climate.copernicus.eu/api/v2/resources/reanalysis-era5-single-levels
2022-09-15 12:39:07,686 INFO Request is completed
/home/mundi/Summer2022/myfuncs.py:73: RuntimeWarning: More than 20 figures have been opened. Figures created through the pyplot interface (`matplotlib.pyplot.figure`) are retained until explicitly closed and may consume too much memory. (To control this warning, see the rcParam `figure.max_open_warning`).
  fig=plt.figure(figsize=[15,15])
/home/mundi/miniconda3/envs/cyc_loc/lib/python3.8/site-packages/cartopy/mpl/geoaxes.py:1478: UserWarning: No contour levels were found within the data range.
  result = matplotlib.axes.Axes.contour(self, *args, **kwargs)
2022-09-15 12:40:07,586 INFO Welcome to the CDS
2022-09-15 12:40:07,586 INFO Sending request to https://cds.climate.copernicus.eu/api/v2/resources/reanalysis-era5-single-levels
2022-09-15 12:40:07,746 INFO Request is completed
/home/mundi/Summer2022/myfuncs.py:73: RuntimeWarning: More than 20 figures have been opened. Figures created through the pyplot interface (`matplotlib.pyplot.figure`) are retained until explicitly closed and may consume too much memory. (To control this warning, see the rcParam `figure.max_open_warning`).
  fig=plt.figure(figsize=[15,15])
2022-09-15 12:40:14,203 INFO Welcome to the CDS
2022-09-15 12:40:14,203 INFO Sending request to https://cds.climate.copernicus.eu/api/v2/resources/reanalysis-era5-single-levels
2022-09-15 12:40:14,358 INFO Request is completed
/home/mundi/Summer2022/myfuncs.py:73: RuntimeWarning: More than 20 figures have been opened. Figures created through the pyplot interface (`matplotlib.pyplot.figure`) are retained until explicitly closed and may consume too much memory. (To control this warning, see the rcParam `figure.max_open_warning`).
  fig=plt.figure(figsize=[15,15])
2022-09-15 12:40:53,126 INFO Welcome to the CDS
2022-09-15 12:40:53,126 INFO Sending request to https://cds.climate.copernicus.eu/api/v2/resources/reanalysis-era5-single-levels
2022-09-15 12:40:53,352 INFO Request is completed
/home/mundi/Summer2022/myfuncs.py:73: RuntimeWarning: More than 20 figures have been opened. Figures created through the pyplot interface (`matplotlib.pyplot.figure`) are retained until explicitly closed and may consume too much memory. (To control this warning, see the rcParam `figure.max_open_warning`).
  fig=plt.figure(figsize=[15,15])
/home/mundi/miniconda3/envs/cyc_loc/lib/python3.8/site-packages/cartopy/mpl/geoaxes.py:1478: UserWarning: No contour levels were found within the data range.
  result = matplotlib.axes.Axes.contour(self, *args, **kwargs)
2022-09-15 12:41:49,235 INFO Welcome to the CDS
2022-09-15 12:41:49,235 INFO Sending request to https://cds.climate.copernicus.eu/api/v2/resources/reanalysis-era5-single-levels
2022-09-15 12:41:49,410 INFO Request is completed
/home/mundi/Summer2022/myfuncs.py:73: RuntimeWarning: More than 20 figures have been opened. Figures created through the pyplot interface (`matplotlib.pyplot.figure`) are retained until explicitly closed and may consume too much memory. (To control this warning, see the rcParam `figure.max_open_warning`).
  fig=plt.figure(figsize=[15,15])

 
 
Storm 1/22

1983 6 7
---------

1983 6 8
---------

1983 6 9
---------

1983 6 10
---------
coords_1983_0607_990
coords_1983_0608_1000
coords_1983_0608_990
coords_1983_0609_1000
coords_1983_0610_990
coords_1983_0610_1000
*exported*
Storm 2/22

1983 6 8
---------

1983 6 9
---------

1983 6 10
---------

1983 6 11
---------

1983 6 12
---------

1983 6 13
---------
coords_1983_0608_990
coords_1983_0609_1000
coords_1983_0609_990
coords_1983_0610_1000
coords_1983_0610_990
coords_1983_0611_1000
coords_1983_0611_990
coords_1983_0612_1000
coords_1983_0613_990
*exported*
Storm 3/22

1983 6 22
---------

1983 6 23
---------
coords_1983_0623_990
coords_1983_0623_1000
*exported*
Storm 4/22

1983 7 7
---------

1983 7 8
---------

1983 7 9
---------

1983 7 10
---------
coords_1983_0707_990
coords_1983_0708_1000
coords_1983_0708_990
coords_1983_0709_1000
coords_1983_0709_990
coords_1983_0709_1000
coords_1983_0710_990
*exported*
Storm 5/22

1983 7 8
---------

1983 7 9
---------

1983 7 10
---------
1000: ['7'], ['10']
coords_1983_0708_990
coords_1983_0708_1000
coords_1983_0709_990
coords_1983_0709_1000
coords_1983_0709_990
*exported*
Storm 6/22

1983 7 10
---------

1983 7 11
---------

1983 7 12
---------

1983 7 13
---------
coords_1983_0710_990
coords_1983_0711_1000
coords_1983_0711_990
coords_1983_0712_1000
coords_1983_0712_990
coords_1983_0713_1000
*exported*
Storm 7/22

1983 8 7
---------

1983 8 8
---------

1983 8 9
---------
coords_1983_0807_990
coords_1983_0807_1000
coords_1983_0808_990
coords_1983_0808_1000
coords_1983_0809_990
coords_1983_0809_1000
coords_1983_0809_990
*exported*
Storm 8/22

1983 8 9
---------

1983 8 10
---------

1983 8 11
---------

1983 8 12
---------

1983 8 13
---------

1983 8 14
---------

1983 8 15
---------
1000: ['8'], ['15']

1983 8 16
---------

1983 8 17
---------

1983 8 18
---------

1983 8 19
---------
coords_1983_0809_990
coords_1983_0810_1000
coords_1983_0810_990
coords_1983_0811_1000
coords_1983_0811_990
coords_1983_0812_1000
coords_1983_0812_990
coords_1983_0813_1000
coords_1983_0813_990
coords_1983_0814_1000
coords_1983_0816_990
coords_1983_0816_1000
coords_1983_0816_990
coords_1983_0816_1000
coords_1983_0816_990
coords_1983_0816_1000
coords_1983_0816_990
coords_1983_0816_1000
coords_1983_0816_990
coords_1983_0816_1000
coords_1983_0816_990
coords_1983_0816_1000
coords_1983_0816_990
coords_1983_0816_1000
coords_1983_0816_990
coords_1983_0817_1000
coords_1983_0817_990
coords_1983_0818_1000
coords_1983_0818_990
coords_1983_0819_1000
coords_1983_0819_990
*exported*
Storm 9/22

1983 8 20
---------

1983 8 21
---------

1983 8 22
---------

1983 8 23
---------

1983 8 24
---------
coords_1983_0820_990
coords_1983_0821_1000
coords_1983_0821_990
coords_1983_0822_1000
coords_1983_0822_990
coords_1983_0823_1000
coords_1983_0823_990
coords_1983_0824_1000
coords_1983_0824_990
*exported*
Storm 10/22

1983 8 22
---------

1983 8 23
---------

1983 8 24
---------
coords_1983_0822_990
coords_1983_0823_1000
coords_1983_0823_990
coords_1983_0824_1000
coords_1983_0824_990
*exported*
Storm 11/22

1983 8 30
---------

1983 8 31
---------
coords_1983_0830_990
coords_1983_0831_1000
coords_1983_0831_990
*exported*
Storm 12/22

1983 8 30
---------

1983 8 31
---------

1983 9 1
---------

1983 9 2
---------
coords_1983_0830_990
coords_1983_0831_1000
coords_1983_0831_990
coords_1983_0901_1000
coords_1983_0901_990
coords_1983_0902_1000
coords_1983_0902_990
*exported*
Storm 13/22

1983 9 20
---------

1983 9 21
---------
coords_1983_0920_990
coords_1983_0920_1000
coords_1983_0921_990
coords_1983_0921_1000
*exported*
Storm 14/22

1983 9 23
---------

1983 9 24
---------
1000: ['9'], ['24']

1983 9 25
---------
1000: ['9'], ['25']

1983 9 26
---------

1983 9 27
---------

1983 9 28
---------

1983 9 29
---------

1983 9 30
---------

1983 10 1
---------
coords_1983_0923_990
coords_1983_0926_1000
coords_1983_0926_990
coords_1983_0927_1000
coords_1983_0927_990
coords_1983_0928_1000
coords_1983_0928_990
coords_1983_0929_1000
coords_1983_0929_990
coords_1983_0930_1000
coords_1983_0930_990
coords_1983_1001_1000
coords_1983_1001_990
*exported*
Storm 15/22

1983 9 29
---------

1983 9 30
---------

1983 10 1
---------
coords_1983_0929_990
coords_1983_0929_1000
coords_1983_0930_990
coords_1983_0930_1000
coords_1983_0930_990
coords_1983_1001_1000
coords_1983_1001_990
*exported*
Storm 16/22

1983 10 1
---------

1983 10 2
---------

1983 10 3
---------

1983 10 4
---------

1983 10 5
---------
1000: ['10'], ['5']

1983 10 6
---------
1000: ['10'], ['6']

1983 10 7
---------

1983 10 8
---------
coords_1983_1001_990
coords_1983_1001_1000
coords_1983_1002_990
coords_1983_1002_1000
coords_1983_1003_990
coords_1983_1003_1000
coords_1983_1004_990
coords_1983_1004_1000
coords_1983_1007_990
coords_1983_1008_1000
*exported*
Storm 17/22

1983 10 6
---------

1983 10 7
---------

1983 10 8
---------

1983 10 9
---------
1000: ['10'], ['9']

1983 10 10
---------

1983 10 11
---------

1983 10 12
---------

1983 10 13
---------

1983 10 14
---------
1000: ['10'], ['14']

1983 10 15
---------
1000: ['10'], ['15']

1983 10 16
---------
1000: ['10'], ['16']

1983 10 17
---------

1983 10 18
---------

1983 10 19
---------

1983 10 20
---------

1983 10 21
---------

1983 10 22
---------

1983 10 23
---------
coords_1983_1006_990
coords_1983_1006_1000
coords_1983_1007_990
coords_1983_1007_1000
coords_1983_1008_990
coords_1983_1008_1000
coords_1983_1010_990
coords_1983_1010_1000
coords_1983_1011_990
coords_1983_1012_1000
coords_1983_1012_990
coords_1983_1013_1000
coords_1983_1013_990
coords_1983_1017_1000
coords_1983_1017_990
coords_1983_1018_1000
coords_1983_1019_990
coords_1983_1019_1000
coords_1983_1020_990
coords_1983_1021_1000
coords_1983_1022_990
coords_1983_1023_1000
coords_1983_1023_990
*exported*
Storm 18/22

1983 10 8
---------

1983 10 9
---------

1983 10 10
---------
coords_1983_1008_990
coords_1983_1009_1000
coords_1983_1009_990
coords_1983_1010_1000
coords_1983_1010_990
coords_1983_1010_1000
*exported*
Storm 19/22

1983 10 20
---------

1983 10 21
---------

1983 10 22
---------

1983 10 23
---------

1983 10 24
---------

1983 10 25
---------

1983 10 26
---------
coords_1983_1020_990
coords_1983_1020_1000
coords_1983_1020_990
coords_1983_1021_1000
coords_1983_1021_990
coords_1983_1021_1000
coords_1983_1022_990
coords_1983_1022_1000
coords_1983_1023_990
coords_1983_1024_1000
coords_1983_1024_990
coords_1983_1025_1000
coords_1983_1025_990
coords_1983_1025_1000
coords_1983_1025_990
coords_1983_1025_1000
coords_1983_1025_990
coords_1983_1025_1000
coords_1983_1025_990
coords_1983_1026_1000
*exported*
Storm 20/22

1983 10 21
---------
1000: ['10'], ['21']

1983 10 22
---------
1000: ['10'], ['22']

1983 10 23
---------

1983 10 24
---------

1983 10 25
---------
1000: ['10'], ['25']

1983 10 26
---------

1983 10 27
---------

1983 10 28
---------

1983 10 29
---------

1983 10 30
---------

1983 10 31
---------
coords_1983_1023_990
coords_1983_1024_1000
coords_1983_1024_990
coords_1983_1026_1000
coords_1983_1027_990
coords_1983_1028_1000
coords_1983_1029_990
coords_1983_1029_1000
coords_1983_1030_990
coords_1983_1030_1000
coords_1983_1030_990
coords_1983_1031_1000
coords_1983_1031_990
*exported*
Storm 21/22

1983 10 22
---------

1983 10 23
---------

1983 10 24
---------
1000: ['10'], ['24']

1983 10 25
---------
1000: ['10'], ['25']

1983 10 26
---------
coords_1983_1022_990
coords_1983_1023_1000
coords_1983_1023_990
coords_1983_1026_1000
*exported*
Storm 22/22

1983 10 24
---------

1983 10 25
---------
1000: ['10'], ['25']

1983 10 26
---------
coords_1983_1024_990
coords_1983_1026_1000
*exported*

FINISHED STORM DATA COLLECTION

 
 
------------------
       done!      
------------------
------------------
elapsed time: 
46.88979838291804

