2022-09-15 11:54:48,311 INFO Welcome to the CDS
2022-09-15 11:54:48,312 INFO Sending request to https://cds.climate.copernicus.eu/api/v2/resources/reanalysis-era5-single-levels
2022-09-15 11:54:48,441 INFO Request is queued
2022-09-15 11:54:49,566 INFO Request is running
2022-09-15 11:55:38,745 INFO Request is completed
2022-09-15 11:56:11,080 INFO Welcome to the CDS
2022-09-15 11:56:11,081 INFO Sending request to https://cds.climate.copernicus.eu/api/v2/resources/reanalysis-era5-single-levels
2022-09-15 11:56:11,209 INFO Request is queued
2022-09-15 11:56:12,334 INFO Request is running
2022-09-15 11:57:27,295 INFO Request is completed
2022-09-15 11:58:15,138 INFO Welcome to the CDS
2022-09-15 11:58:15,138 INFO Sending request to https://cds.climate.copernicus.eu/api/v2/resources/reanalysis-era5-single-levels
2022-09-15 11:58:15,327 INFO Request is queued
2022-09-15 11:58:16,452 INFO Request is running
2022-09-15 11:59:05,628 INFO Request is completed
2022-09-15 12:00:54,191 INFO Welcome to the CDS
2022-09-15 12:00:54,191 INFO Sending request to https://cds.climate.copernicus.eu/api/v2/resources/reanalysis-era5-single-levels
2022-09-15 12:00:54,326 INFO Request is queued
2022-09-15 12:00:55,457 INFO Request is running
2022-09-15 12:01:44,676 INFO Request is completed
2022-09-15 12:03:26,657 INFO Welcome to the CDS
2022-09-15 12:03:26,657 INFO Sending request to https://cds.climate.copernicus.eu/api/v2/resources/reanalysis-era5-single-levels
2022-09-15 12:03:26,799 INFO Request is queued
2022-09-15 12:03:27,938 INFO Request is running
2022-09-15 12:04:17,204 INFO Request is completed
/home/mundi/miniconda3/envs/cyc_loc/lib/python3.8/site-packages/xarray/conventions.py:492: SerializationWarning: variable 'melt_onset_day_seaice_conc_cdr' has multiple fill values {-1, 65535}, decoding all values to NaN.
  new_vars[k] = decode_cf_variable(
/home/mundi/miniconda3/envs/cyc_loc/lib/python3.8/site-packages/cartopy/mpl/geoaxes.py:1478: UserWarning: No contour levels were found within the data range.
  result = matplotlib.axes.Axes.contour(self, *args, **kwargs)
/home/mundi/miniconda3/envs/cyc_loc/lib/python3.8/site-packages/numpy/core/fromnumeric.py:3334: RuntimeWarning: Mean of empty slice.
  return _methods._mean(a, axis=axis, dtype=dtype,
/home/mundi/miniconda3/envs/cyc_loc/lib/python3.8/site-packages/numpy/core/_methods.py:161: RuntimeWarning: invalid value encountered in double_scalars
  ret = ret.dtype.type(ret / rcount)
2022-09-15 12:09:04,363 INFO Welcome to the CDS
2022-09-15 12:09:04,365 INFO Sending request to https://cds.climate.copernicus.eu/api/v2/resources/reanalysis-era5-single-levels
2022-09-15 12:09:04,493 INFO Request is queued
2022-09-15 12:09:05,618 INFO Request is running
2022-09-15 12:09:09,620 INFO Request is completed
2022-09-15 12:09:12,685 INFO Welcome to the CDS
2022-09-15 12:09:12,685 INFO Sending request to https://cds.climate.copernicus.eu/api/v2/resources/reanalysis-era5-single-levels
2022-09-15 12:09:12,814 INFO Request is queued
2022-09-15 12:09:13,939 INFO Request is running
2022-09-15 12:09:17,939 INFO Request is completed
2022-09-15 12:09:21,312 INFO Welcome to the CDS
2022-09-15 12:09:21,312 INFO Sending request to https://cds.climate.copernicus.eu/api/v2/resources/reanalysis-era5-single-levels
2022-09-15 12:09:21,473 INFO Request is completed
2022-09-15 12:09:24,432 INFO Welcome to the CDS
2022-09-15 12:09:24,432 INFO Sending request to https://cds.climate.copernicus.eu/api/v2/resources/reanalysis-era5-single-levels
2022-09-15 12:09:24,577 INFO Request is completed
2022-09-15 12:09:27,781 INFO Welcome to the CDS
2022-09-15 12:09:27,781 INFO Sending request to https://cds.climate.copernicus.eu/api/v2/resources/reanalysis-era5-single-levels
2022-09-15 12:09:27,910 INFO Request is queued
2022-09-15 12:09:29,036 INFO Request is running
2022-09-15 12:09:33,039 INFO Request is completed
2022-09-15 12:09:36,145 INFO Welcome to the CDS
2022-09-15 12:09:36,145 INFO Sending request to https://cds.climate.copernicus.eu/api/v2/resources/reanalysis-era5-single-levels
2022-09-15 12:09:36,275 INFO Request is queued
2022-09-15 12:09:37,400 INFO Request is running
2022-09-15 12:09:41,402 INFO Request is completed
2022-09-15 12:09:44,636 INFO Welcome to the CDS
2022-09-15 12:09:44,637 INFO Sending request to https://cds.climate.copernicus.eu/api/v2/resources/reanalysis-era5-single-levels
2022-09-15 12:09:44,802 INFO Request is queued
2022-09-15 12:09:45,926 INFO Request is running
2022-09-15 12:09:49,928 INFO Request is completed
2022-09-15 12:09:54,193 INFO Welcome to the CDS
2022-09-15 12:09:54,193 INFO Sending request to https://cds.climate.copernicus.eu/api/v2/resources/reanalysis-era5-single-levels
2022-09-15 12:09:54,321 INFO Request is queued
2022-09-15 12:09:55,445 INFO Request is running
2022-09-15 12:09:59,447 INFO Request is completed
2022-09-15 12:10:04,518 INFO Welcome to the CDS
2022-09-15 12:10:04,518 INFO Sending request to https://cds.climate.copernicus.eu/api/v2/resources/reanalysis-era5-single-levels
2022-09-15 12:10:04,655 INFO Request is queued
2022-09-15 12:10:05,779 INFO Request is running
2022-09-15 12:10:09,779 INFO Request is completed
2022-09-15 12:10:13,902 INFO Welcome to the CDS
2022-09-15 12:10:13,902 INFO Sending request to https://cds.climate.copernicus.eu/api/v2/resources/reanalysis-era5-single-levels
2022-09-15 12:10:14,030 INFO Request is queued
2022-09-15 12:10:15,155 INFO Request is running
2022-09-15 12:10:19,166 INFO Request is completed
2022-09-15 12:10:22,640 INFO Welcome to the CDS
2022-09-15 12:10:22,640 INFO Sending request to https://cds.climate.copernicus.eu/api/v2/resources/reanalysis-era5-single-levels
2022-09-15 12:10:22,769 INFO Request is queued
2022-09-15 12:10:23,895 INFO Request is running
2022-09-15 12:10:27,898 INFO Request is completed
2022-09-15 12:10:30,214 INFO Welcome to the CDS
2022-09-15 12:10:30,214 INFO Sending request to https://cds.climate.copernicus.eu/api/v2/resources/reanalysis-era5-single-levels
2022-09-15 12:10:30,376 INFO Request is queued
2022-09-15 12:10:31,502 INFO Request is running
2022-09-15 12:10:35,505 INFO Request is completed
2022-09-15 12:10:38,757 INFO Welcome to the CDS
2022-09-15 12:10:38,757 INFO Sending request to https://cds.climate.copernicus.eu/api/v2/resources/reanalysis-era5-single-levels
2022-09-15 12:10:38,886 INFO Request is queued
2022-09-15 12:10:40,013 INFO Request is running
2022-09-15 12:10:44,016 INFO Request is completed
/home/mundi/miniconda3/envs/cyc_loc/lib/python3.8/site-packages/cartopy/mpl/geoaxes.py:1478: UserWarning: No contour levels were found within the data range.
  result = matplotlib.axes.Axes.contour(self, *args, **kwargs)
2022-09-15 12:10:48,775 INFO Welcome to the CDS
2022-09-15 12:10:48,776 INFO Sending request to https://cds.climate.copernicus.eu/api/v2/resources/reanalysis-era5-single-levels
2022-09-15 12:10:48,931 INFO Request is queued
2022-09-15 12:10:50,055 INFO Request is running
2022-09-15 12:10:54,057 INFO Request is completed
2022-09-15 12:10:56,658 INFO Welcome to the CDS
2022-09-15 12:10:56,658 INFO Sending request to https://cds.climate.copernicus.eu/api/v2/resources/reanalysis-era5-single-levels
2022-09-15 12:10:56,787 INFO Request is queued
2022-09-15 12:10:57,912 INFO Request is running
2022-09-15 12:10:59,538 INFO Request is completed
2022-09-15 12:11:03,916 INFO Welcome to the CDS
2022-09-15 12:11:03,916 INFO Sending request to https://cds.climate.copernicus.eu/api/v2/resources/reanalysis-era5-single-levels
2022-09-15 12:11:04,063 INFO Request is queued
2022-09-15 12:11:05,189 INFO Request is running
2022-09-15 12:11:06,815 INFO Request is completed
2022-09-15 12:11:08,959 INFO Welcome to the CDS
2022-09-15 12:11:08,959 INFO Sending request to https://cds.climate.copernicus.eu/api/v2/resources/reanalysis-era5-single-levels
2022-09-15 12:11:09,087 INFO Request is queued
2022-09-15 12:11:10,212 INFO Request is running
2022-09-15 12:11:14,215 INFO Request is completed
2022-09-15 12:11:17,326 INFO Welcome to the CDS
2022-09-15 12:11:17,327 INFO Sending request to https://cds.climate.copernicus.eu/api/v2/resources/reanalysis-era5-single-levels
2022-09-15 12:11:17,469 INFO Request is queued
2022-09-15 12:11:20,222 INFO Request is running
2022-09-15 12:11:26,102 INFO Request is completed
2022-09-15 12:11:28,612 INFO Welcome to the CDS
2022-09-15 12:11:28,612 INFO Sending request to https://cds.climate.copernicus.eu/api/v2/resources/reanalysis-era5-single-levels
2022-09-15 12:11:28,811 INFO Request is queued
2022-09-15 12:11:29,948 INFO Request is running
2022-09-15 12:11:33,974 INFO Request is completed
2022-09-15 12:11:37,670 INFO Welcome to the CDS
2022-09-15 12:11:37,670 INFO Sending request to https://cds.climate.copernicus.eu/api/v2/resources/reanalysis-era5-single-levels
2022-09-15 12:11:37,862 INFO Request is queued
2022-09-15 12:11:38,999 INFO Request is running
2022-09-15 12:11:43,044 INFO Request is completed
2022-09-15 12:11:46,975 INFO Welcome to the CDS
2022-09-15 12:11:46,975 INFO Sending request to https://cds.climate.copernicus.eu/api/v2/resources/reanalysis-era5-single-levels
2022-09-15 12:11:47,127 INFO Request is queued
2022-09-15 12:11:48,264 INFO Request is running
2022-09-15 12:11:52,291 INFO Request is completed
/home/mundi/Summer2022/myfuncs.py:73: RuntimeWarning: More than 20 figures have been opened. Figures created through the pyplot interface (`matplotlib.pyplot.figure`) are retained until explicitly closed and may consume too much memory. (To control this warning, see the rcParam `figure.max_open_warning`).
  fig=plt.figure(figsize=[15,15])
2022-09-15 12:11:56,362 INFO Welcome to the CDS
2022-09-15 12:11:56,363 INFO Sending request to https://cds.climate.copernicus.eu/api/v2/resources/reanalysis-era5-single-levels
2022-09-15 12:11:56,502 INFO Request is queued
2022-09-15 12:11:57,640 INFO Request is running
2022-09-15 12:12:01,667 INFO Request is completed
/home/mundi/Summer2022/myfuncs.py:73: RuntimeWarning: More than 20 figures have been opened. Figures created through the pyplot interface (`matplotlib.pyplot.figure`) are retained until explicitly closed and may consume too much memory. (To control this warning, see the rcParam `figure.max_open_warning`).
  fig=plt.figure(figsize=[15,15])
2022-09-15 12:12:04,953 INFO Welcome to the CDS
2022-09-15 12:12:04,953 INFO Sending request to https://cds.climate.copernicus.eu/api/v2/resources/reanalysis-era5-single-levels
2022-09-15 12:12:05,133 INFO Request is queued
2022-09-15 12:12:06,271 INFO Request is running
2022-09-15 12:12:10,297 INFO Request is completed
/home/mundi/Summer2022/myfuncs.py:73: RuntimeWarning: More than 20 figures have been opened. Figures created through the pyplot interface (`matplotlib.pyplot.figure`) are retained until explicitly closed and may consume too much memory. (To control this warning, see the rcParam `figure.max_open_warning`).
  fig=plt.figure(figsize=[15,15])
2022-09-15 12:12:13,421 INFO Welcome to the CDS
2022-09-15 12:12:13,421 INFO Sending request to https://cds.climate.copernicus.eu/api/v2/resources/reanalysis-era5-single-levels
2022-09-15 12:12:13,562 INFO Request is queued
2022-09-15 12:12:14,700 INFO Request is running
2022-09-15 12:12:16,338 INFO Request is completed
/home/mundi/Summer2022/myfuncs.py:73: RuntimeWarning: More than 20 figures have been opened. Figures created through the pyplot interface (`matplotlib.pyplot.figure`) are retained until explicitly closed and may consume too much memory. (To control this warning, see the rcParam `figure.max_open_warning`).
  fig=plt.figure(figsize=[15,15])
2022-09-15 12:12:18,484 INFO Welcome to the CDS
2022-09-15 12:12:18,484 INFO Sending request to https://cds.climate.copernicus.eu/api/v2/resources/reanalysis-era5-single-levels
2022-09-15 12:12:18,625 INFO Request is queued
2022-09-15 12:12:19,763 INFO Request is running
2022-09-15 12:12:21,401 INFO Request is completed
/home/mundi/Summer2022/myfuncs.py:73: RuntimeWarning: More than 20 figures have been opened. Figures created through the pyplot interface (`matplotlib.pyplot.figure`) are retained until explicitly closed and may consume too much memory. (To control this warning, see the rcParam `figure.max_open_warning`).
  fig=plt.figure(figsize=[15,15])
2022-09-15 12:12:24,861 INFO Welcome to the CDS
2022-09-15 12:12:24,861 INFO Sending request to https://cds.climate.copernicus.eu/api/v2/resources/reanalysis-era5-single-levels
2022-09-15 12:12:25,010 INFO Request is queued
2022-09-15 12:12:26,147 INFO Request is running
2022-09-15 12:12:30,175 INFO Request is completed
/home/mundi/Summer2022/myfuncs.py:73: RuntimeWarning: More than 20 figures have been opened. Figures created through the pyplot interface (`matplotlib.pyplot.figure`) are retained until explicitly closed and may consume too much memory. (To control this warning, see the rcParam `figure.max_open_warning`).
  fig=plt.figure(figsize=[15,15])
2022-09-15 12:12:38,232 INFO Welcome to the CDS
2022-09-15 12:12:38,233 INFO Sending request to https://cds.climate.copernicus.eu/api/v2/resources/reanalysis-era5-single-levels
2022-09-15 12:12:38,386 INFO Request is queued
2022-09-15 12:12:39,524 INFO Request is running
2022-09-15 12:12:41,162 INFO Request is completed
/home/mundi/Summer2022/myfuncs.py:73: RuntimeWarning: More than 20 figures have been opened. Figures created through the pyplot interface (`matplotlib.pyplot.figure`) are retained until explicitly closed and may consume too much memory. (To control this warning, see the rcParam `figure.max_open_warning`).
  fig=plt.figure(figsize=[15,15])
2022-09-15 12:12:46,429 INFO Welcome to the CDS
2022-09-15 12:12:46,429 INFO Sending request to https://cds.climate.copernicus.eu/api/v2/resources/reanalysis-era5-single-levels
2022-09-15 12:12:46,583 INFO Request is queued
2022-09-15 12:12:47,721 INFO Request is running
2022-09-15 12:12:51,747 INFO Request is completed
/home/mundi/Summer2022/myfuncs.py:73: RuntimeWarning: More than 20 figures have been opened. Figures created through the pyplot interface (`matplotlib.pyplot.figure`) are retained until explicitly closed and may consume too much memory. (To control this warning, see the rcParam `figure.max_open_warning`).
  fig=plt.figure(figsize=[15,15])
2022-09-15 12:12:54,364 INFO Welcome to the CDS
2022-09-15 12:12:54,365 INFO Sending request to https://cds.climate.copernicus.eu/api/v2/resources/reanalysis-era5-single-levels
2022-09-15 12:12:54,521 INFO Request is completed
/home/mundi/Summer2022/myfuncs.py:73: RuntimeWarning: More than 20 figures have been opened. Figures created through the pyplot interface (`matplotlib.pyplot.figure`) are retained until explicitly closed and may consume too much memory. (To control this warning, see the rcParam `figure.max_open_warning`).
  fig=plt.figure(figsize=[15,15])
2022-09-15 12:12:59,323 INFO Welcome to the CDS
2022-09-15 12:12:59,323 INFO Sending request to https://cds.climate.copernicus.eu/api/v2/resources/reanalysis-era5-single-levels
2022-09-15 12:12:59,510 INFO Request is completed
/home/mundi/Summer2022/myfuncs.py:73: RuntimeWarning: More than 20 figures have been opened. Figures created through the pyplot interface (`matplotlib.pyplot.figure`) are retained until explicitly closed and may consume too much memory. (To control this warning, see the rcParam `figure.max_open_warning`).
  fig=plt.figure(figsize=[15,15])
2022-09-15 12:13:02,282 INFO Welcome to the CDS
2022-09-15 12:13:02,282 INFO Sending request to https://cds.climate.copernicus.eu/api/v2/resources/reanalysis-era5-single-levels
2022-09-15 12:13:02,437 INFO Request is completed
/home/mundi/Summer2022/myfuncs.py:73: RuntimeWarning: More than 20 figures have been opened. Figures created through the pyplot interface (`matplotlib.pyplot.figure`) are retained until explicitly closed and may consume too much memory. (To control this warning, see the rcParam `figure.max_open_warning`).
  fig=plt.figure(figsize=[15,15])
2022-09-15 12:13:06,458 INFO Welcome to the CDS
2022-09-15 12:13:06,458 INFO Sending request to https://cds.climate.copernicus.eu/api/v2/resources/reanalysis-era5-single-levels
2022-09-15 12:13:06,628 INFO Request is queued
2022-09-15 12:13:07,766 INFO Request is running
2022-09-15 12:13:11,792 INFO Request is completed
/home/mundi/Summer2022/myfuncs.py:73: RuntimeWarning: More than 20 figures have been opened. Figures created through the pyplot interface (`matplotlib.pyplot.figure`) are retained until explicitly closed and may consume too much memory. (To control this warning, see the rcParam `figure.max_open_warning`).
  fig=plt.figure(figsize=[15,15])
2022-09-15 12:13:15,249 INFO Welcome to the CDS
2022-09-15 12:13:15,250 INFO Sending request to https://cds.climate.copernicus.eu/api/v2/resources/reanalysis-era5-single-levels
2022-09-15 12:13:15,389 INFO Request is queued
2022-09-15 12:13:16,526 INFO Request is running
2022-09-15 12:13:20,552 INFO Request is completed
/home/mundi/Summer2022/myfuncs.py:73: RuntimeWarning: More than 20 figures have been opened. Figures created through the pyplot interface (`matplotlib.pyplot.figure`) are retained until explicitly closed and may consume too much memory. (To control this warning, see the rcParam `figure.max_open_warning`).
  fig=plt.figure(figsize=[15,15])
2022-09-15 12:13:24,852 INFO Welcome to the CDS
2022-09-15 12:13:24,852 INFO Sending request to https://cds.climate.copernicus.eu/api/v2/resources/reanalysis-era5-single-levels
2022-09-15 12:13:24,993 INFO Request is queued
2022-09-15 12:13:26,131 INFO Request is running
2022-09-15 12:13:30,158 INFO Request is completed
/home/mundi/Summer2022/myfuncs.py:73: RuntimeWarning: More than 20 figures have been opened. Figures created through the pyplot interface (`matplotlib.pyplot.figure`) are retained until explicitly closed and may consume too much memory. (To control this warning, see the rcParam `figure.max_open_warning`).
  fig=plt.figure(figsize=[15,15])
2022-09-15 12:13:32,656 INFO Welcome to the CDS
2022-09-15 12:13:32,656 INFO Sending request to https://cds.climate.copernicus.eu/api/v2/resources/reanalysis-era5-single-levels
2022-09-15 12:13:32,797 INFO Request is queued
2022-09-15 12:13:33,934 INFO Request is running
2022-09-15 12:13:35,572 INFO Request is completed
/home/mundi/Summer2022/myfuncs.py:73: RuntimeWarning: More than 20 figures have been opened. Figures created through the pyplot interface (`matplotlib.pyplot.figure`) are retained until explicitly closed and may consume too much memory. (To control this warning, see the rcParam `figure.max_open_warning`).
  fig=plt.figure(figsize=[15,15])
2022-09-15 12:13:37,750 INFO Welcome to the CDS
2022-09-15 12:13:37,750 INFO Sending request to https://cds.climate.copernicus.eu/api/v2/resources/reanalysis-era5-single-levels
2022-09-15 12:13:37,946 INFO Request is completed
/home/mundi/Summer2022/myfuncs.py:73: RuntimeWarning: More than 20 figures have been opened. Figures created through the pyplot interface (`matplotlib.pyplot.figure`) are retained until explicitly closed and may consume too much memory. (To control this warning, see the rcParam `figure.max_open_warning`).
  fig=plt.figure(figsize=[15,15])
2022-09-15 12:13:41,684 INFO Welcome to the CDS
2022-09-15 12:13:41,684 INFO Sending request to https://cds.climate.copernicus.eu/api/v2/resources/reanalysis-era5-single-levels
2022-09-15 12:13:41,839 INFO Request is completed
/home/mundi/Summer2022/myfuncs.py:73: RuntimeWarning: More than 20 figures have been opened. Figures created through the pyplot interface (`matplotlib.pyplot.figure`) are retained until explicitly closed and may consume too much memory. (To control this warning, see the rcParam `figure.max_open_warning`).
  fig=plt.figure(figsize=[15,15])
2022-09-15 12:13:45,209 INFO Welcome to the CDS
2022-09-15 12:13:45,209 INFO Sending request to https://cds.climate.copernicus.eu/api/v2/resources/reanalysis-era5-single-levels
2022-09-15 12:13:45,365 INFO Request is completed
/home/mundi/Summer2022/myfuncs.py:73: RuntimeWarning: More than 20 figures have been opened. Figures created through the pyplot interface (`matplotlib.pyplot.figure`) are retained until explicitly closed and may consume too much memory. (To control this warning, see the rcParam `figure.max_open_warning`).
  fig=plt.figure(figsize=[15,15])
2022-09-15 12:13:50,956 INFO Welcome to the CDS
2022-09-15 12:13:50,956 INFO Sending request to https://cds.climate.copernicus.eu/api/v2/resources/reanalysis-era5-single-levels
2022-09-15 12:13:51,505 INFO Request is queued
2022-09-15 12:14:24,583 INFO Request is completed
/home/mundi/Summer2022/myfuncs.py:73: RuntimeWarning: More than 20 figures have been opened. Figures created through the pyplot interface (`matplotlib.pyplot.figure`) are retained until explicitly closed and may consume too much memory. (To control this warning, see the rcParam `figure.max_open_warning`).
  fig=plt.figure(figsize=[15,15])
2022-09-15 12:14:29,005 INFO Welcome to the CDS
2022-09-15 12:14:29,005 INFO Sending request to https://cds.climate.copernicus.eu/api/v2/resources/reanalysis-era5-single-levels
2022-09-15 12:14:29,133 INFO Request is queued
2022-09-15 12:14:30,258 INFO Request is running
2022-09-15 12:14:31,884 INFO Request is completed
/home/mundi/Summer2022/myfuncs.py:73: RuntimeWarning: More than 20 figures have been opened. Figures created through the pyplot interface (`matplotlib.pyplot.figure`) are retained until explicitly closed and may consume too much memory. (To control this warning, see the rcParam `figure.max_open_warning`).
  fig=plt.figure(figsize=[15,15])
2022-09-15 12:14:34,201 INFO Welcome to the CDS
2022-09-15 12:14:34,202 INFO Sending request to https://cds.climate.copernicus.eu/api/v2/resources/reanalysis-era5-single-levels
2022-09-15 12:14:34,330 INFO Request is queued
2022-09-15 12:14:35,456 INFO Request is running
2022-09-15 12:14:39,459 INFO Request is completed
/home/mundi/Summer2022/myfuncs.py:73: RuntimeWarning: More than 20 figures have been opened. Figures created through the pyplot interface (`matplotlib.pyplot.figure`) are retained until explicitly closed and may consume too much memory. (To control this warning, see the rcParam `figure.max_open_warning`).
  fig=plt.figure(figsize=[15,15])
2022-09-15 12:14:43,348 INFO Welcome to the CDS
2022-09-15 12:14:43,348 INFO Sending request to https://cds.climate.copernicus.eu/api/v2/resources/reanalysis-era5-single-levels
2022-09-15 12:14:43,519 INFO Request is completed
/home/mundi/Summer2022/myfuncs.py:73: RuntimeWarning: More than 20 figures have been opened. Figures created through the pyplot interface (`matplotlib.pyplot.figure`) are retained until explicitly closed and may consume too much memory. (To control this warning, see the rcParam `figure.max_open_warning`).
  fig=plt.figure(figsize=[15,15])
2022-09-15 12:14:50,204 INFO Welcome to the CDS
2022-09-15 12:14:50,204 INFO Sending request to https://cds.climate.copernicus.eu/api/v2/resources/reanalysis-era5-single-levels
2022-09-15 12:14:50,332 INFO Request is queued
2022-09-15 12:14:51,458 INFO Request is running
2022-09-15 12:14:53,084 INFO Request is completed
/home/mundi/Summer2022/myfuncs.py:73: RuntimeWarning: More than 20 figures have been opened. Figures created through the pyplot interface (`matplotlib.pyplot.figure`) are retained until explicitly closed and may consume too much memory. (To control this warning, see the rcParam `figure.max_open_warning`).
  fig=plt.figure(figsize=[15,15])
/home/mundi/miniconda3/envs/cyc_loc/lib/python3.8/site-packages/cartopy/mpl/geoaxes.py:1478: UserWarning: No contour levels were found within the data range.
  result = matplotlib.axes.Axes.contour(self, *args, **kwargs)
2022-09-15 12:15:34,577 INFO Welcome to the CDS
2022-09-15 12:15:34,577 INFO Sending request to https://cds.climate.copernicus.eu/api/v2/resources/reanalysis-era5-single-levels
2022-09-15 12:15:34,705 INFO Request is queued
2022-09-15 12:15:35,831 INFO Request is running
2022-09-15 12:15:39,834 INFO Request is completed
/home/mundi/Summer2022/myfuncs.py:73: RuntimeWarning: More than 20 figures have been opened. Figures created through the pyplot interface (`matplotlib.pyplot.figure`) are retained until explicitly closed and may consume too much memory. (To control this warning, see the rcParam `figure.max_open_warning`).
  fig=plt.figure(figsize=[15,15])
2022-09-15 12:15:44,831 INFO Welcome to the CDS
2022-09-15 12:15:44,831 INFO Sending request to https://cds.climate.copernicus.eu/api/v2/resources/reanalysis-era5-single-levels
2022-09-15 12:15:44,975 INFO Request is completed
/home/mundi/Summer2022/myfuncs.py:73: RuntimeWarning: More than 20 figures have been opened. Figures created through the pyplot interface (`matplotlib.pyplot.figure`) are retained until explicitly closed and may consume too much memory. (To control this warning, see the rcParam `figure.max_open_warning`).
  fig=plt.figure(figsize=[15,15])
/home/mundi/miniconda3/envs/cyc_loc/lib/python3.8/site-packages/cartopy/mpl/geoaxes.py:1478: UserWarning: No contour levels were found within the data range.
  result = matplotlib.axes.Axes.contour(self, *args, **kwargs)
2022-09-15 12:16:54,116 INFO Welcome to the CDS
2022-09-15 12:16:54,116 INFO Sending request to https://cds.climate.copernicus.eu/api/v2/resources/reanalysis-era5-single-levels
2022-09-15 12:16:54,259 INFO Request is completed
/home/mundi/Summer2022/myfuncs.py:73: RuntimeWarning: More than 20 figures have been opened. Figures created through the pyplot interface (`matplotlib.pyplot.figure`) are retained until explicitly closed and may consume too much memory. (To control this warning, see the rcParam `figure.max_open_warning`).
  fig=plt.figure(figsize=[15,15])
/home/mundi/miniconda3/envs/cyc_loc/lib/python3.8/site-packages/cartopy/mpl/geoaxes.py:1478: UserWarning: No contour levels were found within the data range.
  result = matplotlib.axes.Axes.contour(self, *args, **kwargs)
2022-09-15 12:18:18,141 INFO Welcome to the CDS
2022-09-15 12:18:18,142 INFO Sending request to https://cds.climate.copernicus.eu/api/v2/resources/reanalysis-era5-single-levels
2022-09-15 12:18:18,288 INFO Request is queued
2022-09-15 12:18:19,420 INFO Request is running
2022-09-15 12:18:23,434 INFO Request is completed
/home/mundi/Summer2022/myfuncs.py:73: RuntimeWarning: More than 20 figures have been opened. Figures created through the pyplot interface (`matplotlib.pyplot.figure`) are retained until explicitly closed and may consume too much memory. (To control this warning, see the rcParam `figure.max_open_warning`).
  fig=plt.figure(figsize=[15,15])
2022-09-15 12:18:26,301 INFO Welcome to the CDS
2022-09-15 12:18:26,301 INFO Sending request to https://cds.climate.copernicus.eu/api/v2/resources/reanalysis-era5-single-levels
2022-09-15 12:18:26,435 INFO Request is queued
2022-09-15 12:18:27,566 INFO Request is running
2022-09-15 12:18:31,580 INFO Request is completed
/home/mundi/Summer2022/myfuncs.py:73: RuntimeWarning: More than 20 figures have been opened. Figures created through the pyplot interface (`matplotlib.pyplot.figure`) are retained until explicitly closed and may consume too much memory. (To control this warning, see the rcParam `figure.max_open_warning`).
  fig=plt.figure(figsize=[15,15])
2022-09-15 12:18:41,114 INFO Welcome to the CDS
2022-09-15 12:18:41,114 INFO Sending request to https://cds.climate.copernicus.eu/api/v2/resources/reanalysis-era5-single-levels
2022-09-15 12:18:41,261 INFO Request is queued
2022-09-15 12:18:42,394 INFO Request is running
2022-09-15 12:18:46,409 INFO Request is completed
/home/mundi/Summer2022/myfuncs.py:73: RuntimeWarning: More than 20 figures have been opened. Figures created through the pyplot interface (`matplotlib.pyplot.figure`) are retained until explicitly closed and may consume too much memory. (To control this warning, see the rcParam `figure.max_open_warning`).
  fig=plt.figure(figsize=[15,15])
2022-09-15 12:18:50,260 INFO Welcome to the CDS
2022-09-15 12:18:50,260 INFO Sending request to https://cds.climate.copernicus.eu/api/v2/resources/reanalysis-era5-single-levels
2022-09-15 12:18:50,395 INFO Request is queued
2022-09-15 12:18:51,527 INFO Request is running
2022-09-15 12:18:55,542 INFO Request is completed
/home/mundi/Summer2022/myfuncs.py:73: RuntimeWarning: More than 20 figures have been opened. Figures created through the pyplot interface (`matplotlib.pyplot.figure`) are retained until explicitly closed and may consume too much memory. (To control this warning, see the rcParam `figure.max_open_warning`).
  fig=plt.figure(figsize=[15,15])
2022-09-15 12:19:00,205 INFO Welcome to the CDS
2022-09-15 12:19:00,206 INFO Sending request to https://cds.climate.copernicus.eu/api/v2/resources/reanalysis-era5-single-levels
2022-09-15 12:19:00,366 INFO Request is queued
2022-09-15 12:19:01,497 INFO Request is running
2022-09-15 12:19:05,513 INFO Request is completed
/home/mundi/Summer2022/myfuncs.py:73: RuntimeWarning: More than 20 figures have been opened. Figures created through the pyplot interface (`matplotlib.pyplot.figure`) are retained until explicitly closed and may consume too much memory. (To control this warning, see the rcParam `figure.max_open_warning`).
  fig=plt.figure(figsize=[15,15])
2022-09-15 12:19:08,319 INFO Welcome to the CDS
2022-09-15 12:19:08,319 INFO Sending request to https://cds.climate.copernicus.eu/api/v2/resources/reanalysis-era5-single-levels
2022-09-15 12:19:08,453 INFO Request is queued
2022-09-15 12:19:09,592 INFO Request is running
2022-09-15 12:19:13,607 INFO Request is completed
/home/mundi/Summer2022/myfuncs.py:73: RuntimeWarning: More than 20 figures have been opened. Figures created through the pyplot interface (`matplotlib.pyplot.figure`) are retained until explicitly closed and may consume too much memory. (To control this warning, see the rcParam `figure.max_open_warning`).
  fig=plt.figure(figsize=[15,15])
2022-09-15 12:19:16,842 INFO Welcome to the CDS
2022-09-15 12:19:16,842 INFO Sending request to https://cds.climate.copernicus.eu/api/v2/resources/reanalysis-era5-single-levels
2022-09-15 12:19:16,976 INFO Request is queued
2022-09-15 12:19:18,107 INFO Request is running
2022-09-15 12:19:22,123 INFO Request is completed
/home/mundi/Summer2022/myfuncs.py:73: RuntimeWarning: More than 20 figures have been opened. Figures created through the pyplot interface (`matplotlib.pyplot.figure`) are retained until explicitly closed and may consume too much memory. (To control this warning, see the rcParam `figure.max_open_warning`).
  fig=plt.figure(figsize=[15,15])
2022-09-15 12:19:25,350 INFO Welcome to the CDS
2022-09-15 12:19:25,351 INFO Sending request to https://cds.climate.copernicus.eu/api/v2/resources/reanalysis-era5-single-levels
2022-09-15 12:19:25,485 INFO Request is queued
2022-09-15 12:19:26,616 INFO Request is running
2022-09-15 12:19:28,249 INFO Request is completed
/home/mundi/Summer2022/myfuncs.py:73: RuntimeWarning: More than 20 figures have been opened. Figures created through the pyplot interface (`matplotlib.pyplot.figure`) are retained until explicitly closed and may consume too much memory. (To control this warning, see the rcParam `figure.max_open_warning`).
  fig=plt.figure(figsize=[15,15])
2022-09-15 12:19:30,862 INFO Welcome to the CDS
2022-09-15 12:19:30,862 INFO Sending request to https://cds.climate.copernicus.eu/api/v2/resources/reanalysis-era5-single-levels
2022-09-15 12:19:30,998 INFO Request is queued
2022-09-15 12:19:32,130 INFO Request is running
2022-09-15 12:19:36,144 INFO Request is completed
/home/mundi/Summer2022/myfuncs.py:73: RuntimeWarning: More than 20 figures have been opened. Figures created through the pyplot interface (`matplotlib.pyplot.figure`) are retained until explicitly closed and may consume too much memory. (To control this warning, see the rcParam `figure.max_open_warning`).
  fig=plt.figure(figsize=[15,15])
2022-09-15 12:19:38,861 INFO Welcome to the CDS
2022-09-15 12:19:38,861 INFO Sending request to https://cds.climate.copernicus.eu/api/v2/resources/reanalysis-era5-single-levels
2022-09-15 12:19:39,011 INFO Request is queued
2022-09-15 12:19:40,142 INFO Request is running
2022-09-15 12:19:44,160 INFO Request is completed
/home/mundi/Summer2022/myfuncs.py:73: RuntimeWarning: More than 20 figures have been opened. Figures created through the pyplot interface (`matplotlib.pyplot.figure`) are retained until explicitly closed and may consume too much memory. (To control this warning, see the rcParam `figure.max_open_warning`).
  fig=plt.figure(figsize=[15,15])
2022-09-15 12:19:46,785 INFO Welcome to the CDS
2022-09-15 12:19:46,786 INFO Sending request to https://cds.climate.copernicus.eu/api/v2/resources/reanalysis-era5-single-levels
2022-09-15 12:19:46,919 INFO Request is queued
2022-09-15 12:19:48,051 INFO Request is running
2022-09-15 12:19:49,683 INFO Request is completed
/home/mundi/Summer2022/myfuncs.py:73: RuntimeWarning: More than 20 figures have been opened. Figures created through the pyplot interface (`matplotlib.pyplot.figure`) are retained until explicitly closed and may consume too much memory. (To control this warning, see the rcParam `figure.max_open_warning`).
  fig=plt.figure(figsize=[15,15])
2022-09-15 12:19:52,011 INFO Welcome to the CDS
2022-09-15 12:19:52,011 INFO Sending request to https://cds.climate.copernicus.eu/api/v2/resources/reanalysis-era5-single-levels
2022-09-15 12:19:52,159 INFO Request is queued
2022-09-15 12:19:53,294 INFO Request is running
2022-09-15 12:19:57,308 INFO Request is completed
/home/mundi/Summer2022/myfuncs.py:73: RuntimeWarning: More than 20 figures have been opened. Figures created through the pyplot interface (`matplotlib.pyplot.figure`) are retained until explicitly closed and may consume too much memory. (To control this warning, see the rcParam `figure.max_open_warning`).
  fig=plt.figure(figsize=[15,15])
2022-09-15 12:19:59,941 INFO Welcome to the CDS
2022-09-15 12:19:59,941 INFO Sending request to https://cds.climate.copernicus.eu/api/v2/resources/reanalysis-era5-single-levels
2022-09-15 12:20:00,090 INFO Request is completed
/home/mundi/Summer2022/myfuncs.py:73: RuntimeWarning: More than 20 figures have been opened. Figures created through the pyplot interface (`matplotlib.pyplot.figure`) are retained until explicitly closed and may consume too much memory. (To control this warning, see the rcParam `figure.max_open_warning`).
  fig=plt.figure(figsize=[15,15])
2022-09-15 12:20:03,152 INFO Welcome to the CDS
2022-09-15 12:20:03,153 INFO Sending request to https://cds.climate.copernicus.eu/api/v2/resources/reanalysis-era5-single-levels
2022-09-15 12:20:03,302 INFO Request is completed
/home/mundi/Summer2022/myfuncs.py:73: RuntimeWarning: More than 20 figures have been opened. Figures created through the pyplot interface (`matplotlib.pyplot.figure`) are retained until explicitly closed and may consume too much memory. (To control this warning, see the rcParam `figure.max_open_warning`).
  fig=plt.figure(figsize=[15,15])
2022-09-15 12:20:05,792 INFO Welcome to the CDS
2022-09-15 12:20:05,792 INFO Sending request to https://cds.climate.copernicus.eu/api/v2/resources/reanalysis-era5-single-levels
2022-09-15 12:20:05,926 INFO Request is queued
2022-09-15 12:20:07,057 INFO Request is running
2022-09-15 12:20:11,073 INFO Request is completed
/home/mundi/Summer2022/myfuncs.py:73: RuntimeWarning: More than 20 figures have been opened. Figures created through the pyplot interface (`matplotlib.pyplot.figure`) are retained until explicitly closed and may consume too much memory. (To control this warning, see the rcParam `figure.max_open_warning`).
  fig=plt.figure(figsize=[15,15])
/home/mundi/miniconda3/envs/cyc_loc/lib/python3.8/site-packages/cartopy/mpl/geoaxes.py:1478: UserWarning: No contour levels were found within the data range.
  result = matplotlib.axes.Axes.contour(self, *args, **kwargs)
2022-09-15 12:21:10,413 INFO Welcome to the CDS
2022-09-15 12:21:10,414 INFO Sending request to https://cds.climate.copernicus.eu/api/v2/resources/reanalysis-era5-single-levels
2022-09-15 12:21:10,547 INFO Request is queued
2022-09-15 12:21:11,680 INFO Request is running
2022-09-15 12:21:15,695 INFO Request is completed
/home/mundi/Summer2022/myfuncs.py:73: RuntimeWarning: More than 20 figures have been opened. Figures created through the pyplot interface (`matplotlib.pyplot.figure`) are retained until explicitly closed and may consume too much memory. (To control this warning, see the rcParam `figure.max_open_warning`).
  fig=plt.figure(figsize=[15,15])
/home/mundi/miniconda3/envs/cyc_loc/lib/python3.8/site-packages/cartopy/mpl/geoaxes.py:1478: UserWarning: No contour levels were found within the data range.
  result = matplotlib.axes.Axes.contour(self, *args, **kwargs)
2022-09-15 12:21:55,337 INFO Welcome to the CDS
2022-09-15 12:21:55,337 INFO Sending request to https://cds.climate.copernicus.eu/api/v2/resources/reanalysis-era5-single-levels
2022-09-15 12:21:55,498 INFO Request is queued
2022-09-15 12:21:56,629 INFO Request is running
2022-09-15 12:22:00,644 INFO Request is completed
/home/mundi/Summer2022/myfuncs.py:73: RuntimeWarning: More than 20 figures have been opened. Figures created through the pyplot interface (`matplotlib.pyplot.figure`) are retained until explicitly closed and may consume too much memory. (To control this warning, see the rcParam `figure.max_open_warning`).
  fig=plt.figure(figsize=[15,15])
2022-09-15 12:22:08,585 INFO Welcome to the CDS
2022-09-15 12:22:08,585 INFO Sending request to https://cds.climate.copernicus.eu/api/v2/resources/reanalysis-era5-single-levels
2022-09-15 12:22:08,736 INFO Request is queued
2022-09-15 12:22:09,867 INFO Request is running
2022-09-15 12:22:11,498 INFO Request is completed
/home/mundi/Summer2022/myfuncs.py:73: RuntimeWarning: More than 20 figures have been opened. Figures created through the pyplot interface (`matplotlib.pyplot.figure`) are retained until explicitly closed and may consume too much memory. (To control this warning, see the rcParam `figure.max_open_warning`).
  fig=plt.figure(figsize=[15,15])
2022-09-15 12:22:16,786 INFO Welcome to the CDS
2022-09-15 12:22:16,786 INFO Sending request to https://cds.climate.copernicus.eu/api/v2/resources/reanalysis-era5-single-levels
2022-09-15 12:22:17,343 INFO Request is queued
2022-09-15 12:22:18,480 INFO Request is running
2022-09-15 12:22:22,506 INFO Request is completed
/home/mundi/Summer2022/myfuncs.py:73: RuntimeWarning: More than 20 figures have been opened. Figures created through the pyplot interface (`matplotlib.pyplot.figure`) are retained until explicitly closed and may consume too much memory. (To control this warning, see the rcParam `figure.max_open_warning`).
  fig=plt.figure(figsize=[15,15])
2022-09-15 12:22:26,020 INFO Welcome to the CDS
2022-09-15 12:22:26,020 INFO Sending request to https://cds.climate.copernicus.eu/api/v2/resources/reanalysis-era5-single-levels
2022-09-15 12:22:26,189 INFO Request is completed
/home/mundi/Summer2022/myfuncs.py:73: RuntimeWarning: More than 20 figures have been opened. Figures created through the pyplot interface (`matplotlib.pyplot.figure`) are retained until explicitly closed and may consume too much memory. (To control this warning, see the rcParam `figure.max_open_warning`).
  fig=plt.figure(figsize=[15,15])
2022-09-15 12:22:32,257 INFO Welcome to the CDS
2022-09-15 12:22:32,257 INFO Sending request to https://cds.climate.copernicus.eu/api/v2/resources/reanalysis-era5-single-levels
2022-09-15 12:22:32,415 INFO Request is completed
/home/mundi/Summer2022/myfuncs.py:73: RuntimeWarning: More than 20 figures have been opened. Figures created through the pyplot interface (`matplotlib.pyplot.figure`) are retained until explicitly closed and may consume too much memory. (To control this warning, see the rcParam `figure.max_open_warning`).
  fig=plt.figure(figsize=[15,15])
2022-09-15 12:22:35,654 INFO Welcome to the CDS
2022-09-15 12:22:35,655 INFO Sending request to https://cds.climate.copernicus.eu/api/v2/resources/reanalysis-era5-single-levels
2022-09-15 12:22:35,867 INFO Request is completed
/home/mundi/Summer2022/myfuncs.py:73: RuntimeWarning: More than 20 figures have been opened. Figures created through the pyplot interface (`matplotlib.pyplot.figure`) are retained until explicitly closed and may consume too much memory. (To control this warning, see the rcParam `figure.max_open_warning`).
  fig=plt.figure(figsize=[15,15])
2022-09-15 12:22:38,249 INFO Welcome to the CDS
2022-09-15 12:22:38,249 INFO Sending request to https://cds.climate.copernicus.eu/api/v2/resources/reanalysis-era5-single-levels
2022-09-15 12:22:38,436 INFO Request is queued
2022-09-15 12:22:39,573 INFO Request is running
2022-09-15 12:22:43,602 INFO Request is completed
/home/mundi/Summer2022/myfuncs.py:73: RuntimeWarning: More than 20 figures have been opened. Figures created through the pyplot interface (`matplotlib.pyplot.figure`) are retained until explicitly closed and may consume too much memory. (To control this warning, see the rcParam `figure.max_open_warning`).
  fig=plt.figure(figsize=[15,15])
2022-09-15 12:22:48,292 INFO Welcome to the CDS
2022-09-15 12:22:48,292 INFO Sending request to https://cds.climate.copernicus.eu/api/v2/resources/reanalysis-era5-single-levels
2022-09-15 12:22:48,473 INFO Request is queued
2022-09-15 12:22:49,610 INFO Request is running
2022-09-15 12:22:51,248 INFO Request is completed
/home/mundi/Summer2022/myfuncs.py:73: RuntimeWarning: More than 20 figures have been opened. Figures created through the pyplot interface (`matplotlib.pyplot.figure`) are retained until explicitly closed and may consume too much memory. (To control this warning, see the rcParam `figure.max_open_warning`).
  fig=plt.figure(figsize=[15,15])
2022-09-15 12:22:54,014 INFO Welcome to the CDS
2022-09-15 12:22:54,015 INFO Sending request to https://cds.climate.copernicus.eu/api/v2/resources/reanalysis-era5-single-levels
2022-09-15 12:22:54,155 INFO Request is queued
2022-09-15 12:22:55,292 INFO Request is running
2022-09-15 12:22:59,317 INFO Request is completed
/home/mundi/Summer2022/myfuncs.py:73: RuntimeWarning: More than 20 figures have been opened. Figures created through the pyplot interface (`matplotlib.pyplot.figure`) are retained until explicitly closed and may consume too much memory. (To control this warning, see the rcParam `figure.max_open_warning`).
  fig=plt.figure(figsize=[15,15])
/home/mundi/miniconda3/envs/cyc_loc/lib/python3.8/site-packages/cartopy/mpl/geoaxes.py:1478: UserWarning: No contour levels were found within the data range.
  result = matplotlib.axes.Axes.contour(self, *args, **kwargs)
2022-09-15 12:24:13,249 INFO Welcome to the CDS
2022-09-15 12:24:13,249 INFO Sending request to https://cds.climate.copernicus.eu/api/v2/resources/reanalysis-era5-single-levels
2022-09-15 12:24:13,384 INFO Request is queued
2022-09-15 12:24:14,515 INFO Request is running
2022-09-15 12:24:18,529 INFO Request is completed
/home/mundi/Summer2022/myfuncs.py:73: RuntimeWarning: More than 20 figures have been opened. Figures created through the pyplot interface (`matplotlib.pyplot.figure`) are retained until explicitly closed and may consume too much memory. (To control this warning, see the rcParam `figure.max_open_warning`).
  fig=plt.figure(figsize=[15,15])
/home/mundi/miniconda3/envs/cyc_loc/lib/python3.8/site-packages/cartopy/mpl/geoaxes.py:1478: UserWarning: No contour levels were found within the data range.
  result = matplotlib.axes.Axes.contour(self, *args, **kwargs)
2022-09-15 12:24:55,139 INFO Welcome to the CDS
2022-09-15 12:24:55,139 INFO Sending request to https://cds.climate.copernicus.eu/api/v2/resources/reanalysis-era5-single-levels
2022-09-15 12:24:55,274 INFO Request is queued
2022-09-15 12:24:56,406 INFO Request is running
2022-09-15 12:24:58,037 INFO Request is completed
/home/mundi/Summer2022/myfuncs.py:73: RuntimeWarning: More than 20 figures have been opened. Figures created through the pyplot interface (`matplotlib.pyplot.figure`) are retained until explicitly closed and may consume too much memory. (To control this warning, see the rcParam `figure.max_open_warning`).
  fig=plt.figure(figsize=[15,15])
/home/mundi/miniconda3/envs/cyc_loc/lib/python3.8/site-packages/cartopy/mpl/geoaxes.py:1478: UserWarning: No contour levels were found within the data range.
  result = matplotlib.axes.Axes.contour(self, *args, **kwargs)
2022-09-15 12:25:29,293 INFO Welcome to the CDS
2022-09-15 12:25:29,293 INFO Sending request to https://cds.climate.copernicus.eu/api/v2/resources/reanalysis-era5-single-levels
2022-09-15 12:25:29,438 INFO Request is queued
2022-09-15 12:25:30,570 INFO Request is running
2022-09-15 12:25:34,585 INFO Request is completed
/home/mundi/Summer2022/myfuncs.py:73: RuntimeWarning: More than 20 figures have been opened. Figures created through the pyplot interface (`matplotlib.pyplot.figure`) are retained until explicitly closed and may consume too much memory. (To control this warning, see the rcParam `figure.max_open_warning`).
  fig=plt.figure(figsize=[15,15])
/home/mundi/miniconda3/envs/cyc_loc/lib/python3.8/site-packages/cartopy/mpl/geoaxes.py:1478: UserWarning: No contour levels were found within the data range.
  result = matplotlib.axes.Axes.contour(self, *args, **kwargs)
2022-09-15 12:26:46,915 INFO Welcome to the CDS
2022-09-15 12:26:46,915 INFO Sending request to https://cds.climate.copernicus.eu/api/v2/resources/reanalysis-era5-single-levels
2022-09-15 12:26:47,055 INFO Request is queued
2022-09-15 12:26:48,192 INFO Request is running
2022-09-15 12:26:52,217 INFO Request is completed
/home/mundi/Summer2022/myfuncs.py:73: RuntimeWarning: More than 20 figures have been opened. Figures created through the pyplot interface (`matplotlib.pyplot.figure`) are retained until explicitly closed and may consume too much memory. (To control this warning, see the rcParam `figure.max_open_warning`).
  fig=plt.figure(figsize=[15,15])
2022-09-15 12:26:55,351 INFO Welcome to the CDS
2022-09-15 12:26:55,351 INFO Sending request to https://cds.climate.copernicus.eu/api/v2/resources/reanalysis-era5-single-levels
2022-09-15 12:26:55,491 INFO Request is queued
2022-09-15 12:26:56,627 INFO Request is running
2022-09-15 12:27:00,653 INFO Request is completed
/home/mundi/Summer2022/myfuncs.py:73: RuntimeWarning: More than 20 figures have been opened. Figures created through the pyplot interface (`matplotlib.pyplot.figure`) are retained until explicitly closed and may consume too much memory. (To control this warning, see the rcParam `figure.max_open_warning`).
  fig=plt.figure(figsize=[15,15])
2022-09-15 12:27:04,014 INFO Welcome to the CDS
2022-09-15 12:27:04,014 INFO Sending request to https://cds.climate.copernicus.eu/api/v2/resources/reanalysis-era5-single-levels
2022-09-15 12:27:04,155 INFO Request is queued
2022-09-15 12:27:05,295 INFO Request is running
2022-09-15 12:27:06,933 INFO Request is completed
/home/mundi/Summer2022/myfuncs.py:73: RuntimeWarning: More than 20 figures have been opened. Figures created through the pyplot interface (`matplotlib.pyplot.figure`) are retained until explicitly closed and may consume too much memory. (To control this warning, see the rcParam `figure.max_open_warning`).
  fig=plt.figure(figsize=[15,15])
2022-09-15 12:27:09,912 INFO Welcome to the CDS
2022-09-15 12:27:09,913 INFO Sending request to https://cds.climate.copernicus.eu/api/v2/resources/reanalysis-era5-single-levels
2022-09-15 12:27:10,055 INFO Request is queued
2022-09-15 12:27:11,192 INFO Request is running
2022-09-15 12:27:12,831 INFO Request is completed
/home/mundi/Summer2022/myfuncs.py:73: RuntimeWarning: More than 20 figures have been opened. Figures created through the pyplot interface (`matplotlib.pyplot.figure`) are retained until explicitly closed and may consume too much memory. (To control this warning, see the rcParam `figure.max_open_warning`).
  fig=plt.figure(figsize=[15,15])
/home/mundi/miniconda3/envs/cyc_loc/lib/python3.8/site-packages/cartopy/mpl/geoaxes.py:1478: UserWarning: No contour levels were found within the data range.
  result = matplotlib.axes.Axes.contour(self, *args, **kwargs)
2022-09-15 12:27:26,678 INFO Welcome to the CDS
2022-09-15 12:27:26,678 INFO Sending request to https://cds.climate.copernicus.eu/api/v2/resources/reanalysis-era5-single-levels
2022-09-15 12:27:26,818 INFO Request is queued
2022-09-15 12:27:27,956 INFO Request is running
2022-09-15 12:27:31,983 INFO Request is completed
/home/mundi/Summer2022/myfuncs.py:73: RuntimeWarning: More than 20 figures have been opened. Figures created through the pyplot interface (`matplotlib.pyplot.figure`) are retained until explicitly closed and may consume too much memory. (To control this warning, see the rcParam `figure.max_open_warning`).
  fig=plt.figure(figsize=[15,15])
2022-09-15 12:27:34,371 INFO Welcome to the CDS
2022-09-15 12:27:34,371 INFO Sending request to https://cds.climate.copernicus.eu/api/v2/resources/reanalysis-era5-single-levels
2022-09-15 12:27:34,512 INFO Request is queued
2022-09-15 12:27:35,650 INFO Request is running
2022-09-15 12:27:39,683 INFO Request is completed
/home/mundi/Summer2022/myfuncs.py:73: RuntimeWarning: More than 20 figures have been opened. Figures created through the pyplot interface (`matplotlib.pyplot.figure`) are retained until explicitly closed and may consume too much memory. (To control this warning, see the rcParam `figure.max_open_warning`).
  fig=plt.figure(figsize=[15,15])
2022-09-15 12:27:42,283 INFO Welcome to the CDS
2022-09-15 12:27:42,283 INFO Sending request to https://cds.climate.copernicus.eu/api/v2/resources/reanalysis-era5-single-levels
2022-09-15 12:27:42,447 INFO Request is queued
2022-09-15 12:27:43,585 INFO Request is running
2022-09-15 12:27:47,613 INFO Request is completed
/home/mundi/Summer2022/myfuncs.py:73: RuntimeWarning: More than 20 figures have been opened. Figures created through the pyplot interface (`matplotlib.pyplot.figure`) are retained until explicitly closed and may consume too much memory. (To control this warning, see the rcParam `figure.max_open_warning`).
  fig=plt.figure(figsize=[15,15])
2022-09-15 12:27:50,491 INFO Welcome to the CDS
2022-09-15 12:27:50,491 INFO Sending request to https://cds.climate.copernicus.eu/api/v2/resources/reanalysis-era5-single-levels
2022-09-15 12:27:50,721 INFO Request is queued
2022-09-15 12:27:51,860 INFO Request is running
2022-09-15 12:27:53,498 INFO Request is completed
/home/mundi/Summer2022/myfuncs.py:73: RuntimeWarning: More than 20 figures have been opened. Figures created through the pyplot interface (`matplotlib.pyplot.figure`) are retained until explicitly closed and may consume too much memory. (To control this warning, see the rcParam `figure.max_open_warning`).
  fig=plt.figure(figsize=[15,15])
2022-09-15 12:27:59,980 INFO Welcome to the CDS
2022-09-15 12:27:59,981 INFO Sending request to https://cds.climate.copernicus.eu/api/v2/resources/reanalysis-era5-single-levels
2022-09-15 12:28:00,140 INFO Request is queued
2022-09-15 12:28:01,281 INFO Request is running
2022-09-15 12:28:05,310 INFO Request is completed
/home/mundi/Summer2022/myfuncs.py:73: RuntimeWarning: More than 20 figures have been opened. Figures created through the pyplot interface (`matplotlib.pyplot.figure`) are retained until explicitly closed and may consume too much memory. (To control this warning, see the rcParam `figure.max_open_warning`).
  fig=plt.figure(figsize=[15,15])
2022-09-15 12:28:13,253 INFO Welcome to the CDS
2022-09-15 12:28:13,253 INFO Sending request to https://cds.climate.copernicus.eu/api/v2/resources/reanalysis-era5-single-levels
2022-09-15 12:28:13,394 INFO Request is queued
2022-09-15 12:28:14,531 INFO Request is running
2022-09-15 12:28:16,169 INFO Request is completed
/home/mundi/Summer2022/myfuncs.py:73: RuntimeWarning: More than 20 figures have been opened. Figures created through the pyplot interface (`matplotlib.pyplot.figure`) are retained until explicitly closed and may consume too much memory. (To control this warning, see the rcParam `figure.max_open_warning`).
  fig=plt.figure(figsize=[15,15])
/home/mundi/miniconda3/envs/cyc_loc/lib/python3.8/site-packages/cartopy/mpl/geoaxes.py:1478: UserWarning: No contour levels were found within the data range.
  result = matplotlib.axes.Axes.contour(self, *args, **kwargs)
2022-09-15 12:28:36,949 INFO Welcome to the CDS
2022-09-15 12:28:36,949 INFO Sending request to https://cds.climate.copernicus.eu/api/v2/resources/reanalysis-era5-single-levels
2022-09-15 12:28:37,106 INFO Request is completed
/home/mundi/Summer2022/myfuncs.py:73: RuntimeWarning: More than 20 figures have been opened. Figures created through the pyplot interface (`matplotlib.pyplot.figure`) are retained until explicitly closed and may consume too much memory. (To control this warning, see the rcParam `figure.max_open_warning`).
  fig=plt.figure(figsize=[15,15])
2022-09-15 12:28:40,488 INFO Welcome to the CDS
2022-09-15 12:28:40,488 INFO Sending request to https://cds.climate.copernicus.eu/api/v2/resources/reanalysis-era5-single-levels
2022-09-15 12:28:40,645 INFO Request is completed
/home/mundi/Summer2022/myfuncs.py:73: RuntimeWarning: More than 20 figures have been opened. Figures created through the pyplot interface (`matplotlib.pyplot.figure`) are retained until explicitly closed and may consume too much memory. (To control this warning, see the rcParam `figure.max_open_warning`).
  fig=plt.figure(figsize=[15,15])

 
 
Storm 1/23

1984 6 9
---------

1984 6 10
---------
coords_1984_0609_990
coords_1984_0610_1000
coords_1984_0610_990
*exported*
Storm 2/23

1984 6 9
---------

1984 6 10
---------

1984 6 11
---------
coords_1984_0609_990
coords_1984_0609_1000
coords_1984_0610_990
coords_1984_0610_1000
coords_1984_0611_990
coords_1984_0611_1000
*exported*
Storm 3/23

1984 6 13
---------

1984 6 14
---------

1984 6 15
---------

1984 6 16
---------
coords_1984_0613_990
coords_1984_0613_1000
coords_1984_0614_990
coords_1984_0614_1000
coords_1984_0615_990
coords_1984_0615_1000
coords_1984_0616_990
coords_1984_0616_1000
*exported*
Storm 4/23

1984 7 6
---------

1984 7 7
---------

1984 7 8
---------
coords_1984_0706_990
coords_1984_0707_1000
coords_1984_0707_990
coords_1984_0708_1000
coords_1984_0708_990
*exported*
Storm 5/23

1984 7 16
---------
1000: ['7'], ['16']

1984 7 17
---------

1984 7 18
---------

1984 7 19
---------

1984 7 20
---------
coords_1984_0717_990
coords_1984_0717_1000
coords_1984_0718_990
coords_1984_0718_1000
coords_1984_0719_990
coords_1984_0719_1000
coords_1984_0720_990
coords_1984_0720_1000
*exported*
Storm 6/23

1984 7 30
---------

1984 7 31
---------

1984 8 1
---------

1984 8 2
---------
coords_1984_0730_990
coords_1984_0731_1000
coords_1984_0731_990
coords_1984_0731_1000
coords_1984_0801_990
coords_1984_0801_1000
coords_1984_0802_990
coords_1984_0802_1000
*exported*
Storm 7/23

1984 8 10
---------

1984 8 11
---------

1984 8 12
---------
coords_1984_0811_990
coords_1984_0811_1000
coords_1984_0812_990
coords_1984_0812_1000
*exported*
Storm 8/23

1984 8 15
---------

1984 8 16
---------

1984 8 17
---------

1984 8 18
---------
coords_1984_0815_990
coords_1984_0816_1000
coords_1984_0816_990
coords_1984_0817_1000
coords_1984_0818_990
*exported*
Storm 9/23

1984 8 15
---------

1984 8 16
---------
coords_1984_0815_990
coords_1984_0816_1000
coords_1984_0816_990
*exported*
Storm 10/23

1984 8 18
---------

1984 8 19
---------
coords_1984_0818_990
coords_1984_0819_1000
coords_1984_0819_990
*exported*
Storm 11/23

1984 8 24
---------

1984 8 25
---------

1984 8 26
---------
coords_1984_0824_990
coords_1984_0824_1000
coords_1984_0825_990
coords_1984_0825_1000
coords_1984_0826_990
coords_1984_0826_1000
*exported*
Storm 12/23

1984 8 24
---------

1984 8 25
---------

1984 8 26
---------
coords_1984_0824_990
coords_1984_0825_1000
coords_1984_0825_990
coords_1984_0826_1000
coords_1984_0826_990
*exported*
Storm 13/23

1984 9 6
---------

1984 9 7
---------

1984 9 8
---------
coords_1984_0906_990
coords_1984_0906_1000
coords_1984_0907_990
coords_1984_0907_1000
coords_1984_0908_990
*exported*
Storm 14/23

1984 9 8
---------

1984 9 9
---------
1000: ['9'], ['9']

1984 9 10
---------
coords_1984_0908_990
coords_1984_0910_1000
coords_1984_0910_990
*exported*
Storm 15/23

1984 9 9
---------
1000: ['9'], ['9']

1984 9 10
---------
1000: ['9'], ['10']

1984 9 11
---------
coords_1984_0911_990
coords_1984_0911_1000
*exported*
Storm 16/23

1984 9 17
---------

1984 9 18
---------

1984 9 19
---------

1984 9 20
---------

1984 9 21
---------
coords_1984_0917_990
coords_1984_0918_1000
coords_1984_0919_990
coords_1984_0920_1000
coords_1984_0920_990
coords_1984_0921_1000
coords_1984_0921_990
*exported*
Storm 17/23

1984 9 26
---------

1984 9 27
---------

1984 9 28
---------

1984 9 29
---------
coords_1984_0926_990
coords_1984_0927_1000
coords_1984_0927_990
coords_1984_0928_1000
coords_1984_0928_990
coords_1984_0929_1000
coords_1984_0929_990
*exported*
Storm 18/23

1984 10 7
---------

1984 10 8
---------
coords_1984_1007_990
coords_1984_1007_1000
coords_1984_1008_990
coords_1984_1008_1000
*exported*
Storm 19/23

1984 10 7
---------

1984 10 8
---------

1984 10 9
---------
1000: ['10'], ['9']

1984 10 10
---------
1000: ['10'], ['10']

1984 10 11
---------

1984 10 12
---------

1984 10 13
---------
coords_1984_1007_990
coords_1984_1007_1000
coords_1984_1008_990
coords_1984_1008_1000
coords_1984_1011_990
coords_1984_1012_1000
coords_1984_1012_990
coords_1984_1013_1000
coords_1984_1013_990
*exported*
Storm 20/23

1984 10 9
---------

1984 10 10
---------

1984 10 11
---------
coords_1984_1009_990
coords_1984_1010_1000
coords_1984_1010_990
coords_1984_1011_1000
coords_1984_1011_990
coords_1984_1011_1000
*exported*
Storm 21/23

1984 10 16
---------

1984 10 17
---------

1984 10 18
---------
1000: ['10'], ['18']

1984 10 19
---------
1000: ['10'], ['19']

1984 10 20
---------
1000: ['10'], ['20']

1984 10 21
---------
1000: ['10'], ['21']

1984 10 22
---------

1984 10 23
---------

1984 10 24
---------

1984 10 25
---------
1000: ['10'], ['25']

1984 10 26
---------
coords_1984_1016_990
coords_1984_1017_1000
coords_1984_1017_990
coords_1984_1022_1000
coords_1984_1022_990
coords_1984_1023_1000
coords_1984_1024_990
coords_1984_1024_1000
coords_1984_1026_990
coords_1984_1026_1000
*exported*
Storm 22/23

1984 10 27
---------

1984 10 28
---------

1984 10 29
---------

1984 10 30
---------

1984 10 31
---------
1000: ['10'], ['31']
coords_1984_1027_990
coords_1984_1027_1000
coords_1984_1028_990
coords_1984_1028_1000
coords_1984_1029_990
coords_1984_1030_1000
coords_1984_1030_990
*exported*
Storm 23/23

1984 10 29
---------

1984 10 30
---------
coords_1984_1029_990
coords_1984_1029_1000
coords_1984_1030_990
coords_1984_1030_1000
*exported*

FINISHED STORM DATA COLLECTION

 
 
------------------
       done!      
------------------
------------------
elapsed time: 
34.003306146462755

