 
 
Storm 1/27

1987 6 1
---------

1987 6 2
---------

1987 6 3
---------

1987 6 4
---------

1987 6 5
---------
coords_1987_0601_990
coords_1987_0602_1000
coords_1987_0602_990
coords_1987_0603_1000
coords_1987_0603_990
coords_1987_0604_1000
coords_1987_0604_990
coords_1987_0605_1000
coords_1987_0605_990
coords_1987_0605_1000
*exported*
Storm 2/27

1987 6 7
---------

1987 6 8
---------

1987 6 9
---------
coords_1987_0607_990
coords_1987_0608_1000
coords_1987_0608_990
coords_1987_0609_1000
coords_1987_0609_990
*exported*
Storm 3/27

1987 6 11
---------

1987 6 12
---------

1987 6 13
---------

1987 6 14
---------
coords_1987_0611_990
coords_1987_0611_1000
coords_1987_0612_990
coords_1987_0612_1000
coords_1987_0613_990
coords_1987_0613_1000
coords_1987_0614_990
*exported*
Storm 4/27

1987 7 12
---------

1987 7 13
---------

1987 7 14
---------
coords_1987_0712_990
coords_1987_0713_1000
coords_1987_0713_990
coords_1987_0714_1000
coords_1987_0714_990
*exported*
Storm 5/27

1987 7 24
---------

1987 7 25
---------

1987 7 26
---------

1987 7 27
---------

1987 7 28
---------

1987 7 29
---------
coords_1987_0724_990
coords_1987_0725_1000
coords_1987_0725_990
coords_1987_0726_1000
coords_1987_0727_990
coords_1987_0727_1000
coords_1987_0728_990
coords_1987_0728_1000
coords_1987_0729_990
coords_1987_0729_1000
*exported*
Storm 6/27

1987 8 31
---------

1987 9 1
---------

1987 9 2
---------
coords_1987_0831_990
coords_1987_0831_1000
coords_1987_0901_990
coords_1987_0901_1000
coords_1987_0902_990
*exported*
Storm 7/27

1987 9 2
---------

1987 9 3
---------

1987 9 4
---------

1987 9 5
---------

1987 9 6
---------
coords_1987_0902_990
coords_1987_0903_1000
coords_1987_0903_990
coords_1987_0904_1000
coords_1987_0904_990
coords_1987_0905_1000
coords_1987_0905_990
coords_1987_0906_1000
coords_1987_0906_990
*exported*
Storm 8/27

1987 9 8
---------

1987 9 9
---------

1987 9 10
---------
coords_1987_0908_990
coords_1987_0908_1000
coords_1987_0909_990
coords_1987_0909_1000
coords_1987_0910_990
*exported*
Storm 9/27

1987 9 19
---------

1987 9 20
---------

1987 9 21
---------

1987 9 22
---------

1987 9 23
---------

1987 9 24
---------
1000: ['9'], ['24']

1987 9 25
---------

1987 9 26
---------
coords_1987_0919_990
coords_1987_0920_1000
coords_1987_0920_990
coords_1987_0921_1000
coords_1987_0921_990
coords_1987_0922_1000
coords_1987_0922_990
coords_1987_0923_1000
coords_1987_0923_990
coords_1987_0925_1000
coords_1987_0925_990
coords_1987_0926_1000
coords_1987_0926_990
*exported*
Storm 10/27

1987 9 22
---------

1987 9 23
---------

1987 9 24
---------

1987 9 25
---------

1987 9 26
---------

1987 9 27
---------

1987 9 28
---------
coords_1987_0922_990
coords_1987_0922_1000
coords_1987_0923_990
coords_1987_0923_1000
coords_1987_0924_990
coords_1987_0924_1000
coords_1987_0925_990
coords_1987_0925_1000
coords_1987_0926_990
coords_1987_0926_1000
coords_1987_0927_990
coords_1987_0927_1000
coords_1987_0928_990
coords_1987_0928_1000
*exported*
Storm 11/27

1987 9 27
---------

1987 9 28
---------

1987 9 29
---------
coords_1987_0927_990
coords_1987_0928_1000
coords_1987_0928_990
coords_1987_0929_1000
*exported*
Storm 12/27

1987 9 28
---------

1987 9 29
---------
1000: ['9'], ['29']

1987 9 30
---------
1000: ['9'], ['30']
coords_1987_0928_990
coords_1987_0928_1000
*exported*
Storm 13/27

1987 9 28
---------

1987 9 29
---------
coords_1987_0928_990
coords_1987_0928_1000
coords_1987_0928_990
*exported*
Storm 14/27

1987 9 28
---------

1987 9 29
---------

1987 9 30
---------

1987 10 1
---------

1987 10 2
---------
1000: ['10'], ['2']

1987 10 3
---------
1000: ['10'], ['3']
coords_1987_0928_990
coords_1987_0928_1000
coords_1987_0929_990
coords_1987_0930_1000
coords_1987_0930_990
coords_1987_1001_1000
*exported*
Storm 15/27

1987 9 30
---------

1987 10 1
---------

1987 10 2
---------
coords_1987_0930_990
coords_1987_0930_1000
coords_1987_1001_990
coords_1987_1001_1000
coords_1987_1002_990
coords_1987_1002_1000
*exported*
Storm 16/27

1987 9 30
---------

1987 10 1
---------

1987 10 2
---------

1987 10 3
---------

1987 10 4
---------
coords_1987_0930_990
coords_1987_0930_1000
coords_1987_0930_990
coords_1987_0930_1000
coords_1987_0930_990
coords_1987_0930_1000
coords_1987_0930_990
coords_1987_1001_1000
coords_1987_1001_990
coords_1987_1002_1000
coords_1987_1002_990
coords_1987_1004_1000
coords_1987_1004_990
*exported*
Storm 17/27

1987 9 30
---------

1987 10 1
---------

1987 10 2
---------

1987 10 3
---------
coords_1987_0930_990
coords_1987_0930_1000
coords_1987_1001_990
coords_1987_1002_1000
coords_1987_1003_990
coords_1987_1003_1000
coords_1987_1003_990
*exported*
Storm 18/27

1987 9 30
---------

1987 10 1
---------

1987 10 2
---------
coords_1987_0930_990
coords_1987_1001_1000
coords_1987_1002_990
coords_1987_1002_1000
*exported*
Storm 19/27

1987 10 5
---------
1000: ['10'], ['5']

1987 10 6
---------
1000: ['10'], ['6']

1987 10 7
---------

1987 10 8
---------
1000: ['10'], ['8']

1987 10 9
---------

1987 10 10
---------

1987 10 11
---------

1987 10 12
---------

1987 10 13
---------
1000: ['10'], ['13']

1987 10 14
---------

1987 10 15
---------
1000: ['10'], ['15']

1987 10 16
---------
1000: ['10'], ['16']

1987 10 17
---------

1987 10 18
---------

1987 10 19
---------
coords_1987_1007_990
coords_1987_1007_1000
coords_1987_1009_990
coords_1987_1009_1000
coords_1987_1010_990
coords_1987_1011_1000
coords_1987_1012_990
coords_1987_1012_1000
coords_1987_1014_990
coords_1987_1014_1000
coords_1987_1017_990
coords_1987_1017_1000
coords_1987_1018_990
coords_1987_1019_1000
coords_1987_1019_990
*exported*
Storm 20/27

1987 10 9
---------

1987 10 10
---------

1987 10 11
---------

1987 10 12
---------

1987 10 13
---------
coords_1987_1009_990
coords_1987_1009_1000
coords_1987_1010_990
coords_1987_1010_1000
coords_1987_1011_990
coords_1987_1012_1000
coords_1987_1013_990
*exported*
Storm 21/27

1987 10 11
---------

1987 10 12
---------

1987 10 13
---------

1987 10 14
---------

1987 10 15
---------

1987 10 16
---------

1987 10 17
---------
coords_1987_1011_990
coords_1987_1011_1000
coords_1987_1012_990
coords_1987_1013_1000
coords_1987_1014_990
coords_1987_1014_1000
coords_1987_1015_990
coords_1987_1015_1000
coords_1987_1015_990
coords_1987_1016_1000
coords_1987_1016_990
coords_1987_1016_1000
coords_1987_1017_990
coords_1987_1017_1000
coords_1987_1017_990
*exported*
Storm 22/27

1987 10 13
---------

1987 10 14
---------

1987 10 15
---------

1987 10 16
---------

1987 10 17
---------
coords_1987_1013_990
coords_1987_1013_1000
coords_1987_1014_990
coords_1987_1014_1000
coords_1987_1015_990
coords_1987_1015_1000
coords_1987_1015_990
coords_1987_1016_1000
coords_1987_1016_990
coords_1987_1016_1000
coords_1987_1017_990
coords_1987_1017_1000
coords_1987_1017_990
*exported*
Storm 23/27

1987 10 17
---------

1987 10 18
---------

1987 10 19
---------
coords_1987_1017_990
coords_1987_1017_1000
coords_1987_1018_990
coords_1987_1018_1000
coords_1987_1019_990
*exported*
Storm 24/27

1987 10 20
---------

1987 10 21
---------

1987 10 22
---------

1987 10 23
---------
coords_1987_1020_990
coords_1987_1021_1000
coords_1987_1021_990
coords_1987_1022_1000
coords_1987_1022_990
coords_1987_1023_1000
coords_1987_1023_990
*exported*
Storm 25/27

1987 10 21
---------

1987 10 22
---------

1987 10 23
---------

1987 10 24
---------

1987 10 25
---------

1987 10 26
---------
coords_1987_1021_990
coords_1987_1021_1000
coords_1987_1022_990
coords_1987_1022_1000
coords_1987_1023_990
coords_1987_1023_1000
coords_1987_1024_990
coords_1987_1025_1000
coords_1987_1026_990
coords_1987_1026_1000
*exported*
Storm 26/27

1987 10 22
---------

1987 10 23
---------

1987 10 24
---------

1987 10 25
---------

1987 10 26
---------

1987 10 27
---------

1987 10 28
---------
coords_1987_1022_990
coords_1987_1023_1000
coords_1987_1023_990
coords_1987_1024_1000
coords_1987_1025_990
coords_1987_1025_1000
coords_1987_1026_990
coords_1987_1026_1000
coords_1987_1026_990
coords_1987_1027_1000
coords_1987_1027_990
coords_1987_1028_1000
coords_1987_1028_990
*exported*
Storm 27/27

1987 10 25
---------

1987 10 26
---------

1987 10 27
---------

1987 10 28
---------

1987 10 29
---------
coords_1987_1025_990
coords_1987_1026_1000
coords_1987_1026_990
coords_1987_1027_1000
coords_1987_1027_990
coords_1987_1028_1000
coords_1987_1029_990
*exported*

FINISHED STORM DATA COLLECTION

 
 
------------------
       done!      
------------------
------------------
elapsed time: 
45.35351278384527
2022-09-15 11:06:49,469 INFO Welcome to the CDS
2022-09-15 11:06:49,469 INFO Sending request to https://cds.climate.copernicus.eu/api/v2/resources/reanalysis-era5-single-levels
2022-09-15 11:06:49,605 INFO Request is queued
2022-09-15 11:06:54,759 INFO Request is running
2022-09-15 11:08:05,751 INFO Request is completed
2022-09-15 11:08:38,770 INFO Welcome to the CDS
2022-09-15 11:08:38,770 INFO Sending request to https://cds.climate.copernicus.eu/api/v2/resources/reanalysis-era5-single-levels
2022-09-15 11:08:38,919 INFO Request is queued
2022-09-15 11:08:40,051 INFO Request is running
2022-09-15 11:09:29,268 INFO Request is completed
2022-09-15 11:10:07,667 INFO Welcome to the CDS
2022-09-15 11:10:07,667 INFO Sending request to https://cds.climate.copernicus.eu/api/v2/resources/reanalysis-era5-single-levels
2022-09-15 11:10:07,812 INFO Request is queued
2022-09-15 11:10:12,957 INFO Request is running
2022-09-15 11:11:23,943 INFO Request is completed
2022-09-15 11:11:44,128 INFO Welcome to the CDS
2022-09-15 11:11:44,128 INFO Sending request to https://cds.climate.copernicus.eu/api/v2/resources/reanalysis-era5-single-levels
2022-09-15 11:11:44,279 INFO Request is queued
2022-09-15 11:11:45,411 INFO Request is running
2022-09-15 11:12:34,635 INFO Request is completed
2022-09-15 11:14:39,574 INFO Welcome to the CDS
2022-09-15 11:14:39,574 INFO Sending request to https://cds.climate.copernicus.eu/api/v2/resources/reanalysis-era5-single-levels
2022-09-15 11:14:39,709 INFO Request is queued
2022-09-15 11:14:40,841 INFO Request is running
2022-09-15 11:15:55,837 INFO Request is completed
/home/mundi/miniconda3/envs/cyc_loc/lib/python3.8/site-packages/xarray/conventions.py:492: SerializationWarning: variable 'melt_onset_day_seaice_conc_cdr' has multiple fill values {-1, 65535}, decoding all values to NaN.
  new_vars[k] = decode_cf_variable(
2022-09-15 11:25:34,246 INFO Welcome to the CDS
2022-09-15 11:25:34,246 INFO Sending request to https://cds.climate.copernicus.eu/api/v2/resources/reanalysis-era5-single-levels
2022-09-15 11:25:34,407 INFO Request is queued
2022-09-15 11:25:35,544 INFO Request is running
2022-09-15 11:25:39,570 INFO Request is completed
2022-09-15 11:25:41,750 INFO Welcome to the CDS
2022-09-15 11:25:41,751 INFO Sending request to https://cds.climate.copernicus.eu/api/v2/resources/reanalysis-era5-single-levels
2022-09-15 11:25:41,909 INFO Request is queued
2022-09-15 11:25:43,046 INFO Request is running
2022-09-15 11:25:47,072 INFO Request is completed
2022-09-15 11:25:49,432 INFO Welcome to the CDS
2022-09-15 11:25:49,432 INFO Sending request to https://cds.climate.copernicus.eu/api/v2/resources/reanalysis-era5-single-levels
2022-09-15 11:25:49,572 INFO Request is queued
2022-09-15 11:25:50,709 INFO Request is running
2022-09-15 11:25:52,347 INFO Request is completed
2022-09-15 11:25:54,470 INFO Welcome to the CDS
2022-09-15 11:25:54,470 INFO Sending request to https://cds.climate.copernicus.eu/api/v2/resources/reanalysis-era5-single-levels
2022-09-15 11:25:54,627 INFO Request is queued
2022-09-15 11:25:55,764 INFO Request is running
2022-09-15 11:25:59,790 INFO Request is completed
2022-09-15 11:26:01,952 INFO Welcome to the CDS
2022-09-15 11:26:01,952 INFO Sending request to https://cds.climate.copernicus.eu/api/v2/resources/reanalysis-era5-single-levels
2022-09-15 11:26:02,212 INFO Request is queued
2022-09-15 11:26:03,350 INFO Request is running
2022-09-15 11:26:07,375 INFO Request is completed
2022-09-15 11:26:09,577 INFO Welcome to the CDS
2022-09-15 11:26:09,577 INFO Sending request to https://cds.climate.copernicus.eu/api/v2/resources/reanalysis-era5-single-levels
2022-09-15 11:26:09,718 INFO Request is queued
2022-09-15 11:26:10,855 INFO Request is running
2022-09-15 11:26:12,493 INFO Request is completed
2022-09-15 11:26:14,601 INFO Welcome to the CDS
2022-09-15 11:26:14,601 INFO Sending request to https://cds.climate.copernicus.eu/api/v2/resources/reanalysis-era5-single-levels
2022-09-15 11:26:14,741 INFO Request is queued
2022-09-15 11:26:15,878 INFO Request is running
2022-09-15 11:26:17,516 INFO Request is completed
2022-09-15 11:26:19,753 INFO Welcome to the CDS
2022-09-15 11:26:19,753 INFO Sending request to https://cds.climate.copernicus.eu/api/v2/resources/reanalysis-era5-single-levels
2022-09-15 11:26:19,893 INFO Request is queued
2022-09-15 11:26:21,031 INFO Request is running
2022-09-15 11:26:25,057 INFO Request is completed
2022-09-15 11:26:27,283 INFO Welcome to the CDS
2022-09-15 11:26:27,283 INFO Sending request to https://cds.climate.copernicus.eu/api/v2/resources/reanalysis-era5-single-levels
2022-09-15 11:26:27,424 INFO Request is queued
2022-09-15 11:26:28,562 INFO Request is running
2022-09-15 11:26:32,589 INFO Request is completed
2022-09-15 11:26:34,757 INFO Welcome to the CDS
2022-09-15 11:26:34,757 INFO Sending request to https://cds.climate.copernicus.eu/api/v2/resources/reanalysis-era5-single-levels
2022-09-15 11:26:34,905 INFO Request is queued
2022-09-15 11:26:36,041 INFO Request is running
2022-09-15 11:26:40,067 INFO Request is completed
2022-09-15 11:26:42,160 INFO Welcome to the CDS
2022-09-15 11:26:42,160 INFO Sending request to https://cds.climate.copernicus.eu/api/v2/resources/reanalysis-era5-single-levels
2022-09-15 11:26:42,317 INFO Request is queued
2022-09-15 11:26:43,455 INFO Request is running
2022-09-15 11:26:45,094 INFO Request is completed
2022-09-15 11:26:47,634 INFO Welcome to the CDS
2022-09-15 11:26:47,634 INFO Sending request to https://cds.climate.copernicus.eu/api/v2/resources/reanalysis-era5-single-levels
2022-09-15 11:26:47,777 INFO Request is queued
2022-09-15 11:26:48,916 INFO Request is running
2022-09-15 11:26:52,943 INFO Request is completed
2022-09-15 11:26:55,106 INFO Welcome to the CDS
2022-09-15 11:26:55,106 INFO Sending request to https://cds.climate.copernicus.eu/api/v2/resources/reanalysis-era5-single-levels
2022-09-15 11:26:55,256 INFO Request is queued
2022-09-15 11:26:56,395 INFO Request is running
2022-09-15 11:27:00,422 INFO Request is completed
2022-09-15 11:27:02,479 INFO Welcome to the CDS
2022-09-15 11:27:02,480 INFO Sending request to https://cds.climate.copernicus.eu/api/v2/resources/reanalysis-era5-single-levels
2022-09-15 11:27:02,620 INFO Request is queued
2022-09-15 11:27:03,758 INFO Request is running
2022-09-15 11:27:07,785 INFO Request is completed
2022-09-15 11:27:10,043 INFO Welcome to the CDS
2022-09-15 11:27:10,043 INFO Sending request to https://cds.climate.copernicus.eu/api/v2/resources/reanalysis-era5-single-levels
2022-09-15 11:27:10,183 INFO Request is queued
2022-09-15 11:27:11,320 INFO Request is running
2022-09-15 11:27:15,347 INFO Request is completed
2022-09-15 11:27:17,490 INFO Welcome to the CDS
2022-09-15 11:27:17,490 INFO Sending request to https://cds.climate.copernicus.eu/api/v2/resources/reanalysis-era5-single-levels
2022-09-15 11:27:17,630 INFO Request is queued
2022-09-15 11:27:18,768 INFO Request is running
2022-09-15 11:27:22,795 INFO Request is completed
2022-09-15 11:27:24,745 INFO Welcome to the CDS
2022-09-15 11:27:24,745 INFO Sending request to https://cds.climate.copernicus.eu/api/v2/resources/reanalysis-era5-single-levels
2022-09-15 11:27:24,899 INFO Request is queued
2022-09-15 11:27:26,037 INFO Request is running
2022-09-15 11:27:30,064 INFO Request is completed
2022-09-15 11:27:32,016 INFO Welcome to the CDS
2022-09-15 11:27:32,016 INFO Sending request to https://cds.climate.copernicus.eu/api/v2/resources/reanalysis-era5-single-levels
2022-09-15 11:27:32,157 INFO Request is queued
2022-09-15 11:27:33,662 INFO Request is running
2022-09-15 11:27:35,287 INFO Request is completed
2022-09-15 11:27:38,086 INFO Welcome to the CDS
2022-09-15 11:27:38,086 INFO Sending request to https://cds.climate.copernicus.eu/api/v2/resources/reanalysis-era5-single-levels
2022-09-15 11:27:38,234 INFO Request is queued
2022-09-15 11:27:39,361 INFO Request is running
2022-09-15 11:27:40,987 INFO Request is completed
2022-09-15 11:27:43,262 INFO Welcome to the CDS
2022-09-15 11:27:43,262 INFO Sending request to https://cds.climate.copernicus.eu/api/v2/resources/reanalysis-era5-single-levels
2022-09-15 11:27:43,391 INFO Request is queued
2022-09-15 11:27:44,516 INFO Request is running
2022-09-15 11:27:48,519 INFO Request is completed
2022-09-15 11:27:50,524 INFO Welcome to the CDS
2022-09-15 11:27:50,524 INFO Sending request to https://cds.climate.copernicus.eu/api/v2/resources/reanalysis-era5-single-levels
2022-09-15 11:27:50,654 INFO Request is queued
2022-09-15 11:27:51,781 INFO Request is running
2022-09-15 11:27:53,408 INFO Request is completed
/home/mundi/Summer2022/myfuncs.py:73: RuntimeWarning: More than 20 figures have been opened. Figures created through the pyplot interface (`matplotlib.pyplot.figure`) are retained until explicitly closed and may consume too much memory. (To control this warning, see the rcParam `figure.max_open_warning`).
  fig=plt.figure(figsize=[15,15])
2022-09-15 11:27:55,433 INFO Welcome to the CDS
2022-09-15 11:27:55,433 INFO Sending request to https://cds.climate.copernicus.eu/api/v2/resources/reanalysis-era5-single-levels
2022-09-15 11:27:55,563 INFO Request is queued
2022-09-15 11:27:56,689 INFO Request is running
2022-09-15 11:28:00,693 INFO Request is completed
/home/mundi/Summer2022/myfuncs.py:73: RuntimeWarning: More than 20 figures have been opened. Figures created through the pyplot interface (`matplotlib.pyplot.figure`) are retained until explicitly closed and may consume too much memory. (To control this warning, see the rcParam `figure.max_open_warning`).
  fig=plt.figure(figsize=[15,15])
2022-09-15 11:28:03,270 INFO Welcome to the CDS
2022-09-15 11:28:03,270 INFO Sending request to https://cds.climate.copernicus.eu/api/v2/resources/reanalysis-era5-single-levels
2022-09-15 11:28:03,417 INFO Request is queued
2022-09-15 11:28:04,543 INFO Request is running
2022-09-15 11:28:08,545 INFO Request is completed
/home/mundi/Summer2022/myfuncs.py:73: RuntimeWarning: More than 20 figures have been opened. Figures created through the pyplot interface (`matplotlib.pyplot.figure`) are retained until explicitly closed and may consume too much memory. (To control this warning, see the rcParam `figure.max_open_warning`).
  fig=plt.figure(figsize=[15,15])
2022-09-15 11:28:11,155 INFO Welcome to the CDS
2022-09-15 11:28:11,155 INFO Sending request to https://cds.climate.copernicus.eu/api/v2/resources/reanalysis-era5-single-levels
2022-09-15 11:28:11,292 INFO Request is queued
2022-09-15 11:28:12,417 INFO Request is running
2022-09-15 11:28:16,421 INFO Request is completed
/home/mundi/Summer2022/myfuncs.py:73: RuntimeWarning: More than 20 figures have been opened. Figures created through the pyplot interface (`matplotlib.pyplot.figure`) are retained until explicitly closed and may consume too much memory. (To control this warning, see the rcParam `figure.max_open_warning`).
  fig=plt.figure(figsize=[15,15])
2022-09-15 11:28:19,382 INFO Welcome to the CDS
2022-09-15 11:28:19,382 INFO Sending request to https://cds.climate.copernicus.eu/api/v2/resources/reanalysis-era5-single-levels
2022-09-15 11:28:19,543 INFO Request is completed
/home/mundi/Summer2022/myfuncs.py:73: RuntimeWarning: More than 20 figures have been opened. Figures created through the pyplot interface (`matplotlib.pyplot.figure`) are retained until explicitly closed and may consume too much memory. (To control this warning, see the rcParam `figure.max_open_warning`).
  fig=plt.figure(figsize=[15,15])
2022-09-15 11:28:25,009 INFO Welcome to the CDS
2022-09-15 11:28:25,009 INFO Sending request to https://cds.climate.copernicus.eu/api/v2/resources/reanalysis-era5-single-levels
2022-09-15 11:28:25,138 INFO Request is queued
2022-09-15 11:28:26,263 INFO Request is running
2022-09-15 11:28:30,266 INFO Request is completed
/home/mundi/Summer2022/myfuncs.py:73: RuntimeWarning: More than 20 figures have been opened. Figures created through the pyplot interface (`matplotlib.pyplot.figure`) are retained until explicitly closed and may consume too much memory. (To control this warning, see the rcParam `figure.max_open_warning`).
  fig=plt.figure(figsize=[15,15])
2022-09-15 11:28:32,359 INFO Welcome to the CDS
2022-09-15 11:28:32,360 INFO Sending request to https://cds.climate.copernicus.eu/api/v2/resources/reanalysis-era5-single-levels
2022-09-15 11:28:32,488 INFO Request is queued
2022-09-15 11:28:33,614 INFO Request is running
2022-09-15 11:28:37,616 INFO Request is completed
/home/mundi/Summer2022/myfuncs.py:73: RuntimeWarning: More than 20 figures have been opened. Figures created through the pyplot interface (`matplotlib.pyplot.figure`) are retained until explicitly closed and may consume too much memory. (To control this warning, see the rcParam `figure.max_open_warning`).
  fig=plt.figure(figsize=[15,15])
2022-09-15 11:28:40,091 INFO Welcome to the CDS
2022-09-15 11:28:40,091 INFO Sending request to https://cds.climate.copernicus.eu/api/v2/resources/reanalysis-era5-single-levels
2022-09-15 11:28:40,220 INFO Request is queued
2022-09-15 11:28:41,347 INFO Request is running
2022-09-15 11:28:45,349 INFO Request is completed
/home/mundi/Summer2022/myfuncs.py:73: RuntimeWarning: More than 20 figures have been opened. Figures created through the pyplot interface (`matplotlib.pyplot.figure`) are retained until explicitly closed and may consume too much memory. (To control this warning, see the rcParam `figure.max_open_warning`).
  fig=plt.figure(figsize=[15,15])
2022-09-15 11:28:47,449 INFO Welcome to the CDS
2022-09-15 11:28:47,449 INFO Sending request to https://cds.climate.copernicus.eu/api/v2/resources/reanalysis-era5-single-levels
2022-09-15 11:28:47,599 INFO Request is queued
2022-09-15 11:28:48,725 INFO Request is running
2022-09-15 11:28:52,729 INFO Request is completed
/home/mundi/Summer2022/myfuncs.py:73: RuntimeWarning: More than 20 figures have been opened. Figures created through the pyplot interface (`matplotlib.pyplot.figure`) are retained until explicitly closed and may consume too much memory. (To control this warning, see the rcParam `figure.max_open_warning`).
  fig=plt.figure(figsize=[15,15])
2022-09-15 11:28:55,183 INFO Welcome to the CDS
2022-09-15 11:28:55,184 INFO Sending request to https://cds.climate.copernicus.eu/api/v2/resources/reanalysis-era5-single-levels
2022-09-15 11:28:55,312 INFO Request is queued
2022-09-15 11:28:56,439 INFO Request is running
2022-09-15 11:28:58,066 INFO Request is completed
/home/mundi/Summer2022/myfuncs.py:73: RuntimeWarning: More than 20 figures have been opened. Figures created through the pyplot interface (`matplotlib.pyplot.figure`) are retained until explicitly closed and may consume too much memory. (To control this warning, see the rcParam `figure.max_open_warning`).
  fig=plt.figure(figsize=[15,15])
2022-09-15 11:29:00,074 INFO Welcome to the CDS
2022-09-15 11:29:00,074 INFO Sending request to https://cds.climate.copernicus.eu/api/v2/resources/reanalysis-era5-single-levels
2022-09-15 11:29:00,216 INFO Request is queued
2022-09-15 11:29:01,342 INFO Request is running
2022-09-15 11:29:05,346 INFO Request is completed
/home/mundi/Summer2022/myfuncs.py:73: RuntimeWarning: More than 20 figures have been opened. Figures created through the pyplot interface (`matplotlib.pyplot.figure`) are retained until explicitly closed and may consume too much memory. (To control this warning, see the rcParam `figure.max_open_warning`).
  fig=plt.figure(figsize=[15,15])
2022-09-15 11:29:09,219 INFO Welcome to the CDS
2022-09-15 11:29:09,219 INFO Sending request to https://cds.climate.copernicus.eu/api/v2/resources/reanalysis-era5-single-levels
2022-09-15 11:29:09,347 INFO Request is queued
2022-09-15 11:29:10,474 INFO Request is running
2022-09-15 11:29:12,101 INFO Request is completed
/home/mundi/Summer2022/myfuncs.py:73: RuntimeWarning: More than 20 figures have been opened. Figures created through the pyplot interface (`matplotlib.pyplot.figure`) are retained until explicitly closed and may consume too much memory. (To control this warning, see the rcParam `figure.max_open_warning`).
  fig=plt.figure(figsize=[15,15])
2022-09-15 11:29:14,800 INFO Welcome to the CDS
2022-09-15 11:29:14,801 INFO Sending request to https://cds.climate.copernicus.eu/api/v2/resources/reanalysis-era5-single-levels
2022-09-15 11:29:14,958 INFO Request is queued
2022-09-15 11:29:16,084 INFO Request is running
2022-09-15 11:29:20,088 INFO Request is completed
/home/mundi/Summer2022/myfuncs.py:73: RuntimeWarning: More than 20 figures have been opened. Figures created through the pyplot interface (`matplotlib.pyplot.figure`) are retained until explicitly closed and may consume too much memory. (To control this warning, see the rcParam `figure.max_open_warning`).
  fig=plt.figure(figsize=[15,15])
2022-09-15 11:29:25,616 INFO Welcome to the CDS
2022-09-15 11:29:25,616 INFO Sending request to https://cds.climate.copernicus.eu/api/v2/resources/reanalysis-era5-single-levels
2022-09-15 11:29:25,859 INFO Request is queued
2022-09-15 11:29:26,985 INFO Request is running
2022-09-15 11:29:30,988 INFO Request is completed
/home/mundi/Summer2022/myfuncs.py:73: RuntimeWarning: More than 20 figures have been opened. Figures created through the pyplot interface (`matplotlib.pyplot.figure`) are retained until explicitly closed and may consume too much memory. (To control this warning, see the rcParam `figure.max_open_warning`).
  fig=plt.figure(figsize=[15,15])
2022-09-15 11:29:32,907 INFO Welcome to the CDS
2022-09-15 11:29:32,907 INFO Sending request to https://cds.climate.copernicus.eu/api/v2/resources/reanalysis-era5-single-levels
2022-09-15 11:29:33,058 INFO Request is queued
2022-09-15 11:29:34,184 INFO Request is running
2022-09-15 11:29:38,191 INFO Request is completed
/home/mundi/Summer2022/myfuncs.py:73: RuntimeWarning: More than 20 figures have been opened. Figures created through the pyplot interface (`matplotlib.pyplot.figure`) are retained until explicitly closed and may consume too much memory. (To control this warning, see the rcParam `figure.max_open_warning`).
  fig=plt.figure(figsize=[15,15])
2022-09-15 11:29:40,752 INFO Welcome to the CDS
2022-09-15 11:29:40,752 INFO Sending request to https://cds.climate.copernicus.eu/api/v2/resources/reanalysis-era5-single-levels
2022-09-15 11:29:40,900 INFO Request is queued
2022-09-15 11:29:42,427 INFO Request is running
2022-09-15 11:29:46,443 INFO Request is completed
/home/mundi/Summer2022/myfuncs.py:73: RuntimeWarning: More than 20 figures have been opened. Figures created through the pyplot interface (`matplotlib.pyplot.figure`) are retained until explicitly closed and may consume too much memory. (To control this warning, see the rcParam `figure.max_open_warning`).
  fig=plt.figure(figsize=[15,15])
2022-09-15 11:29:49,148 INFO Welcome to the CDS
2022-09-15 11:29:49,148 INFO Sending request to https://cds.climate.copernicus.eu/api/v2/resources/reanalysis-era5-single-levels
2022-09-15 11:29:49,331 INFO Request is queued
2022-09-15 11:29:50,462 INFO Request is running
2022-09-15 11:29:54,476 INFO Request is completed
/home/mundi/Summer2022/myfuncs.py:73: RuntimeWarning: More than 20 figures have been opened. Figures created through the pyplot interface (`matplotlib.pyplot.figure`) are retained until explicitly closed and may consume too much memory. (To control this warning, see the rcParam `figure.max_open_warning`).
  fig=plt.figure(figsize=[15,15])
2022-09-15 11:29:59,487 INFO Welcome to the CDS
2022-09-15 11:29:59,487 INFO Sending request to https://cds.climate.copernicus.eu/api/v2/resources/reanalysis-era5-single-levels
2022-09-15 11:29:59,622 INFO Request is queued
2022-09-15 11:30:00,753 INFO Request is running
2022-09-15 11:30:04,766 INFO Request is completed
/home/mundi/Summer2022/myfuncs.py:73: RuntimeWarning: More than 20 figures have been opened. Figures created through the pyplot interface (`matplotlib.pyplot.figure`) are retained until explicitly closed and may consume too much memory. (To control this warning, see the rcParam `figure.max_open_warning`).
  fig=plt.figure(figsize=[15,15])
/home/mundi/miniconda3/envs/cyc_loc/lib/python3.8/site-packages/cartopy/mpl/geoaxes.py:1478: UserWarning: No contour levels were found within the data range.
  result = matplotlib.axes.Axes.contour(self, *args, **kwargs)
2022-09-15 11:30:37,187 INFO Welcome to the CDS
2022-09-15 11:30:37,187 INFO Sending request to https://cds.climate.copernicus.eu/api/v2/resources/reanalysis-era5-single-levels
2022-09-15 11:30:37,322 INFO Request is queued
2022-09-15 11:30:38,454 INFO Request is running
2022-09-15 11:30:42,469 INFO Request is completed
/home/mundi/Summer2022/myfuncs.py:73: RuntimeWarning: More than 20 figures have been opened. Figures created through the pyplot interface (`matplotlib.pyplot.figure`) are retained until explicitly closed and may consume too much memory. (To control this warning, see the rcParam `figure.max_open_warning`).
  fig=plt.figure(figsize=[15,15])
2022-09-15 11:30:45,745 INFO Welcome to the CDS
2022-09-15 11:30:45,745 INFO Sending request to https://cds.climate.copernicus.eu/api/v2/resources/reanalysis-era5-single-levels
2022-09-15 11:30:45,879 INFO Request is queued
2022-09-15 11:30:47,011 INFO Request is running
2022-09-15 11:30:51,024 INFO Request is completed
/home/mundi/Summer2022/myfuncs.py:73: RuntimeWarning: More than 20 figures have been opened. Figures created through the pyplot interface (`matplotlib.pyplot.figure`) are retained until explicitly closed and may consume too much memory. (To control this warning, see the rcParam `figure.max_open_warning`).
  fig=plt.figure(figsize=[15,15])
2022-09-15 11:30:54,167 INFO Welcome to the CDS
2022-09-15 11:30:54,167 INFO Sending request to https://cds.climate.copernicus.eu/api/v2/resources/reanalysis-era5-single-levels
2022-09-15 11:30:54,348 INFO Request is completed
/home/mundi/Summer2022/myfuncs.py:73: RuntimeWarning: More than 20 figures have been opened. Figures created through the pyplot interface (`matplotlib.pyplot.figure`) are retained until explicitly closed and may consume too much memory. (To control this warning, see the rcParam `figure.max_open_warning`).
  fig=plt.figure(figsize=[15,15])
2022-09-15 11:30:56,801 INFO Welcome to the CDS
2022-09-15 11:30:56,801 INFO Sending request to https://cds.climate.copernicus.eu/api/v2/resources/reanalysis-era5-single-levels
2022-09-15 11:30:56,960 INFO Request is completed
/home/mundi/Summer2022/myfuncs.py:73: RuntimeWarning: More than 20 figures have been opened. Figures created through the pyplot interface (`matplotlib.pyplot.figure`) are retained until explicitly closed and may consume too much memory. (To control this warning, see the rcParam `figure.max_open_warning`).
  fig=plt.figure(figsize=[15,15])
2022-09-15 11:31:02,103 INFO Welcome to the CDS
2022-09-15 11:31:02,104 INFO Sending request to https://cds.climate.copernicus.eu/api/v2/resources/reanalysis-era5-single-levels
2022-09-15 11:31:02,253 INFO Request is completed
/home/mundi/Summer2022/myfuncs.py:73: RuntimeWarning: More than 20 figures have been opened. Figures created through the pyplot interface (`matplotlib.pyplot.figure`) are retained until explicitly closed and may consume too much memory. (To control this warning, see the rcParam `figure.max_open_warning`).
  fig=plt.figure(figsize=[15,15])
2022-09-15 11:31:04,293 INFO Welcome to the CDS
2022-09-15 11:31:04,293 INFO Sending request to https://cds.climate.copernicus.eu/api/v2/resources/reanalysis-era5-single-levels
2022-09-15 11:31:04,459 INFO Request is completed
/home/mundi/Summer2022/myfuncs.py:73: RuntimeWarning: More than 20 figures have been opened. Figures created through the pyplot interface (`matplotlib.pyplot.figure`) are retained until explicitly closed and may consume too much memory. (To control this warning, see the rcParam `figure.max_open_warning`).
  fig=plt.figure(figsize=[15,15])
2022-09-15 11:31:06,959 INFO Welcome to the CDS
2022-09-15 11:31:06,959 INFO Sending request to https://cds.climate.copernicus.eu/api/v2/resources/reanalysis-era5-single-levels
2022-09-15 11:31:07,123 INFO Request is completed
/home/mundi/Summer2022/myfuncs.py:73: RuntimeWarning: More than 20 figures have been opened. Figures created through the pyplot interface (`matplotlib.pyplot.figure`) are retained until explicitly closed and may consume too much memory. (To control this warning, see the rcParam `figure.max_open_warning`).
  fig=plt.figure(figsize=[15,15])
2022-09-15 11:31:09,705 INFO Welcome to the CDS
2022-09-15 11:31:09,705 INFO Sending request to https://cds.climate.copernicus.eu/api/v2/resources/reanalysis-era5-single-levels
2022-09-15 11:31:09,858 INFO Request is queued
2022-09-15 11:31:10,989 INFO Request is running
2022-09-15 11:31:15,004 INFO Request is completed
/home/mundi/Summer2022/myfuncs.py:73: RuntimeWarning: More than 20 figures have been opened. Figures created through the pyplot interface (`matplotlib.pyplot.figure`) are retained until explicitly closed and may consume too much memory. (To control this warning, see the rcParam `figure.max_open_warning`).
  fig=plt.figure(figsize=[15,15])
2022-09-15 11:31:17,586 INFO Welcome to the CDS
2022-09-15 11:31:17,586 INFO Sending request to https://cds.climate.copernicus.eu/api/v2/resources/reanalysis-era5-single-levels
2022-09-15 11:31:17,737 INFO Request is queued
2022-09-15 11:31:18,868 INFO Request is running
2022-09-15 11:31:22,883 INFO Request is completed
/home/mundi/Summer2022/myfuncs.py:73: RuntimeWarning: More than 20 figures have been opened. Figures created through the pyplot interface (`matplotlib.pyplot.figure`) are retained until explicitly closed and may consume too much memory. (To control this warning, see the rcParam `figure.max_open_warning`).
  fig=plt.figure(figsize=[15,15])
2022-09-15 11:31:25,121 INFO Welcome to the CDS
2022-09-15 11:31:25,121 INFO Sending request to https://cds.climate.copernicus.eu/api/v2/resources/reanalysis-era5-single-levels
2022-09-15 11:31:25,317 INFO Request is completed
/home/mundi/Summer2022/myfuncs.py:73: RuntimeWarning: More than 20 figures have been opened. Figures created through the pyplot interface (`matplotlib.pyplot.figure`) are retained until explicitly closed and may consume too much memory. (To control this warning, see the rcParam `figure.max_open_warning`).
  fig=plt.figure(figsize=[15,15])
2022-09-15 11:31:33,597 INFO Welcome to the CDS
2022-09-15 11:31:33,598 INFO Sending request to https://cds.climate.copernicus.eu/api/v2/resources/reanalysis-era5-single-levels
2022-09-15 11:31:33,776 INFO Request is completed
/home/mundi/Summer2022/myfuncs.py:73: RuntimeWarning: More than 20 figures have been opened. Figures created through the pyplot interface (`matplotlib.pyplot.figure`) are retained until explicitly closed and may consume too much memory. (To control this warning, see the rcParam `figure.max_open_warning`).
  fig=plt.figure(figsize=[15,15])
2022-09-15 11:31:38,212 INFO Welcome to the CDS
2022-09-15 11:31:38,212 INFO Sending request to https://cds.climate.copernicus.eu/api/v2/resources/reanalysis-era5-single-levels
2022-09-15 11:31:38,358 INFO Request is queued
2022-09-15 11:31:39,489 INFO Request is running
2022-09-15 11:31:41,121 INFO Request is completed
/home/mundi/Summer2022/myfuncs.py:73: RuntimeWarning: More than 20 figures have been opened. Figures created through the pyplot interface (`matplotlib.pyplot.figure`) are retained until explicitly closed and may consume too much memory. (To control this warning, see the rcParam `figure.max_open_warning`).
  fig=plt.figure(figsize=[15,15])
2022-09-15 11:31:46,710 INFO Welcome to the CDS
2022-09-15 11:31:46,710 INFO Sending request to https://cds.climate.copernicus.eu/api/v2/resources/reanalysis-era5-single-levels
2022-09-15 11:31:46,864 INFO Request is completed
/home/mundi/Summer2022/myfuncs.py:73: RuntimeWarning: More than 20 figures have been opened. Figures created through the pyplot interface (`matplotlib.pyplot.figure`) are retained until explicitly closed and may consume too much memory. (To control this warning, see the rcParam `figure.max_open_warning`).
  fig=plt.figure(figsize=[15,15])
2022-09-15 11:31:49,184 INFO Welcome to the CDS
2022-09-15 11:31:49,184 INFO Sending request to https://cds.climate.copernicus.eu/api/v2/resources/reanalysis-era5-single-levels
2022-09-15 11:31:49,377 INFO Request is completed
/home/mundi/Summer2022/myfuncs.py:73: RuntimeWarning: More than 20 figures have been opened. Figures created through the pyplot interface (`matplotlib.pyplot.figure`) are retained until explicitly closed and may consume too much memory. (To control this warning, see the rcParam `figure.max_open_warning`).
  fig=plt.figure(figsize=[15,15])
/home/mundi/miniconda3/envs/cyc_loc/lib/python3.8/site-packages/cartopy/mpl/geoaxes.py:1478: UserWarning: No contour levels were found within the data range.
  result = matplotlib.axes.Axes.contour(self, *args, **kwargs)
2022-09-15 11:33:13,011 INFO Welcome to the CDS
2022-09-15 11:33:13,012 INFO Sending request to https://cds.climate.copernicus.eu/api/v2/resources/reanalysis-era5-single-levels
2022-09-15 11:33:13,140 INFO Request is queued
2022-09-15 11:33:14,265 INFO Request is running
2022-09-15 11:33:18,267 INFO Request is completed
/home/mundi/Summer2022/myfuncs.py:73: RuntimeWarning: More than 20 figures have been opened. Figures created through the pyplot interface (`matplotlib.pyplot.figure`) are retained until explicitly closed and may consume too much memory. (To control this warning, see the rcParam `figure.max_open_warning`).
  fig=plt.figure(figsize=[15,15])
/home/mundi/miniconda3/envs/cyc_loc/lib/python3.8/site-packages/cartopy/mpl/geoaxes.py:1478: UserWarning: No contour levels were found within the data range.
  result = matplotlib.axes.Axes.contour(self, *args, **kwargs)
2022-09-15 11:34:41,453 INFO Welcome to the CDS
2022-09-15 11:34:41,453 INFO Sending request to https://cds.climate.copernicus.eu/api/v2/resources/reanalysis-era5-single-levels
2022-09-15 11:34:41,617 INFO Request is completed
/home/mundi/Summer2022/myfuncs.py:73: RuntimeWarning: More than 20 figures have been opened. Figures created through the pyplot interface (`matplotlib.pyplot.figure`) are retained until explicitly closed and may consume too much memory. (To control this warning, see the rcParam `figure.max_open_warning`).
  fig=plt.figure(figsize=[15,15])
2022-09-15 11:34:47,150 INFO Welcome to the CDS
2022-09-15 11:34:47,150 INFO Sending request to https://cds.climate.copernicus.eu/api/v2/resources/reanalysis-era5-single-levels
2022-09-15 11:34:47,352 INFO Request is completed
/home/mundi/Summer2022/myfuncs.py:73: RuntimeWarning: More than 20 figures have been opened. Figures created through the pyplot interface (`matplotlib.pyplot.figure`) are retained until explicitly closed and may consume too much memory. (To control this warning, see the rcParam `figure.max_open_warning`).
  fig=plt.figure(figsize=[15,15])
2022-09-15 11:35:00,899 INFO Welcome to the CDS
2022-09-15 11:35:00,899 INFO Sending request to https://cds.climate.copernicus.eu/api/v2/resources/reanalysis-era5-single-levels
2022-09-15 11:35:01,080 INFO Request is completed
/home/mundi/Summer2022/myfuncs.py:73: RuntimeWarning: More than 20 figures have been opened. Figures created through the pyplot interface (`matplotlib.pyplot.figure`) are retained until explicitly closed and may consume too much memory. (To control this warning, see the rcParam `figure.max_open_warning`).
  fig=plt.figure(figsize=[15,15])
2022-09-15 11:35:06,410 INFO Welcome to the CDS
2022-09-15 11:35:06,410 INFO Sending request to https://cds.climate.copernicus.eu/api/v2/resources/reanalysis-era5-single-levels
2022-09-15 11:35:06,558 INFO Request is completed
/home/mundi/Summer2022/myfuncs.py:73: RuntimeWarning: More than 20 figures have been opened. Figures created through the pyplot interface (`matplotlib.pyplot.figure`) are retained until explicitly closed and may consume too much memory. (To control this warning, see the rcParam `figure.max_open_warning`).
  fig=plt.figure(figsize=[15,15])
2022-09-15 11:35:12,038 INFO Welcome to the CDS
2022-09-15 11:35:12,038 INFO Sending request to https://cds.climate.copernicus.eu/api/v2/resources/reanalysis-era5-single-levels
2022-09-15 11:35:12,200 INFO Request is completed
/home/mundi/Summer2022/myfuncs.py:73: RuntimeWarning: More than 20 figures have been opened. Figures created through the pyplot interface (`matplotlib.pyplot.figure`) are retained until explicitly closed and may consume too much memory. (To control this warning, see the rcParam `figure.max_open_warning`).
  fig=plt.figure(figsize=[15,15])
2022-09-15 11:35:20,898 INFO Welcome to the CDS
2022-09-15 11:35:20,899 INFO Sending request to https://cds.climate.copernicus.eu/api/v2/resources/reanalysis-era5-single-levels
2022-09-15 11:35:21,032 INFO Request is queued
2022-09-15 11:35:22,163 INFO Request is running
2022-09-15 11:35:26,177 INFO Request is completed
/home/mundi/Summer2022/myfuncs.py:73: RuntimeWarning: More than 20 figures have been opened. Figures created through the pyplot interface (`matplotlib.pyplot.figure`) are retained until explicitly closed and may consume too much memory. (To control this warning, see the rcParam `figure.max_open_warning`).
  fig=plt.figure(figsize=[15,15])
2022-09-15 11:35:55,158 INFO Welcome to the CDS
2022-09-15 11:35:55,158 INFO Sending request to https://cds.climate.copernicus.eu/api/v2/resources/reanalysis-era5-single-levels
2022-09-15 11:35:55,293 INFO Request is queued
2022-09-15 11:35:56,425 INFO Request is running
2022-09-15 11:36:00,439 INFO Request is completed
/home/mundi/Summer2022/myfuncs.py:73: RuntimeWarning: More than 20 figures have been opened. Figures created through the pyplot interface (`matplotlib.pyplot.figure`) are retained until explicitly closed and may consume too much memory. (To control this warning, see the rcParam `figure.max_open_warning`).
  fig=plt.figure(figsize=[15,15])
/home/mundi/miniconda3/envs/cyc_loc/lib/python3.8/site-packages/cartopy/mpl/geoaxes.py:1478: UserWarning: No contour levels were found within the data range.
  result = matplotlib.axes.Axes.contour(self, *args, **kwargs)
2022-09-15 11:37:03,231 INFO Welcome to the CDS
2022-09-15 11:37:03,231 INFO Sending request to https://cds.climate.copernicus.eu/api/v2/resources/reanalysis-era5-single-levels
2022-09-15 11:37:03,364 INFO Request is queued
2022-09-15 11:37:04,495 INFO Request is running
2022-09-15 11:37:08,509 INFO Request is completed
/home/mundi/Summer2022/myfuncs.py:73: RuntimeWarning: More than 20 figures have been opened. Figures created through the pyplot interface (`matplotlib.pyplot.figure`) are retained until explicitly closed and may consume too much memory. (To control this warning, see the rcParam `figure.max_open_warning`).
  fig=plt.figure(figsize=[15,15])
/home/mundi/miniconda3/envs/cyc_loc/lib/python3.8/site-packages/cartopy/mpl/geoaxes.py:1478: UserWarning: No contour levels were found within the data range.
  result = matplotlib.axes.Axes.contour(self, *args, **kwargs)
2022-09-15 11:38:07,612 INFO Welcome to the CDS
2022-09-15 11:38:07,612 INFO Sending request to https://cds.climate.copernicus.eu/api/v2/resources/reanalysis-era5-single-levels
2022-09-15 11:38:07,786 INFO Request is completed
/home/mundi/Summer2022/myfuncs.py:73: RuntimeWarning: More than 20 figures have been opened. Figures created through the pyplot interface (`matplotlib.pyplot.figure`) are retained until explicitly closed and may consume too much memory. (To control this warning, see the rcParam `figure.max_open_warning`).
  fig=plt.figure(figsize=[15,15])
2022-09-15 11:38:12,542 INFO Welcome to the CDS
2022-09-15 11:38:12,543 INFO Sending request to https://cds.climate.copernicus.eu/api/v2/resources/reanalysis-era5-single-levels
2022-09-15 11:38:12,727 INFO Request is completed
/home/mundi/Summer2022/myfuncs.py:73: RuntimeWarning: More than 20 figures have been opened. Figures created through the pyplot interface (`matplotlib.pyplot.figure`) are retained until explicitly closed and may consume too much memory. (To control this warning, see the rcParam `figure.max_open_warning`).
  fig=plt.figure(figsize=[15,15])
2022-09-15 11:38:15,611 INFO Welcome to the CDS
2022-09-15 11:38:15,612 INFO Sending request to https://cds.climate.copernicus.eu/api/v2/resources/reanalysis-era5-single-levels
2022-09-15 11:38:15,803 INFO Request is completed
/home/mundi/Summer2022/myfuncs.py:73: RuntimeWarning: More than 20 figures have been opened. Figures created through the pyplot interface (`matplotlib.pyplot.figure`) are retained until explicitly closed and may consume too much memory. (To control this warning, see the rcParam `figure.max_open_warning`).
  fig=plt.figure(figsize=[15,15])
2022-09-15 11:38:21,295 INFO Welcome to the CDS
2022-09-15 11:38:21,295 INFO Sending request to https://cds.climate.copernicus.eu/api/v2/resources/reanalysis-era5-single-levels
2022-09-15 11:38:21,443 INFO Request is completed
/home/mundi/Summer2022/myfuncs.py:73: RuntimeWarning: More than 20 figures have been opened. Figures created through the pyplot interface (`matplotlib.pyplot.figure`) are retained until explicitly closed and may consume too much memory. (To control this warning, see the rcParam `figure.max_open_warning`).
  fig=plt.figure(figsize=[15,15])
2022-09-15 11:38:38,321 INFO Welcome to the CDS
2022-09-15 11:38:38,321 INFO Sending request to https://cds.climate.copernicus.eu/api/v2/resources/reanalysis-era5-single-levels
2022-09-15 11:38:38,469 INFO Request is completed
/home/mundi/Summer2022/myfuncs.py:73: RuntimeWarning: More than 20 figures have been opened. Figures created through the pyplot interface (`matplotlib.pyplot.figure`) are retained until explicitly closed and may consume too much memory. (To control this warning, see the rcParam `figure.max_open_warning`).
  fig=plt.figure(figsize=[15,15])
2022-09-15 11:38:49,406 INFO Welcome to the CDS
2022-09-15 11:38:49,406 INFO Sending request to https://cds.climate.copernicus.eu/api/v2/resources/reanalysis-era5-single-levels
2022-09-15 11:38:49,558 INFO Request is completed
/home/mundi/Summer2022/myfuncs.py:73: RuntimeWarning: More than 20 figures have been opened. Figures created through the pyplot interface (`matplotlib.pyplot.figure`) are retained until explicitly closed and may consume too much memory. (To control this warning, see the rcParam `figure.max_open_warning`).
  fig=plt.figure(figsize=[15,15])
2022-09-15 11:38:59,656 INFO Welcome to the CDS
2022-09-15 11:38:59,657 INFO Sending request to https://cds.climate.copernicus.eu/api/v2/resources/reanalysis-era5-single-levels
2022-09-15 11:38:59,806 INFO Request is completed
/home/mundi/Summer2022/myfuncs.py:73: RuntimeWarning: More than 20 figures have been opened. Figures created through the pyplot interface (`matplotlib.pyplot.figure`) are retained until explicitly closed and may consume too much memory. (To control this warning, see the rcParam `figure.max_open_warning`).
  fig=plt.figure(figsize=[15,15])
2022-09-15 11:39:16,653 INFO Welcome to the CDS
2022-09-15 11:39:16,653 INFO Sending request to https://cds.climate.copernicus.eu/api/v2/resources/reanalysis-era5-single-levels
2022-09-15 11:39:16,787 INFO Request is queued
2022-09-15 11:39:17,919 INFO Request is running
2022-09-15 11:39:21,934 INFO Request is completed
/home/mundi/Summer2022/myfuncs.py:73: RuntimeWarning: More than 20 figures have been opened. Figures created through the pyplot interface (`matplotlib.pyplot.figure`) are retained until explicitly closed and may consume too much memory. (To control this warning, see the rcParam `figure.max_open_warning`).
  fig=plt.figure(figsize=[15,15])
2022-09-15 11:39:28,966 INFO Welcome to the CDS
2022-09-15 11:39:28,966 INFO Sending request to https://cds.climate.copernicus.eu/api/v2/resources/reanalysis-era5-single-levels
2022-09-15 11:39:29,134 INFO Request is completed
/home/mundi/Summer2022/myfuncs.py:73: RuntimeWarning: More than 20 figures have been opened. Figures created through the pyplot interface (`matplotlib.pyplot.figure`) are retained until explicitly closed and may consume too much memory. (To control this warning, see the rcParam `figure.max_open_warning`).
  fig=plt.figure(figsize=[15,15])
2022-09-15 11:39:47,333 INFO Welcome to the CDS
2022-09-15 11:39:47,333 INFO Sending request to https://cds.climate.copernicus.eu/api/v2/resources/reanalysis-era5-single-levels
2022-09-15 11:39:47,480 INFO Request is completed
/home/mundi/Summer2022/myfuncs.py:73: RuntimeWarning: More than 20 figures have been opened. Figures created through the pyplot interface (`matplotlib.pyplot.figure`) are retained until explicitly closed and may consume too much memory. (To control this warning, see the rcParam `figure.max_open_warning`).
  fig=plt.figure(figsize=[15,15])
2022-09-15 11:40:03,633 INFO Welcome to the CDS
2022-09-15 11:40:03,633 INFO Sending request to https://cds.climate.copernicus.eu/api/v2/resources/reanalysis-era5-single-levels
2022-09-15 11:40:03,792 INFO Request is completed
/home/mundi/Summer2022/myfuncs.py:73: RuntimeWarning: More than 20 figures have been opened. Figures created through the pyplot interface (`matplotlib.pyplot.figure`) are retained until explicitly closed and may consume too much memory. (To control this warning, see the rcParam `figure.max_open_warning`).
  fig=plt.figure(figsize=[15,15])
2022-09-15 11:40:16,165 INFO Welcome to the CDS
2022-09-15 11:40:16,166 INFO Sending request to https://cds.climate.copernicus.eu/api/v2/resources/reanalysis-era5-single-levels
2022-09-15 11:40:16,314 INFO Request is completed
/home/mundi/Summer2022/myfuncs.py:73: RuntimeWarning: More than 20 figures have been opened. Figures created through the pyplot interface (`matplotlib.pyplot.figure`) are retained until explicitly closed and may consume too much memory. (To control this warning, see the rcParam `figure.max_open_warning`).
  fig=plt.figure(figsize=[15,15])
2022-09-15 11:40:19,944 INFO Welcome to the CDS
2022-09-15 11:40:19,944 INFO Sending request to https://cds.climate.copernicus.eu/api/v2/resources/reanalysis-era5-single-levels
2022-09-15 11:40:20,092 INFO Request is completed
/home/mundi/Summer2022/myfuncs.py:73: RuntimeWarning: More than 20 figures have been opened. Figures created through the pyplot interface (`matplotlib.pyplot.figure`) are retained until explicitly closed and may consume too much memory. (To control this warning, see the rcParam `figure.max_open_warning`).
  fig=plt.figure(figsize=[15,15])
2022-09-15 11:40:38,432 INFO Welcome to the CDS
2022-09-15 11:40:38,432 INFO Sending request to https://cds.climate.copernicus.eu/api/v2/resources/reanalysis-era5-single-levels
2022-09-15 11:40:38,594 INFO Request is completed
/home/mundi/Summer2022/myfuncs.py:73: RuntimeWarning: More than 20 figures have been opened. Figures created through the pyplot interface (`matplotlib.pyplot.figure`) are retained until explicitly closed and may consume too much memory. (To control this warning, see the rcParam `figure.max_open_warning`).
  fig=plt.figure(figsize=[15,15])
2022-09-15 11:40:53,620 INFO Welcome to the CDS
2022-09-15 11:40:53,621 INFO Sending request to https://cds.climate.copernicus.eu/api/v2/resources/reanalysis-era5-single-levels
2022-09-15 11:40:53,783 INFO Request is completed
/home/mundi/Summer2022/myfuncs.py:73: RuntimeWarning: More than 20 figures have been opened. Figures created through the pyplot interface (`matplotlib.pyplot.figure`) are retained until explicitly closed and may consume too much memory. (To control this warning, see the rcParam `figure.max_open_warning`).
  fig=plt.figure(figsize=[15,15])
2022-09-15 11:41:11,363 INFO Welcome to the CDS
2022-09-15 11:41:11,364 INFO Sending request to https://cds.climate.copernicus.eu/api/v2/resources/reanalysis-era5-single-levels
2022-09-15 11:41:11,497 INFO Request is queued
2022-09-15 11:41:12,628 INFO Request is running
2022-09-15 11:41:16,641 INFO Request is completed
/home/mundi/Summer2022/myfuncs.py:73: RuntimeWarning: More than 20 figures have been opened. Figures created through the pyplot interface (`matplotlib.pyplot.figure`) are retained until explicitly closed and may consume too much memory. (To control this warning, see the rcParam `figure.max_open_warning`).
  fig=plt.figure(figsize=[15,15])
/home/mundi/miniconda3/envs/cyc_loc/lib/python3.8/site-packages/cartopy/mpl/geoaxes.py:1478: UserWarning: No contour levels were found within the data range.
  result = matplotlib.axes.Axes.contour(self, *args, **kwargs)
2022-09-15 11:41:54,825 INFO Welcome to the CDS
2022-09-15 11:41:54,825 INFO Sending request to https://cds.climate.copernicus.eu/api/v2/resources/reanalysis-era5-single-levels
2022-09-15 11:41:54,960 INFO Request is queued
2022-09-15 11:41:56,093 INFO Request is running
2022-09-15 11:42:00,109 INFO Request is completed
/home/mundi/Summer2022/myfuncs.py:73: RuntimeWarning: More than 20 figures have been opened. Figures created through the pyplot interface (`matplotlib.pyplot.figure`) are retained until explicitly closed and may consume too much memory. (To control this warning, see the rcParam `figure.max_open_warning`).
  fig=plt.figure(figsize=[15,15])
/home/mundi/miniconda3/envs/cyc_loc/lib/python3.8/site-packages/cartopy/mpl/geoaxes.py:1478: UserWarning: No contour levels were found within the data range.
  result = matplotlib.axes.Axes.contour(self, *args, **kwargs)
2022-09-15 11:42:45,686 INFO Welcome to the CDS
2022-09-15 11:42:45,687 INFO Sending request to https://cds.climate.copernicus.eu/api/v2/resources/reanalysis-era5-single-levels
2022-09-15 11:42:45,822 INFO Request is queued
2022-09-15 11:42:46,954 INFO Request is running
2022-09-15 11:42:50,969 INFO Request is completed
/home/mundi/Summer2022/myfuncs.py:73: RuntimeWarning: More than 20 figures have been opened. Figures created through the pyplot interface (`matplotlib.pyplot.figure`) are retained until explicitly closed and may consume too much memory. (To control this warning, see the rcParam `figure.max_open_warning`).
  fig=plt.figure(figsize=[15,15])
2022-09-15 11:42:53,831 INFO Welcome to the CDS
2022-09-15 11:42:53,831 INFO Sending request to https://cds.climate.copernicus.eu/api/v2/resources/reanalysis-era5-single-levels
2022-09-15 11:42:54,388 INFO Request is queued
2022-09-15 11:42:55,527 INFO Request is running
2022-09-15 11:42:59,553 INFO Request is completed
/home/mundi/Summer2022/myfuncs.py:73: RuntimeWarning: More than 20 figures have been opened. Figures created through the pyplot interface (`matplotlib.pyplot.figure`) are retained until explicitly closed and may consume too much memory. (To control this warning, see the rcParam `figure.max_open_warning`).
  fig=plt.figure(figsize=[15,15])
/home/mundi/miniconda3/envs/cyc_loc/lib/python3.8/site-packages/cartopy/mpl/geoaxes.py:1478: UserWarning: No contour levels were found within the data range.
  result = matplotlib.axes.Axes.contour(self, *args, **kwargs)
2022-09-15 11:43:32,460 INFO Welcome to the CDS
2022-09-15 11:43:32,461 INFO Sending request to https://cds.climate.copernicus.eu/api/v2/resources/reanalysis-era5-single-levels
2022-09-15 11:43:32,601 INFO Request is queued
2022-09-15 11:43:33,737 INFO Request is running
2022-09-15 11:43:37,775 INFO Request is completed
/home/mundi/Summer2022/myfuncs.py:73: RuntimeWarning: More than 20 figures have been opened. Figures created through the pyplot interface (`matplotlib.pyplot.figure`) are retained until explicitly closed and may consume too much memory. (To control this warning, see the rcParam `figure.max_open_warning`).
  fig=plt.figure(figsize=[15,15])
2022-09-15 11:43:40,116 INFO Welcome to the CDS
2022-09-15 11:43:40,116 INFO Sending request to https://cds.climate.copernicus.eu/api/v2/resources/reanalysis-era5-single-levels
2022-09-15 11:43:40,281 INFO Request is queued
2022-09-15 11:43:41,418 INFO Request is running
2022-09-15 11:43:45,445 INFO Request is completed
/home/mundi/Summer2022/myfuncs.py:73: RuntimeWarning: More than 20 figures have been opened. Figures created through the pyplot interface (`matplotlib.pyplot.figure`) are retained until explicitly closed and may consume too much memory. (To control this warning, see the rcParam `figure.max_open_warning`).
  fig=plt.figure(figsize=[15,15])
2022-09-15 11:44:05,320 INFO Welcome to the CDS
2022-09-15 11:44:05,320 INFO Sending request to https://cds.climate.copernicus.eu/api/v2/resources/reanalysis-era5-single-levels
2022-09-15 11:44:05,461 INFO Request is queued
2022-09-15 11:44:06,599 INFO Request is running
2022-09-15 11:44:08,237 INFO Request is completed
/home/mundi/Summer2022/myfuncs.py:73: RuntimeWarning: More than 20 figures have been opened. Figures created through the pyplot interface (`matplotlib.pyplot.figure`) are retained until explicitly closed and may consume too much memory. (To control this warning, see the rcParam `figure.max_open_warning`).
  fig=plt.figure(figsize=[15,15])
2022-09-15 11:44:17,142 INFO Welcome to the CDS
2022-09-15 11:44:17,142 INFO Sending request to https://cds.climate.copernicus.eu/api/v2/resources/reanalysis-era5-single-levels
2022-09-15 11:44:17,291 INFO Request is queued
2022-09-15 11:44:18,435 INFO Request is running
2022-09-15 11:44:22,465 INFO Request is completed
/home/mundi/Summer2022/myfuncs.py:73: RuntimeWarning: More than 20 figures have been opened. Figures created through the pyplot interface (`matplotlib.pyplot.figure`) are retained until explicitly closed and may consume too much memory. (To control this warning, see the rcParam `figure.max_open_warning`).
  fig=plt.figure(figsize=[15,15])
2022-09-15 11:44:34,866 INFO Welcome to the CDS
2022-09-15 11:44:34,866 INFO Sending request to https://cds.climate.copernicus.eu/api/v2/resources/reanalysis-era5-single-levels
2022-09-15 11:44:35,008 INFO Request is queued
2022-09-15 11:44:36,144 INFO Request is running
2022-09-15 11:44:37,782 INFO Request is completed
/home/mundi/Summer2022/myfuncs.py:73: RuntimeWarning: More than 20 figures have been opened. Figures created through the pyplot interface (`matplotlib.pyplot.figure`) are retained until explicitly closed and may consume too much memory. (To control this warning, see the rcParam `figure.max_open_warning`).
  fig=plt.figure(figsize=[15,15])
/home/mundi/miniconda3/envs/cyc_loc/lib/python3.8/site-packages/cartopy/mpl/geoaxes.py:1478: UserWarning: No contour levels were found within the data range.
  result = matplotlib.axes.Axes.contour(self, *args, **kwargs)
2022-09-15 11:45:28,530 INFO Welcome to the CDS
2022-09-15 11:45:28,531 INFO Sending request to https://cds.climate.copernicus.eu/api/v2/resources/reanalysis-era5-single-levels
2022-09-15 11:45:28,687 INFO Request is queued
2022-09-15 11:45:29,825 INFO Request is running
2022-09-15 11:45:33,851 INFO Request is completed
/home/mundi/Summer2022/myfuncs.py:73: RuntimeWarning: More than 20 figures have been opened. Figures created through the pyplot interface (`matplotlib.pyplot.figure`) are retained until explicitly closed and may consume too much memory. (To control this warning, see the rcParam `figure.max_open_warning`).
  fig=plt.figure(figsize=[15,15])
2022-09-15 11:45:39,583 INFO Welcome to the CDS
2022-09-15 11:45:39,583 INFO Sending request to https://cds.climate.copernicus.eu/api/v2/resources/reanalysis-era5-single-levels
2022-09-15 11:45:39,740 INFO Request is queued
2022-09-15 11:45:40,877 INFO Request is running
2022-09-15 11:45:44,904 INFO Request is completed
/home/mundi/Summer2022/myfuncs.py:73: RuntimeWarning: More than 20 figures have been opened. Figures created through the pyplot interface (`matplotlib.pyplot.figure`) are retained until explicitly closed and may consume too much memory. (To control this warning, see the rcParam `figure.max_open_warning`).
  fig=plt.figure(figsize=[15,15])
/home/mundi/miniconda3/envs/cyc_loc/lib/python3.8/site-packages/cartopy/mpl/geoaxes.py:1478: UserWarning: No contour levels were found within the data range.
  result = matplotlib.axes.Axes.contour(self, *args, **kwargs)
2022-09-15 11:46:16,626 INFO Welcome to the CDS
2022-09-15 11:46:16,626 INFO Sending request to https://cds.climate.copernicus.eu/api/v2/resources/reanalysis-era5-single-levels
2022-09-15 11:46:16,767 INFO Request is queued
2022-09-15 11:46:17,905 INFO Request is running
2022-09-15 11:46:21,944 INFO Request is completed
/home/mundi/Summer2022/myfuncs.py:73: RuntimeWarning: More than 20 figures have been opened. Figures created through the pyplot interface (`matplotlib.pyplot.figure`) are retained until explicitly closed and may consume too much memory. (To control this warning, see the rcParam `figure.max_open_warning`).
  fig=plt.figure(figsize=[15,15])
/home/mundi/miniconda3/envs/cyc_loc/lib/python3.8/site-packages/cartopy/mpl/geoaxes.py:1478: UserWarning: No contour levels were found within the data range.
  result = matplotlib.axes.Axes.contour(self, *args, **kwargs)
2022-09-15 11:46:40,784 INFO Welcome to the CDS
2022-09-15 11:46:40,784 INFO Sending request to https://cds.climate.copernicus.eu/api/v2/resources/reanalysis-era5-single-levels
2022-09-15 11:46:40,926 INFO Request is queued
2022-09-15 11:46:42,064 INFO Request is running
2022-09-15 11:46:46,091 INFO Request is completed
/home/mundi/Summer2022/myfuncs.py:73: RuntimeWarning: More than 20 figures have been opened. Figures created through the pyplot interface (`matplotlib.pyplot.figure`) are retained until explicitly closed and may consume too much memory. (To control this warning, see the rcParam `figure.max_open_warning`).
  fig=plt.figure(figsize=[15,15])
2022-09-15 11:46:48,687 INFO Welcome to the CDS
2022-09-15 11:46:48,687 INFO Sending request to https://cds.climate.copernicus.eu/api/v2/resources/reanalysis-era5-single-levels
2022-09-15 11:46:48,839 INFO Request is queued
2022-09-15 11:46:49,976 INFO Request is running
2022-09-15 11:46:51,615 INFO Request is completed
/home/mundi/Summer2022/myfuncs.py:73: RuntimeWarning: More than 20 figures have been opened. Figures created through the pyplot interface (`matplotlib.pyplot.figure`) are retained until explicitly closed and may consume too much memory. (To control this warning, see the rcParam `figure.max_open_warning`).
  fig=plt.figure(figsize=[15,15])
2022-09-15 11:46:57,977 INFO Welcome to the CDS
2022-09-15 11:46:57,978 INFO Sending request to https://cds.climate.copernicus.eu/api/v2/resources/reanalysis-era5-single-levels
2022-09-15 11:46:58,119 INFO Request is queued
2022-09-15 11:46:59,256 INFO Request is running
2022-09-15 11:47:00,894 INFO Request is completed
/home/mundi/Summer2022/myfuncs.py:73: RuntimeWarning: More than 20 figures have been opened. Figures created through the pyplot interface (`matplotlib.pyplot.figure`) are retained until explicitly closed and may consume too much memory. (To control this warning, see the rcParam `figure.max_open_warning`).
  fig=plt.figure(figsize=[15,15])
2022-09-15 11:47:03,872 INFO Welcome to the CDS
2022-09-15 11:47:03,872 INFO Sending request to https://cds.climate.copernicus.eu/api/v2/resources/reanalysis-era5-single-levels
2022-09-15 11:47:04,070 INFO Request is completed
/home/mundi/Summer2022/myfuncs.py:73: RuntimeWarning: More than 20 figures have been opened. Figures created through the pyplot interface (`matplotlib.pyplot.figure`) are retained until explicitly closed and may consume too much memory. (To control this warning, see the rcParam `figure.max_open_warning`).
  fig=plt.figure(figsize=[15,15])
2022-09-15 11:47:15,873 INFO Welcome to the CDS
2022-09-15 11:47:15,874 INFO Sending request to https://cds.climate.copernicus.eu/api/v2/resources/reanalysis-era5-single-levels
2022-09-15 11:47:16,033 INFO Request is completed
/home/mundi/Summer2022/myfuncs.py:73: RuntimeWarning: More than 20 figures have been opened. Figures created through the pyplot interface (`matplotlib.pyplot.figure`) are retained until explicitly closed and may consume too much memory. (To control this warning, see the rcParam `figure.max_open_warning`).
  fig=plt.figure(figsize=[15,15])
2022-09-15 11:47:21,130 INFO Welcome to the CDS
2022-09-15 11:47:21,130 INFO Sending request to https://cds.climate.copernicus.eu/api/v2/resources/reanalysis-era5-single-levels
2022-09-15 11:47:21,302 INFO Request is completed
/home/mundi/Summer2022/myfuncs.py:73: RuntimeWarning: More than 20 figures have been opened. Figures created through the pyplot interface (`matplotlib.pyplot.figure`) are retained until explicitly closed and may consume too much memory. (To control this warning, see the rcParam `figure.max_open_warning`).
  fig=plt.figure(figsize=[15,15])
2022-09-15 11:47:50,713 INFO Welcome to the CDS
2022-09-15 11:47:50,713 INFO Sending request to https://cds.climate.copernicus.eu/api/v2/resources/reanalysis-era5-single-levels
2022-09-15 11:47:50,916 INFO Request is completed
/home/mundi/Summer2022/myfuncs.py:73: RuntimeWarning: More than 20 figures have been opened. Figures created through the pyplot interface (`matplotlib.pyplot.figure`) are retained until explicitly closed and may consume too much memory. (To control this warning, see the rcParam `figure.max_open_warning`).
  fig=plt.figure(figsize=[15,15])
2022-09-15 11:47:55,046 INFO Welcome to the CDS
2022-09-15 11:47:55,047 INFO Sending request to https://cds.climate.copernicus.eu/api/v2/resources/reanalysis-era5-single-levels
2022-09-15 11:47:55,201 INFO Request is completed
/home/mundi/Summer2022/myfuncs.py:73: RuntimeWarning: More than 20 figures have been opened. Figures created through the pyplot interface (`matplotlib.pyplot.figure`) are retained until explicitly closed and may consume too much memory. (To control this warning, see the rcParam `figure.max_open_warning`).
  fig=plt.figure(figsize=[15,15])
2022-09-15 11:48:02,145 INFO Welcome to the CDS
2022-09-15 11:48:02,145 INFO Sending request to https://cds.climate.copernicus.eu/api/v2/resources/reanalysis-era5-single-levels
2022-09-15 11:48:02,473 INFO Request is completed
/home/mundi/Summer2022/myfuncs.py:73: RuntimeWarning: More than 20 figures have been opened. Figures created through the pyplot interface (`matplotlib.pyplot.figure`) are retained until explicitly closed and may consume too much memory. (To control this warning, see the rcParam `figure.max_open_warning`).
  fig=plt.figure(figsize=[15,15])
2022-09-15 11:48:12,693 INFO Welcome to the CDS
2022-09-15 11:48:12,693 INFO Sending request to https://cds.climate.copernicus.eu/api/v2/resources/reanalysis-era5-single-levels
2022-09-15 11:48:12,867 INFO Request is completed
/home/mundi/Summer2022/myfuncs.py:73: RuntimeWarning: More than 20 figures have been opened. Figures created through the pyplot interface (`matplotlib.pyplot.figure`) are retained until explicitly closed and may consume too much memory. (To control this warning, see the rcParam `figure.max_open_warning`).
  fig=plt.figure(figsize=[15,15])
2022-09-15 11:48:15,424 INFO Welcome to the CDS
2022-09-15 11:48:15,425 INFO Sending request to https://cds.climate.copernicus.eu/api/v2/resources/reanalysis-era5-single-levels
2022-09-15 11:48:15,637 INFO Request is completed
/home/mundi/Summer2022/myfuncs.py:73: RuntimeWarning: More than 20 figures have been opened. Figures created through the pyplot interface (`matplotlib.pyplot.figure`) are retained until explicitly closed and may consume too much memory. (To control this warning, see the rcParam `figure.max_open_warning`).
  fig=plt.figure(figsize=[15,15])
2022-09-15 11:48:21,066 INFO Welcome to the CDS
2022-09-15 11:48:21,066 INFO Sending request to https://cds.climate.copernicus.eu/api/v2/resources/reanalysis-era5-single-levels
2022-09-15 11:48:21,221 INFO Request is completed
/home/mundi/Summer2022/myfuncs.py:73: RuntimeWarning: More than 20 figures have been opened. Figures created through the pyplot interface (`matplotlib.pyplot.figure`) are retained until explicitly closed and may consume too much memory. (To control this warning, see the rcParam `figure.max_open_warning`).
  fig=plt.figure(figsize=[15,15])
2022-09-15 11:48:25,586 INFO Welcome to the CDS
2022-09-15 11:48:25,587 INFO Sending request to https://cds.climate.copernicus.eu/api/v2/resources/reanalysis-era5-single-levels
2022-09-15 11:48:25,756 INFO Request is completed
/home/mundi/Summer2022/myfuncs.py:73: RuntimeWarning: More than 20 figures have been opened. Figures created through the pyplot interface (`matplotlib.pyplot.figure`) are retained until explicitly closed and may consume too much memory. (To control this warning, see the rcParam `figure.max_open_warning`).
  fig=plt.figure(figsize=[15,15])
2022-09-15 11:48:29,769 INFO Welcome to the CDS
2022-09-15 11:48:29,770 INFO Sending request to https://cds.climate.copernicus.eu/api/v2/resources/reanalysis-era5-single-levels
2022-09-15 11:48:29,964 INFO Request is completed
/home/mundi/Summer2022/myfuncs.py:73: RuntimeWarning: More than 20 figures have been opened. Figures created through the pyplot interface (`matplotlib.pyplot.figure`) are retained until explicitly closed and may consume too much memory. (To control this warning, see the rcParam `figure.max_open_warning`).
  fig=plt.figure(figsize=[15,15])
2022-09-15 11:48:36,894 INFO Welcome to the CDS
2022-09-15 11:48:36,894 INFO Sending request to https://cds.climate.copernicus.eu/api/v2/resources/reanalysis-era5-single-levels
2022-09-15 11:48:37,116 INFO Request is completed
/home/mundi/Summer2022/myfuncs.py:73: RuntimeWarning: More than 20 figures have been opened. Figures created through the pyplot interface (`matplotlib.pyplot.figure`) are retained until explicitly closed and may consume too much memory. (To control this warning, see the rcParam `figure.max_open_warning`).
  fig=plt.figure(figsize=[15,15])
2022-09-15 11:48:40,412 INFO Welcome to the CDS
2022-09-15 11:48:40,412 INFO Sending request to https://cds.climate.copernicus.eu/api/v2/resources/reanalysis-era5-single-levels
2022-09-15 11:48:40,566 INFO Request is completed
/home/mundi/Summer2022/myfuncs.py:73: RuntimeWarning: More than 20 figures have been opened. Figures created through the pyplot interface (`matplotlib.pyplot.figure`) are retained until explicitly closed and may consume too much memory. (To control this warning, see the rcParam `figure.max_open_warning`).
  fig=plt.figure(figsize=[15,15])
2022-09-15 11:48:43,440 INFO Welcome to the CDS
2022-09-15 11:48:43,440 INFO Sending request to https://cds.climate.copernicus.eu/api/v2/resources/reanalysis-era5-single-levels
2022-09-15 11:48:43,611 INFO Request is completed
/home/mundi/Summer2022/myfuncs.py:73: RuntimeWarning: More than 20 figures have been opened. Figures created through the pyplot interface (`matplotlib.pyplot.figure`) are retained until explicitly closed and may consume too much memory. (To control this warning, see the rcParam `figure.max_open_warning`).
  fig=plt.figure(figsize=[15,15])
2022-09-15 11:48:47,908 INFO Welcome to the CDS
2022-09-15 11:48:47,908 INFO Sending request to https://cds.climate.copernicus.eu/api/v2/resources/reanalysis-era5-single-levels
2022-09-15 11:48:48,072 INFO Request is completed
/home/mundi/Summer2022/myfuncs.py:73: RuntimeWarning: More than 20 figures have been opened. Figures created through the pyplot interface (`matplotlib.pyplot.figure`) are retained until explicitly closed and may consume too much memory. (To control this warning, see the rcParam `figure.max_open_warning`).
  fig=plt.figure(figsize=[15,15])
2022-09-15 11:48:53,009 INFO Welcome to the CDS
2022-09-15 11:48:53,009 INFO Sending request to https://cds.climate.copernicus.eu/api/v2/resources/reanalysis-era5-single-levels
2022-09-15 11:48:53,160 INFO Request is completed
/home/mundi/Summer2022/myfuncs.py:73: RuntimeWarning: More than 20 figures have been opened. Figures created through the pyplot interface (`matplotlib.pyplot.figure`) are retained until explicitly closed and may consume too much memory. (To control this warning, see the rcParam `figure.max_open_warning`).
  fig=plt.figure(figsize=[15,15])
2022-09-15 11:48:59,508 INFO Welcome to the CDS
2022-09-15 11:48:59,508 INFO Sending request to https://cds.climate.copernicus.eu/api/v2/resources/reanalysis-era5-single-levels
2022-09-15 11:48:59,663 INFO Request is completed
/home/mundi/Summer2022/myfuncs.py:73: RuntimeWarning: More than 20 figures have been opened. Figures created through the pyplot interface (`matplotlib.pyplot.figure`) are retained until explicitly closed and may consume too much memory. (To control this warning, see the rcParam `figure.max_open_warning`).
  fig=plt.figure(figsize=[15,15])
2022-09-15 11:49:02,842 INFO Welcome to the CDS
2022-09-15 11:49:02,842 INFO Sending request to https://cds.climate.copernicus.eu/api/v2/resources/reanalysis-era5-single-levels
2022-09-15 11:49:02,993 INFO Request is completed
/home/mundi/Summer2022/myfuncs.py:73: RuntimeWarning: More than 20 figures have been opened. Figures created through the pyplot interface (`matplotlib.pyplot.figure`) are retained until explicitly closed and may consume too much memory. (To control this warning, see the rcParam `figure.max_open_warning`).
  fig=plt.figure(figsize=[15,15])
2022-09-15 11:49:14,782 INFO Welcome to the CDS
2022-09-15 11:49:14,782 INFO Sending request to https://cds.climate.copernicus.eu/api/v2/resources/reanalysis-era5-single-levels
2022-09-15 11:49:14,932 INFO Request is completed
/home/mundi/Summer2022/myfuncs.py:73: RuntimeWarning: More than 20 figures have been opened. Figures created through the pyplot interface (`matplotlib.pyplot.figure`) are retained until explicitly closed and may consume too much memory. (To control this warning, see the rcParam `figure.max_open_warning`).
  fig=plt.figure(figsize=[15,15])
2022-09-15 11:49:19,106 INFO Welcome to the CDS
2022-09-15 11:49:19,106 INFO Sending request to https://cds.climate.copernicus.eu/api/v2/resources/reanalysis-era5-single-levels
2022-09-15 11:49:19,257 INFO Request is completed
/home/mundi/Summer2022/myfuncs.py:73: RuntimeWarning: More than 20 figures have been opened. Figures created through the pyplot interface (`matplotlib.pyplot.figure`) are retained until explicitly closed and may consume too much memory. (To control this warning, see the rcParam `figure.max_open_warning`).
  fig=plt.figure(figsize=[15,15])
2022-09-15 11:49:24,643 INFO Welcome to the CDS
2022-09-15 11:49:24,643 INFO Sending request to https://cds.climate.copernicus.eu/api/v2/resources/reanalysis-era5-single-levels
2022-09-15 11:49:24,778 INFO Request is queued
2022-09-15 11:49:25,910 INFO Request is running
2022-09-15 11:49:29,925 INFO Request is completed
/home/mundi/Summer2022/myfuncs.py:73: RuntimeWarning: More than 20 figures have been opened. Figures created through the pyplot interface (`matplotlib.pyplot.figure`) are retained until explicitly closed and may consume too much memory. (To control this warning, see the rcParam `figure.max_open_warning`).
  fig=plt.figure(figsize=[15,15])
2022-09-15 11:49:35,269 INFO Welcome to the CDS
2022-09-15 11:49:35,270 INFO Sending request to https://cds.climate.copernicus.eu/api/v2/resources/reanalysis-era5-single-levels
2022-09-15 11:49:35,463 INFO Request is queued
2022-09-15 11:49:36,594 INFO Request is running
2022-09-15 11:49:40,607 INFO Request is completed
/home/mundi/Summer2022/myfuncs.py:73: RuntimeWarning: More than 20 figures have been opened. Figures created through the pyplot interface (`matplotlib.pyplot.figure`) are retained until explicitly closed and may consume too much memory. (To control this warning, see the rcParam `figure.max_open_warning`).
  fig=plt.figure(figsize=[15,15])
2022-09-15 11:49:43,239 INFO Welcome to the CDS
2022-09-15 11:49:43,240 INFO Sending request to https://cds.climate.copernicus.eu/api/v2/resources/reanalysis-era5-single-levels
2022-09-15 11:49:43,420 INFO Request is queued
2022-09-15 11:49:44,551 INFO Request is running
2022-09-15 11:49:48,564 INFO Request is completed
/home/mundi/Summer2022/myfuncs.py:73: RuntimeWarning: More than 20 figures have been opened. Figures created through the pyplot interface (`matplotlib.pyplot.figure`) are retained until explicitly closed and may consume too much memory. (To control this warning, see the rcParam `figure.max_open_warning`).
  fig=plt.figure(figsize=[15,15])
2022-09-15 11:49:51,742 INFO Welcome to the CDS
2022-09-15 11:49:51,742 INFO Sending request to https://cds.climate.copernicus.eu/api/v2/resources/reanalysis-era5-single-levels
2022-09-15 11:49:51,877 INFO Request is queued
2022-09-15 11:49:53,007 INFO Request is running
2022-09-15 11:49:57,022 INFO Request is completed
/home/mundi/Summer2022/myfuncs.py:73: RuntimeWarning: More than 20 figures have been opened. Figures created through the pyplot interface (`matplotlib.pyplot.figure`) are retained until explicitly closed and may consume too much memory. (To control this warning, see the rcParam `figure.max_open_warning`).
  fig=plt.figure(figsize=[15,15])
2022-09-15 11:50:06,731 INFO Welcome to the CDS
2022-09-15 11:50:06,731 INFO Sending request to https://cds.climate.copernicus.eu/api/v2/resources/reanalysis-era5-single-levels
2022-09-15 11:50:06,882 INFO Request is completed
/home/mundi/Summer2022/myfuncs.py:73: RuntimeWarning: More than 20 figures have been opened. Figures created through the pyplot interface (`matplotlib.pyplot.figure`) are retained until explicitly closed and may consume too much memory. (To control this warning, see the rcParam `figure.max_open_warning`).
  fig=plt.figure(figsize=[15,15])
2022-09-15 11:50:12,148 INFO Welcome to the CDS
2022-09-15 11:50:12,148 INFO Sending request to https://cds.climate.copernicus.eu/api/v2/resources/reanalysis-era5-single-levels
2022-09-15 11:50:12,316 INFO Request is completed
/home/mundi/Summer2022/myfuncs.py:73: RuntimeWarning: More than 20 figures have been opened. Figures created through the pyplot interface (`matplotlib.pyplot.figure`) are retained until explicitly closed and may consume too much memory. (To control this warning, see the rcParam `figure.max_open_warning`).
  fig=plt.figure(figsize=[15,15])
2022-09-15 11:50:14,727 INFO Welcome to the CDS
2022-09-15 11:50:14,728 INFO Sending request to https://cds.climate.copernicus.eu/api/v2/resources/reanalysis-era5-single-levels
2022-09-15 11:50:14,875 INFO Request is completed
/home/mundi/Summer2022/myfuncs.py:73: RuntimeWarning: More than 20 figures have been opened. Figures created through the pyplot interface (`matplotlib.pyplot.figure`) are retained until explicitly closed and may consume too much memory. (To control this warning, see the rcParam `figure.max_open_warning`).
  fig=plt.figure(figsize=[15,15])
2022-09-15 11:50:18,482 INFO Welcome to the CDS
2022-09-15 11:50:18,482 INFO Sending request to https://cds.climate.copernicus.eu/api/v2/resources/reanalysis-era5-single-levels
2022-09-15 11:50:18,816 INFO Request is queued
2022-09-15 11:50:19,947 INFO Request is running
2022-09-15 11:50:23,959 INFO Request is completed
/home/mundi/Summer2022/myfuncs.py:73: RuntimeWarning: More than 20 figures have been opened. Figures created through the pyplot interface (`matplotlib.pyplot.figure`) are retained until explicitly closed and may consume too much memory. (To control this warning, see the rcParam `figure.max_open_warning`).
  fig=plt.figure(figsize=[15,15])
2022-09-15 11:50:27,063 INFO Welcome to the CDS
2022-09-15 11:50:27,063 INFO Sending request to https://cds.climate.copernicus.eu/api/v2/resources/reanalysis-era5-single-levels
2022-09-15 11:50:27,213 INFO Request is queued
2022-09-15 11:50:28,344 INFO Request is running
2022-09-15 11:50:29,976 INFO Request is completed
/home/mundi/Summer2022/myfuncs.py:73: RuntimeWarning: More than 20 figures have been opened. Figures created through the pyplot interface (`matplotlib.pyplot.figure`) are retained until explicitly closed and may consume too much memory. (To control this warning, see the rcParam `figure.max_open_warning`).
  fig=plt.figure(figsize=[15,15])
2022-09-15 11:50:40,310 INFO Welcome to the CDS
2022-09-15 11:50:40,310 INFO Sending request to https://cds.climate.copernicus.eu/api/v2/resources/reanalysis-era5-single-levels
2022-09-15 11:50:40,484 INFO Request is queued
2022-09-15 11:50:41,616 INFO Request is running
2022-09-15 11:50:43,248 INFO Request is completed
/home/mundi/Summer2022/myfuncs.py:73: RuntimeWarning: More than 20 figures have been opened. Figures created through the pyplot interface (`matplotlib.pyplot.figure`) are retained until explicitly closed and may consume too much memory. (To control this warning, see the rcParam `figure.max_open_warning`).
  fig=plt.figure(figsize=[15,15])
2022-09-15 11:50:48,434 INFO Welcome to the CDS
2022-09-15 11:50:48,435 INFO Sending request to https://cds.climate.copernicus.eu/api/v2/resources/reanalysis-era5-single-levels
2022-09-15 11:50:48,594 INFO Request is completed
/home/mundi/Summer2022/myfuncs.py:73: RuntimeWarning: More than 20 figures have been opened. Figures created through the pyplot interface (`matplotlib.pyplot.figure`) are retained until explicitly closed and may consume too much memory. (To control this warning, see the rcParam `figure.max_open_warning`).
  fig=plt.figure(figsize=[15,15])
2022-09-15 11:50:58,293 INFO Welcome to the CDS
2022-09-15 11:50:58,293 INFO Sending request to https://cds.climate.copernicus.eu/api/v2/resources/reanalysis-era5-single-levels
2022-09-15 11:50:58,453 INFO Request is completed
/home/mundi/Summer2022/myfuncs.py:73: RuntimeWarning: More than 20 figures have been opened. Figures created through the pyplot interface (`matplotlib.pyplot.figure`) are retained until explicitly closed and may consume too much memory. (To control this warning, see the rcParam `figure.max_open_warning`).
  fig=plt.figure(figsize=[15,15])
2022-09-15 11:51:03,588 INFO Welcome to the CDS
2022-09-15 11:51:03,589 INFO Sending request to https://cds.climate.copernicus.eu/api/v2/resources/reanalysis-era5-single-levels
2022-09-15 11:51:03,741 INFO Request is completed
/home/mundi/Summer2022/myfuncs.py:73: RuntimeWarning: More than 20 figures have been opened. Figures created through the pyplot interface (`matplotlib.pyplot.figure`) are retained until explicitly closed and may consume too much memory. (To control this warning, see the rcParam `figure.max_open_warning`).
  fig=plt.figure(figsize=[15,15])
2022-09-15 11:51:11,727 INFO Welcome to the CDS
2022-09-15 11:51:11,727 INFO Sending request to https://cds.climate.copernicus.eu/api/v2/resources/reanalysis-era5-single-levels
2022-09-15 11:51:11,876 INFO Request is completed
/home/mundi/Summer2022/myfuncs.py:73: RuntimeWarning: More than 20 figures have been opened. Figures created through the pyplot interface (`matplotlib.pyplot.figure`) are retained until explicitly closed and may consume too much memory. (To control this warning, see the rcParam `figure.max_open_warning`).
  fig=plt.figure(figsize=[15,15])
2022-09-15 11:51:16,636 INFO Welcome to the CDS
2022-09-15 11:51:16,637 INFO Sending request to https://cds.climate.copernicus.eu/api/v2/resources/reanalysis-era5-single-levels
2022-09-15 11:51:16,904 INFO Request is completed
/home/mundi/Summer2022/myfuncs.py:73: RuntimeWarning: More than 20 figures have been opened. Figures created through the pyplot interface (`matplotlib.pyplot.figure`) are retained until explicitly closed and may consume too much memory. (To control this warning, see the rcParam `figure.max_open_warning`).
  fig=plt.figure(figsize=[15,15])
2022-09-15 11:51:24,714 INFO Welcome to the CDS
2022-09-15 11:51:24,714 INFO Sending request to https://cds.climate.copernicus.eu/api/v2/resources/reanalysis-era5-single-levels
2022-09-15 11:51:24,954 INFO Request is queued
2022-09-15 11:51:26,089 INFO Request is running
2022-09-15 11:51:30,104 INFO Request is completed
/home/mundi/Summer2022/myfuncs.py:73: RuntimeWarning: More than 20 figures have been opened. Figures created through the pyplot interface (`matplotlib.pyplot.figure`) are retained until explicitly closed and may consume too much memory. (To control this warning, see the rcParam `figure.max_open_warning`).
  fig=plt.figure(figsize=[15,15])
2022-09-15 11:51:33,851 INFO Welcome to the CDS
2022-09-15 11:51:33,851 INFO Sending request to https://cds.climate.copernicus.eu/api/v2/resources/reanalysis-era5-single-levels
2022-09-15 11:51:33,983 INFO Request is queued
2022-09-15 11:51:35,115 INFO Request is running
2022-09-15 11:51:39,528 INFO Request is completed
/home/mundi/Summer2022/myfuncs.py:73: RuntimeWarning: More than 20 figures have been opened. Figures created through the pyplot interface (`matplotlib.pyplot.figure`) are retained until explicitly closed and may consume too much memory. (To control this warning, see the rcParam `figure.max_open_warning`).
  fig=plt.figure(figsize=[15,15])
2022-09-15 11:51:43,652 INFO Welcome to the CDS
2022-09-15 11:51:43,652 INFO Sending request to https://cds.climate.copernicus.eu/api/v2/resources/reanalysis-era5-single-levels
2022-09-15 11:51:43,819 INFO Request is completed
/home/mundi/Summer2022/myfuncs.py:73: RuntimeWarning: More than 20 figures have been opened. Figures created through the pyplot interface (`matplotlib.pyplot.figure`) are retained until explicitly closed and may consume too much memory. (To control this warning, see the rcParam `figure.max_open_warning`).
  fig=plt.figure(figsize=[15,15])
2022-09-15 11:51:49,532 INFO Welcome to the CDS
2022-09-15 11:51:49,533 INFO Sending request to https://cds.climate.copernicus.eu/api/v2/resources/reanalysis-era5-single-levels
2022-09-15 11:51:49,680 INFO Request is completed
/home/mundi/Summer2022/myfuncs.py:73: RuntimeWarning: More than 20 figures have been opened. Figures created through the pyplot interface (`matplotlib.pyplot.figure`) are retained until explicitly closed and may consume too much memory. (To control this warning, see the rcParam `figure.max_open_warning`).
  fig=plt.figure(figsize=[15,15])
2022-09-15 11:51:52,545 INFO Welcome to the CDS
2022-09-15 11:51:52,545 INFO Sending request to https://cds.climate.copernicus.eu/api/v2/resources/reanalysis-era5-single-levels
2022-09-15 11:51:52,693 INFO Request is completed
/home/mundi/Summer2022/myfuncs.py:73: RuntimeWarning: More than 20 figures have been opened. Figures created through the pyplot interface (`matplotlib.pyplot.figure`) are retained until explicitly closed and may consume too much memory. (To control this warning, see the rcParam `figure.max_open_warning`).
  fig=plt.figure(figsize=[15,15])
2022-09-15 11:51:56,428 INFO Welcome to the CDS
2022-09-15 11:51:56,428 INFO Sending request to https://cds.climate.copernicus.eu/api/v2/resources/reanalysis-era5-single-levels
2022-09-15 11:51:56,604 INFO Request is completed
/home/mundi/Summer2022/myfuncs.py:73: RuntimeWarning: More than 20 figures have been opened. Figures created through the pyplot interface (`matplotlib.pyplot.figure`) are retained until explicitly closed and may consume too much memory. (To control this warning, see the rcParam `figure.max_open_warning`).
  fig=plt.figure(figsize=[15,15])
2022-09-15 11:52:01,118 INFO Welcome to the CDS
2022-09-15 11:52:01,118 INFO Sending request to https://cds.climate.copernicus.eu/api/v2/resources/reanalysis-era5-single-levels
2022-09-15 11:52:01,253 INFO Request is queued
2022-09-15 11:52:02,386 INFO Request is running
2022-09-15 11:52:06,402 INFO Request is completed
/home/mundi/Summer2022/myfuncs.py:73: RuntimeWarning: More than 20 figures have been opened. Figures created through the pyplot interface (`matplotlib.pyplot.figure`) are retained until explicitly closed and may consume too much memory. (To control this warning, see the rcParam `figure.max_open_warning`).
  fig=plt.figure(figsize=[15,15])


