 
 
Storm 1/35

1990 6 1
---------

1990 6 2
---------

1990 6 3
---------

1990 6 4
---------

1990 6 5
---------
coords_1990_0601_990
coords_1990_0601_1000
coords_1990_0603_990
coords_1990_0604_1000
coords_1990_0604_990
coords_1990_0604_1000
coords_1990_0605_990
*exported*
Storm 2/35

1990 6 1
---------

1990 6 2
---------

1990 6 3
---------
coords_1990_0601_990
coords_1990_0601_1000
coords_1990_0602_990
coords_1990_0603_1000
*exported*
Storm 3/35

1990 6 1
---------

1990 6 2
---------

1990 6 3
---------
coords_1990_0601_990
coords_1990_0602_1000
coords_1990_0603_990
coords_1990_0603_1000
coords_1990_0603_990
coords_1990_0603_1000
coords_1990_0603_990
coords_1990_0603_1000
coords_1990_0603_990
coords_1990_0603_1000
coords_1990_0603_990
coords_1990_0603_1000
coords_1990_0603_990
coords_1990_0603_1000
coords_1990_0603_990
coords_1990_0603_1000
*exported*
Storm 4/35

1990 6 13
---------

1990 6 14
---------

1990 6 15
---------
coords_1990_0613_990
coords_1990_0614_1000
coords_1990_0614_990
coords_1990_0614_1000
coords_1990_0614_990
coords_1990_0615_1000
coords_1990_0615_990
*exported*
Storm 5/35

1990 6 13
---------

1990 6 14
---------

1990 6 15
---------

1990 6 16
---------
coords_1990_0613_990
coords_1990_0614_1000
coords_1990_0615_990
coords_1990_0615_1000
coords_1990_0616_990
coords_1990_0616_1000
*exported*
Storm 6/35

1990 6 14
---------

1990 6 15
---------

1990 6 16
---------
coords_1990_0614_990
coords_1990_0614_1000
coords_1990_0614_990
coords_1990_0614_1000
coords_1990_0615_990
coords_1990_0615_1000
coords_1990_0616_990
coords_1990_0616_1000
*exported*
Storm 7/35

1990 6 14
---------

1990 6 15
---------

1990 6 16
---------
coords_1990_0614_990
coords_1990_0614_1000
coords_1990_0615_990
coords_1990_0615_1000
coords_1990_0616_990
coords_1990_0616_1000
*exported*
Storm 8/35

1990 7 6
---------

1990 7 7
---------

1990 7 8
---------
coords_1990_0706_990
coords_1990_0706_1000
coords_1990_0707_990
coords_1990_0707_1000
coords_1990_0708_990
coords_1990_0708_1000
*exported*
Storm 9/35

1990 7 6
---------

1990 7 7
---------

1990 7 8
---------
coords_1990_0706_990
coords_1990_0707_1000
coords_1990_0707_990
coords_1990_0708_1000
coords_1990_0708_990
*exported*
Storm 10/35

1990 7 7
---------

1990 7 8
---------

1990 7 9
---------
coords_1990_0707_990
coords_1990_0708_1000
coords_1990_0708_990
coords_1990_0709_1000
coords_1990_0709_990
*exported*
Storm 11/35

1990 7 29
---------

1990 7 30
---------

1990 7 31
---------

1990 8 1
---------
coords_1990_0729_990
coords_1990_0729_1000
coords_1990_0730_990
coords_1990_0730_1000
coords_1990_0731_990
coords_1990_0731_1000
coords_1990_0801_990
coords_1990_0801_1000
*exported*
Storm 12/35

1990 8 5
---------

1990 8 6
---------

1990 8 7
---------

1990 8 8
---------
coords_1990_0805_990
coords_1990_0805_1000
coords_1990_0806_990
coords_1990_0807_1000
coords_1990_0807_990
coords_1990_0808_1000
*exported*
Storm 13/35

1990 8 8
---------

1990 8 9
---------

1990 8 10
---------
coords_1990_0808_990
coords_1990_0808_1000
coords_1990_0809_990
coords_1990_0809_1000
coords_1990_0810_990
*exported*
Storm 14/35

1990 8 14
---------

1990 8 15
---------

1990 8 16
---------
coords_1990_0814_990
coords_1990_0814_1000
coords_1990_0815_990
coords_1990_0815_1000
coords_1990_0816_990
coords_1990_0816_1000
*exported*
Storm 15/35

1990 8 22
---------

1990 8 23
---------

1990 8 24
---------
coords_1990_0822_990
coords_1990_0823_1000
coords_1990_0823_990
coords_1990_0824_1000
*exported*
Storm 16/35

1990 9 5
---------

1990 9 6
---------

1990 9 7
---------

1990 9 8
---------

1990 9 9
---------

1990 9 10
---------

1990 9 11
---------
coords_1990_0905_990
coords_1990_0905_1000
coords_1990_0906_990
coords_1990_0906_1000
coords_1990_0907_990
coords_1990_0907_1000
coords_1990_0908_990
coords_1990_0908_1000
coords_1990_0909_990
coords_1990_0909_1000
coords_1990_0910_990
coords_1990_0910_1000
coords_1990_0910_990
coords_1990_0910_1000
coords_1990_0910_990
coords_1990_0910_1000
coords_1990_0910_990
coords_1990_0910_1000
coords_1990_0910_990
*exported*
Storm 17/35

1990 9 8
---------

1990 9 9
---------

1990 9 10
---------
coords_1990_0908_990
coords_1990_0908_1000
coords_1990_0909_990
coords_1990_0909_1000
coords_1990_0910_990
coords_1990_0910_1000
*exported*
Storm 18/35

1990 9 10
---------

1990 9 11
---------

1990 9 12
---------

1990 9 13
---------

1990 9 14
---------
coords_1990_0910_990
coords_1990_0910_1000
coords_1990_0911_990
coords_1990_0912_1000
coords_1990_0912_990
coords_1990_0912_1000
coords_1990_0912_990
coords_1990_0913_1000
coords_1990_0913_990
coords_1990_0913_1000
coords_1990_0913_990
coords_1990_0914_1000
coords_1990_0914_990
*exported*
Storm 19/35

1990 9 11
---------

1990 9 12
---------

1990 9 13
---------

1990 9 14
---------
coords_1990_0911_990
coords_1990_0911_1000
coords_1990_0911_990
coords_1990_0912_1000
coords_1990_0912_990
coords_1990_0912_1000
coords_1990_0912_990
coords_1990_0913_1000
coords_1990_0913_990
coords_1990_0913_1000
coords_1990_0913_990
coords_1990_0914_1000
coords_1990_0914_990
*exported*
Storm 20/35

1990 9 15
---------

1990 9 16
---------

1990 9 17
---------
coords_1990_0915_990
coords_1990_0915_1000
coords_1990_0916_990
coords_1990_0916_1000
coords_1990_0917_990
coords_1990_0917_1000
*exported*
Storm 21/35

1990 9 17
---------

1990 9 18
---------

1990 9 19
---------
1000: ['9'], ['19']

1990 9 20
---------
1000: ['9'], ['20']

1990 9 21
---------
1000: ['9'], ['21']

1990 9 22
---------

1990 9 23
---------

1990 9 24
---------
coords_1990_0917_990
coords_1990_0918_1000
coords_1990_0922_990
coords_1990_0922_1000
coords_1990_0923_990
coords_1990_0923_1000
coords_1990_0924_990
coords_1990_0924_1000
*exported*
Storm 22/35

1990 9 23
---------

1990 9 24
---------

1990 9 25
---------
coords_1990_0923_990
coords_1990_0923_1000
coords_1990_0924_990
coords_1990_0924_1000
coords_1990_0925_990
coords_1990_0925_1000
*exported*
Storm 23/35

1990 9 24
---------

1990 9 25
---------

1990 9 26
---------
coords_1990_0924_990
coords_1990_0924_1000
coords_1990_0925_990
coords_1990_0925_1000
coords_1990_0926_990
coords_1990_0926_1000
*exported*
Storm 24/35

1990 9 28
---------

1990 9 29
---------

1990 9 30
---------
coords_1990_0928_990
coords_1990_0929_1000
coords_1990_0930_990
coords_1990_0930_1000
*exported*
Storm 25/35

1990 9 30
---------

1990 10 1
---------

1990 10 2
---------

1990 10 3
---------

1990 10 4
---------

1990 10 5
---------

1990 10 6
---------

1990 10 7
---------

1990 10 8
---------

1990 10 9
---------

1990 10 10
---------

1990 10 11
---------

1990 10 12
---------
coords_1990_0930_990
coords_1990_0930_1000
coords_1990_1001_990
coords_1990_1001_1000
coords_1990_1002_990
coords_1990_1002_1000
coords_1990_1003_990
coords_1990_1003_1000
coords_1990_1004_990
coords_1990_1004_1000
coords_1990_1005_990
coords_1990_1005_1000
coords_1990_1006_990
coords_1990_1006_1000
coords_1990_1007_990
coords_1990_1007_1000
coords_1990_1008_990
coords_1990_1009_1000
coords_1990_1010_990
coords_1990_1010_1000
coords_1990_1011_990
coords_1990_1011_1000
coords_1990_1012_990
coords_1990_1012_1000
*exported*
Storm 26/35

1990 10 3
---------

1990 10 4
---------
coords_1990_1003_990
coords_1990_1003_1000
coords_1990_1004_990
coords_1990_1004_1000
*exported*
Storm 27/35

1990 10 4
---------

1990 10 5
---------

1990 10 6
---------
coords_1990_1004_990
coords_1990_1004_1000
coords_1990_1005_990
coords_1990_1005_1000
coords_1990_1006_990
coords_1990_1006_1000
*exported*
Storm 28/35

1990 10 8
---------

1990 10 9
---------

1990 10 10
---------

1990 10 11
---------
coords_1990_1008_990
coords_1990_1008_1000
coords_1990_1008_990
coords_1990_1009_1000
coords_1990_1009_990
coords_1990_1009_1000
coords_1990_1010_990
coords_1990_1010_1000
coords_1990_1010_990
coords_1990_1010_1000
coords_1990_1011_990
coords_1990_1011_1000
*exported*
Storm 29/35

1990 10 10
---------

1990 10 11
---------

1990 10 12
---------
coords_1990_1010_990
coords_1990_1010_1000
coords_1990_1010_990
coords_1990_1011_1000
coords_1990_1011_990
coords_1990_1011_1000
coords_1990_1012_990
*exported*
Storm 30/35

1990 10 13
---------

1990 10 14
---------

1990 10 15
---------
coords_1990_1013_990
coords_1990_1014_1000
coords_1990_1015_990
coords_1990_1015_1000
*exported*
Storm 31/35

1990 10 16
---------

1990 10 17
---------

1990 10 18
---------

1990 10 19
---------
coords_1990_1016_990
coords_1990_1016_1000
coords_1990_1017_990
coords_1990_1018_1000
coords_1990_1019_990
*exported*
Storm 32/35

1990 10 17
---------

1990 10 18
---------
1000: ['10'], ['18']

1990 10 19
---------
coords_1990_1017_990
coords_1990_1019_1000
coords_1990_1019_990
*exported*
Storm 33/35

1990 10 18
---------

1990 10 19
---------

1990 10 20
---------

1990 10 21
---------
coords_1990_1018_990
coords_1990_1018_1000
coords_1990_1019_990
coords_1990_1020_1000
coords_1990_1020_990
coords_1990_1020_1000
coords_1990_1020_990
coords_1990_1021_1000
coords_1990_1021_990
coords_1990_1021_1000
*exported*
Storm 34/35

1990 10 22
---------

1990 10 23
---------

1990 10 24
---------

1990 10 25
---------

1990 10 26
---------

1990 10 27
---------
coords_1990_1022_990
coords_1990_1022_1000
coords_1990_1023_990
coords_1990_1023_1000
coords_1990_1024_990
coords_1990_1024_1000
coords_1990_1025_990
coords_1990_1025_1000
coords_1990_1026_990
coords_1990_1026_1000
coords_1990_1027_990
coords_1990_1027_1000
*exported*
Storm 35/35

1990 10 22
---------

1990 10 23
---------

1990 10 24
---------
coords_1990_1022_990
coords_1990_1023_1000
coords_1990_1023_990
coords_1990_1024_1000
coords_1990_1024_990
*exported*

FINISHED STORM DATA COLLECTION

 
 
------------------
       done!      
------------------
------------------
elapsed time: 
252.89344122012457
2023-06-02 12:20:04,230 INFO Welcome to the CDS
2023-06-02 12:20:04,230 INFO Sending request to https://cds.climate.copernicus.eu/api/v2/resources/reanalysis-era5-single-levels
2023-06-02 12:20:04,440 INFO Request is completed
2023-06-02 12:22:18,958 INFO Welcome to the CDS
2023-06-02 12:22:18,959 INFO Sending request to https://cds.climate.copernicus.eu/api/v2/resources/reanalysis-era5-single-levels
2023-06-02 12:22:19,203 INFO Request is completed
2023-06-02 12:24:43,447 INFO Welcome to the CDS
2023-06-02 12:24:43,448 INFO Sending request to https://cds.climate.copernicus.eu/api/v2/resources/reanalysis-era5-single-levels
2023-06-02 12:24:43,987 INFO Request is completed
2023-06-02 12:25:59,682 INFO Welcome to the CDS
2023-06-02 12:25:59,682 INFO Sending request to https://cds.climate.copernicus.eu/api/v2/resources/reanalysis-era5-single-levels
2023-06-02 12:25:59,892 INFO Request is completed
2023-06-02 12:28:23,123 INFO Welcome to the CDS
2023-06-02 12:28:23,124 INFO Sending request to https://cds.climate.copernicus.eu/api/v2/resources/reanalysis-era5-single-levels
2023-06-02 12:28:23,305 INFO Request is completed
/home/mundi/miniconda3/envs/cyc_loc/lib/python3.8/site-packages/xarray/conventions.py:492: SerializationWarning: variable 'melt_onset_day_seaice_conc_cdr' has multiple fill values {-1, 65535}, decoding all values to NaN.
  new_vars[k] = decode_cf_variable(
2023-06-02 12:35:44,116 INFO Welcome to the CDS
2023-06-02 12:35:44,117 INFO Sending request to https://cds.climate.copernicus.eu/api/v2/resources/reanalysis-era5-single-levels
2023-06-02 12:35:44,283 INFO Request is queued
2023-06-02 13:00:10,495 INFO Request is completed
2023-06-02 13:00:13,209 INFO Welcome to the CDS
2023-06-02 13:00:13,209 INFO Sending request to https://cds.climate.copernicus.eu/api/v2/resources/reanalysis-era5-single-levels
2023-06-02 13:00:13,391 INFO Request is queued
2023-06-02 13:24:39,331 INFO Request is completed
2023-06-02 13:25:10,029 INFO Welcome to the CDS
2023-06-02 13:25:10,030 INFO Sending request to https://cds.climate.copernicus.eu/api/v2/resources/reanalysis-era5-single-levels
2023-06-02 13:25:10,214 INFO Request is queued
2023-06-02 13:37:32,374 INFO Request is completed
2023-06-02 13:37:34,805 INFO Welcome to the CDS
2023-06-02 13:37:34,806 INFO Sending request to https://cds.climate.copernicus.eu/api/v2/resources/reanalysis-era5-single-levels
2023-06-02 13:37:35,017 INFO Request is queued
2023-06-02 13:45:56,010 INFO Request is completed
2023-06-02 13:46:00,541 INFO Welcome to the CDS
2023-06-02 13:46:00,542 INFO Sending request to https://cds.climate.copernicus.eu/api/v2/resources/reanalysis-era5-single-levels
2023-06-02 13:46:00,703 INFO Request is queued
2023-06-02 13:58:22,922 INFO Request is completed
2023-06-02 13:58:25,449 INFO Welcome to the CDS
2023-06-02 13:58:25,449 INFO Sending request to https://cds.climate.copernicus.eu/api/v2/resources/reanalysis-era5-single-levels
2023-06-02 13:58:25,623 INFO Request is completed
2023-06-02 13:58:28,070 INFO Welcome to the CDS
2023-06-02 13:58:28,071 INFO Sending request to https://cds.climate.copernicus.eu/api/v2/resources/reanalysis-era5-single-levels
2023-06-02 13:58:28,272 INFO Request is completed
2023-06-02 13:58:31,488 INFO Welcome to the CDS
2023-06-02 13:58:31,489 INFO Sending request to https://cds.climate.copernicus.eu/api/v2/resources/reanalysis-era5-single-levels
2023-06-02 13:58:31,671 INFO Request is completed
2023-06-02 13:58:43,185 INFO Welcome to the CDS
2023-06-02 13:58:43,185 INFO Sending request to https://cds.climate.copernicus.eu/api/v2/resources/reanalysis-era5-single-levels
2023-06-02 13:58:43,364 INFO Request is completed
2023-06-02 13:59:01,409 INFO Welcome to the CDS
2023-06-02 13:59:01,409 INFO Sending request to https://cds.climate.copernicus.eu/api/v2/resources/reanalysis-era5-single-levels
2023-06-02 13:59:01,585 INFO Request is completed
2023-06-02 13:59:08,549 INFO Welcome to the CDS
2023-06-02 13:59:08,549 INFO Sending request to https://cds.climate.copernicus.eu/api/v2/resources/reanalysis-era5-single-levels
2023-06-02 13:59:08,725 INFO Request is completed
2023-06-02 13:59:15,863 INFO Welcome to the CDS
2023-06-02 13:59:15,863 INFO Sending request to https://cds.climate.copernicus.eu/api/v2/resources/reanalysis-era5-single-levels
2023-06-02 13:59:16,029 INFO Request is queued
2023-06-02 14:07:36,854 INFO Request is completed
2023-06-02 14:07:39,313 INFO Welcome to the CDS
2023-06-02 14:07:39,313 INFO Sending request to https://cds.climate.copernicus.eu/api/v2/resources/reanalysis-era5-single-levels
2023-06-02 14:07:39,501 INFO Request is queued
2023-06-02 14:13:59,855 INFO Request is completed
2023-06-02 14:14:02,275 INFO Welcome to the CDS
2023-06-02 14:14:02,275 INFO Sending request to https://cds.climate.copernicus.eu/api/v2/resources/reanalysis-era5-single-levels
2023-06-02 14:14:02,456 INFO Request is queued
2023-06-02 14:14:07,598 INFO Request is running
2023-06-02 14:14:11,105 INFO Request is completed
2023-06-02 14:14:13,677 INFO Welcome to the CDS
2023-06-02 14:14:13,678 INFO Sending request to https://cds.climate.copernicus.eu/api/v2/resources/reanalysis-era5-single-levels
2023-06-02 14:14:13,903 INFO Request is completed
2023-06-02 14:14:17,450 INFO Welcome to the CDS
2023-06-02 14:14:17,450 INFO Sending request to https://cds.climate.copernicus.eu/api/v2/resources/reanalysis-era5-single-levels
2023-06-02 14:14:17,630 INFO Request is completed
2023-06-02 14:14:26,443 INFO Welcome to the CDS
2023-06-02 14:14:26,443 INFO Sending request to https://cds.climate.copernicus.eu/api/v2/resources/reanalysis-era5-single-levels
2023-06-02 14:14:26,615 INFO Request is completed
2023-06-02 14:14:28,984 INFO Welcome to the CDS
2023-06-02 14:14:28,985 INFO Sending request to https://cds.climate.copernicus.eu/api/v2/resources/reanalysis-era5-single-levels
2023-06-02 14:14:29,144 INFO Request is queued
2023-06-02 14:14:34,286 INFO Request is running
2023-06-02 14:14:37,794 INFO Request is completed
2023-06-02 14:14:40,143 INFO Welcome to the CDS
2023-06-02 14:14:40,143 INFO Sending request to https://cds.climate.copernicus.eu/api/v2/resources/reanalysis-era5-single-levels
2023-06-02 14:14:40,317 INFO Request is completed
2023-06-02 14:14:42,624 INFO Welcome to the CDS
2023-06-02 14:14:42,624 INFO Sending request to https://cds.climate.copernicus.eu/api/v2/resources/reanalysis-era5-single-levels
2023-06-02 14:14:42,791 INFO Request is completed
2023-06-02 14:14:45,191 INFO Welcome to the CDS
2023-06-02 14:14:45,191 INFO Sending request to https://cds.climate.copernicus.eu/api/v2/resources/reanalysis-era5-single-levels
2023-06-02 14:14:45,341 INFO Request is completed
/home/mundi/Summer2022/myfuncs.py:73: RuntimeWarning: More than 20 figures have been opened. Figures created through the pyplot interface (`matplotlib.pyplot.figure`) are retained until explicitly closed and may consume too much memory. (To control this warning, see the rcParam `figure.max_open_warning`).
  fig=plt.figure(figsize=[15,15])
2023-06-02 14:14:47,826 INFO Welcome to the CDS
2023-06-02 14:14:47,826 INFO Sending request to https://cds.climate.copernicus.eu/api/v2/resources/reanalysis-era5-single-levels
2023-06-02 14:14:47,981 INFO Request is completed
/home/mundi/Summer2022/myfuncs.py:73: RuntimeWarning: More than 20 figures have been opened. Figures created through the pyplot interface (`matplotlib.pyplot.figure`) are retained until explicitly closed and may consume too much memory. (To control this warning, see the rcParam `figure.max_open_warning`).
  fig=plt.figure(figsize=[15,15])
2023-06-02 14:14:50,245 INFO Welcome to the CDS
2023-06-02 14:14:50,245 INFO Sending request to https://cds.climate.copernicus.eu/api/v2/resources/reanalysis-era5-single-levels
2023-06-02 14:14:50,409 INFO Request is completed
/home/mundi/Summer2022/myfuncs.py:73: RuntimeWarning: More than 20 figures have been opened. Figures created through the pyplot interface (`matplotlib.pyplot.figure`) are retained until explicitly closed and may consume too much memory. (To control this warning, see the rcParam `figure.max_open_warning`).
  fig=plt.figure(figsize=[15,15])
2023-06-02 14:14:52,735 INFO Welcome to the CDS
2023-06-02 14:14:52,736 INFO Sending request to https://cds.climate.copernicus.eu/api/v2/resources/reanalysis-era5-single-levels
2023-06-02 14:14:52,885 INFO Request is completed
/home/mundi/Summer2022/myfuncs.py:73: RuntimeWarning: More than 20 figures have been opened. Figures created through the pyplot interface (`matplotlib.pyplot.figure`) are retained until explicitly closed and may consume too much memory. (To control this warning, see the rcParam `figure.max_open_warning`).
  fig=plt.figure(figsize=[15,15])
2023-06-02 14:14:55,226 INFO Welcome to the CDS
2023-06-02 14:14:55,226 INFO Sending request to https://cds.climate.copernicus.eu/api/v2/resources/reanalysis-era5-single-levels
2023-06-02 14:14:55,402 INFO Request is queued
2023-06-02 14:14:58,162 INFO Request is running
2023-06-02 14:15:04,052 INFO Request is completed
/home/mundi/Summer2022/myfuncs.py:73: RuntimeWarning: More than 20 figures have been opened. Figures created through the pyplot interface (`matplotlib.pyplot.figure`) are retained until explicitly closed and may consume too much memory. (To control this warning, see the rcParam `figure.max_open_warning`).
  fig=plt.figure(figsize=[15,15])
2023-06-02 14:15:06,314 INFO Welcome to the CDS
2023-06-02 14:15:06,314 INFO Sending request to https://cds.climate.copernicus.eu/api/v2/resources/reanalysis-era5-single-levels
2023-06-02 14:15:06,470 INFO Request is queued
2023-06-02 14:15:07,601 INFO Request is running
2023-06-02 14:15:11,613 INFO Request is completed
/home/mundi/Summer2022/myfuncs.py:73: RuntimeWarning: More than 20 figures have been opened. Figures created through the pyplot interface (`matplotlib.pyplot.figure`) are retained until explicitly closed and may consume too much memory. (To control this warning, see the rcParam `figure.max_open_warning`).
  fig=plt.figure(figsize=[15,15])
2023-06-02 14:15:14,767 INFO Welcome to the CDS
2023-06-02 14:15:14,768 INFO Sending request to https://cds.climate.copernicus.eu/api/v2/resources/reanalysis-era5-single-levels
2023-06-02 14:15:14,954 INFO Request is queued
2023-06-02 14:15:20,097 INFO Request is running
2023-06-02 14:15:23,605 INFO Request is completed
/home/mundi/Summer2022/myfuncs.py:73: RuntimeWarning: More than 20 figures have been opened. Figures created through the pyplot interface (`matplotlib.pyplot.figure`) are retained until explicitly closed and may consume too much memory. (To control this warning, see the rcParam `figure.max_open_warning`).
  fig=plt.figure(figsize=[15,15])
2023-06-02 14:15:26,111 INFO Welcome to the CDS
2023-06-02 14:15:26,111 INFO Sending request to https://cds.climate.copernicus.eu/api/v2/resources/reanalysis-era5-single-levels
2023-06-02 14:15:26,274 INFO Request is completed
/home/mundi/Summer2022/myfuncs.py:73: RuntimeWarning: More than 20 figures have been opened. Figures created through the pyplot interface (`matplotlib.pyplot.figure`) are retained until explicitly closed and may consume too much memory. (To control this warning, see the rcParam `figure.max_open_warning`).
  fig=plt.figure(figsize=[15,15])
2023-06-02 14:15:30,303 INFO Welcome to the CDS
2023-06-02 14:15:30,303 INFO Sending request to https://cds.climate.copernicus.eu/api/v2/resources/reanalysis-era5-single-levels
2023-06-02 14:15:30,499 INFO Request is completed
/home/mundi/Summer2022/myfuncs.py:73: RuntimeWarning: More than 20 figures have been opened. Figures created through the pyplot interface (`matplotlib.pyplot.figure`) are retained until explicitly closed and may consume too much memory. (To control this warning, see the rcParam `figure.max_open_warning`).
  fig=plt.figure(figsize=[15,15])
2023-06-02 14:15:32,882 INFO Welcome to the CDS
2023-06-02 14:15:32,882 INFO Sending request to https://cds.climate.copernicus.eu/api/v2/resources/reanalysis-era5-single-levels
2023-06-02 14:15:33,049 INFO Request is completed
/home/mundi/Summer2022/myfuncs.py:73: RuntimeWarning: More than 20 figures have been opened. Figures created through the pyplot interface (`matplotlib.pyplot.figure`) are retained until explicitly closed and may consume too much memory. (To control this warning, see the rcParam `figure.max_open_warning`).
  fig=plt.figure(figsize=[15,15])
2023-06-02 14:15:36,775 INFO Welcome to the CDS
2023-06-02 14:15:36,775 INFO Sending request to https://cds.climate.copernicus.eu/api/v2/resources/reanalysis-era5-single-levels
2023-06-02 14:15:36,958 INFO Request is completed
/home/mundi/Summer2022/myfuncs.py:73: RuntimeWarning: More than 20 figures have been opened. Figures created through the pyplot interface (`matplotlib.pyplot.figure`) are retained until explicitly closed and may consume too much memory. (To control this warning, see the rcParam `figure.max_open_warning`).
  fig=plt.figure(figsize=[15,15])
2023-06-02 14:15:40,418 INFO Welcome to the CDS
2023-06-02 14:15:40,418 INFO Sending request to https://cds.climate.copernicus.eu/api/v2/resources/reanalysis-era5-single-levels
2023-06-02 14:15:40,566 INFO Request is completed
/home/mundi/Summer2022/myfuncs.py:73: RuntimeWarning: More than 20 figures have been opened. Figures created through the pyplot interface (`matplotlib.pyplot.figure`) are retained until explicitly closed and may consume too much memory. (To control this warning, see the rcParam `figure.max_open_warning`).
  fig=plt.figure(figsize=[15,15])
2023-06-02 14:15:45,407 INFO Welcome to the CDS
2023-06-02 14:15:45,407 INFO Sending request to https://cds.climate.copernicus.eu/api/v2/resources/reanalysis-era5-single-levels
2023-06-02 14:15:45,542 INFO Request is queued
2023-06-02 14:22:05,769 INFO Request is completed
/home/mundi/Summer2022/myfuncs.py:73: RuntimeWarning: More than 20 figures have been opened. Figures created through the pyplot interface (`matplotlib.pyplot.figure`) are retained until explicitly closed and may consume too much memory. (To control this warning, see the rcParam `figure.max_open_warning`).
  fig=plt.figure(figsize=[15,15])
2023-06-02 14:22:08,704 INFO Welcome to the CDS
2023-06-02 14:22:08,704 INFO Sending request to https://cds.climate.copernicus.eu/api/v2/resources/reanalysis-era5-single-levels
2023-06-02 14:22:08,876 INFO Request is queued
2023-06-02 14:22:11,653 INFO Request is running
2023-06-02 14:22:17,555 INFO Request is completed
/home/mundi/Summer2022/myfuncs.py:73: RuntimeWarning: More than 20 figures have been opened. Figures created through the pyplot interface (`matplotlib.pyplot.figure`) are retained until explicitly closed and may consume too much memory. (To control this warning, see the rcParam `figure.max_open_warning`).
  fig=plt.figure(figsize=[15,15])
2023-06-02 14:22:19,783 INFO Welcome to the CDS
2023-06-02 14:22:19,783 INFO Sending request to https://cds.climate.copernicus.eu/api/v2/resources/reanalysis-era5-single-levels
2023-06-02 14:22:19,992 INFO Request is queued
2023-06-02 14:22:25,151 INFO Request is running
2023-06-02 14:22:28,666 INFO Request is completed
/home/mundi/Summer2022/myfuncs.py:73: RuntimeWarning: More than 20 figures have been opened. Figures created through the pyplot interface (`matplotlib.pyplot.figure`) are retained until explicitly closed and may consume too much memory. (To control this warning, see the rcParam `figure.max_open_warning`).
  fig=plt.figure(figsize=[15,15])
2023-06-02 14:22:31,065 INFO Welcome to the CDS
2023-06-02 14:22:31,065 INFO Sending request to https://cds.climate.copernicus.eu/api/v2/resources/reanalysis-era5-single-levels
2023-06-02 14:22:31,216 INFO Request is queued
2023-06-02 14:26:50,982 INFO Request is completed
/home/mundi/Summer2022/myfuncs.py:73: RuntimeWarning: More than 20 figures have been opened. Figures created through the pyplot interface (`matplotlib.pyplot.figure`) are retained until explicitly closed and may consume too much memory. (To control this warning, see the rcParam `figure.max_open_warning`).
  fig=plt.figure(figsize=[15,15])
2023-06-02 14:26:53,255 INFO Welcome to the CDS
2023-06-02 14:26:53,255 INFO Sending request to https://cds.climate.copernicus.eu/api/v2/resources/reanalysis-era5-single-levels
2023-06-02 14:26:53,398 INFO Request is queued
2023-06-02 14:26:56,160 INFO Request is running
2023-06-02 14:26:58,542 INFO Request is completed
/home/mundi/Summer2022/myfuncs.py:73: RuntimeWarning: More than 20 figures have been opened. Figures created through the pyplot interface (`matplotlib.pyplot.figure`) are retained until explicitly closed and may consume too much memory. (To control this warning, see the rcParam `figure.max_open_warning`).
  fig=plt.figure(figsize=[15,15])
2023-06-02 14:27:00,871 INFO Welcome to the CDS
2023-06-02 14:27:00,871 INFO Sending request to https://cds.climate.copernicus.eu/api/v2/resources/reanalysis-era5-single-levels
2023-06-02 14:27:01,069 INFO Request is queued
2023-06-02 14:27:03,831 INFO Request is running
2023-06-02 14:27:06,212 INFO Request is completed
/home/mundi/Summer2022/myfuncs.py:73: RuntimeWarning: More than 20 figures have been opened. Figures created through the pyplot interface (`matplotlib.pyplot.figure`) are retained until explicitly closed and may consume too much memory. (To control this warning, see the rcParam `figure.max_open_warning`).
  fig=plt.figure(figsize=[15,15])
2023-06-02 14:27:09,588 INFO Welcome to the CDS
2023-06-02 14:27:09,588 INFO Sending request to https://cds.climate.copernicus.eu/api/v2/resources/reanalysis-era5-single-levels
2023-06-02 14:27:09,755 INFO Request is queued
2023-06-02 14:27:10,885 INFO Request is running
2023-06-02 14:27:14,896 INFO Request is completed
/home/mundi/Summer2022/myfuncs.py:73: RuntimeWarning: More than 20 figures have been opened. Figures created through the pyplot interface (`matplotlib.pyplot.figure`) are retained until explicitly closed and may consume too much memory. (To control this warning, see the rcParam `figure.max_open_warning`).
  fig=plt.figure(figsize=[15,15])
2023-06-02 14:27:17,416 INFO Welcome to the CDS
2023-06-02 14:27:17,416 INFO Sending request to https://cds.climate.copernicus.eu/api/v2/resources/reanalysis-era5-single-levels
2023-06-02 14:27:17,584 INFO Request is queued
2023-06-02 14:27:22,756 INFO Request is running
2023-06-02 14:27:26,266 INFO Request is completed
/home/mundi/Summer2022/myfuncs.py:73: RuntimeWarning: More than 20 figures have been opened. Figures created through the pyplot interface (`matplotlib.pyplot.figure`) are retained until explicitly closed and may consume too much memory. (To control this warning, see the rcParam `figure.max_open_warning`).
  fig=plt.figure(figsize=[15,15])
2023-06-02 14:27:28,875 INFO Welcome to the CDS
2023-06-02 14:27:28,875 INFO Sending request to https://cds.climate.copernicus.eu/api/v2/resources/reanalysis-era5-single-levels
2023-06-02 14:27:29,039 INFO Request is queued
2023-06-02 14:37:50,601 INFO Request is completed
/home/mundi/Summer2022/myfuncs.py:73: RuntimeWarning: More than 20 figures have been opened. Figures created through the pyplot interface (`matplotlib.pyplot.figure`) are retained until explicitly closed and may consume too much memory. (To control this warning, see the rcParam `figure.max_open_warning`).
  fig=plt.figure(figsize=[15,15])
2023-06-02 14:38:06,941 INFO Welcome to the CDS
2023-06-02 14:38:06,942 INFO Sending request to https://cds.climate.copernicus.eu/api/v2/resources/reanalysis-era5-single-levels
2023-06-02 14:38:07,133 INFO Request is completed
/home/mundi/Summer2022/myfuncs.py:73: RuntimeWarning: More than 20 figures have been opened. Figures created through the pyplot interface (`matplotlib.pyplot.figure`) are retained until explicitly closed and may consume too much memory. (To control this warning, see the rcParam `figure.max_open_warning`).
  fig=plt.figure(figsize=[15,15])
2023-06-02 14:38:10,740 INFO Welcome to the CDS
2023-06-02 14:38:10,740 INFO Sending request to https://cds.climate.copernicus.eu/api/v2/resources/reanalysis-era5-single-levels
2023-06-02 14:38:10,932 INFO Request is queued
2023-06-02 14:38:32,528 INFO Request is completed
/home/mundi/Summer2022/myfuncs.py:73: RuntimeWarning: More than 20 figures have been opened. Figures created through the pyplot interface (`matplotlib.pyplot.figure`) are retained until explicitly closed and may consume too much memory. (To control this warning, see the rcParam `figure.max_open_warning`).
  fig=plt.figure(figsize=[15,15])
2023-06-02 14:38:34,841 INFO Welcome to the CDS
2023-06-02 14:38:34,841 INFO Sending request to https://cds.climate.copernicus.eu/api/v2/resources/reanalysis-era5-single-levels
2023-06-02 14:38:34,989 INFO Request is queued
2023-06-02 14:48:56,630 INFO Request is completed
/home/mundi/Summer2022/myfuncs.py:73: RuntimeWarning: More than 20 figures have been opened. Figures created through the pyplot interface (`matplotlib.pyplot.figure`) are retained until explicitly closed and may consume too much memory. (To control this warning, see the rcParam `figure.max_open_warning`).
  fig=plt.figure(figsize=[15,15])
2023-06-02 14:49:00,901 INFO Welcome to the CDS
2023-06-02 14:49:00,902 INFO Sending request to https://cds.climate.copernicus.eu/api/v2/resources/reanalysis-era5-single-levels
2023-06-02 14:49:01,045 INFO Request is queued
2023-06-02 14:57:21,965 INFO Request is completed
/home/mundi/Summer2022/myfuncs.py:73: RuntimeWarning: More than 20 figures have been opened. Figures created through the pyplot interface (`matplotlib.pyplot.figure`) are retained until explicitly closed and may consume too much memory. (To control this warning, see the rcParam `figure.max_open_warning`).
  fig=plt.figure(figsize=[15,15])
2023-06-02 14:57:24,411 INFO Welcome to the CDS
2023-06-02 14:57:24,412 INFO Sending request to https://cds.climate.copernicus.eu/api/v2/resources/reanalysis-era5-single-levels
2023-06-02 14:57:24,700 INFO Request is queued
2023-06-02 14:57:25,836 INFO Request is running
2023-06-02 14:57:29,861 INFO Request is completed
/home/mundi/Summer2022/myfuncs.py:73: RuntimeWarning: More than 20 figures have been opened. Figures created through the pyplot interface (`matplotlib.pyplot.figure`) are retained until explicitly closed and may consume too much memory. (To control this warning, see the rcParam `figure.max_open_warning`).
  fig=plt.figure(figsize=[15,15])
2023-06-02 14:57:32,165 INFO Welcome to the CDS
2023-06-02 14:57:32,165 INFO Sending request to https://cds.climate.copernicus.eu/api/v2/resources/reanalysis-era5-single-levels
2023-06-02 14:57:32,337 INFO Request is queued
2023-06-02 14:57:35,114 INFO Request is running
2023-06-02 14:57:37,502 INFO Request is completed
/home/mundi/Summer2022/myfuncs.py:73: RuntimeWarning: More than 20 figures have been opened. Figures created through the pyplot interface (`matplotlib.pyplot.figure`) are retained until explicitly closed and may consume too much memory. (To control this warning, see the rcParam `figure.max_open_warning`).
  fig=plt.figure(figsize=[15,15])
2023-06-02 14:57:39,967 INFO Welcome to the CDS
2023-06-02 14:57:39,967 INFO Sending request to https://cds.climate.copernicus.eu/api/v2/resources/reanalysis-era5-single-levels
2023-06-02 14:57:40,157 INFO Request is queued
2023-06-02 14:57:45,317 INFO Request is running
2023-06-02 14:57:48,830 INFO Request is completed
/home/mundi/Summer2022/myfuncs.py:73: RuntimeWarning: More than 20 figures have been opened. Figures created through the pyplot interface (`matplotlib.pyplot.figure`) are retained until explicitly closed and may consume too much memory. (To control this warning, see the rcParam `figure.max_open_warning`).
  fig=plt.figure(figsize=[15,15])
2023-06-02 14:57:52,847 INFO Welcome to the CDS
2023-06-02 14:57:52,847 INFO Sending request to https://cds.climate.copernicus.eu/api/v2/resources/reanalysis-era5-single-levels
2023-06-02 14:57:53,022 INFO Request is queued
2023-06-02 14:57:55,798 INFO Request is running
2023-06-02 14:57:58,185 INFO Request is completed
/home/mundi/Summer2022/myfuncs.py:73: RuntimeWarning: More than 20 figures have been opened. Figures created through the pyplot interface (`matplotlib.pyplot.figure`) are retained until explicitly closed and may consume too much memory. (To control this warning, see the rcParam `figure.max_open_warning`).
  fig=plt.figure(figsize=[15,15])
2023-06-02 14:58:00,948 INFO Welcome to the CDS
2023-06-02 14:58:00,949 INFO Sending request to https://cds.climate.copernicus.eu/api/v2/resources/reanalysis-era5-single-levels
2023-06-02 14:58:01,130 INFO Request is queued
2023-06-02 14:58:03,902 INFO Request is running
2023-06-02 14:58:06,290 INFO Request is completed
/home/mundi/Summer2022/myfuncs.py:73: RuntimeWarning: More than 20 figures have been opened. Figures created through the pyplot interface (`matplotlib.pyplot.figure`) are retained until explicitly closed and may consume too much memory. (To control this warning, see the rcParam `figure.max_open_warning`).
  fig=plt.figure(figsize=[15,15])
2023-06-02 14:58:08,585 INFO Welcome to the CDS
2023-06-02 14:58:08,585 INFO Sending request to https://cds.climate.copernicus.eu/api/v2/resources/reanalysis-era5-single-levels
2023-06-02 14:58:08,824 INFO Request is queued
2023-06-02 14:58:11,596 INFO Request is running
2023-06-02 14:58:13,983 INFO Request is completed
/home/mundi/Summer2022/myfuncs.py:73: RuntimeWarning: More than 20 figures have been opened. Figures created through the pyplot interface (`matplotlib.pyplot.figure`) are retained until explicitly closed and may consume too much memory. (To control this warning, see the rcParam `figure.max_open_warning`).
  fig=plt.figure(figsize=[15,15])
2023-06-02 14:58:16,585 INFO Welcome to the CDS
2023-06-02 14:58:16,585 INFO Sending request to https://cds.climate.copernicus.eu/api/v2/resources/reanalysis-era5-single-levels
2023-06-02 14:58:16,761 INFO Request is queued
2023-06-02 14:58:17,896 INFO Request is running
2023-06-02 14:58:21,920 INFO Request is completed
/home/mundi/Summer2022/myfuncs.py:73: RuntimeWarning: More than 20 figures have been opened. Figures created through the pyplot interface (`matplotlib.pyplot.figure`) are retained until explicitly closed and may consume too much memory. (To control this warning, see the rcParam `figure.max_open_warning`).
  fig=plt.figure(figsize=[15,15])
2023-06-02 14:58:24,255 INFO Welcome to the CDS
2023-06-02 14:58:24,255 INFO Sending request to https://cds.climate.copernicus.eu/api/v2/resources/reanalysis-era5-single-levels
2023-06-02 14:58:24,428 INFO Request is queued
2023-06-02 14:58:27,201 INFO Request is running
2023-06-02 14:58:29,588 INFO Request is completed
/home/mundi/Summer2022/myfuncs.py:73: RuntimeWarning: More than 20 figures have been opened. Figures created through the pyplot interface (`matplotlib.pyplot.figure`) are retained until explicitly closed and may consume too much memory. (To control this warning, see the rcParam `figure.max_open_warning`).
  fig=plt.figure(figsize=[15,15])
2023-06-02 14:58:31,931 INFO Welcome to the CDS
2023-06-02 14:58:31,931 INFO Sending request to https://cds.climate.copernicus.eu/api/v2/resources/reanalysis-era5-single-levels
2023-06-02 14:58:32,104 INFO Request is queued
2023-06-02 14:58:33,240 INFO Request is running
2023-06-02 14:58:37,265 INFO Request is completed
/home/mundi/Summer2022/myfuncs.py:73: RuntimeWarning: More than 20 figures have been opened. Figures created through the pyplot interface (`matplotlib.pyplot.figure`) are retained until explicitly closed and may consume too much memory. (To control this warning, see the rcParam `figure.max_open_warning`).
  fig=plt.figure(figsize=[15,15])
2023-06-02 14:58:39,545 INFO Welcome to the CDS
2023-06-02 14:58:39,545 INFO Sending request to https://cds.climate.copernicus.eu/api/v2/resources/reanalysis-era5-single-levels
2023-06-02 14:58:39,703 INFO Request is queued
2023-06-02 14:58:42,475 INFO Request is running
2023-06-02 14:58:44,863 INFO Request is completed
/home/mundi/Summer2022/myfuncs.py:73: RuntimeWarning: More than 20 figures have been opened. Figures created through the pyplot interface (`matplotlib.pyplot.figure`) are retained until explicitly closed and may consume too much memory. (To control this warning, see the rcParam `figure.max_open_warning`).
  fig=plt.figure(figsize=[15,15])
2023-06-02 14:58:47,352 INFO Welcome to the CDS
2023-06-02 14:58:47,352 INFO Sending request to https://cds.climate.copernicus.eu/api/v2/resources/reanalysis-era5-single-levels
2023-06-02 14:58:47,541 INFO Request is queued
2023-06-02 14:58:48,677 INFO Request is running
2023-06-02 14:58:52,700 INFO Request is completed
/home/mundi/Summer2022/myfuncs.py:73: RuntimeWarning: More than 20 figures have been opened. Figures created through the pyplot interface (`matplotlib.pyplot.figure`) are retained until explicitly closed and may consume too much memory. (To control this warning, see the rcParam `figure.max_open_warning`).
  fig=plt.figure(figsize=[15,15])
2023-06-02 14:58:56,874 INFO Welcome to the CDS
2023-06-02 14:58:56,874 INFO Sending request to https://cds.climate.copernicus.eu/api/v2/resources/reanalysis-era5-single-levels
2023-06-02 14:58:57,044 INFO Request is queued
2023-06-02 14:59:02,203 INFO Request is running
2023-06-02 14:59:05,716 INFO Request is completed
/home/mundi/Summer2022/myfuncs.py:73: RuntimeWarning: More than 20 figures have been opened. Figures created through the pyplot interface (`matplotlib.pyplot.figure`) are retained until explicitly closed and may consume too much memory. (To control this warning, see the rcParam `figure.max_open_warning`).
  fig=plt.figure(figsize=[15,15])
2023-06-02 14:59:17,564 INFO Welcome to the CDS
2023-06-02 14:59:17,565 INFO Sending request to https://cds.climate.copernicus.eu/api/v2/resources/reanalysis-era5-single-levels
2023-06-02 14:59:17,719 INFO Request is completed
/home/mundi/Summer2022/myfuncs.py:73: RuntimeWarning: More than 20 figures have been opened. Figures created through the pyplot interface (`matplotlib.pyplot.figure`) are retained until explicitly closed and may consume too much memory. (To control this warning, see the rcParam `figure.max_open_warning`).
  fig=plt.figure(figsize=[15,15])
2023-06-02 14:59:19,885 INFO Welcome to the CDS
2023-06-02 14:59:19,886 INFO Sending request to https://cds.climate.copernicus.eu/api/v2/resources/reanalysis-era5-single-levels
2023-06-02 14:59:20,043 INFO Request is completed
/home/mundi/Summer2022/myfuncs.py:73: RuntimeWarning: More than 20 figures have been opened. Figures created through the pyplot interface (`matplotlib.pyplot.figure`) are retained until explicitly closed and may consume too much memory. (To control this warning, see the rcParam `figure.max_open_warning`).
  fig=plt.figure(figsize=[15,15])
2023-06-02 14:59:23,115 INFO Welcome to the CDS
2023-06-02 14:59:23,115 INFO Sending request to https://cds.climate.copernicus.eu/api/v2/resources/reanalysis-era5-single-levels
2023-06-02 14:59:23,285 INFO Request is completed
/home/mundi/Summer2022/myfuncs.py:73: RuntimeWarning: More than 20 figures have been opened. Figures created through the pyplot interface (`matplotlib.pyplot.figure`) are retained until explicitly closed and may consume too much memory. (To control this warning, see the rcParam `figure.max_open_warning`).
  fig=plt.figure(figsize=[15,15])
2023-06-02 14:59:29,130 INFO Welcome to the CDS
2023-06-02 14:59:29,130 INFO Sending request to https://cds.climate.copernicus.eu/api/v2/resources/reanalysis-era5-single-levels
2023-06-02 14:59:29,321 INFO Request is completed
/home/mundi/Summer2022/myfuncs.py:73: RuntimeWarning: More than 20 figures have been opened. Figures created through the pyplot interface (`matplotlib.pyplot.figure`) are retained until explicitly closed and may consume too much memory. (To control this warning, see the rcParam `figure.max_open_warning`).
  fig=plt.figure(figsize=[15,15])
2023-06-02 14:59:34,674 INFO Welcome to the CDS
2023-06-02 14:59:34,674 INFO Sending request to https://cds.climate.copernicus.eu/api/v2/resources/reanalysis-era5-single-levels
2023-06-02 14:59:34,857 INFO Request is completed
/home/mundi/Summer2022/myfuncs.py:73: RuntimeWarning: More than 20 figures have been opened. Figures created through the pyplot interface (`matplotlib.pyplot.figure`) are retained until explicitly closed and may consume too much memory. (To control this warning, see the rcParam `figure.max_open_warning`).
  fig=plt.figure(figsize=[15,15])
2023-06-02 14:59:41,481 INFO Welcome to the CDS
2023-06-02 14:59:41,481 INFO Sending request to https://cds.climate.copernicus.eu/api/v2/resources/reanalysis-era5-single-levels
2023-06-02 14:59:41,637 INFO Request is queued
2023-06-02 15:06:02,367 INFO Request is completed
/home/mundi/Summer2022/myfuncs.py:73: RuntimeWarning: More than 20 figures have been opened. Figures created through the pyplot interface (`matplotlib.pyplot.figure`) are retained until explicitly closed and may consume too much memory. (To control this warning, see the rcParam `figure.max_open_warning`).
  fig=plt.figure(figsize=[15,15])
2023-06-02 15:06:04,683 INFO Welcome to the CDS
2023-06-02 15:06:04,683 INFO Sending request to https://cds.climate.copernicus.eu/api/v2/resources/reanalysis-era5-single-levels
2023-06-02 15:06:04,871 INFO Request is queued
2023-06-02 15:06:13,544 INFO Request is completed
/home/mundi/Summer2022/myfuncs.py:73: RuntimeWarning: More than 20 figures have been opened. Figures created through the pyplot interface (`matplotlib.pyplot.figure`) are retained until explicitly closed and may consume too much memory. (To control this warning, see the rcParam `figure.max_open_warning`).
  fig=plt.figure(figsize=[15,15])
2023-06-02 15:06:15,923 INFO Welcome to the CDS
2023-06-02 15:06:15,923 INFO Sending request to https://cds.climate.copernicus.eu/api/v2/resources/reanalysis-era5-single-levels
2023-06-02 15:06:16,110 INFO Request is queued
2023-06-02 15:06:21,271 INFO Request is running
2023-06-02 15:06:24,784 INFO Request is completed
/home/mundi/Summer2022/myfuncs.py:73: RuntimeWarning: More than 20 figures have been opened. Figures created through the pyplot interface (`matplotlib.pyplot.figure`) are retained until explicitly closed and may consume too much memory. (To control this warning, see the rcParam `figure.max_open_warning`).
  fig=plt.figure(figsize=[15,15])
2023-06-02 15:06:30,117 INFO Welcome to the CDS
2023-06-02 15:06:30,117 INFO Sending request to https://cds.climate.copernicus.eu/api/v2/resources/reanalysis-era5-single-levels
2023-06-02 15:06:30,300 INFO Request is completed
/home/mundi/Summer2022/myfuncs.py:73: RuntimeWarning: More than 20 figures have been opened. Figures created through the pyplot interface (`matplotlib.pyplot.figure`) are retained until explicitly closed and may consume too much memory. (To control this warning, see the rcParam `figure.max_open_warning`).
  fig=plt.figure(figsize=[15,15])
2023-06-02 15:06:36,702 INFO Welcome to the CDS
2023-06-02 15:06:36,703 INFO Sending request to https://cds.climate.copernicus.eu/api/v2/resources/reanalysis-era5-single-levels
2023-06-02 15:06:36,888 INFO Request is completed
/home/mundi/Summer2022/myfuncs.py:73: RuntimeWarning: More than 20 figures have been opened. Figures created through the pyplot interface (`matplotlib.pyplot.figure`) are retained until explicitly closed and may consume too much memory. (To control this warning, see the rcParam `figure.max_open_warning`).
  fig=plt.figure(figsize=[15,15])
2023-06-02 15:06:39,106 INFO Welcome to the CDS
2023-06-02 15:06:39,106 INFO Sending request to https://cds.climate.copernicus.eu/api/v2/resources/reanalysis-era5-single-levels
2023-06-02 15:06:39,292 INFO Request is completed
/home/mundi/Summer2022/myfuncs.py:73: RuntimeWarning: More than 20 figures have been opened. Figures created through the pyplot interface (`matplotlib.pyplot.figure`) are retained until explicitly closed and may consume too much memory. (To control this warning, see the rcParam `figure.max_open_warning`).
  fig=plt.figure(figsize=[15,15])
2023-06-02 15:06:41,498 INFO Welcome to the CDS
2023-06-02 15:06:41,498 INFO Sending request to https://cds.climate.copernicus.eu/api/v2/resources/reanalysis-era5-single-levels
2023-06-02 15:06:41,681 INFO Request is completed
/home/mundi/Summer2022/myfuncs.py:73: RuntimeWarning: More than 20 figures have been opened. Figures created through the pyplot interface (`matplotlib.pyplot.figure`) are retained until explicitly closed and may consume too much memory. (To control this warning, see the rcParam `figure.max_open_warning`).
  fig=plt.figure(figsize=[15,15])
2023-06-02 15:06:46,763 INFO Welcome to the CDS
2023-06-02 15:06:46,763 INFO Sending request to https://cds.climate.copernicus.eu/api/v2/resources/reanalysis-era5-single-levels
2023-06-02 15:06:46,958 INFO Request is queued
2023-06-02 15:13:07,339 INFO Request is completed
/home/mundi/Summer2022/myfuncs.py:73: RuntimeWarning: More than 20 figures have been opened. Figures created through the pyplot interface (`matplotlib.pyplot.figure`) are retained until explicitly closed and may consume too much memory. (To control this warning, see the rcParam `figure.max_open_warning`).
  fig=plt.figure(figsize=[15,15])
2023-06-02 15:13:11,086 INFO Welcome to the CDS
2023-06-02 15:13:11,086 INFO Sending request to https://cds.climate.copernicus.eu/api/v2/resources/reanalysis-era5-single-levels
2023-06-02 15:13:11,264 INFO Request is queued
2023-06-02 15:19:31,675 INFO Request is completed
/home/mundi/Summer2022/myfuncs.py:73: RuntimeWarning: More than 20 figures have been opened. Figures created through the pyplot interface (`matplotlib.pyplot.figure`) are retained until explicitly closed and may consume too much memory. (To control this warning, see the rcParam `figure.max_open_warning`).
  fig=plt.figure(figsize=[15,15])
2023-06-02 15:19:36,359 INFO Welcome to the CDS
2023-06-02 15:19:36,360 INFO Sending request to https://cds.climate.copernicus.eu/api/v2/resources/reanalysis-era5-single-levels
2023-06-02 15:19:36,544 INFO Request is queued
2023-06-02 15:25:56,848 INFO Request is completed
/home/mundi/Summer2022/myfuncs.py:73: RuntimeWarning: More than 20 figures have been opened. Figures created through the pyplot interface (`matplotlib.pyplot.figure`) are retained until explicitly closed and may consume too much memory. (To control this warning, see the rcParam `figure.max_open_warning`).
  fig=plt.figure(figsize=[15,15])
2023-06-02 15:26:03,168 INFO Welcome to the CDS
2023-06-02 15:26:03,168 INFO Sending request to https://cds.climate.copernicus.eu/api/v2/resources/reanalysis-era5-single-levels
2023-06-02 15:26:03,348 INFO Request is completed
/home/mundi/Summer2022/myfuncs.py:73: RuntimeWarning: More than 20 figures have been opened. Figures created through the pyplot interface (`matplotlib.pyplot.figure`) are retained until explicitly closed and may consume too much memory. (To control this warning, see the rcParam `figure.max_open_warning`).
  fig=plt.figure(figsize=[15,15])
2023-06-02 15:26:15,757 INFO Welcome to the CDS
2023-06-02 15:26:15,757 INFO Sending request to https://cds.climate.copernicus.eu/api/v2/resources/reanalysis-era5-single-levels
2023-06-02 15:26:15,913 INFO Request is queued
2023-06-02 15:36:37,562 INFO Request is completed
/home/mundi/Summer2022/myfuncs.py:73: RuntimeWarning: More than 20 figures have been opened. Figures created through the pyplot interface (`matplotlib.pyplot.figure`) are retained until explicitly closed and may consume too much memory. (To control this warning, see the rcParam `figure.max_open_warning`).
  fig=plt.figure(figsize=[15,15])
2023-06-02 15:36:43,248 INFO Welcome to the CDS
2023-06-02 15:36:43,249 INFO Sending request to https://cds.climate.copernicus.eu/api/v2/resources/reanalysis-era5-single-levels
2023-06-02 15:36:43,388 INFO Request is queued
2023-06-02 15:39:35,978 INFO Request is completed
/home/mundi/Summer2022/myfuncs.py:73: RuntimeWarning: More than 20 figures have been opened. Figures created through the pyplot interface (`matplotlib.pyplot.figure`) are retained until explicitly closed and may consume too much memory. (To control this warning, see the rcParam `figure.max_open_warning`).
  fig=plt.figure(figsize=[15,15])
/home/mundi/miniconda3/envs/cyc_loc/lib/python3.8/site-packages/cartopy/mpl/geoaxes.py:1478: UserWarning: No contour levels were found within the data range.
  result = matplotlib.axes.Axes.contour(self, *args, **kwargs)
2023-06-02 15:40:09,496 INFO Welcome to the CDS
2023-06-02 15:40:09,496 INFO Sending request to https://cds.climate.copernicus.eu/api/v2/resources/reanalysis-era5-single-levels
2023-06-02 15:40:09,656 INFO Request is queued
2023-06-02 15:43:02,246 INFO Request is completed
/home/mundi/Summer2022/myfuncs.py:73: RuntimeWarning: More than 20 figures have been opened. Figures created through the pyplot interface (`matplotlib.pyplot.figure`) are retained until explicitly closed and may consume too much memory. (To control this warning, see the rcParam `figure.max_open_warning`).
  fig=plt.figure(figsize=[15,15])
/home/mundi/miniconda3/envs/cyc_loc/lib/python3.8/site-packages/cartopy/mpl/geoaxes.py:1478: UserWarning: No contour levels were found within the data range.
  result = matplotlib.axes.Axes.contour(self, *args, **kwargs)
2023-06-02 15:43:35,369 INFO Welcome to the CDS
2023-06-02 15:43:35,369 INFO Sending request to https://cds.climate.copernicus.eu/api/v2/resources/reanalysis-era5-single-levels
2023-06-02 15:43:35,588 INFO Request is queued
2023-06-02 15:43:38,348 INFO Request is running
2023-06-02 15:43:44,239 INFO Request is completed
/home/mundi/Summer2022/myfuncs.py:73: RuntimeWarning: More than 20 figures have been opened. Figures created through the pyplot interface (`matplotlib.pyplot.figure`) are retained until explicitly closed and may consume too much memory. (To control this warning, see the rcParam `figure.max_open_warning`).
  fig=plt.figure(figsize=[15,15])
/home/mundi/miniconda3/envs/cyc_loc/lib/python3.8/site-packages/cartopy/mpl/geoaxes.py:1478: UserWarning: No contour levels were found within the data range.
  result = matplotlib.axes.Axes.contour(self, *args, **kwargs)
2023-06-02 15:43:55,890 INFO Welcome to the CDS
2023-06-02 15:43:55,891 INFO Sending request to https://cds.climate.copernicus.eu/api/v2/resources/reanalysis-era5-single-levels
2023-06-02 15:43:56,089 INFO Request is queued
2023-06-02 15:44:04,739 INFO Request is running
2023-06-02 15:44:09,936 INFO Request is completed
/home/mundi/Summer2022/myfuncs.py:73: RuntimeWarning: More than 20 figures have been opened. Figures created through the pyplot interface (`matplotlib.pyplot.figure`) are retained until explicitly closed and may consume too much memory. (To control this warning, see the rcParam `figure.max_open_warning`).
  fig=plt.figure(figsize=[15,15])
2023-06-02 15:44:14,846 INFO Welcome to the CDS
2023-06-02 15:44:14,846 INFO Sending request to https://cds.climate.copernicus.eu/api/v2/resources/reanalysis-era5-single-levels
2023-06-02 15:44:15,006 INFO Request is queued
2023-06-02 15:44:16,136 INFO Request is running
2023-06-02 15:44:20,150 INFO Request is completed
/home/mundi/Summer2022/myfuncs.py:73: RuntimeWarning: More than 20 figures have been opened. Figures created through the pyplot interface (`matplotlib.pyplot.figure`) are retained until explicitly closed and may consume too much memory. (To control this warning, see the rcParam `figure.max_open_warning`).
  fig=plt.figure(figsize=[15,15])
2023-06-02 15:44:25,382 INFO Welcome to the CDS
2023-06-02 15:44:25,382 INFO Sending request to https://cds.climate.copernicus.eu/api/v2/resources/reanalysis-era5-single-levels
2023-06-02 15:44:25,548 INFO Request is queued
2023-06-02 15:44:28,309 INFO Request is running
2023-06-02 15:44:30,691 INFO Request is completed
/home/mundi/Summer2022/myfuncs.py:73: RuntimeWarning: More than 20 figures have been opened. Figures created through the pyplot interface (`matplotlib.pyplot.figure`) are retained until explicitly closed and may consume too much memory. (To control this warning, see the rcParam `figure.max_open_warning`).
  fig=plt.figure(figsize=[15,15])
2023-06-02 15:44:35,079 INFO Welcome to the CDS
2023-06-02 15:44:35,079 INFO Sending request to https://cds.climate.copernicus.eu/api/v2/resources/reanalysis-era5-single-levels
2023-06-02 15:44:35,258 INFO Request is completed
/home/mundi/Summer2022/myfuncs.py:73: RuntimeWarning: More than 20 figures have been opened. Figures created through the pyplot interface (`matplotlib.pyplot.figure`) are retained until explicitly closed and may consume too much memory. (To control this warning, see the rcParam `figure.max_open_warning`).
  fig=plt.figure(figsize=[15,15])
2023-06-02 15:44:37,625 INFO Welcome to the CDS
2023-06-02 15:44:37,625 INFO Sending request to https://cds.climate.copernicus.eu/api/v2/resources/reanalysis-era5-single-levels
2023-06-02 15:44:37,796 INFO Request is completed
/home/mundi/Summer2022/myfuncs.py:73: RuntimeWarning: More than 20 figures have been opened. Figures created through the pyplot interface (`matplotlib.pyplot.figure`) are retained until explicitly closed and may consume too much memory. (To control this warning, see the rcParam `figure.max_open_warning`).
  fig=plt.figure(figsize=[15,15])
2023-06-02 15:44:42,483 INFO Welcome to the CDS
2023-06-02 15:44:42,484 INFO Sending request to https://cds.climate.copernicus.eu/api/v2/resources/reanalysis-era5-single-levels
2023-06-02 15:44:42,666 INFO Request is queued
2023-06-02 15:44:47,808 INFO Request is running
2023-06-02 15:44:51,316 INFO Request is completed
/home/mundi/Summer2022/myfuncs.py:73: RuntimeWarning: More than 20 figures have been opened. Figures created through the pyplot interface (`matplotlib.pyplot.figure`) are retained until explicitly closed and may consume too much memory. (To control this warning, see the rcParam `figure.max_open_warning`).
  fig=plt.figure(figsize=[15,15])
2023-06-02 15:44:56,169 INFO Welcome to the CDS
2023-06-02 15:44:56,169 INFO Sending request to https://cds.climate.copernicus.eu/api/v2/resources/reanalysis-era5-single-levels
2023-06-02 15:44:56,330 INFO Request is completed
/home/mundi/Summer2022/myfuncs.py:73: RuntimeWarning: More than 20 figures have been opened. Figures created through the pyplot interface (`matplotlib.pyplot.figure`) are retained until explicitly closed and may consume too much memory. (To control this warning, see the rcParam `figure.max_open_warning`).
  fig=plt.figure(figsize=[15,15])
2023-06-02 15:45:02,262 INFO Welcome to the CDS
2023-06-02 15:45:02,262 INFO Sending request to https://cds.climate.copernicus.eu/api/v2/resources/reanalysis-era5-single-levels
2023-06-02 15:45:02,570 INFO Request is completed
/home/mundi/Summer2022/myfuncs.py:73: RuntimeWarning: More than 20 figures have been opened. Figures created through the pyplot interface (`matplotlib.pyplot.figure`) are retained until explicitly closed and may consume too much memory. (To control this warning, see the rcParam `figure.max_open_warning`).
  fig=plt.figure(figsize=[15,15])
2023-06-02 15:45:06,503 INFO Welcome to the CDS
2023-06-02 15:45:06,503 INFO Sending request to https://cds.climate.copernicus.eu/api/v2/resources/reanalysis-era5-single-levels
2023-06-02 15:45:06,681 INFO Request is queued
2023-06-02 15:45:07,812 INFO Request is running
2023-06-02 15:45:11,825 INFO Request is completed
/home/mundi/Summer2022/myfuncs.py:73: RuntimeWarning: More than 20 figures have been opened. Figures created through the pyplot interface (`matplotlib.pyplot.figure`) are retained until explicitly closed and may consume too much memory. (To control this warning, see the rcParam `figure.max_open_warning`).
  fig=plt.figure(figsize=[15,15])
2023-06-02 15:45:14,162 INFO Welcome to the CDS
2023-06-02 15:45:14,162 INFO Sending request to https://cds.climate.copernicus.eu/api/v2/resources/reanalysis-era5-single-levels
2023-06-02 15:45:14,311 INFO Request is queued
2023-06-02 15:45:17,071 INFO Request is running
2023-06-02 15:45:22,961 INFO Request is completed
/home/mundi/Summer2022/myfuncs.py:73: RuntimeWarning: More than 20 figures have been opened. Figures created through the pyplot interface (`matplotlib.pyplot.figure`) are retained until explicitly closed and may consume too much memory. (To control this warning, see the rcParam `figure.max_open_warning`).
  fig=plt.figure(figsize=[15,15])
2023-06-02 15:45:26,769 INFO Welcome to the CDS
2023-06-02 15:45:26,769 INFO Sending request to https://cds.climate.copernicus.eu/api/v2/resources/reanalysis-era5-single-levels
2023-06-02 15:45:26,926 INFO Request is queued
2023-06-02 15:45:29,687 INFO Request is running
2023-06-02 15:45:32,069 INFO Request is completed
/home/mundi/Summer2022/myfuncs.py:73: RuntimeWarning: More than 20 figures have been opened. Figures created through the pyplot interface (`matplotlib.pyplot.figure`) are retained until explicitly closed and may consume too much memory. (To control this warning, see the rcParam `figure.max_open_warning`).
  fig=plt.figure(figsize=[15,15])
2023-06-02 15:45:34,948 INFO Welcome to the CDS
2023-06-02 15:45:34,948 INFO Sending request to https://cds.climate.copernicus.eu/api/v2/resources/reanalysis-era5-single-levels
2023-06-02 15:45:35,109 INFO Request is queued
2023-06-02 15:45:40,252 INFO Request is running
2023-06-02 15:45:44,177 INFO Request is completed
/home/mundi/Summer2022/myfuncs.py:73: RuntimeWarning: More than 20 figures have been opened. Figures created through the pyplot interface (`matplotlib.pyplot.figure`) are retained until explicitly closed and may consume too much memory. (To control this warning, see the rcParam `figure.max_open_warning`).
  fig=plt.figure(figsize=[15,15])
2023-06-02 15:45:47,223 INFO Welcome to the CDS
2023-06-02 15:45:47,223 INFO Sending request to https://cds.climate.copernicus.eu/api/v2/resources/reanalysis-era5-single-levels
2023-06-02 15:45:47,415 INFO Request is completed
/home/mundi/Summer2022/myfuncs.py:73: RuntimeWarning: More than 20 figures have been opened. Figures created through the pyplot interface (`matplotlib.pyplot.figure`) are retained until explicitly closed and may consume too much memory. (To control this warning, see the rcParam `figure.max_open_warning`).
  fig=plt.figure(figsize=[15,15])
2023-06-02 15:45:49,706 INFO Welcome to the CDS
2023-06-02 15:45:49,706 INFO Sending request to https://cds.climate.copernicus.eu/api/v2/resources/reanalysis-era5-single-levels
2023-06-02 15:45:50,043 INFO Request is queued
2023-06-02 15:45:52,816 INFO Request is running
2023-06-02 15:45:58,718 INFO Request is completed
/home/mundi/Summer2022/myfuncs.py:73: RuntimeWarning: More than 20 figures have been opened. Figures created through the pyplot interface (`matplotlib.pyplot.figure`) are retained until explicitly closed and may consume too much memory. (To control this warning, see the rcParam `figure.max_open_warning`).
  fig=plt.figure(figsize=[15,15])
2023-06-02 15:46:01,030 INFO Welcome to the CDS
2023-06-02 15:46:01,030 INFO Sending request to https://cds.climate.copernicus.eu/api/v2/resources/reanalysis-era5-single-levels
2023-06-02 15:46:01,313 INFO Request is queued
2023-06-02 15:46:02,449 INFO Request is running
2023-06-02 15:46:06,474 INFO Request is completed
/home/mundi/Summer2022/myfuncs.py:73: RuntimeWarning: More than 20 figures have been opened. Figures created through the pyplot interface (`matplotlib.pyplot.figure`) are retained until explicitly closed and may consume too much memory. (To control this warning, see the rcParam `figure.max_open_warning`).
  fig=plt.figure(figsize=[15,15])
2023-06-02 15:46:09,153 INFO Welcome to the CDS
2023-06-02 15:46:09,154 INFO Sending request to https://cds.climate.copernicus.eu/api/v2/resources/reanalysis-era5-single-levels
2023-06-02 15:46:09,313 INFO Request is queued
2023-06-02 15:46:14,472 INFO Request is running
2023-06-02 15:46:17,986 INFO Request is completed
/home/mundi/Summer2022/myfuncs.py:73: RuntimeWarning: More than 20 figures have been opened. Figures created through the pyplot interface (`matplotlib.pyplot.figure`) are retained until explicitly closed and may consume too much memory. (To control this warning, see the rcParam `figure.max_open_warning`).
  fig=plt.figure(figsize=[15,15])
2023-06-02 15:46:21,662 INFO Welcome to the CDS
2023-06-02 15:46:21,662 INFO Sending request to https://cds.climate.copernicus.eu/api/v2/resources/reanalysis-era5-single-levels
2023-06-02 15:46:21,823 INFO Request is queued
2023-06-02 15:46:35,693 INFO Request is completed
/home/mundi/Summer2022/myfuncs.py:73: RuntimeWarning: More than 20 figures have been opened. Figures created through the pyplot interface (`matplotlib.pyplot.figure`) are retained until explicitly closed and may consume too much memory. (To control this warning, see the rcParam `figure.max_open_warning`).
  fig=plt.figure(figsize=[15,15])
2023-06-02 15:46:40,288 INFO Welcome to the CDS
2023-06-02 15:46:40,288 INFO Sending request to https://cds.climate.copernicus.eu/api/v2/resources/reanalysis-era5-single-levels
2023-06-02 15:46:40,457 INFO Request is queued
2023-06-02 15:55:01,487 INFO Request is completed
/home/mundi/Summer2022/myfuncs.py:73: RuntimeWarning: More than 20 figures have been opened. Figures created through the pyplot interface (`matplotlib.pyplot.figure`) are retained until explicitly closed and may consume too much memory. (To control this warning, see the rcParam `figure.max_open_warning`).
  fig=plt.figure(figsize=[15,15])
2023-06-02 15:55:03,768 INFO Welcome to the CDS
2023-06-02 15:55:03,768 INFO Sending request to https://cds.climate.copernicus.eu/api/v2/resources/reanalysis-era5-single-levels
2023-06-02 15:55:03,936 INFO Request is queued
2023-06-02 15:55:09,094 INFO Request is running
2023-06-02 15:55:12,607 INFO Request is completed
/home/mundi/Summer2022/myfuncs.py:73: RuntimeWarning: More than 20 figures have been opened. Figures created through the pyplot interface (`matplotlib.pyplot.figure`) are retained until explicitly closed and may consume too much memory. (To control this warning, see the rcParam `figure.max_open_warning`).
  fig=plt.figure(figsize=[15,15])
2023-06-02 15:55:17,300 INFO Welcome to the CDS
2023-06-02 15:55:17,300 INFO Sending request to https://cds.climate.copernicus.eu/api/v2/resources/reanalysis-era5-single-levels
2023-06-02 15:55:17,450 INFO Request is queued
2023-06-02 15:55:20,223 INFO Request is running
2023-06-02 15:55:26,124 INFO Request is completed
/home/mundi/Summer2022/myfuncs.py:73: RuntimeWarning: More than 20 figures have been opened. Figures created through the pyplot interface (`matplotlib.pyplot.figure`) are retained until explicitly closed and may consume too much memory. (To control this warning, see the rcParam `figure.max_open_warning`).
  fig=plt.figure(figsize=[15,15])
2023-06-02 15:55:28,397 INFO Welcome to the CDS
2023-06-02 15:55:28,397 INFO Sending request to https://cds.climate.copernicus.eu/api/v2/resources/reanalysis-era5-single-levels
2023-06-02 15:55:28,538 INFO Request is queued
2023-06-02 15:55:29,674 INFO Request is running
2023-06-02 15:55:33,697 INFO Request is completed
/home/mundi/Summer2022/myfuncs.py:73: RuntimeWarning: More than 20 figures have been opened. Figures created through the pyplot interface (`matplotlib.pyplot.figure`) are retained until explicitly closed and may consume too much memory. (To control this warning, see the rcParam `figure.max_open_warning`).
  fig=plt.figure(figsize=[15,15])
2023-06-02 15:55:49,789 INFO Welcome to the CDS
2023-06-02 15:55:49,789 INFO Sending request to https://cds.climate.copernicus.eu/api/v2/resources/reanalysis-era5-single-levels
2023-06-02 15:55:49,929 INFO Request is queued
2023-06-02 15:55:52,702 INFO Request is running
2023-06-02 15:55:58,604 INFO Request is completed
/home/mundi/Summer2022/myfuncs.py:73: RuntimeWarning: More than 20 figures have been opened. Figures created through the pyplot interface (`matplotlib.pyplot.figure`) are retained until explicitly closed and may consume too much memory. (To control this warning, see the rcParam `figure.max_open_warning`).
  fig=plt.figure(figsize=[15,15])
2023-06-02 15:56:14,982 INFO Welcome to the CDS
2023-06-02 15:56:14,983 INFO Sending request to https://cds.climate.copernicus.eu/api/v2/resources/reanalysis-era5-single-levels
2023-06-02 15:56:15,124 INFO Request is queued
2023-06-02 15:56:17,896 INFO Request is running
2023-06-02 15:56:20,284 INFO Request is completed
/home/mundi/Summer2022/myfuncs.py:73: RuntimeWarning: More than 20 figures have been opened. Figures created through the pyplot interface (`matplotlib.pyplot.figure`) are retained until explicitly closed and may consume too much memory. (To control this warning, see the rcParam `figure.max_open_warning`).
  fig=plt.figure(figsize=[15,15])
2023-06-02 15:56:22,559 INFO Welcome to the CDS
2023-06-02 15:56:22,559 INFO Sending request to https://cds.climate.copernicus.eu/api/v2/resources/reanalysis-era5-single-levels
2023-06-02 15:56:22,827 INFO Request is queued
2023-06-02 15:57:39,007 INFO Request is running
2023-06-02 15:58:17,625 INFO Request is completed
/home/mundi/Summer2022/myfuncs.py:73: RuntimeWarning: More than 20 figures have been opened. Figures created through the pyplot interface (`matplotlib.pyplot.figure`) are retained until explicitly closed and may consume too much memory. (To control this warning, see the rcParam `figure.max_open_warning`).
  fig=plt.figure(figsize=[15,15])
2023-06-02 15:58:22,304 INFO Welcome to the CDS
2023-06-02 15:58:22,304 INFO Sending request to https://cds.climate.copernicus.eu/api/v2/resources/reanalysis-era5-single-levels
2023-06-02 15:58:22,444 INFO Request is queued
2023-06-02 16:06:43,482 INFO Request is completed
/home/mundi/Summer2022/myfuncs.py:73: RuntimeWarning: More than 20 figures have been opened. Figures created through the pyplot interface (`matplotlib.pyplot.figure`) are retained until explicitly closed and may consume too much memory. (To control this warning, see the rcParam `figure.max_open_warning`).
  fig=plt.figure(figsize=[15,15])
2023-06-02 16:06:49,403 INFO Welcome to the CDS
2023-06-02 16:06:49,403 INFO Sending request to https://cds.climate.copernicus.eu/api/v2/resources/reanalysis-era5-single-levels
2023-06-02 16:06:49,657 INFO Request is completed
/home/mundi/Summer2022/myfuncs.py:73: RuntimeWarning: More than 20 figures have been opened. Figures created through the pyplot interface (`matplotlib.pyplot.figure`) are retained until explicitly closed and may consume too much memory. (To control this warning, see the rcParam `figure.max_open_warning`).
  fig=plt.figure(figsize=[15,15])
2023-06-02 16:06:54,087 INFO Welcome to the CDS
2023-06-02 16:06:54,087 INFO Sending request to https://cds.climate.copernicus.eu/api/v2/resources/reanalysis-era5-single-levels
2023-06-02 16:06:54,309 INFO Request is completed
/home/mundi/Summer2022/myfuncs.py:73: RuntimeWarning: More than 20 figures have been opened. Figures created through the pyplot interface (`matplotlib.pyplot.figure`) are retained until explicitly closed and may consume too much memory. (To control this warning, see the rcParam `figure.max_open_warning`).
  fig=plt.figure(figsize=[15,15])
2023-06-02 16:07:01,178 INFO Welcome to the CDS
2023-06-02 16:07:01,178 INFO Sending request to https://cds.climate.copernicus.eu/api/v2/resources/reanalysis-era5-single-levels
2023-06-02 16:07:01,376 INFO Request is completed
/home/mundi/Summer2022/myfuncs.py:73: RuntimeWarning: More than 20 figures have been opened. Figures created through the pyplot interface (`matplotlib.pyplot.figure`) are retained until explicitly closed and may consume too much memory. (To control this warning, see the rcParam `figure.max_open_warning`).
  fig=plt.figure(figsize=[15,15])
2023-06-02 16:07:06,289 INFO Welcome to the CDS
2023-06-02 16:07:06,289 INFO Sending request to https://cds.climate.copernicus.eu/api/v2/resources/reanalysis-era5-single-levels
2023-06-02 16:07:06,466 INFO Request is completed
/home/mundi/Summer2022/myfuncs.py:73: RuntimeWarning: More than 20 figures have been opened. Figures created through the pyplot interface (`matplotlib.pyplot.figure`) are retained until explicitly closed and may consume too much memory. (To control this warning, see the rcParam `figure.max_open_warning`).
  fig=plt.figure(figsize=[15,15])
2023-06-02 16:07:09,445 INFO Welcome to the CDS
2023-06-02 16:07:09,446 INFO Sending request to https://cds.climate.copernicus.eu/api/v2/resources/reanalysis-era5-single-levels
2023-06-02 16:07:09,648 INFO Request is completed
/home/mundi/Summer2022/myfuncs.py:73: RuntimeWarning: More than 20 figures have been opened. Figures created through the pyplot interface (`matplotlib.pyplot.figure`) are retained until explicitly closed and may consume too much memory. (To control this warning, see the rcParam `figure.max_open_warning`).
  fig=plt.figure(figsize=[15,15])
2023-06-02 16:07:15,819 INFO Welcome to the CDS
2023-06-02 16:07:15,819 INFO Sending request to https://cds.climate.copernicus.eu/api/v2/resources/reanalysis-era5-single-levels
2023-06-02 16:07:16,024 INFO Request is completed
/home/mundi/Summer2022/myfuncs.py:73: RuntimeWarning: More than 20 figures have been opened. Figures created through the pyplot interface (`matplotlib.pyplot.figure`) are retained until explicitly closed and may consume too much memory. (To control this warning, see the rcParam `figure.max_open_warning`).
  fig=plt.figure(figsize=[15,15])
2023-06-02 16:07:21,439 INFO Welcome to the CDS
2023-06-02 16:07:21,439 INFO Sending request to https://cds.climate.copernicus.eu/api/v2/resources/reanalysis-era5-single-levels
2023-06-02 16:07:21,652 INFO Request is completed
/home/mundi/Summer2022/myfuncs.py:73: RuntimeWarning: More than 20 figures have been opened. Figures created through the pyplot interface (`matplotlib.pyplot.figure`) are retained until explicitly closed and may consume too much memory. (To control this warning, see the rcParam `figure.max_open_warning`).
  fig=plt.figure(figsize=[15,15])
2023-06-02 16:07:31,019 INFO Welcome to the CDS
2023-06-02 16:07:31,019 INFO Sending request to https://cds.climate.copernicus.eu/api/v2/resources/reanalysis-era5-single-levels
2023-06-02 16:07:31,220 INFO Request is completed
/home/mundi/Summer2022/myfuncs.py:73: RuntimeWarning: More than 20 figures have been opened. Figures created through the pyplot interface (`matplotlib.pyplot.figure`) are retained until explicitly closed and may consume too much memory. (To control this warning, see the rcParam `figure.max_open_warning`).
  fig=plt.figure(figsize=[15,15])
2023-06-02 16:07:37,311 INFO Welcome to the CDS
2023-06-02 16:07:37,312 INFO Sending request to https://cds.climate.copernicus.eu/api/v2/resources/reanalysis-era5-single-levels
2023-06-02 16:07:37,521 INFO Request is completed
/home/mundi/Summer2022/myfuncs.py:73: RuntimeWarning: More than 20 figures have been opened. Figures created through the pyplot interface (`matplotlib.pyplot.figure`) are retained until explicitly closed and may consume too much memory. (To control this warning, see the rcParam `figure.max_open_warning`).
  fig=plt.figure(figsize=[15,15])
2023-06-02 16:07:43,067 INFO Welcome to the CDS
2023-06-02 16:07:43,067 INFO Sending request to https://cds.climate.copernicus.eu/api/v2/resources/reanalysis-era5-single-levels
2023-06-02 16:07:43,229 INFO Request is completed
/home/mundi/Summer2022/myfuncs.py:73: RuntimeWarning: More than 20 figures have been opened. Figures created through the pyplot interface (`matplotlib.pyplot.figure`) are retained until explicitly closed and may consume too much memory. (To control this warning, see the rcParam `figure.max_open_warning`).
  fig=plt.figure(figsize=[15,15])
2023-06-02 16:07:49,351 INFO Welcome to the CDS
2023-06-02 16:07:49,352 INFO Sending request to https://cds.climate.copernicus.eu/api/v2/resources/reanalysis-era5-single-levels
2023-06-02 16:07:49,554 INFO Request is completed
/home/mundi/Summer2022/myfuncs.py:73: RuntimeWarning: More than 20 figures have been opened. Figures created through the pyplot interface (`matplotlib.pyplot.figure`) are retained until explicitly closed and may consume too much memory. (To control this warning, see the rcParam `figure.max_open_warning`).
  fig=plt.figure(figsize=[15,15])
2023-06-02 16:07:57,064 INFO Welcome to the CDS
2023-06-02 16:07:57,064 INFO Sending request to https://cds.climate.copernicus.eu/api/v2/resources/reanalysis-era5-single-levels
2023-06-02 16:07:57,244 INFO Request is completed
/home/mundi/Summer2022/myfuncs.py:73: RuntimeWarning: More than 20 figures have been opened. Figures created through the pyplot interface (`matplotlib.pyplot.figure`) are retained until explicitly closed and may consume too much memory. (To control this warning, see the rcParam `figure.max_open_warning`).
  fig=plt.figure(figsize=[15,15])
2023-06-02 16:08:04,464 INFO Welcome to the CDS
2023-06-02 16:08:04,464 INFO Sending request to https://cds.climate.copernicus.eu/api/v2/resources/reanalysis-era5-single-levels
2023-06-02 16:08:04,601 INFO Request is queued
2023-06-02 16:09:59,343 INFO Request is completed
/home/mundi/Summer2022/myfuncs.py:73: RuntimeWarning: More than 20 figures have been opened. Figures created through the pyplot interface (`matplotlib.pyplot.figure`) are retained until explicitly closed and may consume too much memory. (To control this warning, see the rcParam `figure.max_open_warning`).
  fig=plt.figure(figsize=[15,15])
2023-06-02 16:10:12,960 INFO Welcome to the CDS
2023-06-02 16:10:12,961 INFO Sending request to https://cds.climate.copernicus.eu/api/v2/resources/reanalysis-era5-single-levels
2023-06-02 16:10:13,095 INFO Request is queued
2023-06-02 16:11:29,223 INFO Request is running
2023-06-02 16:12:07,835 INFO Request is completed
/home/mundi/Summer2022/myfuncs.py:73: RuntimeWarning: More than 20 figures have been opened. Figures created through the pyplot interface (`matplotlib.pyplot.figure`) are retained until explicitly closed and may consume too much memory. (To control this warning, see the rcParam `figure.max_open_warning`).
  fig=plt.figure(figsize=[15,15])
2023-06-02 16:12:13,875 INFO Welcome to the CDS
2023-06-02 16:12:13,875 INFO Sending request to https://cds.climate.copernicus.eu/api/v2/resources/reanalysis-era5-single-levels
2023-06-02 16:12:14,010 INFO Request is queued
2023-06-02 16:15:06,600 INFO Request is completed
/home/mundi/Summer2022/myfuncs.py:73: RuntimeWarning: More than 20 figures have been opened. Figures created through the pyplot interface (`matplotlib.pyplot.figure`) are retained until explicitly closed and may consume too much memory. (To control this warning, see the rcParam `figure.max_open_warning`).
  fig=plt.figure(figsize=[15,15])
2023-06-02 16:15:09,860 INFO Welcome to the CDS
2023-06-02 16:15:09,860 INFO Sending request to https://cds.climate.copernicus.eu/api/v2/resources/reanalysis-era5-single-levels
2023-06-02 16:15:09,994 INFO Request is queued
2023-06-02 16:19:29,706 INFO Request is completed
/home/mundi/Summer2022/myfuncs.py:73: RuntimeWarning: More than 20 figures have been opened. Figures created through the pyplot interface (`matplotlib.pyplot.figure`) are retained until explicitly closed and may consume too much memory. (To control this warning, see the rcParam `figure.max_open_warning`).
  fig=plt.figure(figsize=[15,15])
2023-06-02 16:19:38,740 INFO Welcome to the CDS
2023-06-02 16:19:38,741 INFO Sending request to https://cds.climate.copernicus.eu/api/v2/resources/reanalysis-era5-single-levels
2023-06-02 16:19:38,921 INFO Request is queued
2023-06-02 16:21:33,691 INFO Request is completed
/home/mundi/Summer2022/myfuncs.py:73: RuntimeWarning: More than 20 figures have been opened. Figures created through the pyplot interface (`matplotlib.pyplot.figure`) are retained until explicitly closed and may consume too much memory. (To control this warning, see the rcParam `figure.max_open_warning`).
  fig=plt.figure(figsize=[15,15])
2023-06-02 16:21:37,536 INFO Welcome to the CDS
2023-06-02 16:21:37,536 INFO Sending request to https://cds.climate.copernicus.eu/api/v2/resources/reanalysis-era5-single-levels
2023-06-02 16:21:37,713 INFO Request is queued
2023-06-02 16:29:58,711 INFO Request is completed
/home/mundi/Summer2022/myfuncs.py:73: RuntimeWarning: More than 20 figures have been opened. Figures created through the pyplot interface (`matplotlib.pyplot.figure`) are retained until explicitly closed and may consume too much memory. (To control this warning, see the rcParam `figure.max_open_warning`).
  fig=plt.figure(figsize=[15,15])
2023-06-02 16:30:03,989 INFO Welcome to the CDS
2023-06-02 16:30:03,989 INFO Sending request to https://cds.climate.copernicus.eu/api/v2/resources/reanalysis-era5-single-levels
2023-06-02 16:30:04,215 INFO Request is queued
2023-06-02 16:30:05,346 INFO Request is running
2023-06-02 16:30:09,361 INFO Request is completed
/home/mundi/Summer2022/myfuncs.py:73: RuntimeWarning: More than 20 figures have been opened. Figures created through the pyplot interface (`matplotlib.pyplot.figure`) are retained until explicitly closed and may consume too much memory. (To control this warning, see the rcParam `figure.max_open_warning`).
  fig=plt.figure(figsize=[15,15])
2023-06-02 16:30:11,580 INFO Welcome to the CDS
2023-06-02 16:30:11,580 INFO Sending request to https://cds.climate.copernicus.eu/api/v2/resources/reanalysis-era5-single-levels
2023-06-02 16:30:11,783 INFO Request is completed
/home/mundi/Summer2022/myfuncs.py:73: RuntimeWarning: More than 20 figures have been opened. Figures created through the pyplot interface (`matplotlib.pyplot.figure`) are retained until explicitly closed and may consume too much memory. (To control this warning, see the rcParam `figure.max_open_warning`).
  fig=plt.figure(figsize=[15,15])
2023-06-02 16:30:16,743 INFO Welcome to the CDS
2023-06-02 16:30:16,743 INFO Sending request to https://cds.climate.copernicus.eu/api/v2/resources/reanalysis-era5-single-levels
2023-06-02 16:30:16,902 INFO Request is completed
/home/mundi/Summer2022/myfuncs.py:73: RuntimeWarning: More than 20 figures have been opened. Figures created through the pyplot interface (`matplotlib.pyplot.figure`) are retained until explicitly closed and may consume too much memory. (To control this warning, see the rcParam `figure.max_open_warning`).
  fig=plt.figure(figsize=[15,15])
/home/mundi/miniconda3/envs/cyc_loc/lib/python3.8/site-packages/cartopy/mpl/geoaxes.py:1478: UserWarning: No contour levels were found within the data range.
  result = matplotlib.axes.Axes.contour(self, *args, **kwargs)
2023-06-02 16:31:04,708 INFO Welcome to the CDS
2023-06-02 16:31:04,709 INFO Sending request to https://cds.climate.copernicus.eu/api/v2/resources/reanalysis-era5-single-levels
2023-06-02 16:31:04,877 INFO Request is completed
/home/mundi/Summer2022/myfuncs.py:73: RuntimeWarning: More than 20 figures have been opened. Figures created through the pyplot interface (`matplotlib.pyplot.figure`) are retained until explicitly closed and may consume too much memory. (To control this warning, see the rcParam `figure.max_open_warning`).
  fig=plt.figure(figsize=[15,15])
2023-06-02 16:31:09,104 INFO Welcome to the CDS
2023-06-02 16:31:09,104 INFO Sending request to https://cds.climate.copernicus.eu/api/v2/resources/reanalysis-era5-single-levels
2023-06-02 16:31:09,290 INFO Request is completed
/home/mundi/Summer2022/myfuncs.py:73: RuntimeWarning: More than 20 figures have been opened. Figures created through the pyplot interface (`matplotlib.pyplot.figure`) are retained until explicitly closed and may consume too much memory. (To control this warning, see the rcParam `figure.max_open_warning`).
  fig=plt.figure(figsize=[15,15])
2023-06-02 16:31:27,492 INFO Welcome to the CDS
2023-06-02 16:31:27,493 INFO Sending request to https://cds.climate.copernicus.eu/api/v2/resources/reanalysis-era5-single-levels
2023-06-02 16:31:27,645 INFO Request is completed
/home/mundi/Summer2022/myfuncs.py:73: RuntimeWarning: More than 20 figures have been opened. Figures created through the pyplot interface (`matplotlib.pyplot.figure`) are retained until explicitly closed and may consume too much memory. (To control this warning, see the rcParam `figure.max_open_warning`).
  fig=plt.figure(figsize=[15,15])
2023-06-02 16:31:32,088 INFO Welcome to the CDS
2023-06-02 16:31:32,088 INFO Sending request to https://cds.climate.copernicus.eu/api/v2/resources/reanalysis-era5-single-levels
2023-06-02 16:31:32,271 INFO Request is queued
2023-06-02 16:31:35,032 INFO Request is running
2023-06-02 16:31:37,414 INFO Request is completed
/home/mundi/Summer2022/myfuncs.py:73: RuntimeWarning: More than 20 figures have been opened. Figures created through the pyplot interface (`matplotlib.pyplot.figure`) are retained until explicitly closed and may consume too much memory. (To control this warning, see the rcParam `figure.max_open_warning`).
  fig=plt.figure(figsize=[15,15])
2023-06-02 16:31:43,371 INFO Welcome to the CDS
2023-06-02 16:31:43,372 INFO Sending request to https://cds.climate.copernicus.eu/api/v2/resources/reanalysis-era5-single-levels
2023-06-02 16:31:43,553 INFO Request is queued
2023-06-02 16:31:44,683 INFO Request is running
2023-06-02 16:31:48,695 INFO Request is completed
/home/mundi/Summer2022/myfuncs.py:73: RuntimeWarning: More than 20 figures have been opened. Figures created through the pyplot interface (`matplotlib.pyplot.figure`) are retained until explicitly closed and may consume too much memory. (To control this warning, see the rcParam `figure.max_open_warning`).
  fig=plt.figure(figsize=[15,15])
2023-06-02 16:31:51,975 INFO Welcome to the CDS
2023-06-02 16:31:51,975 INFO Sending request to https://cds.climate.copernicus.eu/api/v2/resources/reanalysis-era5-single-levels
2023-06-02 16:31:52,132 INFO Request is queued
2023-06-02 16:31:53,262 INFO Request is running
2023-06-02 16:31:57,273 INFO Request is completed
/home/mundi/Summer2022/myfuncs.py:73: RuntimeWarning: More than 20 figures have been opened. Figures created through the pyplot interface (`matplotlib.pyplot.figure`) are retained until explicitly closed and may consume too much memory. (To control this warning, see the rcParam `figure.max_open_warning`).
  fig=plt.figure(figsize=[15,15])
2023-06-02 16:31:59,495 INFO Welcome to the CDS
2023-06-02 16:31:59,495 INFO Sending request to https://cds.climate.copernicus.eu/api/v2/resources/reanalysis-era5-single-levels
2023-06-02 16:31:59,693 INFO Request is queued
2023-06-02 16:32:00,823 INFO Request is running
2023-06-02 16:32:04,836 INFO Request is completed
/home/mundi/Summer2022/myfuncs.py:73: RuntimeWarning: More than 20 figures have been opened. Figures created through the pyplot interface (`matplotlib.pyplot.figure`) are retained until explicitly closed and may consume too much memory. (To control this warning, see the rcParam `figure.max_open_warning`).
  fig=plt.figure(figsize=[15,15])
2023-06-02 16:32:07,512 INFO Welcome to the CDS
2023-06-02 16:32:07,512 INFO Sending request to https://cds.climate.copernicus.eu/api/v2/resources/reanalysis-era5-single-levels
2023-06-02 16:32:07,671 INFO Request is queued
2023-06-02 16:32:08,802 INFO Request is running
2023-06-02 16:32:12,814 INFO Request is completed
/home/mundi/Summer2022/myfuncs.py:73: RuntimeWarning: More than 20 figures have been opened. Figures created through the pyplot interface (`matplotlib.pyplot.figure`) are retained until explicitly closed and may consume too much memory. (To control this warning, see the rcParam `figure.max_open_warning`).
  fig=plt.figure(figsize=[15,15])
2023-06-02 16:32:17,838 INFO Welcome to the CDS
2023-06-02 16:32:17,838 INFO Sending request to https://cds.climate.copernicus.eu/api/v2/resources/reanalysis-era5-single-levels
2023-06-02 16:32:17,991 INFO Request is queued
2023-06-02 16:32:19,121 INFO Request is running
2023-06-02 16:32:23,134 INFO Request is completed
/home/mundi/Summer2022/myfuncs.py:73: RuntimeWarning: More than 20 figures have been opened. Figures created through the pyplot interface (`matplotlib.pyplot.figure`) are retained until explicitly closed and may consume too much memory. (To control this warning, see the rcParam `figure.max_open_warning`).
  fig=plt.figure(figsize=[15,15])
2023-06-02 16:32:27,792 INFO Welcome to the CDS
2023-06-02 16:32:27,792 INFO Sending request to https://cds.climate.copernicus.eu/api/v2/resources/reanalysis-era5-single-levels
2023-06-02 16:32:27,958 INFO Request is queued
2023-06-02 16:32:29,091 INFO Request is running
2023-06-02 16:32:33,104 INFO Request is completed
/home/mundi/Summer2022/myfuncs.py:73: RuntimeWarning: More than 20 figures have been opened. Figures created through the pyplot interface (`matplotlib.pyplot.figure`) are retained until explicitly closed and may consume too much memory. (To control this warning, see the rcParam `figure.max_open_warning`).
  fig=plt.figure(figsize=[15,15])
2023-06-02 16:32:35,419 INFO Welcome to the CDS
2023-06-02 16:32:35,419 INFO Sending request to https://cds.climate.copernicus.eu/api/v2/resources/reanalysis-era5-single-levels
2023-06-02 16:32:35,585 INFO Request is queued
2023-06-02 16:32:36,716 INFO Request is running
2023-06-02 16:32:40,731 INFO Request is completed
/home/mundi/Summer2022/myfuncs.py:73: RuntimeWarning: More than 20 figures have been opened. Figures created through the pyplot interface (`matplotlib.pyplot.figure`) are retained until explicitly closed and may consume too much memory. (To control this warning, see the rcParam `figure.max_open_warning`).
  fig=plt.figure(figsize=[15,15])
2023-06-02 16:32:45,720 INFO Welcome to the CDS
2023-06-02 16:32:45,720 INFO Sending request to https://cds.climate.copernicus.eu/api/v2/resources/reanalysis-era5-single-levels
2023-06-02 16:32:45,896 INFO Request is completed
/home/mundi/Summer2022/myfuncs.py:73: RuntimeWarning: More than 20 figures have been opened. Figures created through the pyplot interface (`matplotlib.pyplot.figure`) are retained until explicitly closed and may consume too much memory. (To control this warning, see the rcParam `figure.max_open_warning`).
  fig=plt.figure(figsize=[15,15])
2023-06-02 16:32:49,978 INFO Welcome to the CDS
2023-06-02 16:32:49,978 INFO Sending request to https://cds.climate.copernicus.eu/api/v2/resources/reanalysis-era5-single-levels
2023-06-02 16:32:50,155 INFO Request is completed
/home/mundi/Summer2022/myfuncs.py:73: RuntimeWarning: More than 20 figures have been opened. Figures created through the pyplot interface (`matplotlib.pyplot.figure`) are retained until explicitly closed and may consume too much memory. (To control this warning, see the rcParam `figure.max_open_warning`).
  fig=plt.figure(figsize=[15,15])
2023-06-02 16:32:52,335 INFO Welcome to the CDS
2023-06-02 16:32:52,335 INFO Sending request to https://cds.climate.copernicus.eu/api/v2/resources/reanalysis-era5-single-levels
2023-06-02 16:32:52,572 INFO Request is completed
/home/mundi/Summer2022/myfuncs.py:73: RuntimeWarning: More than 20 figures have been opened. Figures created through the pyplot interface (`matplotlib.pyplot.figure`) are retained until explicitly closed and may consume too much memory. (To control this warning, see the rcParam `figure.max_open_warning`).
  fig=plt.figure(figsize=[15,15])


