 
 
Storm 1/35

1990 6 1
---------

1990 6 2
---------

1990 6 3
---------

1990 6 4
---------

1990 6 5
---------
coords_1990_0601_990
coords_1990_0601_1000
coords_1990_0603_990
coords_1990_0604_1000
coords_1990_0604_990
coords_1990_0604_1000
coords_1990_0605_990
*exported*
Storm 2/35

1990 6 1
---------

1990 6 2
---------

1990 6 3
---------
coords_1990_0601_990
coords_1990_0601_1000
coords_1990_0602_990
coords_1990_0603_1000
*exported*
Storm 3/35

1990 6 1
---------

1990 6 2
---------

1990 6 3
---------
coords_1990_0601_990
coords_1990_0602_1000
coords_1990_0603_990
coords_1990_0603_1000
coords_1990_0603_990
coords_1990_0603_1000
coords_1990_0603_990
coords_1990_0603_1000
coords_1990_0603_990
coords_1990_0603_1000
coords_1990_0603_990
coords_1990_0603_1000
coords_1990_0603_990
coords_1990_0603_1000
coords_1990_0603_990
coords_1990_0603_1000
*exported*
Storm 4/35

1990 6 13
---------

1990 6 14
---------

1990 6 15
---------
coords_1990_0613_990
coords_1990_0614_1000
coords_1990_0614_990
coords_1990_0614_1000
coords_1990_0614_990
coords_1990_0615_1000
coords_1990_0615_990
*exported*
Storm 5/35

1990 6 13
---------

1990 6 14
---------

1990 6 15
---------

1990 6 16
---------
coords_1990_0613_990
coords_1990_0614_1000
coords_1990_0615_990
coords_1990_0615_1000
coords_1990_0616_990
coords_1990_0616_1000
*exported*
Storm 6/35

1990 6 14
---------

1990 6 15
---------

1990 6 16
---------
coords_1990_0614_990
coords_1990_0614_1000
coords_1990_0614_990
coords_1990_0614_1000
coords_1990_0615_990
coords_1990_0615_1000
coords_1990_0616_990
coords_1990_0616_1000
*exported*
Storm 7/35

1990 6 14
---------

1990 6 15
---------

1990 6 16
---------
coords_1990_0614_990
coords_1990_0614_1000
coords_1990_0615_990
coords_1990_0615_1000
coords_1990_0616_990
coords_1990_0616_1000
*exported*
Storm 8/35

1990 7 6
---------

1990 7 7
---------

1990 7 8
---------
coords_1990_0706_990
coords_1990_0706_1000
coords_1990_0707_990
coords_1990_0707_1000
coords_1990_0708_990
coords_1990_0708_1000
*exported*
Storm 9/35

1990 7 6
---------

1990 7 7
---------

1990 7 8
---------
coords_1990_0706_990
coords_1990_0707_1000
coords_1990_0707_990
coords_1990_0708_1000
coords_1990_0708_990
*exported*
Storm 10/35

1990 7 7
---------

1990 7 8
---------

1990 7 9
---------
coords_1990_0707_990
coords_1990_0708_1000
coords_1990_0708_990
coords_1990_0709_1000
coords_1990_0709_990
*exported*
Storm 11/35

1990 7 29
---------

1990 7 30
---------

1990 7 31
---------

1990 8 1
---------
coords_1990_0729_990
coords_1990_0729_1000
coords_1990_0730_990
coords_1990_0730_1000
coords_1990_0731_990
coords_1990_0731_1000
coords_1990_0801_990
coords_1990_0801_1000
*exported*
Storm 12/35

1990 8 5
---------

1990 8 6
---------

1990 8 7
---------

1990 8 8
---------
coords_1990_0805_990
coords_1990_0805_1000
coords_1990_0806_990
coords_1990_0807_1000
coords_1990_0807_990
coords_1990_0808_1000
*exported*
Storm 13/35

1990 8 8
---------

1990 8 9
---------

1990 8 10
---------
coords_1990_0808_990
coords_1990_0808_1000
coords_1990_0809_990
coords_1990_0809_1000
coords_1990_0810_990
*exported*
Storm 14/35

1990 8 14
---------

1990 8 15
---------

1990 8 16
---------
coords_1990_0814_990
coords_1990_0814_1000
coords_1990_0815_990
coords_1990_0815_1000
coords_1990_0816_990
coords_1990_0816_1000
*exported*
Storm 15/35

1990 8 22
---------

1990 8 23
---------

1990 8 24
---------
coords_1990_0822_990
coords_1990_0823_1000
coords_1990_0823_990
coords_1990_0824_1000
*exported*
Storm 16/35

1990 9 5
---------

1990 9 6
---------

1990 9 7
---------

1990 9 8
---------

1990 9 9
---------

1990 9 10
---------

1990 9 11
---------
coords_1990_0905_990
coords_1990_0905_1000
coords_1990_0906_990
coords_1990_0906_1000
coords_1990_0907_990
coords_1990_0907_1000
coords_1990_0908_990
coords_1990_0908_1000
coords_1990_0909_990
coords_1990_0909_1000
coords_1990_0910_990
coords_1990_0910_1000
coords_1990_0910_990
coords_1990_0910_1000
coords_1990_0910_990
coords_1990_0910_1000
coords_1990_0910_990
coords_1990_0910_1000
coords_1990_0910_990
*exported*
Storm 17/35

1990 9 8
---------

1990 9 9
---------

1990 9 10
---------
coords_1990_0908_990
coords_1990_0908_1000
coords_1990_0909_990
coords_1990_0909_1000
coords_1990_0910_990
coords_1990_0910_1000
*exported*
Storm 18/35

1990 9 10
---------

1990 9 11
---------

1990 9 12
---------

1990 9 13
---------

1990 9 14
---------
coords_1990_0910_990
coords_1990_0910_1000
coords_1990_0911_990
coords_1990_0912_1000
coords_1990_0912_990
coords_1990_0912_1000
coords_1990_0912_990
coords_1990_0913_1000
coords_1990_0913_990
coords_1990_0913_1000
coords_1990_0913_990
coords_1990_0914_1000
coords_1990_0914_990
*exported*
Storm 19/35

1990 9 11
---------

1990 9 12
---------

1990 9 13
---------

1990 9 14
---------
coords_1990_0911_990
coords_1990_0911_1000
coords_1990_0911_990
coords_1990_0912_1000
coords_1990_0912_990
coords_1990_0912_1000
coords_1990_0912_990
coords_1990_0913_1000
coords_1990_0913_990
coords_1990_0913_1000
coords_1990_0913_990
coords_1990_0914_1000
coords_1990_0914_990
*exported*
Storm 20/35

1990 9 15
---------

1990 9 16
---------

1990 9 17
---------
coords_1990_0915_990
coords_1990_0915_1000
coords_1990_0916_990
coords_1990_0916_1000
coords_1990_0917_990
coords_1990_0917_1000
*exported*
Storm 21/35

1990 9 17
---------

1990 9 18
---------

1990 9 19
---------
1000: ['9'], ['19']

1990 9 20
---------
1000: ['9'], ['20']

1990 9 21
---------
1000: ['9'], ['21']

1990 9 22
---------

1990 9 23
---------

1990 9 24
---------
coords_1990_0917_990
coords_1990_0918_1000
coords_1990_0922_990
coords_1990_0922_1000
coords_1990_0923_990
coords_1990_0923_1000
coords_1990_0924_990
coords_1990_0924_1000
*exported*
Storm 22/35

1990 9 23
---------

1990 9 24
---------

1990 9 25
---------
coords_1990_0923_990
coords_1990_0923_1000
coords_1990_0924_990
coords_1990_0924_1000
coords_1990_0925_990
coords_1990_0925_1000
*exported*
Storm 23/35

1990 9 24
---------

1990 9 25
---------

1990 9 26
---------
coords_1990_0924_990
coords_1990_0924_1000
coords_1990_0925_990
coords_1990_0925_1000
coords_1990_0926_990
coords_1990_0926_1000
*exported*
Storm 24/35

1990 9 28
---------

1990 9 29
---------

1990 9 30
---------
coords_1990_0928_990
coords_1990_0929_1000
coords_1990_0930_990
coords_1990_0930_1000
*exported*
Storm 25/35

1990 9 30
---------

1990 10 1
---------

1990 10 2
---------

1990 10 3
---------

1990 10 4
---------

1990 10 5
---------

1990 10 6
---------

1990 10 7
---------

1990 10 8
---------

1990 10 9
---------

1990 10 10
---------

1990 10 11
---------

1990 10 12
---------
coords_1990_0930_990
coords_1990_0930_1000
coords_1990_1001_990
coords_1990_1001_1000
coords_1990_1002_990
coords_1990_1002_1000
coords_1990_1003_990
coords_1990_1003_1000
coords_1990_1004_990
coords_1990_1004_1000
coords_1990_1005_990
coords_1990_1005_1000
coords_1990_1006_990
coords_1990_1006_1000
coords_1990_1007_990
coords_1990_1007_1000
coords_1990_1008_990
coords_1990_1009_1000
coords_1990_1010_990
coords_1990_1010_1000
coords_1990_1011_990
coords_1990_1011_1000
coords_1990_1012_990
coords_1990_1012_1000
*exported*
Storm 26/35

1990 10 3
---------

1990 10 4
---------
coords_1990_1003_990
coords_1990_1003_1000
coords_1990_1004_990
coords_1990_1004_1000
*exported*
Storm 27/35

1990 10 4
---------

1990 10 5
---------

1990 10 6
---------
coords_1990_1004_990
coords_1990_1004_1000
coords_1990_1005_990
coords_1990_1005_1000
coords_1990_1006_990
coords_1990_1006_1000
*exported*
Storm 28/35

1990 10 8
---------

1990 10 9
---------

1990 10 10
---------

1990 10 11
---------
coords_1990_1008_990
coords_1990_1008_1000
coords_1990_1008_990
coords_1990_1009_1000
coords_1990_1009_990
coords_1990_1009_1000
coords_1990_1010_990
coords_1990_1010_1000
coords_1990_1010_990
coords_1990_1011_1000
coords_1990_1011_990
*exported*
Storm 29/35

1990 10 10
---------

1990 10 11
---------

1990 10 12
---------
coords_1990_1010_990
coords_1990_1010_1000
coords_1990_1010_990
coords_1990_1011_1000
coords_1990_1011_990
coords_1990_1011_1000
coords_1990_1012_990
coords_1990_1012_1000
*exported*
Storm 30/35

1990 10 13
---------

1990 10 14
---------

1990 10 15
---------
coords_1990_1013_990
coords_1990_1014_1000
coords_1990_1015_990
coords_1990_1015_1000
*exported*
Storm 31/35

1990 10 16
---------

1990 10 17
---------

1990 10 18
---------

1990 10 19
---------
coords_1990_1016_990
coords_1990_1016_1000
coords_1990_1017_990
coords_1990_1018_1000
coords_1990_1019_990
*exported*
Storm 32/35

1990 10 17
---------

1990 10 18
---------
1000: ['10'], ['18']

1990 10 19
---------
coords_1990_1017_990
coords_1990_1019_1000
coords_1990_1019_990
*exported*
Storm 33/35

1990 10 18
---------

1990 10 19
---------

1990 10 20
---------

1990 10 21
---------
coords_1990_1018_990
coords_1990_1018_1000
coords_1990_1019_990
coords_1990_1020_1000
coords_1990_1020_990
coords_1990_1020_1000
coords_1990_1020_990
coords_1990_1021_1000
coords_1990_1021_990
coords_1990_1021_1000
*exported*
Storm 34/35

1990 10 22
---------

1990 10 23
---------

1990 10 24
---------

1990 10 25
---------

1990 10 26
---------

1990 10 27
---------
coords_1990_1022_990
coords_1990_1022_1000
coords_1990_1023_990
coords_1990_1023_1000
coords_1990_1024_990
coords_1990_1024_1000
coords_1990_1025_990
coords_1990_1025_1000
coords_1990_1026_990
coords_1990_1026_1000
coords_1990_1027_990
coords_1990_1027_1000
*exported*
Storm 35/35

1990 10 22
---------

1990 10 23
---------

1990 10 24
---------
coords_1990_1022_990
coords_1990_1023_1000
coords_1990_1023_990
coords_1990_1024_1000
coords_1990_1024_990
*exported*

FINISHED STORM DATA COLLECTION

 
 
------------------
       done!      
------------------
------------------
elapsed time: 
37.71656840642293
2022-09-15 11:06:04,017 INFO Welcome to the CDS
2022-09-15 11:06:04,017 INFO Sending request to https://cds.climate.copernicus.eu/api/v2/resources/reanalysis-era5-single-levels
2022-09-15 11:06:04,296 INFO Request is queued
2022-09-15 11:06:05,421 INFO Request is running
2022-09-15 11:06:54,599 INFO Request is completed
2022-09-15 11:08:34,129 INFO Welcome to the CDS
2022-09-15 11:08:34,129 INFO Sending request to https://cds.climate.copernicus.eu/api/v2/resources/reanalysis-era5-single-levels
2022-09-15 11:08:34,408 INFO Request is queued
2022-09-15 11:08:35,539 INFO Request is running
2022-09-15 11:09:24,758 INFO Request is completed
2022-09-15 11:10:20,483 INFO Welcome to the CDS
2022-09-15 11:10:20,483 INFO Sending request to https://cds.climate.copernicus.eu/api/v2/resources/reanalysis-era5-single-levels
2022-09-15 11:10:20,639 INFO Request is queued
2022-09-15 11:10:34,492 INFO Request is running
2022-09-15 11:11:36,776 INFO Request is completed
2022-09-15 11:12:18,513 INFO Welcome to the CDS
2022-09-15 11:12:18,513 INFO Sending request to https://cds.climate.copernicus.eu/api/v2/resources/reanalysis-era5-single-levels
2022-09-15 11:12:18,648 INFO Request is queued
2022-09-15 11:12:32,499 INFO Request is running
2022-09-15 11:13:34,781 INFO Request is completed
2022-09-15 11:15:42,729 INFO Welcome to the CDS
2022-09-15 11:15:42,729 INFO Sending request to https://cds.climate.copernicus.eu/api/v2/resources/reanalysis-era5-single-levels
2022-09-15 11:15:42,864 INFO Request is queued
2022-09-15 11:15:43,994 INFO Request is running
2022-09-15 11:16:33,211 INFO Request is completed
/home/mundi/miniconda3/envs/cyc_loc/lib/python3.8/site-packages/xarray/conventions.py:492: SerializationWarning: variable 'melt_onset_day_seaice_conc_cdr' has multiple fill values {-1, 65535}, decoding all values to NaN.
  new_vars[k] = decode_cf_variable(
2022-09-15 11:24:51,166 INFO Welcome to the CDS
2022-09-15 11:24:51,166 INFO Sending request to https://cds.climate.copernicus.eu/api/v2/resources/reanalysis-era5-single-levels
2022-09-15 11:24:51,296 INFO Request is queued
2022-09-15 11:24:52,422 INFO Request is running
2022-09-15 11:24:56,426 INFO Request is completed
2022-09-15 11:24:58,634 INFO Welcome to the CDS
2022-09-15 11:24:58,634 INFO Sending request to https://cds.climate.copernicus.eu/api/v2/resources/reanalysis-era5-single-levels
2022-09-15 11:24:58,763 INFO Request is queued
2022-09-15 11:24:59,888 INFO Request is running
2022-09-15 11:25:03,891 INFO Request is completed
2022-09-15 11:25:37,828 INFO Welcome to the CDS
2022-09-15 11:25:37,828 INFO Sending request to https://cds.climate.copernicus.eu/api/v2/resources/reanalysis-era5-single-levels
2022-09-15 11:25:37,958 INFO Request is queued
2022-09-15 11:25:39,084 INFO Request is running
2022-09-15 11:25:43,086 INFO Request is completed
2022-09-15 11:25:45,316 INFO Welcome to the CDS
2022-09-15 11:25:45,316 INFO Sending request to https://cds.climate.copernicus.eu/api/v2/resources/reanalysis-era5-single-levels
2022-09-15 11:25:45,444 INFO Request is queued
2022-09-15 11:25:46,570 INFO Request is running
2022-09-15 11:25:50,574 INFO Request is completed
2022-09-15 11:25:55,133 INFO Welcome to the CDS
2022-09-15 11:25:55,133 INFO Sending request to https://cds.climate.copernicus.eu/api/v2/resources/reanalysis-era5-single-levels
2022-09-15 11:25:55,260 INFO Request is queued
2022-09-15 11:25:56,386 INFO Request is running
2022-09-15 11:26:00,388 INFO Request is completed
2022-09-15 11:26:02,488 INFO Welcome to the CDS
2022-09-15 11:26:02,488 INFO Sending request to https://cds.climate.copernicus.eu/api/v2/resources/reanalysis-era5-single-levels
2022-09-15 11:26:02,701 INFO Request is completed
2022-09-15 11:26:04,918 INFO Welcome to the CDS
2022-09-15 11:26:04,918 INFO Sending request to https://cds.climate.copernicus.eu/api/v2/resources/reanalysis-era5-single-levels
2022-09-15 11:26:05,102 INFO Request is completed
2022-09-15 11:26:07,238 INFO Welcome to the CDS
2022-09-15 11:26:07,238 INFO Sending request to https://cds.climate.copernicus.eu/api/v2/resources/reanalysis-era5-single-levels
2022-09-15 11:26:07,383 INFO Request is completed
2022-09-15 11:26:19,490 INFO Welcome to the CDS
2022-09-15 11:26:19,491 INFO Sending request to https://cds.climate.copernicus.eu/api/v2/resources/reanalysis-era5-single-levels
2022-09-15 11:26:19,635 INFO Request is completed
2022-09-15 11:26:38,579 INFO Welcome to the CDS
2022-09-15 11:26:38,579 INFO Sending request to https://cds.climate.copernicus.eu/api/v2/resources/reanalysis-era5-single-levels
2022-09-15 11:26:38,760 INFO Request is completed
2022-09-15 11:26:44,985 INFO Welcome to the CDS
2022-09-15 11:26:44,986 INFO Sending request to https://cds.climate.copernicus.eu/api/v2/resources/reanalysis-era5-single-levels
2022-09-15 11:26:45,167 INFO Request is completed
2022-09-15 11:26:52,513 INFO Welcome to the CDS
2022-09-15 11:26:52,514 INFO Sending request to https://cds.climate.copernicus.eu/api/v2/resources/reanalysis-era5-single-levels
2022-09-15 11:26:52,643 INFO Request is queued
2022-09-15 11:26:53,769 INFO Request is running
2022-09-15 11:26:57,771 INFO Request is completed
2022-09-15 11:26:59,809 INFO Welcome to the CDS
2022-09-15 11:26:59,809 INFO Sending request to https://cds.climate.copernicus.eu/api/v2/resources/reanalysis-era5-single-levels
2022-09-15 11:26:59,937 INFO Request is queued
2022-09-15 11:27:01,062 INFO Request is running
2022-09-15 11:27:05,064 INFO Request is completed
2022-09-15 11:27:07,176 INFO Welcome to the CDS
2022-09-15 11:27:07,176 INFO Sending request to https://cds.climate.copernicus.eu/api/v2/resources/reanalysis-era5-single-levels
2022-09-15 11:27:07,303 INFO Request is queued
2022-09-15 11:27:08,428 INFO Request is running
2022-09-15 11:27:12,429 INFO Request is completed
2022-09-15 11:27:14,877 INFO Welcome to the CDS
2022-09-15 11:27:14,878 INFO Sending request to https://cds.climate.copernicus.eu/api/v2/resources/reanalysis-era5-single-levels
2022-09-15 11:27:15,089 INFO Request is completed
2022-09-15 11:27:18,501 INFO Welcome to the CDS
2022-09-15 11:27:18,501 INFO Sending request to https://cds.climate.copernicus.eu/api/v2/resources/reanalysis-era5-single-levels
2022-09-15 11:27:18,705 INFO Request is completed
2022-09-15 11:27:27,856 INFO Welcome to the CDS
2022-09-15 11:27:27,856 INFO Sending request to https://cds.climate.copernicus.eu/api/v2/resources/reanalysis-era5-single-levels
2022-09-15 11:27:28,069 INFO Request is completed
2022-09-15 11:27:30,186 INFO Welcome to the CDS
2022-09-15 11:27:30,186 INFO Sending request to https://cds.climate.copernicus.eu/api/v2/resources/reanalysis-era5-single-levels
2022-09-15 11:27:30,382 INFO Request is queued
2022-09-15 11:27:31,507 INFO Request is running
2022-09-15 11:27:33,133 INFO Request is completed
2022-09-15 11:27:35,179 INFO Welcome to the CDS
2022-09-15 11:27:35,180 INFO Sending request to https://cds.climate.copernicus.eu/api/v2/resources/reanalysis-era5-single-levels
2022-09-15 11:27:35,324 INFO Request is completed
2022-09-15 11:27:37,917 INFO Welcome to the CDS
2022-09-15 11:27:37,918 INFO Sending request to https://cds.climate.copernicus.eu/api/v2/resources/reanalysis-era5-single-levels
2022-09-15 11:27:38,074 INFO Request is completed
2022-09-15 11:27:40,504 INFO Welcome to the CDS
2022-09-15 11:27:40,505 INFO Sending request to https://cds.climate.copernicus.eu/api/v2/resources/reanalysis-era5-single-levels
2022-09-15 11:27:40,661 INFO Request is completed
/home/mundi/Summer2022/myfuncs.py:73: RuntimeWarning: More than 20 figures have been opened. Figures created through the pyplot interface (`matplotlib.pyplot.figure`) are retained until explicitly closed and may consume too much memory. (To control this warning, see the rcParam `figure.max_open_warning`).
  fig=plt.figure(figsize=[15,15])
2022-09-15 11:27:43,126 INFO Welcome to the CDS
2022-09-15 11:27:43,127 INFO Sending request to https://cds.climate.copernicus.eu/api/v2/resources/reanalysis-era5-single-levels
2022-09-15 11:27:43,270 INFO Request is completed
/home/mundi/Summer2022/myfuncs.py:73: RuntimeWarning: More than 20 figures have been opened. Figures created through the pyplot interface (`matplotlib.pyplot.figure`) are retained until explicitly closed and may consume too much memory. (To control this warning, see the rcParam `figure.max_open_warning`).
  fig=plt.figure(figsize=[15,15])
2022-09-15 11:27:45,239 INFO Welcome to the CDS
2022-09-15 11:27:45,240 INFO Sending request to https://cds.climate.copernicus.eu/api/v2/resources/reanalysis-era5-single-levels
2022-09-15 11:27:45,382 INFO Request is completed
/home/mundi/Summer2022/myfuncs.py:73: RuntimeWarning: More than 20 figures have been opened. Figures created through the pyplot interface (`matplotlib.pyplot.figure`) are retained until explicitly closed and may consume too much memory. (To control this warning, see the rcParam `figure.max_open_warning`).
  fig=plt.figure(figsize=[15,15])
2022-09-15 11:27:47,574 INFO Welcome to the CDS
2022-09-15 11:27:47,574 INFO Sending request to https://cds.climate.copernicus.eu/api/v2/resources/reanalysis-era5-single-levels
2022-09-15 11:27:47,716 INFO Request is completed
/home/mundi/Summer2022/myfuncs.py:73: RuntimeWarning: More than 20 figures have been opened. Figures created through the pyplot interface (`matplotlib.pyplot.figure`) are retained until explicitly closed and may consume too much memory. (To control this warning, see the rcParam `figure.max_open_warning`).
  fig=plt.figure(figsize=[15,15])
2022-09-15 11:27:49,826 INFO Welcome to the CDS
2022-09-15 11:27:49,826 INFO Sending request to https://cds.climate.copernicus.eu/api/v2/resources/reanalysis-era5-single-levels
2022-09-15 11:27:49,956 INFO Request is queued
2022-09-15 11:27:51,485 INFO Request is running
2022-09-15 11:27:53,118 INFO Request is completed
/home/mundi/Summer2022/myfuncs.py:73: RuntimeWarning: More than 20 figures have been opened. Figures created through the pyplot interface (`matplotlib.pyplot.figure`) are retained until explicitly closed and may consume too much memory. (To control this warning, see the rcParam `figure.max_open_warning`).
  fig=plt.figure(figsize=[15,15])
2022-09-15 11:27:55,155 INFO Welcome to the CDS
2022-09-15 11:27:55,155 INFO Sending request to https://cds.climate.copernicus.eu/api/v2/resources/reanalysis-era5-single-levels
2022-09-15 11:27:55,301 INFO Request is queued
2022-09-15 11:27:56,432 INFO Request is running
2022-09-15 11:28:00,448 INFO Request is completed
/home/mundi/Summer2022/myfuncs.py:73: RuntimeWarning: More than 20 figures have been opened. Figures created through the pyplot interface (`matplotlib.pyplot.figure`) are retained until explicitly closed and may consume too much memory. (To control this warning, see the rcParam `figure.max_open_warning`).
  fig=plt.figure(figsize=[15,15])
2022-09-15 11:28:03,111 INFO Welcome to the CDS
2022-09-15 11:28:03,112 INFO Sending request to https://cds.climate.copernicus.eu/api/v2/resources/reanalysis-era5-single-levels
2022-09-15 11:28:03,258 INFO Request is queued
2022-09-15 11:28:04,389 INFO Request is running
2022-09-15 11:28:08,404 INFO Request is completed
/home/mundi/Summer2022/myfuncs.py:73: RuntimeWarning: More than 20 figures have been opened. Figures created through the pyplot interface (`matplotlib.pyplot.figure`) are retained until explicitly closed and may consume too much memory. (To control this warning, see the rcParam `figure.max_open_warning`).
  fig=plt.figure(figsize=[15,15])
2022-09-15 11:28:10,523 INFO Welcome to the CDS
2022-09-15 11:28:10,523 INFO Sending request to https://cds.climate.copernicus.eu/api/v2/resources/reanalysis-era5-single-levels
2022-09-15 11:28:10,694 INFO Request is completed
/home/mundi/Summer2022/myfuncs.py:73: RuntimeWarning: More than 20 figures have been opened. Figures created through the pyplot interface (`matplotlib.pyplot.figure`) are retained until explicitly closed and may consume too much memory. (To control this warning, see the rcParam `figure.max_open_warning`).
  fig=plt.figure(figsize=[15,15])
2022-09-15 11:28:14,664 INFO Welcome to the CDS
2022-09-15 11:28:14,665 INFO Sending request to https://cds.climate.copernicus.eu/api/v2/resources/reanalysis-era5-single-levels
2022-09-15 11:28:14,825 INFO Request is completed
/home/mundi/Summer2022/myfuncs.py:73: RuntimeWarning: More than 20 figures have been opened. Figures created through the pyplot interface (`matplotlib.pyplot.figure`) are retained until explicitly closed and may consume too much memory. (To control this warning, see the rcParam `figure.max_open_warning`).
  fig=plt.figure(figsize=[15,15])
2022-09-15 11:28:16,963 INFO Welcome to the CDS
2022-09-15 11:28:16,963 INFO Sending request to https://cds.climate.copernicus.eu/api/v2/resources/reanalysis-era5-single-levels
2022-09-15 11:28:17,111 INFO Request is completed
/home/mundi/Summer2022/myfuncs.py:73: RuntimeWarning: More than 20 figures have been opened. Figures created through the pyplot interface (`matplotlib.pyplot.figure`) are retained until explicitly closed and may consume too much memory. (To control this warning, see the rcParam `figure.max_open_warning`).
  fig=plt.figure(figsize=[15,15])
2022-09-15 11:28:21,046 INFO Welcome to the CDS
2022-09-15 11:28:21,047 INFO Sending request to https://cds.climate.copernicus.eu/api/v2/resources/reanalysis-era5-single-levels
2022-09-15 11:28:21,202 INFO Request is completed
/home/mundi/Summer2022/myfuncs.py:73: RuntimeWarning: More than 20 figures have been opened. Figures created through the pyplot interface (`matplotlib.pyplot.figure`) are retained until explicitly closed and may consume too much memory. (To control this warning, see the rcParam `figure.max_open_warning`).
  fig=plt.figure(figsize=[15,15])
2022-09-15 11:28:24,658 INFO Welcome to the CDS
2022-09-15 11:28:24,658 INFO Sending request to https://cds.climate.copernicus.eu/api/v2/resources/reanalysis-era5-single-levels
2022-09-15 11:28:24,808 INFO Request is completed
/home/mundi/Summer2022/myfuncs.py:73: RuntimeWarning: More than 20 figures have been opened. Figures created through the pyplot interface (`matplotlib.pyplot.figure`) are retained until explicitly closed and may consume too much memory. (To control this warning, see the rcParam `figure.max_open_warning`).
  fig=plt.figure(figsize=[15,15])
2022-09-15 11:28:29,949 INFO Welcome to the CDS
2022-09-15 11:28:29,949 INFO Sending request to https://cds.climate.copernicus.eu/api/v2/resources/reanalysis-era5-single-levels
2022-09-15 11:28:30,280 INFO Request is queued
2022-09-15 11:28:31,412 INFO Request is running
2022-09-15 11:28:33,043 INFO Request is completed
/home/mundi/Summer2022/myfuncs.py:73: RuntimeWarning: More than 20 figures have been opened. Figures created through the pyplot interface (`matplotlib.pyplot.figure`) are retained until explicitly closed and may consume too much memory. (To control this warning, see the rcParam `figure.max_open_warning`).
  fig=plt.figure(figsize=[15,15])
2022-09-15 11:28:35,573 INFO Welcome to the CDS
2022-09-15 11:28:35,573 INFO Sending request to https://cds.climate.copernicus.eu/api/v2/resources/reanalysis-era5-single-levels
2022-09-15 11:28:35,706 INFO Request is queued
2022-09-15 11:28:36,838 INFO Request is running
2022-09-15 11:28:40,852 INFO Request is completed
/home/mundi/Summer2022/myfuncs.py:73: RuntimeWarning: More than 20 figures have been opened. Figures created through the pyplot interface (`matplotlib.pyplot.figure`) are retained until explicitly closed and may consume too much memory. (To control this warning, see the rcParam `figure.max_open_warning`).
  fig=plt.figure(figsize=[15,15])
2022-09-15 11:28:44,383 INFO Welcome to the CDS
2022-09-15 11:28:44,383 INFO Sending request to https://cds.climate.copernicus.eu/api/v2/resources/reanalysis-era5-single-levels
2022-09-15 11:28:44,528 INFO Request is queued
2022-09-15 11:28:45,659 INFO Request is running
2022-09-15 11:28:49,673 INFO Request is completed
/home/mundi/Summer2022/myfuncs.py:73: RuntimeWarning: More than 20 figures have been opened. Figures created through the pyplot interface (`matplotlib.pyplot.figure`) are retained until explicitly closed and may consume too much memory. (To control this warning, see the rcParam `figure.max_open_warning`).
  fig=plt.figure(figsize=[15,15])
2022-09-15 11:28:54,163 INFO Welcome to the CDS
2022-09-15 11:28:54,163 INFO Sending request to https://cds.climate.copernicus.eu/api/v2/resources/reanalysis-era5-single-levels
2022-09-15 11:28:54,303 INFO Request is queued
2022-09-15 11:28:55,435 INFO Request is running
2022-09-15 11:28:59,450 INFO Request is completed
/home/mundi/Summer2022/myfuncs.py:73: RuntimeWarning: More than 20 figures have been opened. Figures created through the pyplot interface (`matplotlib.pyplot.figure`) are retained until explicitly closed and may consume too much memory. (To control this warning, see the rcParam `figure.max_open_warning`).
  fig=plt.figure(figsize=[15,15])
2022-09-15 11:29:01,953 INFO Welcome to the CDS
2022-09-15 11:29:01,953 INFO Sending request to https://cds.climate.copernicus.eu/api/v2/resources/reanalysis-era5-single-levels
2022-09-15 11:29:02,112 INFO Request is queued
2022-09-15 11:29:03,244 INFO Request is running
2022-09-15 11:29:07,257 INFO Request is completed
/home/mundi/Summer2022/myfuncs.py:73: RuntimeWarning: More than 20 figures have been opened. Figures created through the pyplot interface (`matplotlib.pyplot.figure`) are retained until explicitly closed and may consume too much memory. (To control this warning, see the rcParam `figure.max_open_warning`).
  fig=plt.figure(figsize=[15,15])
2022-09-15 11:29:09,351 INFO Welcome to the CDS
2022-09-15 11:29:09,352 INFO Sending request to https://cds.climate.copernicus.eu/api/v2/resources/reanalysis-era5-single-levels
2022-09-15 11:29:09,485 INFO Request is queued
2022-09-15 11:29:10,616 INFO Request is running
2022-09-15 11:29:14,630 INFO Request is completed
/home/mundi/Summer2022/myfuncs.py:73: RuntimeWarning: More than 20 figures have been opened. Figures created through the pyplot interface (`matplotlib.pyplot.figure`) are retained until explicitly closed and may consume too much memory. (To control this warning, see the rcParam `figure.max_open_warning`).
  fig=plt.figure(figsize=[15,15])
2022-09-15 11:29:17,089 INFO Welcome to the CDS
2022-09-15 11:29:17,089 INFO Sending request to https://cds.climate.copernicus.eu/api/v2/resources/reanalysis-era5-single-levels
2022-09-15 11:29:17,224 INFO Request is queued
2022-09-15 11:29:18,354 INFO Request is running
2022-09-15 11:29:22,368 INFO Request is completed
/home/mundi/Summer2022/myfuncs.py:73: RuntimeWarning: More than 20 figures have been opened. Figures created through the pyplot interface (`matplotlib.pyplot.figure`) are retained until explicitly closed and may consume too much memory. (To control this warning, see the rcParam `figure.max_open_warning`).
  fig=plt.figure(figsize=[15,15])
2022-09-15 11:29:24,825 INFO Welcome to the CDS
2022-09-15 11:29:24,825 INFO Sending request to https://cds.climate.copernicus.eu/api/v2/resources/reanalysis-era5-single-levels
2022-09-15 11:29:24,969 INFO Request is queued
2022-09-15 11:29:26,100 INFO Request is running
2022-09-15 11:29:30,113 INFO Request is completed
/home/mundi/Summer2022/myfuncs.py:73: RuntimeWarning: More than 20 figures have been opened. Figures created through the pyplot interface (`matplotlib.pyplot.figure`) are retained until explicitly closed and may consume too much memory. (To control this warning, see the rcParam `figure.max_open_warning`).
  fig=plt.figure(figsize=[15,15])
2022-09-15 11:29:32,312 INFO Welcome to the CDS
2022-09-15 11:29:32,313 INFO Sending request to https://cds.climate.copernicus.eu/api/v2/resources/reanalysis-era5-single-levels
2022-09-15 11:29:32,447 INFO Request is queued
2022-09-15 11:29:33,578 INFO Request is running
2022-09-15 11:29:37,661 INFO Request is completed
/home/mundi/Summer2022/myfuncs.py:73: RuntimeWarning: More than 20 figures have been opened. Figures created through the pyplot interface (`matplotlib.pyplot.figure`) are retained until explicitly closed and may consume too much memory. (To control this warning, see the rcParam `figure.max_open_warning`).
  fig=plt.figure(figsize=[15,15])
2022-09-15 11:29:53,604 INFO Welcome to the CDS
2022-09-15 11:29:53,604 INFO Sending request to https://cds.climate.copernicus.eu/api/v2/resources/reanalysis-era5-single-levels
2022-09-15 11:29:53,797 INFO Request is completed
/home/mundi/Summer2022/myfuncs.py:73: RuntimeWarning: More than 20 figures have been opened. Figures created through the pyplot interface (`matplotlib.pyplot.figure`) are retained until explicitly closed and may consume too much memory. (To control this warning, see the rcParam `figure.max_open_warning`).
  fig=plt.figure(figsize=[15,15])
2022-09-15 11:29:57,019 INFO Welcome to the CDS
2022-09-15 11:29:57,019 INFO Sending request to https://cds.climate.copernicus.eu/api/v2/resources/reanalysis-era5-single-levels
2022-09-15 11:29:57,166 INFO Request is queued
2022-09-15 11:29:58,297 INFO Request is running
2022-09-15 11:30:02,311 INFO Request is completed
/home/mundi/Summer2022/myfuncs.py:73: RuntimeWarning: More than 20 figures have been opened. Figures created through the pyplot interface (`matplotlib.pyplot.figure`) are retained until explicitly closed and may consume too much memory. (To control this warning, see the rcParam `figure.max_open_warning`).
  fig=plt.figure(figsize=[15,15])
2022-09-15 11:30:04,569 INFO Welcome to the CDS
2022-09-15 11:30:04,569 INFO Sending request to https://cds.climate.copernicus.eu/api/v2/resources/reanalysis-era5-single-levels
2022-09-15 11:30:04,702 INFO Request is queued
2022-09-15 11:30:05,832 INFO Request is running
2022-09-15 11:30:09,846 INFO Request is completed
/home/mundi/Summer2022/myfuncs.py:73: RuntimeWarning: More than 20 figures have been opened. Figures created through the pyplot interface (`matplotlib.pyplot.figure`) are retained until explicitly closed and may consume too much memory. (To control this warning, see the rcParam `figure.max_open_warning`).
  fig=plt.figure(figsize=[15,15])
2022-09-15 11:30:11,941 INFO Welcome to the CDS
2022-09-15 11:30:11,941 INFO Sending request to https://cds.climate.copernicus.eu/api/v2/resources/reanalysis-era5-single-levels
2022-09-15 11:30:12,076 INFO Request is queued
2022-09-15 11:30:13,604 INFO Request is running
2022-09-15 11:30:15,235 INFO Request is completed
/home/mundi/Summer2022/myfuncs.py:73: RuntimeWarning: More than 20 figures have been opened. Figures created through the pyplot interface (`matplotlib.pyplot.figure`) are retained until explicitly closed and may consume too much memory. (To control this warning, see the rcParam `figure.max_open_warning`).
  fig=plt.figure(figsize=[15,15])
2022-09-15 11:30:17,252 INFO Welcome to the CDS
2022-09-15 11:30:17,252 INFO Sending request to https://cds.climate.copernicus.eu/api/v2/resources/reanalysis-era5-single-levels
2022-09-15 11:30:17,387 INFO Request is queued
2022-09-15 11:30:18,518 INFO Request is running
2022-09-15 11:30:22,532 INFO Request is completed
/home/mundi/Summer2022/myfuncs.py:73: RuntimeWarning: More than 20 figures have been opened. Figures created through the pyplot interface (`matplotlib.pyplot.figure`) are retained until explicitly closed and may consume too much memory. (To control this warning, see the rcParam `figure.max_open_warning`).
  fig=plt.figure(figsize=[15,15])
2022-09-15 11:30:24,761 INFO Welcome to the CDS
2022-09-15 11:30:24,761 INFO Sending request to https://cds.climate.copernicus.eu/api/v2/resources/reanalysis-era5-single-levels
2022-09-15 11:30:24,913 INFO Request is queued
2022-09-15 11:30:26,045 INFO Request is running
2022-09-15 11:30:30,060 INFO Request is completed
/home/mundi/Summer2022/myfuncs.py:73: RuntimeWarning: More than 20 figures have been opened. Figures created through the pyplot interface (`matplotlib.pyplot.figure`) are retained until explicitly closed and may consume too much memory. (To control this warning, see the rcParam `figure.max_open_warning`).
  fig=plt.figure(figsize=[15,15])
2022-09-15 11:30:32,434 INFO Welcome to the CDS
2022-09-15 11:30:32,434 INFO Sending request to https://cds.climate.copernicus.eu/api/v2/resources/reanalysis-era5-single-levels
2022-09-15 11:30:32,568 INFO Request is queued
2022-09-15 11:30:33,700 INFO Request is running
2022-09-15 11:30:35,332 INFO Request is completed
/home/mundi/Summer2022/myfuncs.py:73: RuntimeWarning: More than 20 figures have been opened. Figures created through the pyplot interface (`matplotlib.pyplot.figure`) are retained until explicitly closed and may consume too much memory. (To control this warning, see the rcParam `figure.max_open_warning`).
  fig=plt.figure(figsize=[15,15])
2022-09-15 11:30:39,554 INFO Welcome to the CDS
2022-09-15 11:30:39,554 INFO Sending request to https://cds.climate.copernicus.eu/api/v2/resources/reanalysis-era5-single-levels
2022-09-15 11:30:39,689 INFO Request is queued
2022-09-15 11:30:40,821 INFO Request is running
2022-09-15 11:30:44,837 INFO Request is completed
/home/mundi/Summer2022/myfuncs.py:73: RuntimeWarning: More than 20 figures have been opened. Figures created through the pyplot interface (`matplotlib.pyplot.figure`) are retained until explicitly closed and may consume too much memory. (To control this warning, see the rcParam `figure.max_open_warning`).
  fig=plt.figure(figsize=[15,15])
2022-09-15 11:30:47,047 INFO Welcome to the CDS
2022-09-15 11:30:47,047 INFO Sending request to https://cds.climate.copernicus.eu/api/v2/resources/reanalysis-era5-single-levels
2022-09-15 11:30:47,214 INFO Request is queued
2022-09-15 11:30:48,345 INFO Request is running
2022-09-15 11:30:52,360 INFO Request is completed
/home/mundi/Summer2022/myfuncs.py:73: RuntimeWarning: More than 20 figures have been opened. Figures created through the pyplot interface (`matplotlib.pyplot.figure`) are retained until explicitly closed and may consume too much memory. (To control this warning, see the rcParam `figure.max_open_warning`).
  fig=plt.figure(figsize=[15,15])
2022-09-15 11:30:54,976 INFO Welcome to the CDS
2022-09-15 11:30:54,976 INFO Sending request to https://cds.climate.copernicus.eu/api/v2/resources/reanalysis-era5-single-levels
2022-09-15 11:30:55,125 INFO Request is queued
2022-09-15 11:30:56,257 INFO Request is running
2022-09-15 11:30:57,889 INFO Request is completed
/home/mundi/Summer2022/myfuncs.py:73: RuntimeWarning: More than 20 figures have been opened. Figures created through the pyplot interface (`matplotlib.pyplot.figure`) are retained until explicitly closed and may consume too much memory. (To control this warning, see the rcParam `figure.max_open_warning`).
  fig=plt.figure(figsize=[15,15])
2022-09-15 11:31:00,063 INFO Welcome to the CDS
2022-09-15 11:31:00,063 INFO Sending request to https://cds.climate.copernicus.eu/api/v2/resources/reanalysis-era5-single-levels
2022-09-15 11:31:00,223 INFO Request is queued
2022-09-15 11:31:01,354 INFO Request is running
2022-09-15 11:31:05,370 INFO Request is completed
/home/mundi/Summer2022/myfuncs.py:73: RuntimeWarning: More than 20 figures have been opened. Figures created through the pyplot interface (`matplotlib.pyplot.figure`) are retained until explicitly closed and may consume too much memory. (To control this warning, see the rcParam `figure.max_open_warning`).
  fig=plt.figure(figsize=[15,15])
2022-09-15 11:31:07,879 INFO Welcome to the CDS
2022-09-15 11:31:07,879 INFO Sending request to https://cds.climate.copernicus.eu/api/v2/resources/reanalysis-era5-single-levels
2022-09-15 11:31:08,041 INFO Request is queued
2022-09-15 11:31:09,173 INFO Request is running
2022-09-15 11:31:13,187 INFO Request is completed
/home/mundi/Summer2022/myfuncs.py:73: RuntimeWarning: More than 20 figures have been opened. Figures created through the pyplot interface (`matplotlib.pyplot.figure`) are retained until explicitly closed and may consume too much memory. (To control this warning, see the rcParam `figure.max_open_warning`).
  fig=plt.figure(figsize=[15,15])
2022-09-15 11:31:16,171 INFO Welcome to the CDS
2022-09-15 11:31:16,171 INFO Sending request to https://cds.climate.copernicus.eu/api/v2/resources/reanalysis-era5-single-levels
2022-09-15 11:31:16,306 INFO Request is queued
2022-09-15 11:31:17,438 INFO Request is running
2022-09-15 11:31:21,453 INFO Request is completed
/home/mundi/Summer2022/myfuncs.py:73: RuntimeWarning: More than 20 figures have been opened. Figures created through the pyplot interface (`matplotlib.pyplot.figure`) are retained until explicitly closed and may consume too much memory. (To control this warning, see the rcParam `figure.max_open_warning`).
  fig=plt.figure(figsize=[15,15])
2022-09-15 11:31:24,116 INFO Welcome to the CDS
2022-09-15 11:31:24,116 INFO Sending request to https://cds.climate.copernicus.eu/api/v2/resources/reanalysis-era5-single-levels
2022-09-15 11:31:24,251 INFO Request is queued
2022-09-15 11:31:25,383 INFO Request is running
2022-09-15 11:31:29,397 INFO Request is completed
/home/mundi/Summer2022/myfuncs.py:73: RuntimeWarning: More than 20 figures have been opened. Figures created through the pyplot interface (`matplotlib.pyplot.figure`) are retained until explicitly closed and may consume too much memory. (To control this warning, see the rcParam `figure.max_open_warning`).
  fig=plt.figure(figsize=[15,15])
2022-09-15 11:31:31,904 INFO Welcome to the CDS
2022-09-15 11:31:31,904 INFO Sending request to https://cds.climate.copernicus.eu/api/v2/resources/reanalysis-era5-single-levels
2022-09-15 11:31:32,038 INFO Request is queued
2022-09-15 11:31:33,170 INFO Request is running
2022-09-15 11:31:34,801 INFO Request is completed
/home/mundi/Summer2022/myfuncs.py:73: RuntimeWarning: More than 20 figures have been opened. Figures created through the pyplot interface (`matplotlib.pyplot.figure`) are retained until explicitly closed and may consume too much memory. (To control this warning, see the rcParam `figure.max_open_warning`).
  fig=plt.figure(figsize=[15,15])
2022-09-15 11:31:40,120 INFO Welcome to the CDS
2022-09-15 11:31:40,120 INFO Sending request to https://cds.climate.copernicus.eu/api/v2/resources/reanalysis-era5-single-levels
2022-09-15 11:31:40,254 INFO Request is queued
2022-09-15 11:31:41,385 INFO Request is running
2022-09-15 11:31:43,017 INFO Request is completed
/home/mundi/Summer2022/myfuncs.py:73: RuntimeWarning: More than 20 figures have been opened. Figures created through the pyplot interface (`matplotlib.pyplot.figure`) are retained until explicitly closed and may consume too much memory. (To control this warning, see the rcParam `figure.max_open_warning`).
  fig=plt.figure(figsize=[15,15])
2022-09-15 11:31:55,844 INFO Welcome to the CDS
2022-09-15 11:31:55,844 INFO Sending request to https://cds.climate.copernicus.eu/api/v2/resources/reanalysis-era5-single-levels
2022-09-15 11:31:56,043 INFO Request is completed
/home/mundi/Summer2022/myfuncs.py:73: RuntimeWarning: More than 20 figures have been opened. Figures created through the pyplot interface (`matplotlib.pyplot.figure`) are retained until explicitly closed and may consume too much memory. (To control this warning, see the rcParam `figure.max_open_warning`).
  fig=plt.figure(figsize=[15,15])
2022-09-15 11:31:58,430 INFO Welcome to the CDS
2022-09-15 11:31:58,430 INFO Sending request to https://cds.climate.copernicus.eu/api/v2/resources/reanalysis-era5-single-levels
2022-09-15 11:31:58,616 INFO Request is completed
/home/mundi/Summer2022/myfuncs.py:73: RuntimeWarning: More than 20 figures have been opened. Figures created through the pyplot interface (`matplotlib.pyplot.figure`) are retained until explicitly closed and may consume too much memory. (To control this warning, see the rcParam `figure.max_open_warning`).
  fig=plt.figure(figsize=[15,15])
2022-09-15 11:32:01,873 INFO Welcome to the CDS
2022-09-15 11:32:01,874 INFO Sending request to https://cds.climate.copernicus.eu/api/v2/resources/reanalysis-era5-single-levels
2022-09-15 11:32:02,066 INFO Request is completed
/home/mundi/Summer2022/myfuncs.py:73: RuntimeWarning: More than 20 figures have been opened. Figures created through the pyplot interface (`matplotlib.pyplot.figure`) are retained until explicitly closed and may consume too much memory. (To control this warning, see the rcParam `figure.max_open_warning`).
  fig=plt.figure(figsize=[15,15])
2022-09-15 11:32:06,060 INFO Welcome to the CDS
2022-09-15 11:32:06,061 INFO Sending request to https://cds.climate.copernicus.eu/api/v2/resources/reanalysis-era5-single-levels
2022-09-15 11:32:06,210 INFO Request is completed
/home/mundi/Summer2022/myfuncs.py:73: RuntimeWarning: More than 20 figures have been opened. Figures created through the pyplot interface (`matplotlib.pyplot.figure`) are retained until explicitly closed and may consume too much memory. (To control this warning, see the rcParam `figure.max_open_warning`).
  fig=plt.figure(figsize=[15,15])
2022-09-15 11:32:11,493 INFO Welcome to the CDS
2022-09-15 11:32:11,494 INFO Sending request to https://cds.climate.copernicus.eu/api/v2/resources/reanalysis-era5-single-levels
2022-09-15 11:32:11,656 INFO Request is completed
/home/mundi/Summer2022/myfuncs.py:73: RuntimeWarning: More than 20 figures have been opened. Figures created through the pyplot interface (`matplotlib.pyplot.figure`) are retained until explicitly closed and may consume too much memory. (To control this warning, see the rcParam `figure.max_open_warning`).
  fig=plt.figure(figsize=[15,15])
2022-09-15 11:32:14,715 INFO Welcome to the CDS
2022-09-15 11:32:14,715 INFO Sending request to https://cds.climate.copernicus.eu/api/v2/resources/reanalysis-era5-single-levels
2022-09-15 11:32:14,867 INFO Request is queued
2022-09-15 11:32:15,998 INFO Request is running
2022-09-15 11:32:20,012 INFO Request is completed
/home/mundi/Summer2022/myfuncs.py:73: RuntimeWarning: More than 20 figures have been opened. Figures created through the pyplot interface (`matplotlib.pyplot.figure`) are retained until explicitly closed and may consume too much memory. (To control this warning, see the rcParam `figure.max_open_warning`).
  fig=plt.figure(figsize=[15,15])
2022-09-15 11:32:22,511 INFO Welcome to the CDS
2022-09-15 11:32:22,511 INFO Sending request to https://cds.climate.copernicus.eu/api/v2/resources/reanalysis-era5-single-levels
2022-09-15 11:32:22,644 INFO Request is queued
2022-09-15 11:32:23,775 INFO Request is running
2022-09-15 11:32:27,789 INFO Request is completed
/home/mundi/Summer2022/myfuncs.py:73: RuntimeWarning: More than 20 figures have been opened. Figures created through the pyplot interface (`matplotlib.pyplot.figure`) are retained until explicitly closed and may consume too much memory. (To control this warning, see the rcParam `figure.max_open_warning`).
  fig=plt.figure(figsize=[15,15])
2022-09-15 11:32:30,549 INFO Welcome to the CDS
2022-09-15 11:32:30,550 INFO Sending request to https://cds.climate.copernicus.eu/api/v2/resources/reanalysis-era5-single-levels
2022-09-15 11:32:30,702 INFO Request is queued
2022-09-15 11:32:32,229 INFO Request is running
2022-09-15 11:32:36,243 INFO Request is completed
/home/mundi/Summer2022/myfuncs.py:73: RuntimeWarning: More than 20 figures have been opened. Figures created through the pyplot interface (`matplotlib.pyplot.figure`) are retained until explicitly closed and may consume too much memory. (To control this warning, see the rcParam `figure.max_open_warning`).
  fig=plt.figure(figsize=[15,15])
2022-09-15 11:32:38,974 INFO Welcome to the CDS
2022-09-15 11:32:38,974 INFO Sending request to https://cds.climate.copernicus.eu/api/v2/resources/reanalysis-era5-single-levels
2022-09-15 11:32:39,125 INFO Request is completed
/home/mundi/Summer2022/myfuncs.py:73: RuntimeWarning: More than 20 figures have been opened. Figures created through the pyplot interface (`matplotlib.pyplot.figure`) are retained until explicitly closed and may consume too much memory. (To control this warning, see the rcParam `figure.max_open_warning`).
  fig=plt.figure(figsize=[15,15])
2022-09-15 11:32:41,441 INFO Welcome to the CDS
2022-09-15 11:32:41,442 INFO Sending request to https://cds.climate.copernicus.eu/api/v2/resources/reanalysis-era5-single-levels
2022-09-15 11:32:41,592 INFO Request is completed
/home/mundi/Summer2022/myfuncs.py:73: RuntimeWarning: More than 20 figures have been opened. Figures created through the pyplot interface (`matplotlib.pyplot.figure`) are retained until explicitly closed and may consume too much memory. (To control this warning, see the rcParam `figure.max_open_warning`).
  fig=plt.figure(figsize=[15,15])
2022-09-15 11:32:44,200 INFO Welcome to the CDS
2022-09-15 11:32:44,200 INFO Sending request to https://cds.climate.copernicus.eu/api/v2/resources/reanalysis-era5-single-levels
2022-09-15 11:32:44,387 INFO Request is completed
/home/mundi/Summer2022/myfuncs.py:73: RuntimeWarning: More than 20 figures have been opened. Figures created through the pyplot interface (`matplotlib.pyplot.figure`) are retained until explicitly closed and may consume too much memory. (To control this warning, see the rcParam `figure.max_open_warning`).
  fig=plt.figure(figsize=[15,15])
2022-09-15 11:32:47,854 INFO Welcome to the CDS
2022-09-15 11:32:47,854 INFO Sending request to https://cds.climate.copernicus.eu/api/v2/resources/reanalysis-era5-single-levels
2022-09-15 11:32:48,004 INFO Request is completed
/home/mundi/Summer2022/myfuncs.py:73: RuntimeWarning: More than 20 figures have been opened. Figures created through the pyplot interface (`matplotlib.pyplot.figure`) are retained until explicitly closed and may consume too much memory. (To control this warning, see the rcParam `figure.max_open_warning`).
  fig=plt.figure(figsize=[15,15])
2022-09-15 11:32:50,893 INFO Welcome to the CDS
2022-09-15 11:32:50,893 INFO Sending request to https://cds.climate.copernicus.eu/api/v2/resources/reanalysis-era5-single-levels
2022-09-15 11:32:51,028 INFO Request is queued
2022-09-15 11:32:52,159 INFO Request is running
2022-09-15 11:32:56,174 INFO Request is completed
/home/mundi/Summer2022/myfuncs.py:73: RuntimeWarning: More than 20 figures have been opened. Figures created through the pyplot interface (`matplotlib.pyplot.figure`) are retained until explicitly closed and may consume too much memory. (To control this warning, see the rcParam `figure.max_open_warning`).
  fig=plt.figure(figsize=[15,15])
2022-09-15 11:32:58,733 INFO Welcome to the CDS
2022-09-15 11:32:58,733 INFO Sending request to https://cds.climate.copernicus.eu/api/v2/resources/reanalysis-era5-single-levels
2022-09-15 11:32:58,895 INFO Request is queued
2022-09-15 11:33:00,026 INFO Request is running
2022-09-15 11:33:01,658 INFO Request is completed
/home/mundi/Summer2022/myfuncs.py:73: RuntimeWarning: More than 20 figures have been opened. Figures created through the pyplot interface (`matplotlib.pyplot.figure`) are retained until explicitly closed and may consume too much memory. (To control this warning, see the rcParam `figure.max_open_warning`).
  fig=plt.figure(figsize=[15,15])
2022-09-15 11:33:03,991 INFO Welcome to the CDS
2022-09-15 11:33:03,991 INFO Sending request to https://cds.climate.copernicus.eu/api/v2/resources/reanalysis-era5-single-levels
2022-09-15 11:33:04,125 INFO Request is queued
2022-09-15 11:33:05,255 INFO Request is running
2022-09-15 11:33:06,886 INFO Request is completed
/home/mundi/Summer2022/myfuncs.py:73: RuntimeWarning: More than 20 figures have been opened. Figures created through the pyplot interface (`matplotlib.pyplot.figure`) are retained until explicitly closed and may consume too much memory. (To control this warning, see the rcParam `figure.max_open_warning`).
  fig=plt.figure(figsize=[15,15])
2022-09-15 11:33:09,423 INFO Welcome to the CDS
2022-09-15 11:33:09,423 INFO Sending request to https://cds.climate.copernicus.eu/api/v2/resources/reanalysis-era5-single-levels
2022-09-15 11:33:09,632 INFO Request is completed
/home/mundi/Summer2022/myfuncs.py:73: RuntimeWarning: More than 20 figures have been opened. Figures created through the pyplot interface (`matplotlib.pyplot.figure`) are retained until explicitly closed and may consume too much memory. (To control this warning, see the rcParam `figure.max_open_warning`).
  fig=plt.figure(figsize=[15,15])
2022-09-15 11:33:14,104 INFO Welcome to the CDS
2022-09-15 11:33:14,104 INFO Sending request to https://cds.climate.copernicus.eu/api/v2/resources/reanalysis-era5-single-levels
2022-09-15 11:33:14,253 INFO Request is queued
2022-09-15 11:33:15,384 INFO Request is running
2022-09-15 11:33:19,399 INFO Request is completed
/home/mundi/Summer2022/myfuncs.py:73: RuntimeWarning: More than 20 figures have been opened. Figures created through the pyplot interface (`matplotlib.pyplot.figure`) are retained until explicitly closed and may consume too much memory. (To control this warning, see the rcParam `figure.max_open_warning`).
  fig=plt.figure(figsize=[15,15])
2022-09-15 11:33:25,868 INFO Welcome to the CDS
2022-09-15 11:33:25,868 INFO Sending request to https://cds.climate.copernicus.eu/api/v2/resources/reanalysis-era5-single-levels
2022-09-15 11:33:26,002 INFO Request is queued
2022-09-15 11:33:27,132 INFO Request is running
2022-09-15 11:33:31,146 INFO Request is completed
/home/mundi/Summer2022/myfuncs.py:73: RuntimeWarning: More than 20 figures have been opened. Figures created through the pyplot interface (`matplotlib.pyplot.figure`) are retained until explicitly closed and may consume too much memory. (To control this warning, see the rcParam `figure.max_open_warning`).
  fig=plt.figure(figsize=[15,15])
/home/mundi/miniconda3/envs/cyc_loc/lib/python3.8/site-packages/cartopy/mpl/geoaxes.py:1478: UserWarning: No contour levels were found within the data range.
  result = matplotlib.axes.Axes.contour(self, *args, **kwargs)
2022-09-15 11:34:09,601 INFO Welcome to the CDS
2022-09-15 11:34:09,601 INFO Sending request to https://cds.climate.copernicus.eu/api/v2/resources/reanalysis-era5-single-levels
2022-09-15 11:34:09,748 INFO Request is queued
2022-09-15 11:34:10,878 INFO Request is running
2022-09-15 11:34:12,510 INFO Request is completed
/home/mundi/Summer2022/myfuncs.py:73: RuntimeWarning: More than 20 figures have been opened. Figures created through the pyplot interface (`matplotlib.pyplot.figure`) are retained until explicitly closed and may consume too much memory. (To control this warning, see the rcParam `figure.max_open_warning`).
  fig=plt.figure(figsize=[15,15])
/home/mundi/miniconda3/envs/cyc_loc/lib/python3.8/site-packages/cartopy/mpl/geoaxes.py:1478: UserWarning: No contour levels were found within the data range.
  result = matplotlib.axes.Axes.contour(self, *args, **kwargs)
2022-09-15 11:34:48,783 INFO Welcome to the CDS
2022-09-15 11:34:48,784 INFO Sending request to https://cds.climate.copernicus.eu/api/v2/resources/reanalysis-era5-single-levels
2022-09-15 11:34:48,918 INFO Request is queued
2022-09-15 11:34:50,049 INFO Request is running
2022-09-15 11:34:51,680 INFO Request is completed
/home/mundi/Summer2022/myfuncs.py:73: RuntimeWarning: More than 20 figures have been opened. Figures created through the pyplot interface (`matplotlib.pyplot.figure`) are retained until explicitly closed and may consume too much memory. (To control this warning, see the rcParam `figure.max_open_warning`).
  fig=plt.figure(figsize=[15,15])
/home/mundi/miniconda3/envs/cyc_loc/lib/python3.8/site-packages/cartopy/mpl/geoaxes.py:1478: UserWarning: No contour levels were found within the data range.
  result = matplotlib.axes.Axes.contour(self, *args, **kwargs)
2022-09-15 11:35:06,525 INFO Welcome to the CDS
2022-09-15 11:35:06,525 INFO Sending request to https://cds.climate.copernicus.eu/api/v2/resources/reanalysis-era5-single-levels
2022-09-15 11:35:06,721 INFO Request is queued
2022-09-15 11:35:07,853 INFO Request is running
2022-09-15 11:35:11,868 INFO Request is completed
/home/mundi/Summer2022/myfuncs.py:73: RuntimeWarning: More than 20 figures have been opened. Figures created through the pyplot interface (`matplotlib.pyplot.figure`) are retained until explicitly closed and may consume too much memory. (To control this warning, see the rcParam `figure.max_open_warning`).
  fig=plt.figure(figsize=[15,15])
2022-09-15 11:35:16,137 INFO Welcome to the CDS
2022-09-15 11:35:16,137 INFO Sending request to https://cds.climate.copernicus.eu/api/v2/resources/reanalysis-era5-single-levels
2022-09-15 11:35:16,272 INFO Request is queued
2022-09-15 11:35:17,403 INFO Request is running
2022-09-15 11:35:19,034 INFO Request is completed
/home/mundi/Summer2022/myfuncs.py:73: RuntimeWarning: More than 20 figures have been opened. Figures created through the pyplot interface (`matplotlib.pyplot.figure`) are retained until explicitly closed and may consume too much memory. (To control this warning, see the rcParam `figure.max_open_warning`).
  fig=plt.figure(figsize=[15,15])
2022-09-15 11:35:24,481 INFO Welcome to the CDS
2022-09-15 11:35:24,481 INFO Sending request to https://cds.climate.copernicus.eu/api/v2/resources/reanalysis-era5-single-levels
2022-09-15 11:35:24,630 INFO Request is queued
2022-09-15 11:35:25,761 INFO Request is running
2022-09-15 11:35:29,777 INFO Request is completed
/home/mundi/Summer2022/myfuncs.py:73: RuntimeWarning: More than 20 figures have been opened. Figures created through the pyplot interface (`matplotlib.pyplot.figure`) are retained until explicitly closed and may consume too much memory. (To control this warning, see the rcParam `figure.max_open_warning`).
  fig=plt.figure(figsize=[15,15])
2022-09-15 11:35:33,004 INFO Welcome to the CDS
2022-09-15 11:35:33,004 INFO Sending request to https://cds.climate.copernicus.eu/api/v2/resources/reanalysis-era5-single-levels
2022-09-15 11:35:33,284 INFO Request is completed
/home/mundi/Summer2022/myfuncs.py:73: RuntimeWarning: More than 20 figures have been opened. Figures created through the pyplot interface (`matplotlib.pyplot.figure`) are retained until explicitly closed and may consume too much memory. (To control this warning, see the rcParam `figure.max_open_warning`).
  fig=plt.figure(figsize=[15,15])
2022-09-15 11:35:36,377 INFO Welcome to the CDS
2022-09-15 11:35:36,378 INFO Sending request to https://cds.climate.copernicus.eu/api/v2/resources/reanalysis-era5-single-levels
2022-09-15 11:35:36,527 INFO Request is completed
/home/mundi/Summer2022/myfuncs.py:73: RuntimeWarning: More than 20 figures have been opened. Figures created through the pyplot interface (`matplotlib.pyplot.figure`) are retained until explicitly closed and may consume too much memory. (To control this warning, see the rcParam `figure.max_open_warning`).
  fig=plt.figure(figsize=[15,15])
2022-09-15 11:35:38,981 INFO Welcome to the CDS
2022-09-15 11:35:38,981 INFO Sending request to https://cds.climate.copernicus.eu/api/v2/resources/reanalysis-era5-single-levels
2022-09-15 11:35:39,134 INFO Request is queued
2022-09-15 11:35:40,265 INFO Request is running
2022-09-15 11:35:41,897 INFO Request is completed
/home/mundi/Summer2022/myfuncs.py:73: RuntimeWarning: More than 20 figures have been opened. Figures created through the pyplot interface (`matplotlib.pyplot.figure`) are retained until explicitly closed and may consume too much memory. (To control this warning, see the rcParam `figure.max_open_warning`).
  fig=plt.figure(figsize=[15,15])
2022-09-15 11:35:45,526 INFO Welcome to the CDS
2022-09-15 11:35:45,526 INFO Sending request to https://cds.climate.copernicus.eu/api/v2/resources/reanalysis-era5-single-levels
2022-09-15 11:35:45,677 INFO Request is completed
/home/mundi/Summer2022/myfuncs.py:73: RuntimeWarning: More than 20 figures have been opened. Figures created through the pyplot interface (`matplotlib.pyplot.figure`) are retained until explicitly closed and may consume too much memory. (To control this warning, see the rcParam `figure.max_open_warning`).
  fig=plt.figure(figsize=[15,15])
2022-09-15 11:35:48,087 INFO Welcome to the CDS
2022-09-15 11:35:48,088 INFO Sending request to https://cds.climate.copernicus.eu/api/v2/resources/reanalysis-era5-single-levels
2022-09-15 11:35:48,249 INFO Request is completed
/home/mundi/Summer2022/myfuncs.py:73: RuntimeWarning: More than 20 figures have been opened. Figures created through the pyplot interface (`matplotlib.pyplot.figure`) are retained until explicitly closed and may consume too much memory. (To control this warning, see the rcParam `figure.max_open_warning`).
  fig=plt.figure(figsize=[15,15])
2022-09-15 11:35:50,493 INFO Welcome to the CDS
2022-09-15 11:35:50,493 INFO Sending request to https://cds.climate.copernicus.eu/api/v2/resources/reanalysis-era5-single-levels
2022-09-15 11:35:50,629 INFO Request is queued
2022-09-15 11:35:51,760 INFO Request is running
2022-09-15 11:35:55,775 INFO Request is completed
/home/mundi/Summer2022/myfuncs.py:73: RuntimeWarning: More than 20 figures have been opened. Figures created through the pyplot interface (`matplotlib.pyplot.figure`) are retained until explicitly closed and may consume too much memory. (To control this warning, see the rcParam `figure.max_open_warning`).
  fig=plt.figure(figsize=[15,15])
2022-09-15 11:36:00,832 INFO Welcome to the CDS
2022-09-15 11:36:00,832 INFO Sending request to https://cds.climate.copernicus.eu/api/v2/resources/reanalysis-era5-single-levels
2022-09-15 11:36:01,042 INFO Request is queued
2022-09-15 11:36:02,172 INFO Request is running
2022-09-15 11:36:04,223 INFO Request is completed
/home/mundi/Summer2022/myfuncs.py:73: RuntimeWarning: More than 20 figures have been opened. Figures created through the pyplot interface (`matplotlib.pyplot.figure`) are retained until explicitly closed and may consume too much memory. (To control this warning, see the rcParam `figure.max_open_warning`).
  fig=plt.figure(figsize=[15,15])
2022-09-15 11:36:08,857 INFO Welcome to the CDS
2022-09-15 11:36:08,857 INFO Sending request to https://cds.climate.copernicus.eu/api/v2/resources/reanalysis-era5-single-levels
2022-09-15 11:36:09,023 INFO Request is queued
2022-09-15 11:36:10,159 INFO Request is running
2022-09-15 11:36:14,185 INFO Request is completed
/home/mundi/Summer2022/myfuncs.py:73: RuntimeWarning: More than 20 figures have been opened. Figures created through the pyplot interface (`matplotlib.pyplot.figure`) are retained until explicitly closed and may consume too much memory. (To control this warning, see the rcParam `figure.max_open_warning`).
  fig=plt.figure(figsize=[15,15])
2022-09-15 11:36:17,329 INFO Welcome to the CDS
2022-09-15 11:36:17,330 INFO Sending request to https://cds.climate.copernicus.eu/api/v2/resources/reanalysis-era5-single-levels
2022-09-15 11:36:17,471 INFO Request is queued
2022-09-15 11:36:18,608 INFO Request is running
2022-09-15 11:36:22,632 INFO Request is completed
/home/mundi/Summer2022/myfuncs.py:73: RuntimeWarning: More than 20 figures have been opened. Figures created through the pyplot interface (`matplotlib.pyplot.figure`) are retained until explicitly closed and may consume too much memory. (To control this warning, see the rcParam `figure.max_open_warning`).
  fig=plt.figure(figsize=[15,15])
2022-09-15 11:36:29,028 INFO Welcome to the CDS
2022-09-15 11:36:29,028 INFO Sending request to https://cds.climate.copernicus.eu/api/v2/resources/reanalysis-era5-single-levels
2022-09-15 11:36:29,183 INFO Request is completed
/home/mundi/Summer2022/myfuncs.py:73: RuntimeWarning: More than 20 figures have been opened. Figures created through the pyplot interface (`matplotlib.pyplot.figure`) are retained until explicitly closed and may consume too much memory. (To control this warning, see the rcParam `figure.max_open_warning`).
  fig=plt.figure(figsize=[15,15])
2022-09-15 11:36:34,655 INFO Welcome to the CDS
2022-09-15 11:36:34,655 INFO Sending request to https://cds.climate.copernicus.eu/api/v2/resources/reanalysis-era5-single-levels
2022-09-15 11:36:34,807 INFO Request is queued
2022-09-15 11:36:35,943 INFO Request is running
2022-09-15 11:36:37,581 INFO Request is completed
/home/mundi/Summer2022/myfuncs.py:73: RuntimeWarning: More than 20 figures have been opened. Figures created through the pyplot interface (`matplotlib.pyplot.figure`) are retained until explicitly closed and may consume too much memory. (To control this warning, see the rcParam `figure.max_open_warning`).
  fig=plt.figure(figsize=[15,15])
2022-09-15 11:36:43,290 INFO Welcome to the CDS
2022-09-15 11:36:43,290 INFO Sending request to https://cds.climate.copernicus.eu/api/v2/resources/reanalysis-era5-single-levels
2022-09-15 11:36:43,468 INFO Request is queued
2022-09-15 11:36:44,604 INFO Request is running
2022-09-15 11:36:48,629 INFO Request is completed
/home/mundi/Summer2022/myfuncs.py:73: RuntimeWarning: More than 20 figures have been opened. Figures created through the pyplot interface (`matplotlib.pyplot.figure`) are retained until explicitly closed and may consume too much memory. (To control this warning, see the rcParam `figure.max_open_warning`).
  fig=plt.figure(figsize=[15,15])
2022-09-15 11:36:53,024 INFO Welcome to the CDS
2022-09-15 11:36:53,025 INFO Sending request to https://cds.climate.copernicus.eu/api/v2/resources/reanalysis-era5-single-levels
2022-09-15 11:36:53,164 INFO Request is queued
2022-09-15 11:36:54,301 INFO Request is running
2022-09-15 11:36:58,326 INFO Request is completed
/home/mundi/Summer2022/myfuncs.py:73: RuntimeWarning: More than 20 figures have been opened. Figures created through the pyplot interface (`matplotlib.pyplot.figure`) are retained until explicitly closed and may consume too much memory. (To control this warning, see the rcParam `figure.max_open_warning`).
  fig=plt.figure(figsize=[15,15])
2022-09-15 11:37:01,064 INFO Welcome to the CDS
2022-09-15 11:37:01,064 INFO Sending request to https://cds.climate.copernicus.eu/api/v2/resources/reanalysis-era5-single-levels
2022-09-15 11:37:01,204 INFO Request is queued
2022-09-15 11:37:02,341 INFO Request is running
2022-09-15 11:37:03,978 INFO Request is completed
/home/mundi/Summer2022/myfuncs.py:73: RuntimeWarning: More than 20 figures have been opened. Figures created through the pyplot interface (`matplotlib.pyplot.figure`) are retained until explicitly closed and may consume too much memory. (To control this warning, see the rcParam `figure.max_open_warning`).
  fig=plt.figure(figsize=[15,15])
2022-09-15 11:37:06,379 INFO Welcome to the CDS
2022-09-15 11:37:06,380 INFO Sending request to https://cds.climate.copernicus.eu/api/v2/resources/reanalysis-era5-single-levels
2022-09-15 11:37:06,565 INFO Request is queued
2022-09-15 11:37:07,702 INFO Request is running
2022-09-15 11:37:11,730 INFO Request is completed
/home/mundi/Summer2022/myfuncs.py:73: RuntimeWarning: More than 20 figures have been opened. Figures created through the pyplot interface (`matplotlib.pyplot.figure`) are retained until explicitly closed and may consume too much memory. (To control this warning, see the rcParam `figure.max_open_warning`).
  fig=plt.figure(figsize=[15,15])
2022-09-15 11:37:13,986 INFO Welcome to the CDS
2022-09-15 11:37:13,986 INFO Sending request to https://cds.climate.copernicus.eu/api/v2/resources/reanalysis-era5-single-levels
2022-09-15 11:37:14,127 INFO Request is queued
2022-09-15 11:37:15,262 INFO Request is running
2022-09-15 11:37:16,901 INFO Request is completed
/home/mundi/Summer2022/myfuncs.py:73: RuntimeWarning: More than 20 figures have been opened. Figures created through the pyplot interface (`matplotlib.pyplot.figure`) are retained until explicitly closed and may consume too much memory. (To control this warning, see the rcParam `figure.max_open_warning`).
  fig=plt.figure(figsize=[15,15])
2022-09-15 11:37:19,644 INFO Welcome to the CDS
2022-09-15 11:37:19,644 INFO Sending request to https://cds.climate.copernicus.eu/api/v2/resources/reanalysis-era5-single-levels
2022-09-15 11:37:19,785 INFO Request is queued
2022-09-15 11:37:20,923 INFO Request is running
2022-09-15 11:37:24,949 INFO Request is completed
/home/mundi/Summer2022/myfuncs.py:73: RuntimeWarning: More than 20 figures have been opened. Figures created through the pyplot interface (`matplotlib.pyplot.figure`) are retained until explicitly closed and may consume too much memory. (To control this warning, see the rcParam `figure.max_open_warning`).
  fig=plt.figure(figsize=[15,15])
2022-09-15 11:37:29,073 INFO Welcome to the CDS
2022-09-15 11:37:29,073 INFO Sending request to https://cds.climate.copernicus.eu/api/v2/resources/reanalysis-era5-single-levels
2022-09-15 11:37:29,212 INFO Request is queued
2022-09-15 11:37:30,349 INFO Request is running
2022-09-15 11:37:34,375 INFO Request is completed
/home/mundi/Summer2022/myfuncs.py:73: RuntimeWarning: More than 20 figures have been opened. Figures created through the pyplot interface (`matplotlib.pyplot.figure`) are retained until explicitly closed and may consume too much memory. (To control this warning, see the rcParam `figure.max_open_warning`).
  fig=plt.figure(figsize=[15,15])
2022-09-15 11:37:52,300 INFO Welcome to the CDS
2022-09-15 11:37:52,300 INFO Sending request to https://cds.climate.copernicus.eu/api/v2/resources/reanalysis-era5-single-levels
2022-09-15 11:37:52,439 INFO Request is queued
2022-09-15 11:37:53,577 INFO Request is running
2022-09-15 11:37:57,602 INFO Request is completed
/home/mundi/Summer2022/myfuncs.py:73: RuntimeWarning: More than 20 figures have been opened. Figures created through the pyplot interface (`matplotlib.pyplot.figure`) are retained until explicitly closed and may consume too much memory. (To control this warning, see the rcParam `figure.max_open_warning`).
  fig=plt.figure(figsize=[15,15])
2022-09-15 11:38:18,175 INFO Welcome to the CDS
2022-09-15 11:38:18,176 INFO Sending request to https://cds.climate.copernicus.eu/api/v2/resources/reanalysis-era5-single-levels
2022-09-15 11:38:18,316 INFO Request is queued
2022-09-15 11:38:19,453 INFO Request is running
2022-09-15 11:38:23,481 INFO Request is completed
/home/mundi/Summer2022/myfuncs.py:73: RuntimeWarning: More than 20 figures have been opened. Figures created through the pyplot interface (`matplotlib.pyplot.figure`) are retained until explicitly closed and may consume too much memory. (To control this warning, see the rcParam `figure.max_open_warning`).
  fig=plt.figure(figsize=[15,15])
2022-09-15 11:38:26,631 INFO Welcome to the CDS
2022-09-15 11:38:26,631 INFO Sending request to https://cds.climate.copernicus.eu/api/v2/resources/reanalysis-era5-single-levels
2022-09-15 11:38:26,770 INFO Request is queued
2022-09-15 11:38:27,908 INFO Request is running
2022-09-15 11:38:29,545 INFO Request is completed
/home/mundi/Summer2022/myfuncs.py:73: RuntimeWarning: More than 20 figures have been opened. Figures created through the pyplot interface (`matplotlib.pyplot.figure`) are retained until explicitly closed and may consume too much memory. (To control this warning, see the rcParam `figure.max_open_warning`).
  fig=plt.figure(figsize=[15,15])
2022-09-15 11:38:32,418 INFO Welcome to the CDS
2022-09-15 11:38:32,418 INFO Sending request to https://cds.climate.copernicus.eu/api/v2/resources/reanalysis-era5-single-levels
2022-09-15 11:38:32,566 INFO Request is queued
2022-09-15 11:38:33,705 INFO Request is running
2022-09-15 11:38:35,343 INFO Request is completed
/home/mundi/Summer2022/myfuncs.py:73: RuntimeWarning: More than 20 figures have been opened. Figures created through the pyplot interface (`matplotlib.pyplot.figure`) are retained until explicitly closed and may consume too much memory. (To control this warning, see the rcParam `figure.max_open_warning`).
  fig=plt.figure(figsize=[15,15])
2022-09-15 11:38:38,506 INFO Welcome to the CDS
2022-09-15 11:38:38,506 INFO Sending request to https://cds.climate.copernicus.eu/api/v2/resources/reanalysis-era5-single-levels
2022-09-15 11:38:38,671 INFO Request is completed
/home/mundi/Summer2022/myfuncs.py:73: RuntimeWarning: More than 20 figures have been opened. Figures created through the pyplot interface (`matplotlib.pyplot.figure`) are retained until explicitly closed and may consume too much memory. (To control this warning, see the rcParam `figure.max_open_warning`).
  fig=plt.figure(figsize=[15,15])
2022-09-15 11:38:44,750 INFO Welcome to the CDS
2022-09-15 11:38:44,750 INFO Sending request to https://cds.climate.copernicus.eu/api/v2/resources/reanalysis-era5-single-levels
2022-09-15 11:38:44,905 INFO Request is completed
/home/mundi/Summer2022/myfuncs.py:73: RuntimeWarning: More than 20 figures have been opened. Figures created through the pyplot interface (`matplotlib.pyplot.figure`) are retained until explicitly closed and may consume too much memory. (To control this warning, see the rcParam `figure.max_open_warning`).
  fig=plt.figure(figsize=[15,15])
2022-09-15 11:38:49,497 INFO Welcome to the CDS
2022-09-15 11:38:49,497 INFO Sending request to https://cds.climate.copernicus.eu/api/v2/resources/reanalysis-era5-single-levels
2022-09-15 11:38:49,674 INFO Request is completed
/home/mundi/Summer2022/myfuncs.py:73: RuntimeWarning: More than 20 figures have been opened. Figures created through the pyplot interface (`matplotlib.pyplot.figure`) are retained until explicitly closed and may consume too much memory. (To control this warning, see the rcParam `figure.max_open_warning`).
  fig=plt.figure(figsize=[15,15])
2022-09-15 11:38:53,111 INFO Welcome to the CDS
2022-09-15 11:38:53,111 INFO Sending request to https://cds.climate.copernicus.eu/api/v2/resources/reanalysis-era5-single-levels
2022-09-15 11:38:53,271 INFO Request is completed
/home/mundi/Summer2022/myfuncs.py:73: RuntimeWarning: More than 20 figures have been opened. Figures created through the pyplot interface (`matplotlib.pyplot.figure`) are retained until explicitly closed and may consume too much memory. (To control this warning, see the rcParam `figure.max_open_warning`).
  fig=plt.figure(figsize=[15,15])
2022-09-15 11:38:56,215 INFO Welcome to the CDS
2022-09-15 11:38:56,215 INFO Sending request to https://cds.climate.copernicus.eu/api/v2/resources/reanalysis-era5-single-levels
2022-09-15 11:38:56,369 INFO Request is completed
/home/mundi/Summer2022/myfuncs.py:73: RuntimeWarning: More than 20 figures have been opened. Figures created through the pyplot interface (`matplotlib.pyplot.figure`) are retained until explicitly closed and may consume too much memory. (To control this warning, see the rcParam `figure.max_open_warning`).
  fig=plt.figure(figsize=[15,15])
2022-09-15 11:39:00,974 INFO Welcome to the CDS
2022-09-15 11:39:00,974 INFO Sending request to https://cds.climate.copernicus.eu/api/v2/resources/reanalysis-era5-single-levels
2022-09-15 11:39:01,546 INFO Request is completed
/home/mundi/Summer2022/myfuncs.py:73: RuntimeWarning: More than 20 figures have been opened. Figures created through the pyplot interface (`matplotlib.pyplot.figure`) are retained until explicitly closed and may consume too much memory. (To control this warning, see the rcParam `figure.max_open_warning`).
  fig=plt.figure(figsize=[15,15])
2022-09-15 11:39:08,672 INFO Welcome to the CDS
2022-09-15 11:39:08,672 INFO Sending request to https://cds.climate.copernicus.eu/api/v2/resources/reanalysis-era5-single-levels
2022-09-15 11:39:08,827 INFO Request is completed
/home/mundi/Summer2022/myfuncs.py:73: RuntimeWarning: More than 20 figures have been opened. Figures created through the pyplot interface (`matplotlib.pyplot.figure`) are retained until explicitly closed and may consume too much memory. (To control this warning, see the rcParam `figure.max_open_warning`).
  fig=plt.figure(figsize=[15,15])
2022-09-15 11:39:22,158 INFO Welcome to the CDS
2022-09-15 11:39:22,159 INFO Sending request to https://cds.climate.copernicus.eu/api/v2/resources/reanalysis-era5-single-levels
2022-09-15 11:39:22,338 INFO Request is completed
/home/mundi/Summer2022/myfuncs.py:73: RuntimeWarning: More than 20 figures have been opened. Figures created through the pyplot interface (`matplotlib.pyplot.figure`) are retained until explicitly closed and may consume too much memory. (To control this warning, see the rcParam `figure.max_open_warning`).
  fig=plt.figure(figsize=[15,15])
2022-09-15 11:39:29,727 INFO Welcome to the CDS
2022-09-15 11:39:29,728 INFO Sending request to https://cds.climate.copernicus.eu/api/v2/resources/reanalysis-era5-single-levels
2022-09-15 11:39:29,956 INFO Request is completed
/home/mundi/Summer2022/myfuncs.py:73: RuntimeWarning: More than 20 figures have been opened. Figures created through the pyplot interface (`matplotlib.pyplot.figure`) are retained until explicitly closed and may consume too much memory. (To control this warning, see the rcParam `figure.max_open_warning`).
  fig=plt.figure(figsize=[15,15])
2022-09-15 11:39:33,465 INFO Welcome to the CDS
2022-09-15 11:39:33,465 INFO Sending request to https://cds.climate.copernicus.eu/api/v2/resources/reanalysis-era5-single-levels
2022-09-15 11:39:33,620 INFO Request is completed
/home/mundi/Summer2022/myfuncs.py:73: RuntimeWarning: More than 20 figures have been opened. Figures created through the pyplot interface (`matplotlib.pyplot.figure`) are retained until explicitly closed and may consume too much memory. (To control this warning, see the rcParam `figure.max_open_warning`).
  fig=plt.figure(figsize=[15,15])
2022-09-15 11:39:41,683 INFO Welcome to the CDS
2022-09-15 11:39:41,684 INFO Sending request to https://cds.climate.copernicus.eu/api/v2/resources/reanalysis-era5-single-levels
2022-09-15 11:39:41,862 INFO Request is completed
/home/mundi/Summer2022/myfuncs.py:73: RuntimeWarning: More than 20 figures have been opened. Figures created through the pyplot interface (`matplotlib.pyplot.figure`) are retained until explicitly closed and may consume too much memory. (To control this warning, see the rcParam `figure.max_open_warning`).
  fig=plt.figure(figsize=[15,15])
2022-09-15 11:39:47,903 INFO Welcome to the CDS
2022-09-15 11:39:47,903 INFO Sending request to https://cds.climate.copernicus.eu/api/v2/resources/reanalysis-era5-single-levels
2022-09-15 11:39:48,056 INFO Request is completed
/home/mundi/Summer2022/myfuncs.py:73: RuntimeWarning: More than 20 figures have been opened. Figures created through the pyplot interface (`matplotlib.pyplot.figure`) are retained until explicitly closed and may consume too much memory. (To control this warning, see the rcParam `figure.max_open_warning`).
  fig=plt.figure(figsize=[15,15])
2022-09-15 11:39:51,883 INFO Welcome to the CDS
2022-09-15 11:39:51,883 INFO Sending request to https://cds.climate.copernicus.eu/api/v2/resources/reanalysis-era5-single-levels
2022-09-15 11:39:52,023 INFO Request is queued
2022-09-15 11:39:53,160 INFO Request is running
2022-09-15 11:39:57,187 INFO Request is completed
/home/mundi/Summer2022/myfuncs.py:73: RuntimeWarning: More than 20 figures have been opened. Figures created through the pyplot interface (`matplotlib.pyplot.figure`) are retained until explicitly closed and may consume too much memory. (To control this warning, see the rcParam `figure.max_open_warning`).
  fig=plt.figure(figsize=[15,15])
2022-09-15 11:40:10,209 INFO Welcome to the CDS
2022-09-15 11:40:10,209 INFO Sending request to https://cds.climate.copernicus.eu/api/v2/resources/reanalysis-era5-single-levels
2022-09-15 11:40:10,351 INFO Request is queued
2022-09-15 11:40:11,488 INFO Request is running
2022-09-15 11:40:13,125 INFO Request is completed
/home/mundi/Summer2022/myfuncs.py:73: RuntimeWarning: More than 20 figures have been opened. Figures created through the pyplot interface (`matplotlib.pyplot.figure`) are retained until explicitly closed and may consume too much memory. (To control this warning, see the rcParam `figure.max_open_warning`).
  fig=plt.figure(figsize=[15,15])
2022-09-15 11:40:17,647 INFO Welcome to the CDS
2022-09-15 11:40:17,647 INFO Sending request to https://cds.climate.copernicus.eu/api/v2/resources/reanalysis-era5-single-levels
2022-09-15 11:40:17,786 INFO Request is queued
2022-09-15 11:40:18,924 INFO Request is running
2022-09-15 11:40:20,562 INFO Request is completed
/home/mundi/Summer2022/myfuncs.py:73: RuntimeWarning: More than 20 figures have been opened. Figures created through the pyplot interface (`matplotlib.pyplot.figure`) are retained until explicitly closed and may consume too much memory. (To control this warning, see the rcParam `figure.max_open_warning`).
  fig=plt.figure(figsize=[15,15])
2022-09-15 11:40:23,879 INFO Welcome to the CDS
2022-09-15 11:40:23,879 INFO Sending request to https://cds.climate.copernicus.eu/api/v2/resources/reanalysis-era5-single-levels
2022-09-15 11:40:24,019 INFO Request is queued
2022-09-15 11:40:25,157 INFO Request is running
2022-09-15 11:40:29,182 INFO Request is completed
/home/mundi/Summer2022/myfuncs.py:73: RuntimeWarning: More than 20 figures have been opened. Figures created through the pyplot interface (`matplotlib.pyplot.figure`) are retained until explicitly closed and may consume too much memory. (To control this warning, see the rcParam `figure.max_open_warning`).
  fig=plt.figure(figsize=[15,15])
2022-09-15 11:40:39,392 INFO Welcome to the CDS
2022-09-15 11:40:39,392 INFO Sending request to https://cds.climate.copernicus.eu/api/v2/resources/reanalysis-era5-single-levels
2022-09-15 11:40:39,563 INFO Request is queued
2022-09-15 11:40:40,699 INFO Request is running
2022-09-15 11:40:42,337 INFO Request is completed
/home/mundi/Summer2022/myfuncs.py:73: RuntimeWarning: More than 20 figures have been opened. Figures created through the pyplot interface (`matplotlib.pyplot.figure`) are retained until explicitly closed and may consume too much memory. (To control this warning, see the rcParam `figure.max_open_warning`).
  fig=plt.figure(figsize=[15,15])
2022-09-15 11:40:50,255 INFO Welcome to the CDS
2022-09-15 11:40:50,255 INFO Sending request to https://cds.climate.copernicus.eu/api/v2/resources/reanalysis-era5-single-levels
2022-09-15 11:40:50,399 INFO Request is queued
2022-09-15 11:40:51,536 INFO Request is running
2022-09-15 11:40:55,562 INFO Request is completed
/home/mundi/Summer2022/myfuncs.py:73: RuntimeWarning: More than 20 figures have been opened. Figures created through the pyplot interface (`matplotlib.pyplot.figure`) are retained until explicitly closed and may consume too much memory. (To control this warning, see the rcParam `figure.max_open_warning`).
  fig=plt.figure(figsize=[15,15])
2022-09-15 11:40:59,474 INFO Welcome to the CDS
2022-09-15 11:40:59,474 INFO Sending request to https://cds.climate.copernicus.eu/api/v2/resources/reanalysis-era5-single-levels
2022-09-15 11:40:59,616 INFO Request is queued
2022-09-15 11:41:00,754 INFO Request is running
2022-09-15 11:41:02,391 INFO Request is completed
/home/mundi/Summer2022/myfuncs.py:73: RuntimeWarning: More than 20 figures have been opened. Figures created through the pyplot interface (`matplotlib.pyplot.figure`) are retained until explicitly closed and may consume too much memory. (To control this warning, see the rcParam `figure.max_open_warning`).
  fig=plt.figure(figsize=[15,15])
2022-09-15 11:41:05,266 INFO Welcome to the CDS
2022-09-15 11:41:05,266 INFO Sending request to https://cds.climate.copernicus.eu/api/v2/resources/reanalysis-era5-single-levels
2022-09-15 11:41:05,420 INFO Request is completed
/home/mundi/Summer2022/myfuncs.py:73: RuntimeWarning: More than 20 figures have been opened. Figures created through the pyplot interface (`matplotlib.pyplot.figure`) are retained until explicitly closed and may consume too much memory. (To control this warning, see the rcParam `figure.max_open_warning`).
  fig=plt.figure(figsize=[15,15])
2022-09-15 11:41:11,298 INFO Welcome to the CDS
2022-09-15 11:41:11,298 INFO Sending request to https://cds.climate.copernicus.eu/api/v2/resources/reanalysis-era5-single-levels
2022-09-15 11:41:11,454 INFO Request is completed
/home/mundi/Summer2022/myfuncs.py:73: RuntimeWarning: More than 20 figures have been opened. Figures created through the pyplot interface (`matplotlib.pyplot.figure`) are retained until explicitly closed and may consume too much memory. (To control this warning, see the rcParam `figure.max_open_warning`).
  fig=plt.figure(figsize=[15,15])
/home/mundi/miniconda3/envs/cyc_loc/lib/python3.8/site-packages/cartopy/mpl/geoaxes.py:1478: UserWarning: No contour levels were found within the data range.
  result = matplotlib.axes.Axes.contour(self, *args, **kwargs)
2022-09-15 11:42:01,691 INFO Welcome to the CDS
2022-09-15 11:42:01,691 INFO Sending request to https://cds.climate.copernicus.eu/api/v2/resources/reanalysis-era5-single-levels
2022-09-15 11:42:01,846 INFO Request is completed
/home/mundi/Summer2022/myfuncs.py:73: RuntimeWarning: More than 20 figures have been opened. Figures created through the pyplot interface (`matplotlib.pyplot.figure`) are retained until explicitly closed and may consume too much memory. (To control this warning, see the rcParam `figure.max_open_warning`).
  fig=plt.figure(figsize=[15,15])
2022-09-15 11:42:06,786 INFO Welcome to the CDS
2022-09-15 11:42:06,786 INFO Sending request to https://cds.climate.copernicus.eu/api/v2/resources/reanalysis-era5-single-levels
2022-09-15 11:42:06,946 INFO Request is completed
/home/mundi/Summer2022/myfuncs.py:73: RuntimeWarning: More than 20 figures have been opened. Figures created through the pyplot interface (`matplotlib.pyplot.figure`) are retained until explicitly closed and may consume too much memory. (To control this warning, see the rcParam `figure.max_open_warning`).
  fig=plt.figure(figsize=[15,15])
2022-09-15 11:42:24,714 INFO Welcome to the CDS
2022-09-15 11:42:24,714 INFO Sending request to https://cds.climate.copernicus.eu/api/v2/resources/reanalysis-era5-single-levels
2022-09-15 11:42:24,868 INFO Request is completed
/home/mundi/Summer2022/myfuncs.py:73: RuntimeWarning: More than 20 figures have been opened. Figures created through the pyplot interface (`matplotlib.pyplot.figure`) are retained until explicitly closed and may consume too much memory. (To control this warning, see the rcParam `figure.max_open_warning`).
  fig=plt.figure(figsize=[15,15])
2022-09-15 11:42:29,678 INFO Welcome to the CDS
2022-09-15 11:42:29,678 INFO Sending request to https://cds.climate.copernicus.eu/api/v2/resources/reanalysis-era5-single-levels
2022-09-15 11:42:29,819 INFO Request is queued
2022-09-15 11:42:30,957 INFO Request is running
2022-09-15 11:42:34,982 INFO Request is completed
/home/mundi/Summer2022/myfuncs.py:73: RuntimeWarning: More than 20 figures have been opened. Figures created through the pyplot interface (`matplotlib.pyplot.figure`) are retained until explicitly closed and may consume too much memory. (To control this warning, see the rcParam `figure.max_open_warning`).
  fig=plt.figure(figsize=[15,15])
2022-09-15 11:42:37,511 INFO Welcome to the CDS
2022-09-15 11:42:37,511 INFO Sending request to https://cds.climate.copernicus.eu/api/v2/resources/reanalysis-era5-single-levels
2022-09-15 11:42:37,651 INFO Request is queued
2022-09-15 11:42:38,789 INFO Request is running
2022-09-15 11:42:42,814 INFO Request is completed
/home/mundi/Summer2022/myfuncs.py:73: RuntimeWarning: More than 20 figures have been opened. Figures created through the pyplot interface (`matplotlib.pyplot.figure`) are retained until explicitly closed and may consume too much memory. (To control this warning, see the rcParam `figure.max_open_warning`).
  fig=plt.figure(figsize=[15,15])
2022-09-15 11:42:46,118 INFO Welcome to the CDS
2022-09-15 11:42:46,118 INFO Sending request to https://cds.climate.copernicus.eu/api/v2/resources/reanalysis-era5-single-levels
2022-09-15 11:42:46,258 INFO Request is queued
2022-09-15 11:42:47,394 INFO Request is running
2022-09-15 11:42:51,420 INFO Request is completed
/home/mundi/Summer2022/myfuncs.py:73: RuntimeWarning: More than 20 figures have been opened. Figures created through the pyplot interface (`matplotlib.pyplot.figure`) are retained until explicitly closed and may consume too much memory. (To control this warning, see the rcParam `figure.max_open_warning`).
  fig=plt.figure(figsize=[15,15])
2022-09-15 11:42:54,769 INFO Welcome to the CDS
2022-09-15 11:42:54,769 INFO Sending request to https://cds.climate.copernicus.eu/api/v2/resources/reanalysis-era5-single-levels
2022-09-15 11:42:54,909 INFO Request is queued
2022-09-15 11:42:56,045 INFO Request is running
2022-09-15 11:42:57,682 INFO Request is completed
/home/mundi/Summer2022/myfuncs.py:73: RuntimeWarning: More than 20 figures have been opened. Figures created through the pyplot interface (`matplotlib.pyplot.figure`) are retained until explicitly closed and may consume too much memory. (To control this warning, see the rcParam `figure.max_open_warning`).
  fig=plt.figure(figsize=[15,15])
2022-09-15 11:43:01,920 INFO Welcome to the CDS
2022-09-15 11:43:01,920 INFO Sending request to https://cds.climate.copernicus.eu/api/v2/resources/reanalysis-era5-single-levels
2022-09-15 11:43:02,061 INFO Request is queued
2022-09-15 11:43:03,197 INFO Request is running
2022-09-15 11:43:04,835 INFO Request is completed
/home/mundi/Summer2022/myfuncs.py:73: RuntimeWarning: More than 20 figures have been opened. Figures created through the pyplot interface (`matplotlib.pyplot.figure`) are retained until explicitly closed and may consume too much memory. (To control this warning, see the rcParam `figure.max_open_warning`).
  fig=plt.figure(figsize=[15,15])
2022-09-15 11:43:08,470 INFO Welcome to the CDS
2022-09-15 11:43:08,470 INFO Sending request to https://cds.climate.copernicus.eu/api/v2/resources/reanalysis-era5-single-levels
2022-09-15 11:43:08,611 INFO Request is queued
2022-09-15 11:43:09,748 INFO Request is running
2022-09-15 11:43:13,774 INFO Request is completed
/home/mundi/Summer2022/myfuncs.py:73: RuntimeWarning: More than 20 figures have been opened. Figures created through the pyplot interface (`matplotlib.pyplot.figure`) are retained until explicitly closed and may consume too much memory. (To control this warning, see the rcParam `figure.max_open_warning`).
  fig=plt.figure(figsize=[15,15])
2022-09-15 11:43:16,419 INFO Welcome to the CDS
2022-09-15 11:43:16,419 INFO Sending request to https://cds.climate.copernicus.eu/api/v2/resources/reanalysis-era5-single-levels
2022-09-15 11:43:16,559 INFO Request is queued
2022-09-15 11:43:17,696 INFO Request is running
2022-09-15 11:43:19,333 INFO Request is completed
/home/mundi/Summer2022/myfuncs.py:73: RuntimeWarning: More than 20 figures have been opened. Figures created through the pyplot interface (`matplotlib.pyplot.figure`) are retained until explicitly closed and may consume too much memory. (To control this warning, see the rcParam `figure.max_open_warning`).
  fig=plt.figure(figsize=[15,15])
2022-09-15 11:43:21,725 INFO Welcome to the CDS
2022-09-15 11:43:21,725 INFO Sending request to https://cds.climate.copernicus.eu/api/v2/resources/reanalysis-era5-single-levels
2022-09-15 11:43:21,863 INFO Request is queued
2022-09-15 11:43:23,000 INFO Request is running
2022-09-15 11:43:27,025 INFO Request is completed
/home/mundi/Summer2022/myfuncs.py:73: RuntimeWarning: More than 20 figures have been opened. Figures created through the pyplot interface (`matplotlib.pyplot.figure`) are retained until explicitly closed and may consume too much memory. (To control this warning, see the rcParam `figure.max_open_warning`).
  fig=plt.figure(figsize=[15,15])
2022-09-15 11:43:32,996 INFO Welcome to the CDS
2022-09-15 11:43:32,997 INFO Sending request to https://cds.climate.copernicus.eu/api/v2/resources/reanalysis-era5-single-levels
2022-09-15 11:43:33,169 INFO Request is completed
/home/mundi/Summer2022/myfuncs.py:73: RuntimeWarning: More than 20 figures have been opened. Figures created through the pyplot interface (`matplotlib.pyplot.figure`) are retained until explicitly closed and may consume too much memory. (To control this warning, see the rcParam `figure.max_open_warning`).
  fig=plt.figure(figsize=[15,15])
2022-09-15 11:43:39,057 INFO Welcome to the CDS
2022-09-15 11:43:39,057 INFO Sending request to https://cds.climate.copernicus.eu/api/v2/resources/reanalysis-era5-single-levels
2022-09-15 11:43:39,213 INFO Request is completed
/home/mundi/Summer2022/myfuncs.py:73: RuntimeWarning: More than 20 figures have been opened. Figures created through the pyplot interface (`matplotlib.pyplot.figure`) are retained until explicitly closed and may consume too much memory. (To control this warning, see the rcParam `figure.max_open_warning`).
  fig=plt.figure(figsize=[15,15])
2022-09-15 11:43:42,778 INFO Welcome to the CDS
2022-09-15 11:43:42,778 INFO Sending request to https://cds.climate.copernicus.eu/api/v2/resources/reanalysis-era5-single-levels
2022-09-15 11:43:42,934 INFO Request is completed
/home/mundi/Summer2022/myfuncs.py:73: RuntimeWarning: More than 20 figures have been opened. Figures created through the pyplot interface (`matplotlib.pyplot.figure`) are retained until explicitly closed and may consume too much memory. (To control this warning, see the rcParam `figure.max_open_warning`).
  fig=plt.figure(figsize=[15,15])


