 
 
Storm 1/27

1991 6 16
---------

1991 6 17
---------
coords_1991_0616_990
coords_1991_0617_1000
coords_1991_0617_990
*exported*
Storm 2/27

1991 6 28
---------

1991 6 29
---------
coords_1991_0628_990
coords_1991_0629_1000
*exported*
Storm 3/27

1991 7 8
---------

1991 7 9
---------

1991 7 10
---------

1991 7 11
---------

1991 7 12
---------
coords_1991_0708_990
coords_1991_0709_1000
coords_1991_0709_990
coords_1991_0710_1000
coords_1991_0710_990
coords_1991_0711_1000
coords_1991_0711_990
coords_1991_0712_1000
coords_1991_0712_990
*exported*
Storm 4/27

1991 8 3
---------

1991 8 4
---------

1991 8 5
---------

1991 8 6
---------

1991 8 7
---------

1991 8 8
---------
coords_1991_0803_990
coords_1991_0803_1000
coords_1991_0804_990
coords_1991_0805_1000
coords_1991_0806_990
coords_1991_0806_1000
coords_1991_0807_990
coords_1991_0807_1000
coords_1991_0808_990
coords_1991_0808_1000
*exported*
Storm 5/27

1991 8 9
---------

1991 8 10
---------

1991 8 11
---------
coords_1991_0809_990
coords_1991_0810_1000
coords_1991_0810_990
coords_1991_0811_1000
*exported*
Storm 6/27

1991 8 10
---------

1991 8 11
---------

1991 8 12
---------
coords_1991_0810_990
coords_1991_0811_1000
coords_1991_0811_990
coords_1991_0812_1000
coords_1991_0812_990
*exported*
Storm 7/27

1991 8 12
---------

1991 8 13
---------

1991 8 14
---------
coords_1991_0812_990
coords_1991_0813_1000
coords_1991_0813_990
coords_1991_0814_1000
coords_1991_0814_990
*exported*
Storm 8/27

1991 8 16
---------

1991 8 17
---------

1991 8 18
---------

1991 8 19
---------

1991 8 20
---------

1991 8 21
---------
coords_1991_0816_990
coords_1991_0817_1000
coords_1991_0817_990
coords_1991_0818_1000
coords_1991_0818_990
coords_1991_0819_1000
coords_1991_0819_990
coords_1991_0820_1000
coords_1991_0820_990
coords_1991_0821_1000
*exported*
Storm 9/27

1991 8 18
---------

1991 8 19
---------
coords_1991_0818_990
coords_1991_0819_1000
coords_1991_0819_990
*exported*
Storm 10/27

1991 8 20
---------

1991 8 21
---------

1991 8 22
---------
1000: ['8'], ['22']

1991 8 23
---------

1991 8 24
---------

1991 8 25
---------

1991 8 26
---------

1991 8 27
---------

1991 8 28
---------

1991 8 29
---------

1991 8 30
---------

1991 8 31
---------
coords_1991_0820_990
coords_1991_0820_1000
coords_1991_0821_990
coords_1991_0823_1000
coords_1991_0823_990
coords_1991_0824_1000
coords_1991_0824_990
coords_1991_0825_1000
coords_1991_0825_990
coords_1991_0826_1000
coords_1991_0827_990
coords_1991_0828_1000
coords_1991_0829_990
coords_1991_0829_1000
coords_1991_0830_990
coords_1991_0830_1000
coords_1991_0831_990
*exported*
Storm 11/27

1991 8 24
---------

1991 8 25
---------

1991 8 26
---------

1991 8 27
---------

1991 8 28
---------

1991 8 29
---------
1000: ['8'], ['29']

1991 8 30
---------

1991 8 31
---------

1991 9 1
---------

1991 9 2
---------

1991 9 3
---------

1991 9 4
---------

1991 9 5
---------
coords_1991_0824_990
coords_1991_0825_1000
coords_1991_0826_990
coords_1991_0826_1000
coords_1991_0827_990
coords_1991_0827_1000
coords_1991_0828_990
coords_1991_0828_1000
coords_1991_0830_990
coords_1991_0830_1000
coords_1991_0831_990
coords_1991_0831_1000
coords_1991_0901_990
coords_1991_0901_1000
coords_1991_0902_990
coords_1991_0902_1000
coords_1991_0903_990
coords_1991_0903_1000
coords_1991_0904_990
coords_1991_0904_1000
coords_1991_0905_990
coords_1991_0905_1000
*exported*
Storm 12/27

1991 8 25
---------

1991 8 26
---------

1991 8 27
---------

1991 8 28
---------
coords_1991_0825_990
coords_1991_0826_1000
coords_1991_0827_990
coords_1991_0828_1000
coords_1991_0828_990
*exported*
Storm 13/27

1991 8 25
---------

1991 8 26
---------

1991 8 27
---------

1991 8 28
---------
coords_1991_0825_990
coords_1991_0826_1000
coords_1991_0827_990
coords_1991_0828_1000
coords_1991_0828_990
*exported*
Storm 14/27

1991 8 26
---------

1991 8 27
---------

1991 8 28
---------

1991 8 29
---------
coords_1991_0826_990
coords_1991_0826_1000
coords_1991_0827_990
coords_1991_0828_1000
coords_1991_0828_990
coords_1991_0829_1000
coords_1991_0829_990
*exported*
Storm 15/27

1991 8 31
---------

1991 9 1
---------

1991 9 2
---------

1991 9 3
---------

1991 9 4
---------
coords_1991_0831_990
coords_1991_0831_1000
coords_1991_0901_990
coords_1991_0901_1000
coords_1991_0902_990
coords_1991_0902_1000
coords_1991_0903_990
coords_1991_0903_1000
coords_1991_0904_990
*exported*
Storm 16/27

1991 9 7
---------

1991 9 8
---------

1991 9 9
---------

1991 9 10
---------

1991 9 11
---------

1991 9 12
---------

1991 9 13
---------

1991 9 14
---------

1991 9 15
---------

1991 9 16
---------
coords_1991_0907_990
coords_1991_0908_1000
coords_1991_0908_990
coords_1991_0909_1000
coords_1991_0909_990
coords_1991_0910_1000
coords_1991_0910_990
coords_1991_0911_1000
coords_1991_0911_990
coords_1991_0912_1000
coords_1991_0912_990
coords_1991_0913_1000
coords_1991_0913_990
coords_1991_0914_1000
coords_1991_0914_990
coords_1991_0915_1000
coords_1991_0915_990
coords_1991_0916_1000
coords_1991_0916_990
*exported*
Storm 17/27

1991 9 18
---------

1991 9 19
---------

1991 9 20
---------

1991 9 21
---------

1991 9 22
---------

1991 9 23
---------

1991 9 24
---------
1000: ['9'], ['24']

1991 9 25
---------

1991 9 26
---------
coords_1991_0918_990
coords_1991_0918_1000
coords_1991_0919_990
coords_1991_0919_1000
coords_1991_0920_990
coords_1991_0920_1000
coords_1991_0920_990
coords_1991_0921_1000
coords_1991_0921_990
coords_1991_0922_1000
coords_1991_0922_990
coords_1991_0923_1000
coords_1991_0923_990
coords_1991_0925_1000
coords_1991_0925_990
coords_1991_0926_1000
coords_1991_0926_990
*exported*
Storm 18/27

1991 9 24
---------

1991 9 25
---------
coords_1991_0924_990
coords_1991_0924_1000
coords_1991_0925_990
coords_1991_0925_1000
*exported*
Storm 19/27

1991 9 27
---------

1991 9 28
---------

1991 9 29
---------

1991 9 30
---------

1991 10 1
---------
coords_1991_0927_990
coords_1991_0928_1000
coords_1991_0928_990
coords_1991_0929_1000
coords_1991_0929_990
coords_1991_0930_1000
coords_1991_0930_990
coords_1991_1001_1000
coords_1991_1001_990
coords_1991_1001_1000
coords_1991_1001_990
coords_1991_1001_1000
coords_1991_1001_990
coords_1991_1001_1000
coords_1991_1001_990
*exported*
Storm 20/27

1991 10 2
---------

1991 10 3
---------

1991 10 4
---------
coords_1991_1002_990
coords_1991_1002_1000
coords_1991_1003_990
coords_1991_1003_1000
coords_1991_1004_990
coords_1991_1004_1000
*exported*
Storm 21/27

1991 10 10
---------

1991 10 11
---------

1991 10 12
---------

1991 10 13
---------

1991 10 14
---------
coords_1991_1010_990
coords_1991_1011_1000
coords_1991_1011_990
coords_1991_1012_1000
coords_1991_1012_990
coords_1991_1013_1000
coords_1991_1013_990
coords_1991_1013_1000
coords_1991_1014_990
*exported*
Storm 22/27

1991 10 13
---------

1991 10 14
---------

1991 10 15
---------

1991 10 16
---------

1991 10 17
---------

1991 10 18
---------

1991 10 19
---------
coords_1991_1013_990
coords_1991_1014_1000
coords_1991_1014_990
coords_1991_1014_1000
coords_1991_1014_990
coords_1991_1014_1000
coords_1991_1014_990
coords_1991_1014_1000
coords_1991_1014_990
coords_1991_1015_1000
coords_1991_1015_990
coords_1991_1016_1000
coords_1991_1016_990
coords_1991_1017_1000
coords_1991_1017_990
coords_1991_1018_1000
coords_1991_1018_990
coords_1991_1019_1000
coords_1991_1019_990
*exported*
Storm 23/27

1991 10 19
---------

1991 10 20
---------

1991 10 21
---------

1991 10 22
---------

1991 10 23
---------
coords_1991_1019_990
coords_1991_1019_1000
coords_1991_1020_990
coords_1991_1020_1000
coords_1991_1021_990
coords_1991_1021_1000
coords_1991_1022_990
coords_1991_1022_1000
coords_1991_1023_990
coords_1991_1023_1000
*exported*
Storm 24/27

1991 10 22
---------

1991 10 23
---------

1991 10 24
---------
coords_1991_1022_990
coords_1991_1022_1000
coords_1991_1023_990
coords_1991_1023_1000
coords_1991_1023_990
coords_1991_1023_1000
coords_1991_1023_990
coords_1991_1023_1000
coords_1991_1023_990
coords_1991_1023_1000
coords_1991_1023_990
coords_1991_1023_1000
coords_1991_1023_990
coords_1991_1024_1000
coords_1991_1024_990
*exported*
Storm 25/27

1991 10 24
---------

1991 10 25
---------

1991 10 26
---------
coords_1991_1024_990
coords_1991_1024_1000
coords_1991_1025_990
coords_1991_1025_1000
coords_1991_1026_990
*exported*
Storm 26/27

1991 10 26
---------

1991 10 27
---------

1991 10 28
---------
coords_1991_1026_990
coords_1991_1027_1000
coords_1991_1027_990
coords_1991_1028_1000
coords_1991_1028_990
*exported*
Storm 27/27

1991 10 27
---------

1991 10 28
---------

1991 10 29
---------
coords_1991_1027_990
coords_1991_1027_1000
coords_1991_1028_990
coords_1991_1028_1000
coords_1991_1029_990
*exported*

FINISHED STORM DATA COLLECTION

 
 
------------------
       done!      
------------------
------------------
elapsed time: 
261.9870088378588
2023-06-02 12:19:41,308 INFO Welcome to the CDS
2023-06-02 12:19:41,309 INFO Sending request to https://cds.climate.copernicus.eu/api/v2/resources/reanalysis-era5-single-levels
2023-06-02 12:19:41,480 INFO Request is completed
2023-06-02 12:20:14,481 INFO Welcome to the CDS
2023-06-02 12:20:14,481 INFO Sending request to https://cds.climate.copernicus.eu/api/v2/resources/reanalysis-era5-single-levels
2023-06-02 12:20:14,840 INFO Request is completed
2023-06-02 12:20:50,489 INFO Welcome to the CDS
2023-06-02 12:20:50,489 INFO Sending request to https://cds.climate.copernicus.eu/api/v2/resources/reanalysis-era5-single-levels
2023-06-02 12:20:50,678 INFO Request is completed
2023-06-02 12:24:56,341 INFO Welcome to the CDS
2023-06-02 12:24:56,341 INFO Sending request to https://cds.climate.copernicus.eu/api/v2/resources/reanalysis-era5-single-levels
2023-06-02 12:24:56,568 INFO Request is completed
2023-06-02 12:28:09,377 INFO Welcome to the CDS
2023-06-02 12:28:09,377 INFO Sending request to https://cds.climate.copernicus.eu/api/v2/resources/reanalysis-era5-single-levels
2023-06-02 12:28:09,584 INFO Request is completed
/home/mundi/miniconda3/envs/cyc_loc/lib/python3.8/site-packages/xarray/conventions.py:492: SerializationWarning: variable 'melt_onset_day_seaice_conc_cdr' has multiple fill values {-1, 65535}, decoding all values to NaN.
  new_vars[k] = decode_cf_variable(
2023-06-02 12:33:27,269 INFO Welcome to the CDS
2023-06-02 12:33:27,269 INFO Sending request to https://cds.climate.copernicus.eu/api/v2/resources/reanalysis-era5-single-levels
2023-06-02 12:33:27,426 INFO Request is queued
2023-06-02 12:49:50,817 INFO Request is completed
2023-06-02 12:49:53,180 INFO Welcome to the CDS
2023-06-02 12:49:53,180 INFO Sending request to https://cds.climate.copernicus.eu/api/v2/resources/reanalysis-era5-single-levels
2023-06-02 12:49:53,338 INFO Request is queued
2023-06-02 13:14:19,303 INFO Request is completed
2023-06-02 13:14:22,319 INFO Welcome to the CDS
2023-06-02 13:14:22,319 INFO Sending request to https://cds.climate.copernicus.eu/api/v2/resources/reanalysis-era5-single-levels
2023-06-02 13:14:22,470 INFO Request is queued
2023-06-02 13:30:45,958 INFO Request is completed
2023-06-02 13:30:50,670 INFO Welcome to the CDS
2023-06-02 13:30:50,671 INFO Sending request to https://cds.climate.copernicus.eu/api/v2/resources/reanalysis-era5-single-levels
2023-06-02 13:30:50,864 INFO Request is queued
2023-06-02 13:41:12,606 INFO Request is completed
2023-06-02 13:41:17,846 INFO Welcome to the CDS
2023-06-02 13:41:17,846 INFO Sending request to https://cds.climate.copernicus.eu/api/v2/resources/reanalysis-era5-single-levels
2023-06-02 13:41:18,064 INFO Request is queued
2023-06-02 13:49:39,069 INFO Request is completed
2023-06-02 13:49:41,399 INFO Welcome to the CDS
2023-06-02 13:49:41,399 INFO Sending request to https://cds.climate.copernicus.eu/api/v2/resources/reanalysis-era5-single-levels
2023-06-02 13:49:41,589 INFO Request is queued
2023-06-02 13:58:02,662 INFO Request is completed
2023-06-02 13:58:05,116 INFO Welcome to the CDS
2023-06-02 13:58:05,116 INFO Sending request to https://cds.climate.copernicus.eu/api/v2/resources/reanalysis-era5-single-levels
2023-06-02 13:58:05,282 INFO Request is queued
2023-06-02 14:06:26,285 INFO Request is completed
2023-06-02 14:06:28,732 INFO Welcome to the CDS
2023-06-02 14:06:28,732 INFO Sending request to https://cds.climate.copernicus.eu/api/v2/resources/reanalysis-era5-single-levels
2023-06-02 14:06:28,917 INFO Request is queued
2023-06-02 14:08:23,681 INFO Request is completed
2023-06-02 14:08:26,107 INFO Welcome to the CDS
2023-06-02 14:08:26,108 INFO Sending request to https://cds.climate.copernicus.eu/api/v2/resources/reanalysis-era5-single-levels
2023-06-02 14:08:26,282 INFO Request is queued
2023-06-02 14:14:46,646 INFO Request is completed
2023-06-02 14:14:50,245 INFO Welcome to the CDS
2023-06-02 14:14:50,245 INFO Sending request to https://cds.climate.copernicus.eu/api/v2/resources/reanalysis-era5-single-levels
2023-06-02 14:14:50,456 INFO Request is queued
2023-06-02 14:14:51,589 INFO Request is running
2023-06-02 14:14:55,607 INFO Request is completed
2023-06-02 14:14:58,587 INFO Welcome to the CDS
2023-06-02 14:14:58,588 INFO Sending request to https://cds.climate.copernicus.eu/api/v2/resources/reanalysis-era5-single-levels
2023-06-02 14:14:58,755 INFO Request is queued
2023-06-02 14:15:01,522 INFO Request is running
2023-06-02 14:15:03,906 INFO Request is completed
2023-06-02 14:15:06,267 INFO Welcome to the CDS
2023-06-02 14:15:06,267 INFO Sending request to https://cds.climate.copernicus.eu/api/v2/resources/reanalysis-era5-single-levels
2023-06-02 14:15:06,425 INFO Request is queued
2023-06-02 14:15:09,191 INFO Request is running
2023-06-02 14:15:11,575 INFO Request is completed
2023-06-02 14:15:14,316 INFO Welcome to the CDS
2023-06-02 14:15:14,316 INFO Sending request to https://cds.climate.copernicus.eu/api/v2/resources/reanalysis-era5-single-levels
2023-06-02 14:15:14,528 INFO Request is queued
2023-06-02 14:15:15,662 INFO Request is running
2023-06-02 14:15:19,681 INFO Request is completed
2023-06-02 14:15:23,663 INFO Welcome to the CDS
2023-06-02 14:15:23,663 INFO Sending request to https://cds.climate.copernicus.eu/api/v2/resources/reanalysis-era5-single-levels
2023-06-02 14:15:23,869 INFO Request is queued
2023-06-02 14:21:44,249 INFO Request is completed
2023-06-02 14:21:46,554 INFO Welcome to the CDS
2023-06-02 14:21:46,554 INFO Sending request to https://cds.climate.copernicus.eu/api/v2/resources/reanalysis-era5-single-levels
2023-06-02 14:21:46,740 INFO Request is queued
2023-06-02 14:21:47,874 INFO Request is running
2023-06-02 14:21:51,892 INFO Request is completed
2023-06-02 14:21:54,327 INFO Welcome to the CDS
2023-06-02 14:21:54,328 INFO Sending request to https://cds.climate.copernicus.eu/api/v2/resources/reanalysis-era5-single-levels
2023-06-02 14:21:54,479 INFO Request is queued
2023-06-02 14:21:57,246 INFO Request is running
2023-06-02 14:21:59,637 INFO Request is completed
2023-06-02 14:22:02,645 INFO Welcome to the CDS
2023-06-02 14:22:02,645 INFO Sending request to https://cds.climate.copernicus.eu/api/v2/resources/reanalysis-era5-single-levels
2023-06-02 14:22:03,380 INFO Request is queued
2023-06-02 14:22:06,145 INFO Request is running
2023-06-02 14:22:12,039 INFO Request is completed
2023-06-02 14:22:15,913 INFO Welcome to the CDS
2023-06-02 14:22:15,913 INFO Sending request to https://cds.climate.copernicus.eu/api/v2/resources/reanalysis-era5-single-levels
2023-06-02 14:22:16,108 INFO Request is queued
2023-06-02 14:22:17,242 INFO Request is running
2023-06-02 14:22:21,260 INFO Request is completed
2023-06-02 14:22:26,261 INFO Welcome to the CDS
2023-06-02 14:22:26,261 INFO Sending request to https://cds.climate.copernicus.eu/api/v2/resources/reanalysis-era5-single-levels
2023-06-02 14:22:26,410 INFO Request is completed
2023-06-02 14:22:33,607 INFO Welcome to the CDS
2023-06-02 14:22:33,607 INFO Sending request to https://cds.climate.copernicus.eu/api/v2/resources/reanalysis-era5-single-levels
2023-06-02 14:22:33,805 INFO Request is completed
2023-06-02 14:22:37,111 INFO Welcome to the CDS
2023-06-02 14:22:37,111 INFO Sending request to https://cds.climate.copernicus.eu/api/v2/resources/reanalysis-era5-single-levels
2023-06-02 14:22:37,306 INFO Request is queued
2023-06-02 14:26:57,042 INFO Request is completed
/home/mundi/Summer2022/myfuncs.py:73: RuntimeWarning: More than 20 figures have been opened. Figures created through the pyplot interface (`matplotlib.pyplot.figure`) are retained until explicitly closed and may consume too much memory. (To control this warning, see the rcParam `figure.max_open_warning`).
  fig=plt.figure(figsize=[15,15])
2023-06-02 14:26:59,377 INFO Welcome to the CDS
2023-06-02 14:26:59,377 INFO Sending request to https://cds.climate.copernicus.eu/api/v2/resources/reanalysis-era5-single-levels
2023-06-02 14:26:59,566 INFO Request is completed
/home/mundi/Summer2022/myfuncs.py:73: RuntimeWarning: More than 20 figures have been opened. Figures created through the pyplot interface (`matplotlib.pyplot.figure`) are retained until explicitly closed and may consume too much memory. (To control this warning, see the rcParam `figure.max_open_warning`).
  fig=plt.figure(figsize=[15,15])
2023-06-02 14:27:06,623 INFO Welcome to the CDS
2023-06-02 14:27:06,624 INFO Sending request to https://cds.climate.copernicus.eu/api/v2/resources/reanalysis-era5-single-levels
2023-06-02 14:27:06,853 INFO Request is queued
2023-06-02 14:27:07,986 INFO Request is running
2023-06-02 14:27:12,004 INFO Request is completed
/home/mundi/Summer2022/myfuncs.py:73: RuntimeWarning: More than 20 figures have been opened. Figures created through the pyplot interface (`matplotlib.pyplot.figure`) are retained until explicitly closed and may consume too much memory. (To control this warning, see the rcParam `figure.max_open_warning`).
  fig=plt.figure(figsize=[15,15])
2023-06-02 14:27:15,186 INFO Welcome to the CDS
2023-06-02 14:27:15,186 INFO Sending request to https://cds.climate.copernicus.eu/api/v2/resources/reanalysis-era5-single-levels
2023-06-02 14:27:15,339 INFO Request is queued
2023-06-02 14:27:20,493 INFO Request is running
2023-06-02 14:27:24,003 INFO Request is completed
/home/mundi/Summer2022/myfuncs.py:73: RuntimeWarning: More than 20 figures have been opened. Figures created through the pyplot interface (`matplotlib.pyplot.figure`) are retained until explicitly closed and may consume too much memory. (To control this warning, see the rcParam `figure.max_open_warning`).
  fig=plt.figure(figsize=[15,15])
2023-06-02 14:27:26,392 INFO Welcome to the CDS
2023-06-02 14:27:26,392 INFO Sending request to https://cds.climate.copernicus.eu/api/v2/resources/reanalysis-era5-single-levels
2023-06-02 14:27:26,583 INFO Request is queued
2023-06-02 14:37:48,107 INFO Request is completed
/home/mundi/Summer2022/myfuncs.py:73: RuntimeWarning: More than 20 figures have been opened. Figures created through the pyplot interface (`matplotlib.pyplot.figure`) are retained until explicitly closed and may consume too much memory. (To control this warning, see the rcParam `figure.max_open_warning`).
  fig=plt.figure(figsize=[15,15])
2023-06-02 14:37:55,968 INFO Welcome to the CDS
2023-06-02 14:37:55,968 INFO Sending request to https://cds.climate.copernicus.eu/api/v2/resources/reanalysis-era5-single-levels
2023-06-02 14:37:56,149 INFO Request is queued
2023-06-02 14:37:57,282 INFO Request is running
2023-06-02 14:38:01,299 INFO Request is completed
/home/mundi/Summer2022/myfuncs.py:73: RuntimeWarning: More than 20 figures have been opened. Figures created through the pyplot interface (`matplotlib.pyplot.figure`) are retained until explicitly closed and may consume too much memory. (To control this warning, see the rcParam `figure.max_open_warning`).
  fig=plt.figure(figsize=[15,15])
2023-06-02 14:38:03,738 INFO Welcome to the CDS
2023-06-02 14:38:03,738 INFO Sending request to https://cds.climate.copernicus.eu/api/v2/resources/reanalysis-era5-single-levels
2023-06-02 14:38:03,913 INFO Request is queued
2023-06-02 14:38:09,063 INFO Request is running
2023-06-02 14:38:12,575 INFO Request is completed
/home/mundi/Summer2022/myfuncs.py:73: RuntimeWarning: More than 20 figures have been opened. Figures created through the pyplot interface (`matplotlib.pyplot.figure`) are retained until explicitly closed and may consume too much memory. (To control this warning, see the rcParam `figure.max_open_warning`).
  fig=plt.figure(figsize=[15,15])
2023-06-02 14:38:16,824 INFO Welcome to the CDS
2023-06-02 14:38:16,824 INFO Sending request to https://cds.climate.copernicus.eu/api/v2/resources/reanalysis-era5-single-levels
2023-06-02 14:38:16,982 INFO Request is queued
2023-06-02 14:38:30,843 INFO Request is completed
/home/mundi/Summer2022/myfuncs.py:73: RuntimeWarning: More than 20 figures have been opened. Figures created through the pyplot interface (`matplotlib.pyplot.figure`) are retained until explicitly closed and may consume too much memory. (To control this warning, see the rcParam `figure.max_open_warning`).
  fig=plt.figure(figsize=[15,15])
2023-06-02 14:38:33,165 INFO Welcome to the CDS
2023-06-02 14:38:33,165 INFO Sending request to https://cds.climate.copernicus.eu/api/v2/resources/reanalysis-era5-single-levels
2023-06-02 14:38:33,391 INFO Request is queued
2023-06-02 14:48:55,194 INFO Request is completed
/home/mundi/Summer2022/myfuncs.py:73: RuntimeWarning: More than 20 figures have been opened. Figures created through the pyplot interface (`matplotlib.pyplot.figure`) are retained until explicitly closed and may consume too much memory. (To control this warning, see the rcParam `figure.max_open_warning`).
  fig=plt.figure(figsize=[15,15])
2023-06-02 14:48:57,610 INFO Welcome to the CDS
2023-06-02 14:48:57,610 INFO Sending request to https://cds.climate.copernicus.eu/api/v2/resources/reanalysis-era5-single-levels
2023-06-02 14:48:57,780 INFO Request is queued
2023-06-02 14:57:18,736 INFO Request is completed
/home/mundi/Summer2022/myfuncs.py:73: RuntimeWarning: More than 20 figures have been opened. Figures created through the pyplot interface (`matplotlib.pyplot.figure`) are retained until explicitly closed and may consume too much memory. (To control this warning, see the rcParam `figure.max_open_warning`).
  fig=plt.figure(figsize=[15,15])
2023-06-02 14:57:21,874 INFO Welcome to the CDS
2023-06-02 14:57:21,874 INFO Sending request to https://cds.climate.copernicus.eu/api/v2/resources/reanalysis-era5-single-levels
2023-06-02 14:57:22,050 INFO Request is completed
/home/mundi/Summer2022/myfuncs.py:73: RuntimeWarning: More than 20 figures have been opened. Figures created through the pyplot interface (`matplotlib.pyplot.figure`) are retained until explicitly closed and may consume too much memory. (To control this warning, see the rcParam `figure.max_open_warning`).
  fig=plt.figure(figsize=[15,15])
2023-06-02 14:57:27,881 INFO Welcome to the CDS
2023-06-02 14:57:27,881 INFO Sending request to https://cds.climate.copernicus.eu/api/v2/resources/reanalysis-era5-single-levels
2023-06-02 14:57:28,061 INFO Request is completed
/home/mundi/Summer2022/myfuncs.py:73: RuntimeWarning: More than 20 figures have been opened. Figures created through the pyplot interface (`matplotlib.pyplot.figure`) are retained until explicitly closed and may consume too much memory. (To control this warning, see the rcParam `figure.max_open_warning`).
  fig=plt.figure(figsize=[15,15])
2023-06-02 14:57:30,610 INFO Welcome to the CDS
2023-06-02 14:57:30,610 INFO Sending request to https://cds.climate.copernicus.eu/api/v2/resources/reanalysis-era5-single-levels
2023-06-02 14:57:30,778 INFO Request is completed
/home/mundi/Summer2022/myfuncs.py:73: RuntimeWarning: More than 20 figures have been opened. Figures created through the pyplot interface (`matplotlib.pyplot.figure`) are retained until explicitly closed and may consume too much memory. (To control this warning, see the rcParam `figure.max_open_warning`).
  fig=plt.figure(figsize=[15,15])
2023-06-02 14:57:33,185 INFO Welcome to the CDS
2023-06-02 14:57:33,185 INFO Sending request to https://cds.climate.copernicus.eu/api/v2/resources/reanalysis-era5-single-levels
2023-06-02 14:57:33,352 INFO Request is completed
/home/mundi/Summer2022/myfuncs.py:73: RuntimeWarning: More than 20 figures have been opened. Figures created through the pyplot interface (`matplotlib.pyplot.figure`) are retained until explicitly closed and may consume too much memory. (To control this warning, see the rcParam `figure.max_open_warning`).
  fig=plt.figure(figsize=[15,15])
2023-06-02 14:57:35,531 INFO Welcome to the CDS
2023-06-02 14:57:35,531 INFO Sending request to https://cds.climate.copernicus.eu/api/v2/resources/reanalysis-era5-single-levels
2023-06-02 14:57:35,683 INFO Request is queued
2023-06-02 14:57:40,834 INFO Request is running
2023-06-02 14:57:44,345 INFO Request is completed
/home/mundi/Summer2022/myfuncs.py:73: RuntimeWarning: More than 20 figures have been opened. Figures created through the pyplot interface (`matplotlib.pyplot.figure`) are retained until explicitly closed and may consume too much memory. (To control this warning, see the rcParam `figure.max_open_warning`).
  fig=plt.figure(figsize=[15,15])
/home/mundi/miniconda3/envs/cyc_loc/lib/python3.8/site-packages/cartopy/mpl/geoaxes.py:1478: UserWarning: No contour levels were found within the data range.
  result = matplotlib.axes.Axes.contour(self, *args, **kwargs)
2023-06-02 14:58:30,434 INFO Welcome to the CDS
2023-06-02 14:58:30,434 INFO Sending request to https://cds.climate.copernicus.eu/api/v2/resources/reanalysis-era5-single-levels
2023-06-02 14:58:30,629 INFO Request is queued
2023-06-02 14:58:33,395 INFO Request is running
2023-06-02 14:58:35,779 INFO Request is completed
/home/mundi/Summer2022/myfuncs.py:73: RuntimeWarning: More than 20 figures have been opened. Figures created through the pyplot interface (`matplotlib.pyplot.figure`) are retained until explicitly closed and may consume too much memory. (To control this warning, see the rcParam `figure.max_open_warning`).
  fig=plt.figure(figsize=[15,15])
2023-06-02 14:58:38,146 INFO Welcome to the CDS
2023-06-02 14:58:38,146 INFO Sending request to https://cds.climate.copernicus.eu/api/v2/resources/reanalysis-era5-single-levels
2023-06-02 14:58:38,314 INFO Request is queued
2023-06-02 14:58:39,447 INFO Request is running
2023-06-02 14:58:43,465 INFO Request is completed
/home/mundi/Summer2022/myfuncs.py:73: RuntimeWarning: More than 20 figures have been opened. Figures created through the pyplot interface (`matplotlib.pyplot.figure`) are retained until explicitly closed and may consume too much memory. (To control this warning, see the rcParam `figure.max_open_warning`).
  fig=plt.figure(figsize=[15,15])
2023-06-02 14:58:45,770 INFO Welcome to the CDS
2023-06-02 14:58:45,770 INFO Sending request to https://cds.climate.copernicus.eu/api/v2/resources/reanalysis-era5-single-levels
2023-06-02 14:58:45,908 INFO Request is queued
2023-06-02 14:58:47,042 INFO Request is running
2023-06-02 14:58:51,060 INFO Request is completed
/home/mundi/Summer2022/myfuncs.py:73: RuntimeWarning: More than 20 figures have been opened. Figures created through the pyplot interface (`matplotlib.pyplot.figure`) are retained until explicitly closed and may consume too much memory. (To control this warning, see the rcParam `figure.max_open_warning`).
  fig=plt.figure(figsize=[15,15])
2023-06-02 14:58:55,371 INFO Welcome to the CDS
2023-06-02 14:58:55,371 INFO Sending request to https://cds.climate.copernicus.eu/api/v2/resources/reanalysis-era5-single-levels
2023-06-02 14:58:55,539 INFO Request is queued
2023-06-02 14:58:58,307 INFO Request is running
2023-06-02 14:59:04,201 INFO Request is completed
/home/mundi/Summer2022/myfuncs.py:73: RuntimeWarning: More than 20 figures have been opened. Figures created through the pyplot interface (`matplotlib.pyplot.figure`) are retained until explicitly closed and may consume too much memory. (To control this warning, see the rcParam `figure.max_open_warning`).
  fig=plt.figure(figsize=[15,15])
2023-06-02 14:59:08,609 INFO Welcome to the CDS
2023-06-02 14:59:08,609 INFO Sending request to https://cds.climate.copernicus.eu/api/v2/resources/reanalysis-era5-single-levels
2023-06-02 14:59:08,825 INFO Request is queued
2023-06-02 14:59:09,957 INFO Request is running
2023-06-02 14:59:13,974 INFO Request is completed
/home/mundi/Summer2022/myfuncs.py:73: RuntimeWarning: More than 20 figures have been opened. Figures created through the pyplot interface (`matplotlib.pyplot.figure`) are retained until explicitly closed and may consume too much memory. (To control this warning, see the rcParam `figure.max_open_warning`).
  fig=plt.figure(figsize=[15,15])
2023-06-02 14:59:17,342 INFO Welcome to the CDS
2023-06-02 14:59:17,342 INFO Sending request to https://cds.climate.copernicus.eu/api/v2/resources/reanalysis-era5-single-levels
2023-06-02 14:59:17,505 INFO Request is queued
2023-06-02 14:59:18,638 INFO Request is running
2023-06-02 14:59:22,656 INFO Request is completed
/home/mundi/Summer2022/myfuncs.py:73: RuntimeWarning: More than 20 figures have been opened. Figures created through the pyplot interface (`matplotlib.pyplot.figure`) are retained until explicitly closed and may consume too much memory. (To control this warning, see the rcParam `figure.max_open_warning`).
  fig=plt.figure(figsize=[15,15])
2023-06-02 14:59:26,515 INFO Welcome to the CDS
2023-06-02 14:59:26,515 INFO Sending request to https://cds.climate.copernicus.eu/api/v2/resources/reanalysis-era5-single-levels
2023-06-02 14:59:26,680 INFO Request is queued
2023-06-02 15:05:47,044 INFO Request is completed
/home/mundi/Summer2022/myfuncs.py:73: RuntimeWarning: More than 20 figures have been opened. Figures created through the pyplot interface (`matplotlib.pyplot.figure`) are retained until explicitly closed and may consume too much memory. (To control this warning, see the rcParam `figure.max_open_warning`).
  fig=plt.figure(figsize=[15,15])
2023-06-02 15:05:55,957 INFO Welcome to the CDS
2023-06-02 15:05:55,957 INFO Sending request to https://cds.climate.copernicus.eu/api/v2/resources/reanalysis-era5-single-levels
2023-06-02 15:05:56,162 INFO Request is queued
2023-06-02 15:05:58,934 INFO Request is running
2023-06-02 15:06:01,321 INFO Request is completed
/home/mundi/Summer2022/myfuncs.py:73: RuntimeWarning: More than 20 figures have been opened. Figures created through the pyplot interface (`matplotlib.pyplot.figure`) are retained until explicitly closed and may consume too much memory. (To control this warning, see the rcParam `figure.max_open_warning`).
  fig=plt.figure(figsize=[15,15])
2023-06-02 15:06:04,588 INFO Welcome to the CDS
2023-06-02 15:06:04,588 INFO Sending request to https://cds.climate.copernicus.eu/api/v2/resources/reanalysis-era5-single-levels
2023-06-02 15:06:04,805 INFO Request is queued
2023-06-02 15:06:13,478 INFO Request is running
2023-06-02 15:06:18,681 INFO Request is completed
/home/mundi/Summer2022/myfuncs.py:73: RuntimeWarning: More than 20 figures have been opened. Figures created through the pyplot interface (`matplotlib.pyplot.figure`) are retained until explicitly closed and may consume too much memory. (To control this warning, see the rcParam `figure.max_open_warning`).
  fig=plt.figure(figsize=[15,15])
2023-06-02 15:06:46,696 INFO Welcome to the CDS
2023-06-02 15:06:46,696 INFO Sending request to https://cds.climate.copernicus.eu/api/v2/resources/reanalysis-era5-single-levels
2023-06-02 15:06:46,914 INFO Request is completed
/home/mundi/Summer2022/myfuncs.py:73: RuntimeWarning: More than 20 figures have been opened. Figures created through the pyplot interface (`matplotlib.pyplot.figure`) are retained until explicitly closed and may consume too much memory. (To control this warning, see the rcParam `figure.max_open_warning`).
  fig=plt.figure(figsize=[15,15])
2023-06-02 15:06:52,953 INFO Welcome to the CDS
2023-06-02 15:06:52,953 INFO Sending request to https://cds.climate.copernicus.eu/api/v2/resources/reanalysis-era5-single-levels
2023-06-02 15:06:53,177 INFO Request is completed
/home/mundi/Summer2022/myfuncs.py:73: RuntimeWarning: More than 20 figures have been opened. Figures created through the pyplot interface (`matplotlib.pyplot.figure`) are retained until explicitly closed and may consume too much memory. (To control this warning, see the rcParam `figure.max_open_warning`).
  fig=plt.figure(figsize=[15,15])
2023-06-02 15:07:09,330 INFO Welcome to the CDS
2023-06-02 15:07:09,330 INFO Sending request to https://cds.climate.copernicus.eu/api/v2/resources/reanalysis-era5-single-levels
2023-06-02 15:07:09,567 INFO Request is completed
/home/mundi/Summer2022/myfuncs.py:73: RuntimeWarning: More than 20 figures have been opened. Figures created through the pyplot interface (`matplotlib.pyplot.figure`) are retained until explicitly closed and may consume too much memory. (To control this warning, see the rcParam `figure.max_open_warning`).
  fig=plt.figure(figsize=[15,15])
2023-06-02 15:07:23,501 INFO Welcome to the CDS
2023-06-02 15:07:23,501 INFO Sending request to https://cds.climate.copernicus.eu/api/v2/resources/reanalysis-era5-single-levels
2023-06-02 15:07:23,875 INFO Request is completed
/home/mundi/Summer2022/myfuncs.py:73: RuntimeWarning: More than 20 figures have been opened. Figures created through the pyplot interface (`matplotlib.pyplot.figure`) are retained until explicitly closed and may consume too much memory. (To control this warning, see the rcParam `figure.max_open_warning`).
  fig=plt.figure(figsize=[15,15])
2023-06-02 15:07:33,763 INFO Welcome to the CDS
2023-06-02 15:07:33,763 INFO Sending request to https://cds.climate.copernicus.eu/api/v2/resources/reanalysis-era5-single-levels
2023-06-02 15:07:33,999 INFO Request is completed
/home/mundi/Summer2022/myfuncs.py:73: RuntimeWarning: More than 20 figures have been opened. Figures created through the pyplot interface (`matplotlib.pyplot.figure`) are retained until explicitly closed and may consume too much memory. (To control this warning, see the rcParam `figure.max_open_warning`).
  fig=plt.figure(figsize=[15,15])
2023-06-02 15:07:38,538 INFO Welcome to the CDS
2023-06-02 15:07:38,538 INFO Sending request to https://cds.climate.copernicus.eu/api/v2/resources/reanalysis-era5-single-levels
2023-06-02 15:07:38,729 INFO Request is completed
/home/mundi/Summer2022/myfuncs.py:73: RuntimeWarning: More than 20 figures have been opened. Figures created through the pyplot interface (`matplotlib.pyplot.figure`) are retained until explicitly closed and may consume too much memory. (To control this warning, see the rcParam `figure.max_open_warning`).
  fig=plt.figure(figsize=[15,15])
/home/mundi/miniconda3/envs/cyc_loc/lib/python3.8/site-packages/cartopy/mpl/geoaxes.py:1478: UserWarning: No contour levels were found within the data range.
  result = matplotlib.axes.Axes.contour(self, *args, **kwargs)
2023-06-02 15:08:27,939 INFO Welcome to the CDS
2023-06-02 15:08:27,939 INFO Sending request to https://cds.climate.copernicus.eu/api/v2/resources/reanalysis-era5-single-levels
2023-06-02 15:08:28,142 INFO Request is completed
/home/mundi/Summer2022/myfuncs.py:73: RuntimeWarning: More than 20 figures have been opened. Figures created through the pyplot interface (`matplotlib.pyplot.figure`) are retained until explicitly closed and may consume too much memory. (To control this warning, see the rcParam `figure.max_open_warning`).
  fig=plt.figure(figsize=[15,15])
2023-06-02 15:08:30,315 INFO Welcome to the CDS
2023-06-02 15:08:30,315 INFO Sending request to https://cds.climate.copernicus.eu/api/v2/resources/reanalysis-era5-single-levels
2023-06-02 15:08:30,515 INFO Request is completed
/home/mundi/Summer2022/myfuncs.py:73: RuntimeWarning: More than 20 figures have been opened. Figures created through the pyplot interface (`matplotlib.pyplot.figure`) are retained until explicitly closed and may consume too much memory. (To control this warning, see the rcParam `figure.max_open_warning`).
  fig=plt.figure(figsize=[15,15])
2023-06-02 15:08:33,041 INFO Welcome to the CDS
2023-06-02 15:08:33,042 INFO Sending request to https://cds.climate.copernicus.eu/api/v2/resources/reanalysis-era5-single-levels
2023-06-02 15:08:33,224 INFO Request is queued
2023-06-02 15:14:53,522 INFO Request is completed
/home/mundi/Summer2022/myfuncs.py:73: RuntimeWarning: More than 20 figures have been opened. Figures created through the pyplot interface (`matplotlib.pyplot.figure`) are retained until explicitly closed and may consume too much memory. (To control this warning, see the rcParam `figure.max_open_warning`).
  fig=plt.figure(figsize=[15,15])
2023-06-02 15:14:58,485 INFO Welcome to the CDS
2023-06-02 15:14:58,485 INFO Sending request to https://cds.climate.copernicus.eu/api/v2/resources/reanalysis-era5-single-levels
2023-06-02 15:14:58,677 INFO Request is queued
2023-06-02 15:21:19,051 INFO Request is completed
/home/mundi/Summer2022/myfuncs.py:73: RuntimeWarning: More than 20 figures have been opened. Figures created through the pyplot interface (`matplotlib.pyplot.figure`) are retained until explicitly closed and may consume too much memory. (To control this warning, see the rcParam `figure.max_open_warning`).
  fig=plt.figure(figsize=[15,15])
2023-06-02 15:21:23,058 INFO Welcome to the CDS
2023-06-02 15:21:23,058 INFO Sending request to https://cds.climate.copernicus.eu/api/v2/resources/reanalysis-era5-single-levels
2023-06-02 15:21:23,240 INFO Request is queued
2023-06-02 15:27:43,629 INFO Request is completed
/home/mundi/Summer2022/myfuncs.py:73: RuntimeWarning: More than 20 figures have been opened. Figures created through the pyplot interface (`matplotlib.pyplot.figure`) are retained until explicitly closed and may consume too much memory. (To control this warning, see the rcParam `figure.max_open_warning`).
  fig=plt.figure(figsize=[15,15])
2023-06-02 15:27:46,531 INFO Welcome to the CDS
2023-06-02 15:27:46,531 INFO Sending request to https://cds.climate.copernicus.eu/api/v2/resources/reanalysis-era5-single-levels
2023-06-02 15:27:46,691 INFO Request is queued
2023-06-02 15:34:07,078 INFO Request is completed
/home/mundi/Summer2022/myfuncs.py:73: RuntimeWarning: More than 20 figures have been opened. Figures created through the pyplot interface (`matplotlib.pyplot.figure`) are retained until explicitly closed and may consume too much memory. (To control this warning, see the rcParam `figure.max_open_warning`).
  fig=plt.figure(figsize=[15,15])
2023-06-02 15:34:09,366 INFO Welcome to the CDS
2023-06-02 15:34:09,366 INFO Sending request to https://cds.climate.copernicus.eu/api/v2/resources/reanalysis-era5-single-levels
2023-06-02 15:34:09,545 INFO Request is queued
2023-06-02 15:42:30,432 INFO Request is completed
/home/mundi/Summer2022/myfuncs.py:73: RuntimeWarning: More than 20 figures have been opened. Figures created through the pyplot interface (`matplotlib.pyplot.figure`) are retained until explicitly closed and may consume too much memory. (To control this warning, see the rcParam `figure.max_open_warning`).
  fig=plt.figure(figsize=[15,15])
2023-06-02 15:42:35,048 INFO Welcome to the CDS
2023-06-02 15:42:35,048 INFO Sending request to https://cds.climate.copernicus.eu/api/v2/resources/reanalysis-era5-single-levels
2023-06-02 15:42:35,281 INFO Request is completed
/home/mundi/Summer2022/myfuncs.py:73: RuntimeWarning: More than 20 figures have been opened. Figures created through the pyplot interface (`matplotlib.pyplot.figure`) are retained until explicitly closed and may consume too much memory. (To control this warning, see the rcParam `figure.max_open_warning`).
  fig=plt.figure(figsize=[15,15])
2023-06-02 15:43:02,535 INFO Welcome to the CDS
2023-06-02 15:43:02,535 INFO Sending request to https://cds.climate.copernicus.eu/api/v2/resources/reanalysis-era5-single-levels
2023-06-02 15:43:02,734 INFO Request is completed
/home/mundi/Summer2022/myfuncs.py:73: RuntimeWarning: More than 20 figures have been opened. Figures created through the pyplot interface (`matplotlib.pyplot.figure`) are retained until explicitly closed and may consume too much memory. (To control this warning, see the rcParam `figure.max_open_warning`).
  fig=plt.figure(figsize=[15,15])
2023-06-02 15:43:21,034 INFO Welcome to the CDS
2023-06-02 15:43:21,035 INFO Sending request to https://cds.climate.copernicus.eu/api/v2/resources/reanalysis-era5-single-levels
2023-06-02 15:43:21,218 INFO Request is completed
/home/mundi/Summer2022/myfuncs.py:73: RuntimeWarning: More than 20 figures have been opened. Figures created through the pyplot interface (`matplotlib.pyplot.figure`) are retained until explicitly closed and may consume too much memory. (To control this warning, see the rcParam `figure.max_open_warning`).
  fig=plt.figure(figsize=[15,15])
2023-06-02 15:43:32,903 INFO Welcome to the CDS
2023-06-02 15:43:32,903 INFO Sending request to https://cds.climate.copernicus.eu/api/v2/resources/reanalysis-era5-single-levels
2023-06-02 15:43:33,077 INFO Request is completed
/home/mundi/Summer2022/myfuncs.py:73: RuntimeWarning: More than 20 figures have been opened. Figures created through the pyplot interface (`matplotlib.pyplot.figure`) are retained until explicitly closed and may consume too much memory. (To control this warning, see the rcParam `figure.max_open_warning`).
  fig=plt.figure(figsize=[15,15])
2023-06-02 15:43:37,489 INFO Welcome to the CDS
2023-06-02 15:43:37,489 INFO Sending request to https://cds.climate.copernicus.eu/api/v2/resources/reanalysis-era5-single-levels
2023-06-02 15:43:37,671 INFO Request is completed
/home/mundi/Summer2022/myfuncs.py:73: RuntimeWarning: More than 20 figures have been opened. Figures created through the pyplot interface (`matplotlib.pyplot.figure`) are retained until explicitly closed and may consume too much memory. (To control this warning, see the rcParam `figure.max_open_warning`).
  fig=plt.figure(figsize=[15,15])
2023-06-02 15:44:02,751 INFO Welcome to the CDS
2023-06-02 15:44:02,751 INFO Sending request to https://cds.climate.copernicus.eu/api/v2/resources/reanalysis-era5-single-levels
2023-06-02 15:44:02,916 INFO Request is completed
/home/mundi/Summer2022/myfuncs.py:73: RuntimeWarning: More than 20 figures have been opened. Figures created through the pyplot interface (`matplotlib.pyplot.figure`) are retained until explicitly closed and may consume too much memory. (To control this warning, see the rcParam `figure.max_open_warning`).
  fig=plt.figure(figsize=[15,15])
2023-06-02 15:44:20,878 INFO Welcome to the CDS
2023-06-02 15:44:20,879 INFO Sending request to https://cds.climate.copernicus.eu/api/v2/resources/reanalysis-era5-single-levels
2023-06-02 15:44:21,042 INFO Request is completed
/home/mundi/Summer2022/myfuncs.py:73: RuntimeWarning: More than 20 figures have been opened. Figures created through the pyplot interface (`matplotlib.pyplot.figure`) are retained until explicitly closed and may consume too much memory. (To control this warning, see the rcParam `figure.max_open_warning`).
  fig=plt.figure(figsize=[15,15])
2023-06-02 15:44:28,954 INFO Welcome to the CDS
2023-06-02 15:44:28,954 INFO Sending request to https://cds.climate.copernicus.eu/api/v2/resources/reanalysis-era5-single-levels
2023-06-02 15:44:29,123 INFO Request is completed
/home/mundi/Summer2022/myfuncs.py:73: RuntimeWarning: More than 20 figures have been opened. Figures created through the pyplot interface (`matplotlib.pyplot.figure`) are retained until explicitly closed and may consume too much memory. (To control this warning, see the rcParam `figure.max_open_warning`).
  fig=plt.figure(figsize=[15,15])
2023-06-02 15:44:34,096 INFO Welcome to the CDS
2023-06-02 15:44:34,096 INFO Sending request to https://cds.climate.copernicus.eu/api/v2/resources/reanalysis-era5-single-levels
2023-06-02 15:44:34,255 INFO Request is completed
/home/mundi/Summer2022/myfuncs.py:73: RuntimeWarning: More than 20 figures have been opened. Figures created through the pyplot interface (`matplotlib.pyplot.figure`) are retained until explicitly closed and may consume too much memory. (To control this warning, see the rcParam `figure.max_open_warning`).
  fig=plt.figure(figsize=[15,15])
2023-06-02 15:44:48,598 INFO Welcome to the CDS
2023-06-02 15:44:48,598 INFO Sending request to https://cds.climate.copernicus.eu/api/v2/resources/reanalysis-era5-single-levels
2023-06-02 15:44:48,776 INFO Request is completed
/home/mundi/Summer2022/myfuncs.py:73: RuntimeWarning: More than 20 figures have been opened. Figures created through the pyplot interface (`matplotlib.pyplot.figure`) are retained until explicitly closed and may consume too much memory. (To control this warning, see the rcParam `figure.max_open_warning`).
  fig=plt.figure(figsize=[15,15])
2023-06-02 15:44:54,160 INFO Welcome to the CDS
2023-06-02 15:44:54,161 INFO Sending request to https://cds.climate.copernicus.eu/api/v2/resources/reanalysis-era5-single-levels
2023-06-02 15:44:54,364 INFO Request is completed
/home/mundi/Summer2022/myfuncs.py:73: RuntimeWarning: More than 20 figures have been opened. Figures created through the pyplot interface (`matplotlib.pyplot.figure`) are retained until explicitly closed and may consume too much memory. (To control this warning, see the rcParam `figure.max_open_warning`).
  fig=plt.figure(figsize=[15,15])
2023-06-02 15:44:59,357 INFO Welcome to the CDS
2023-06-02 15:44:59,357 INFO Sending request to https://cds.climate.copernicus.eu/api/v2/resources/reanalysis-era5-single-levels
2023-06-02 15:44:59,614 INFO Request is completed
/home/mundi/Summer2022/myfuncs.py:73: RuntimeWarning: More than 20 figures have been opened. Figures created through the pyplot interface (`matplotlib.pyplot.figure`) are retained until explicitly closed and may consume too much memory. (To control this warning, see the rcParam `figure.max_open_warning`).
  fig=plt.figure(figsize=[15,15])
2023-06-02 15:45:10,404 INFO Welcome to the CDS
2023-06-02 15:45:10,404 INFO Sending request to https://cds.climate.copernicus.eu/api/v2/resources/reanalysis-era5-single-levels
2023-06-02 15:45:10,617 INFO Request is completed
/home/mundi/Summer2022/myfuncs.py:73: RuntimeWarning: More than 20 figures have been opened. Figures created through the pyplot interface (`matplotlib.pyplot.figure`) are retained until explicitly closed and may consume too much memory. (To control this warning, see the rcParam `figure.max_open_warning`).
  fig=plt.figure(figsize=[15,15])
2023-06-02 15:45:17,765 INFO Welcome to the CDS
2023-06-02 15:45:17,765 INFO Sending request to https://cds.climate.copernicus.eu/api/v2/resources/reanalysis-era5-single-levels
2023-06-02 15:45:17,953 INFO Request is completed
/home/mundi/Summer2022/myfuncs.py:73: RuntimeWarning: More than 20 figures have been opened. Figures created through the pyplot interface (`matplotlib.pyplot.figure`) are retained until explicitly closed and may consume too much memory. (To control this warning, see the rcParam `figure.max_open_warning`).
  fig=plt.figure(figsize=[15,15])
2023-06-02 15:45:27,817 INFO Welcome to the CDS
2023-06-02 15:45:27,817 INFO Sending request to https://cds.climate.copernicus.eu/api/v2/resources/reanalysis-era5-single-levels
2023-06-02 15:45:28,049 INFO Request is completed
/home/mundi/Summer2022/myfuncs.py:73: RuntimeWarning: More than 20 figures have been opened. Figures created through the pyplot interface (`matplotlib.pyplot.figure`) are retained until explicitly closed and may consume too much memory. (To control this warning, see the rcParam `figure.max_open_warning`).
  fig=plt.figure(figsize=[15,15])
2023-06-02 15:45:32,809 INFO Welcome to the CDS
2023-06-02 15:45:32,810 INFO Sending request to https://cds.climate.copernicus.eu/api/v2/resources/reanalysis-era5-single-levels
2023-06-02 15:45:32,995 INFO Request is completed
/home/mundi/Summer2022/myfuncs.py:73: RuntimeWarning: More than 20 figures have been opened. Figures created through the pyplot interface (`matplotlib.pyplot.figure`) are retained until explicitly closed and may consume too much memory. (To control this warning, see the rcParam `figure.max_open_warning`).
  fig=plt.figure(figsize=[15,15])
2023-06-02 15:45:40,131 INFO Welcome to the CDS
2023-06-02 15:45:40,131 INFO Sending request to https://cds.climate.copernicus.eu/api/v2/resources/reanalysis-era5-single-levels
2023-06-02 15:45:40,346 INFO Request is completed
/home/mundi/Summer2022/myfuncs.py:73: RuntimeWarning: More than 20 figures have been opened. Figures created through the pyplot interface (`matplotlib.pyplot.figure`) are retained until explicitly closed and may consume too much memory. (To control this warning, see the rcParam `figure.max_open_warning`).
  fig=plt.figure(figsize=[15,15])
2023-06-02 15:45:47,794 INFO Welcome to the CDS
2023-06-02 15:45:47,794 INFO Sending request to https://cds.climate.copernicus.eu/api/v2/resources/reanalysis-era5-single-levels
2023-06-02 15:45:47,961 INFO Request is queued
2023-06-02 15:45:50,728 INFO Request is running
2023-06-02 15:45:53,112 INFO Request is completed
/home/mundi/Summer2022/myfuncs.py:73: RuntimeWarning: More than 20 figures have been opened. Figures created through the pyplot interface (`matplotlib.pyplot.figure`) are retained until explicitly closed and may consume too much memory. (To control this warning, see the rcParam `figure.max_open_warning`).
  fig=plt.figure(figsize=[15,15])
2023-06-02 15:45:58,421 INFO Welcome to the CDS
2023-06-02 15:45:58,421 INFO Sending request to https://cds.climate.copernicus.eu/api/v2/resources/reanalysis-era5-single-levels
2023-06-02 15:45:58,580 INFO Request is queued
2023-06-02 15:46:01,348 INFO Request is running
2023-06-02 15:46:03,733 INFO Request is completed
/home/mundi/Summer2022/myfuncs.py:73: RuntimeWarning: More than 20 figures have been opened. Figures created through the pyplot interface (`matplotlib.pyplot.figure`) are retained until explicitly closed and may consume too much memory. (To control this warning, see the rcParam `figure.max_open_warning`).
  fig=plt.figure(figsize=[15,15])
2023-06-02 15:46:08,069 INFO Welcome to the CDS
2023-06-02 15:46:08,070 INFO Sending request to https://cds.climate.copernicus.eu/api/v2/resources/reanalysis-era5-single-levels
2023-06-02 15:46:08,232 INFO Request is queued
2023-06-02 15:46:10,999 INFO Request is running
2023-06-02 15:46:16,916 INFO Request is completed
/home/mundi/Summer2022/myfuncs.py:73: RuntimeWarning: More than 20 figures have been opened. Figures created through the pyplot interface (`matplotlib.pyplot.figure`) are retained until explicitly closed and may consume too much memory. (To control this warning, see the rcParam `figure.max_open_warning`).
  fig=plt.figure(figsize=[15,15])
2023-06-02 15:46:19,211 INFO Welcome to the CDS
2023-06-02 15:46:19,211 INFO Sending request to https://cds.climate.copernicus.eu/api/v2/resources/reanalysis-era5-single-levels
2023-06-02 15:46:19,369 INFO Request is queued
2023-06-02 15:46:28,032 INFO Request is running
2023-06-02 15:46:33,232 INFO Request is completed
/home/mundi/Summer2022/myfuncs.py:73: RuntimeWarning: More than 20 figures have been opened. Figures created through the pyplot interface (`matplotlib.pyplot.figure`) are retained until explicitly closed and may consume too much memory. (To control this warning, see the rcParam `figure.max_open_warning`).
  fig=plt.figure(figsize=[15,15])
2023-06-02 15:46:38,779 INFO Welcome to the CDS
2023-06-02 15:46:38,779 INFO Sending request to https://cds.climate.copernicus.eu/api/v2/resources/reanalysis-era5-single-levels
2023-06-02 15:46:38,921 INFO Request is queued
2023-06-02 15:54:59,907 INFO Request is completed
/home/mundi/Summer2022/myfuncs.py:73: RuntimeWarning: More than 20 figures have been opened. Figures created through the pyplot interface (`matplotlib.pyplot.figure`) are retained until explicitly closed and may consume too much memory. (To control this warning, see the rcParam `figure.max_open_warning`).
  fig=plt.figure(figsize=[15,15])
2023-06-02 15:55:02,864 INFO Welcome to the CDS
2023-06-02 15:55:02,864 INFO Sending request to https://cds.climate.copernicus.eu/api/v2/resources/reanalysis-era5-single-levels
2023-06-02 15:55:03,001 INFO Request is queued
2023-06-02 15:55:08,157 INFO Request is running
2023-06-02 15:55:11,668 INFO Request is completed
/home/mundi/Summer2022/myfuncs.py:73: RuntimeWarning: More than 20 figures have been opened. Figures created through the pyplot interface (`matplotlib.pyplot.figure`) are retained until explicitly closed and may consume too much memory. (To control this warning, see the rcParam `figure.max_open_warning`).
  fig=plt.figure(figsize=[15,15])
2023-06-02 15:55:15,720 INFO Welcome to the CDS
2023-06-02 15:55:15,721 INFO Sending request to https://cds.climate.copernicus.eu/api/v2/resources/reanalysis-era5-single-levels
2023-06-02 15:55:15,859 INFO Request is queued
2023-06-02 15:55:16,993 INFO Request is running
2023-06-02 15:55:21,011 INFO Request is completed
/home/mundi/Summer2022/myfuncs.py:73: RuntimeWarning: More than 20 figures have been opened. Figures created through the pyplot interface (`matplotlib.pyplot.figure`) are retained until explicitly closed and may consume too much memory. (To control this warning, see the rcParam `figure.max_open_warning`).
  fig=plt.figure(figsize=[15,15])
2023-06-02 15:55:23,323 INFO Welcome to the CDS
2023-06-02 15:55:23,324 INFO Sending request to https://cds.climate.copernicus.eu/api/v2/resources/reanalysis-era5-single-levels
2023-06-02 15:55:23,485 INFO Request is queued
2023-06-02 15:55:24,618 INFO Request is running
2023-06-02 15:55:28,638 INFO Request is completed
/home/mundi/Summer2022/myfuncs.py:73: RuntimeWarning: More than 20 figures have been opened. Figures created through the pyplot interface (`matplotlib.pyplot.figure`) are retained until explicitly closed and may consume too much memory. (To control this warning, see the rcParam `figure.max_open_warning`).
  fig=plt.figure(figsize=[15,15])
2023-06-02 15:55:31,190 INFO Welcome to the CDS
2023-06-02 15:55:31,190 INFO Sending request to https://cds.climate.copernicus.eu/api/v2/resources/reanalysis-era5-single-levels
2023-06-02 15:55:31,327 INFO Request is queued
2023-06-02 15:55:34,093 INFO Request is running
2023-06-02 15:55:39,987 INFO Request is completed
/home/mundi/Summer2022/myfuncs.py:73: RuntimeWarning: More than 20 figures have been opened. Figures created through the pyplot interface (`matplotlib.pyplot.figure`) are retained until explicitly closed and may consume too much memory. (To control this warning, see the rcParam `figure.max_open_warning`).
  fig=plt.figure(figsize=[15,15])
2023-06-02 15:55:43,829 INFO Welcome to the CDS
2023-06-02 15:55:43,829 INFO Sending request to https://cds.climate.copernicus.eu/api/v2/resources/reanalysis-era5-single-levels
2023-06-02 15:55:43,991 INFO Request is queued
2023-06-02 15:55:46,758 INFO Request is running
2023-06-02 15:55:52,653 INFO Request is completed
/home/mundi/Summer2022/myfuncs.py:73: RuntimeWarning: More than 20 figures have been opened. Figures created through the pyplot interface (`matplotlib.pyplot.figure`) are retained until explicitly closed and may consume too much memory. (To control this warning, see the rcParam `figure.max_open_warning`).
  fig=plt.figure(figsize=[15,15])
2023-06-02 15:55:54,845 INFO Welcome to the CDS
2023-06-02 15:55:54,845 INFO Sending request to https://cds.climate.copernicus.eu/api/v2/resources/reanalysis-era5-single-levels
2023-06-02 15:55:54,995 INFO Request is queued
2023-06-02 15:55:56,130 INFO Request is running
2023-06-02 15:56:00,149 INFO Request is completed
/home/mundi/Summer2022/myfuncs.py:73: RuntimeWarning: More than 20 figures have been opened. Figures created through the pyplot interface (`matplotlib.pyplot.figure`) are retained until explicitly closed and may consume too much memory. (To control this warning, see the rcParam `figure.max_open_warning`).
  fig=plt.figure(figsize=[15,15])
2023-06-02 15:56:04,950 INFO Welcome to the CDS
2023-06-02 15:56:04,950 INFO Sending request to https://cds.climate.copernicus.eu/api/v2/resources/reanalysis-era5-single-levels
2023-06-02 15:56:05,116 INFO Request is queued
2023-06-02 15:56:07,884 INFO Request is running
2023-06-02 15:56:10,268 INFO Request is completed
/home/mundi/Summer2022/myfuncs.py:73: RuntimeWarning: More than 20 figures have been opened. Figures created through the pyplot interface (`matplotlib.pyplot.figure`) are retained until explicitly closed and may consume too much memory. (To control this warning, see the rcParam `figure.max_open_warning`).
  fig=plt.figure(figsize=[15,15])
2023-06-02 15:56:12,564 INFO Welcome to the CDS
2023-06-02 15:56:12,564 INFO Sending request to https://cds.climate.copernicus.eu/api/v2/resources/reanalysis-era5-single-levels
2023-06-02 15:56:12,726 INFO Request is queued
2023-06-02 15:56:15,492 INFO Request is running
2023-06-02 15:56:17,877 INFO Request is completed
/home/mundi/Summer2022/myfuncs.py:73: RuntimeWarning: More than 20 figures have been opened. Figures created through the pyplot interface (`matplotlib.pyplot.figure`) are retained until explicitly closed and may consume too much memory. (To control this warning, see the rcParam `figure.max_open_warning`).
  fig=plt.figure(figsize=[15,15])
2023-06-02 15:56:20,070 INFO Welcome to the CDS
2023-06-02 15:56:20,070 INFO Sending request to https://cds.climate.copernicus.eu/api/v2/resources/reanalysis-era5-single-levels
2023-06-02 15:56:20,222 INFO Request is queued
2023-06-02 15:56:21,356 INFO Request is running
2023-06-02 15:56:25,375 INFO Request is completed
/home/mundi/Summer2022/myfuncs.py:73: RuntimeWarning: More than 20 figures have been opened. Figures created through the pyplot interface (`matplotlib.pyplot.figure`) are retained until explicitly closed and may consume too much memory. (To control this warning, see the rcParam `figure.max_open_warning`).
  fig=plt.figure(figsize=[15,15])
2023-06-02 15:56:28,235 INFO Welcome to the CDS
2023-06-02 15:56:28,235 INFO Sending request to https://cds.climate.copernicus.eu/api/v2/resources/reanalysis-era5-single-levels
2023-06-02 15:56:28,408 INFO Request is queued
2023-06-02 15:57:44,539 INFO Request is completed
/home/mundi/Summer2022/myfuncs.py:73: RuntimeWarning: More than 20 figures have been opened. Figures created through the pyplot interface (`matplotlib.pyplot.figure`) are retained until explicitly closed and may consume too much memory. (To control this warning, see the rcParam `figure.max_open_warning`).
  fig=plt.figure(figsize=[15,15])
2023-06-02 15:57:47,012 INFO Welcome to the CDS
2023-06-02 15:57:47,012 INFO Sending request to https://cds.climate.copernicus.eu/api/v2/resources/reanalysis-era5-single-levels
2023-06-02 15:57:47,178 INFO Request is queued
2023-06-02 16:06:08,213 INFO Request is completed
/home/mundi/Summer2022/myfuncs.py:73: RuntimeWarning: More than 20 figures have been opened. Figures created through the pyplot interface (`matplotlib.pyplot.figure`) are retained until explicitly closed and may consume too much memory. (To control this warning, see the rcParam `figure.max_open_warning`).
  fig=plt.figure(figsize=[15,15])
2023-06-02 16:06:20,464 INFO Welcome to the CDS
2023-06-02 16:06:20,464 INFO Sending request to https://cds.climate.copernicus.eu/api/v2/resources/reanalysis-era5-single-levels
2023-06-02 16:06:20,610 INFO Request is queued
2023-06-02 16:09:13,230 INFO Request is completed
/home/mundi/Summer2022/myfuncs.py:73: RuntimeWarning: More than 20 figures have been opened. Figures created through the pyplot interface (`matplotlib.pyplot.figure`) are retained until explicitly closed and may consume too much memory. (To control this warning, see the rcParam `figure.max_open_warning`).
  fig=plt.figure(figsize=[15,15])
/home/mundi/miniconda3/envs/cyc_loc/lib/python3.8/site-packages/cartopy/mpl/geoaxes.py:1478: UserWarning: No contour levels were found within the data range.
  result = matplotlib.axes.Axes.contour(self, *args, **kwargs)
2023-06-02 16:09:38,100 INFO Welcome to the CDS
2023-06-02 16:09:38,101 INFO Sending request to https://cds.climate.copernicus.eu/api/v2/resources/reanalysis-era5-single-levels
2023-06-02 16:09:38,265 INFO Request is queued
2023-06-02 16:11:33,031 INFO Request is completed
/home/mundi/Summer2022/myfuncs.py:73: RuntimeWarning: More than 20 figures have been opened. Figures created through the pyplot interface (`matplotlib.pyplot.figure`) are retained until explicitly closed and may consume too much memory. (To control this warning, see the rcParam `figure.max_open_warning`).
  fig=plt.figure(figsize=[15,15])
2023-06-02 16:11:35,842 INFO Welcome to the CDS
2023-06-02 16:11:35,842 INFO Sending request to https://cds.climate.copernicus.eu/api/v2/resources/reanalysis-era5-single-levels
2023-06-02 16:11:35,997 INFO Request is queued
2023-06-02 16:14:28,617 INFO Request is completed
/home/mundi/Summer2022/myfuncs.py:73: RuntimeWarning: More than 20 figures have been opened. Figures created through the pyplot interface (`matplotlib.pyplot.figure`) are retained until explicitly closed and may consume too much memory. (To control this warning, see the rcParam `figure.max_open_warning`).
  fig=plt.figure(figsize=[15,15])
2023-06-02 16:14:31,428 INFO Welcome to the CDS
2023-06-02 16:14:31,428 INFO Sending request to https://cds.climate.copernicus.eu/api/v2/resources/reanalysis-era5-single-levels
2023-06-02 16:14:31,634 INFO Request is completed
/home/mundi/Summer2022/myfuncs.py:73: RuntimeWarning: More than 20 figures have been opened. Figures created through the pyplot interface (`matplotlib.pyplot.figure`) are retained until explicitly closed and may consume too much memory. (To control this warning, see the rcParam `figure.max_open_warning`).
  fig=plt.figure(figsize=[15,15])
2023-06-02 16:14:38,802 INFO Welcome to the CDS
2023-06-02 16:14:38,802 INFO Sending request to https://cds.climate.copernicus.eu/api/v2/resources/reanalysis-era5-single-levels
2023-06-02 16:14:39,020 INFO Request is completed
/home/mundi/Summer2022/myfuncs.py:73: RuntimeWarning: More than 20 figures have been opened. Figures created through the pyplot interface (`matplotlib.pyplot.figure`) are retained until explicitly closed and may consume too much memory. (To control this warning, see the rcParam `figure.max_open_warning`).
  fig=plt.figure(figsize=[15,15])
2023-06-02 16:14:43,031 INFO Welcome to the CDS
2023-06-02 16:14:43,031 INFO Sending request to https://cds.climate.copernicus.eu/api/v2/resources/reanalysis-era5-single-levels
2023-06-02 16:14:43,198 INFO Request is queued
2023-06-02 16:19:02,872 INFO Request is completed
/home/mundi/Summer2022/myfuncs.py:73: RuntimeWarning: More than 20 figures have been opened. Figures created through the pyplot interface (`matplotlib.pyplot.figure`) are retained until explicitly closed and may consume too much memory. (To control this warning, see the rcParam `figure.max_open_warning`).
  fig=plt.figure(figsize=[15,15])
2023-06-02 16:19:05,977 INFO Welcome to the CDS
2023-06-02 16:19:05,977 INFO Sending request to https://cds.climate.copernicus.eu/api/v2/resources/reanalysis-era5-single-levels
2023-06-02 16:19:06,116 INFO Request is queued
2023-06-02 16:21:00,898 INFO Request is completed
/home/mundi/Summer2022/myfuncs.py:73: RuntimeWarning: More than 20 figures have been opened. Figures created through the pyplot interface (`matplotlib.pyplot.figure`) are retained until explicitly closed and may consume too much memory. (To control this warning, see the rcParam `figure.max_open_warning`).
  fig=plt.figure(figsize=[15,15])
2023-06-02 16:21:03,196 INFO Welcome to the CDS
2023-06-02 16:21:03,197 INFO Sending request to https://cds.climate.copernicus.eu/api/v2/resources/reanalysis-era5-single-levels
2023-06-02 16:21:03,346 INFO Request is queued
2023-06-02 16:29:24,323 INFO Request is completed
/home/mundi/Summer2022/myfuncs.py:73: RuntimeWarning: More than 20 figures have been opened. Figures created through the pyplot interface (`matplotlib.pyplot.figure`) are retained until explicitly closed and may consume too much memory. (To control this warning, see the rcParam `figure.max_open_warning`).
  fig=plt.figure(figsize=[15,15])
2023-06-02 16:29:26,658 INFO Welcome to the CDS
2023-06-02 16:29:26,658 INFO Sending request to https://cds.climate.copernicus.eu/api/v2/resources/reanalysis-era5-single-levels
2023-06-02 16:29:26,824 INFO Request is queued
2023-06-02 16:29:29,590 INFO Request is running
2023-06-02 16:29:31,974 INFO Request is completed
/home/mundi/Summer2022/myfuncs.py:73: RuntimeWarning: More than 20 figures have been opened. Figures created through the pyplot interface (`matplotlib.pyplot.figure`) are retained until explicitly closed and may consume too much memory. (To control this warning, see the rcParam `figure.max_open_warning`).
  fig=plt.figure(figsize=[15,15])
2023-06-02 16:29:35,162 INFO Welcome to the CDS
2023-06-02 16:29:35,162 INFO Sending request to https://cds.climate.copernicus.eu/api/v2/resources/reanalysis-era5-single-levels
2023-06-02 16:29:35,339 INFO Request is queued
2023-06-02 16:29:36,471 INFO Request is running
2023-06-02 16:29:38,105 INFO Request is completed
/home/mundi/Summer2022/myfuncs.py:73: RuntimeWarning: More than 20 figures have been opened. Figures created through the pyplot interface (`matplotlib.pyplot.figure`) are retained until explicitly closed and may consume too much memory. (To control this warning, see the rcParam `figure.max_open_warning`).
  fig=plt.figure(figsize=[15,15])
2023-06-02 16:29:44,180 INFO Welcome to the CDS
2023-06-02 16:29:44,180 INFO Sending request to https://cds.climate.copernicus.eu/api/v2/resources/reanalysis-era5-single-levels
2023-06-02 16:29:44,316 INFO Request is queued
2023-06-02 16:29:45,449 INFO Request is running
2023-06-02 16:29:49,466 INFO Request is completed
/home/mundi/Summer2022/myfuncs.py:73: RuntimeWarning: More than 20 figures have been opened. Figures created through the pyplot interface (`matplotlib.pyplot.figure`) are retained until explicitly closed and may consume too much memory. (To control this warning, see the rcParam `figure.max_open_warning`).
  fig=plt.figure(figsize=[15,15])
2023-06-02 16:29:52,062 INFO Welcome to the CDS
2023-06-02 16:29:52,063 INFO Sending request to https://cds.climate.copernicus.eu/api/v2/resources/reanalysis-era5-single-levels
2023-06-02 16:29:52,283 INFO Request is queued
2023-06-02 16:29:53,415 INFO Request is running
2023-06-02 16:29:57,491 INFO Request is completed
/home/mundi/Summer2022/myfuncs.py:73: RuntimeWarning: More than 20 figures have been opened. Figures created through the pyplot interface (`matplotlib.pyplot.figure`) are retained until explicitly closed and may consume too much memory. (To control this warning, see the rcParam `figure.max_open_warning`).
  fig=plt.figure(figsize=[15,15])
2023-06-02 16:30:02,905 INFO Welcome to the CDS
2023-06-02 16:30:02,905 INFO Sending request to https://cds.climate.copernicus.eu/api/v2/resources/reanalysis-era5-single-levels
2023-06-02 16:30:03,063 INFO Request is queued
2023-06-02 16:30:04,197 INFO Request is running
2023-06-02 16:30:08,218 INFO Request is completed
/home/mundi/Summer2022/myfuncs.py:73: RuntimeWarning: More than 20 figures have been opened. Figures created through the pyplot interface (`matplotlib.pyplot.figure`) are retained until explicitly closed and may consume too much memory. (To control this warning, see the rcParam `figure.max_open_warning`).
  fig=plt.figure(figsize=[15,15])
2023-06-02 16:30:12,078 INFO Welcome to the CDS
2023-06-02 16:30:12,078 INFO Sending request to https://cds.climate.copernicus.eu/api/v2/resources/reanalysis-era5-single-levels
2023-06-02 16:30:12,271 INFO Request is queued
2023-06-02 16:30:17,421 INFO Request is running
2023-06-02 16:30:20,932 INFO Request is completed
/home/mundi/Summer2022/myfuncs.py:73: RuntimeWarning: More than 20 figures have been opened. Figures created through the pyplot interface (`matplotlib.pyplot.figure`) are retained until explicitly closed and may consume too much memory. (To control this warning, see the rcParam `figure.max_open_warning`).
  fig=plt.figure(figsize=[15,15])
2023-06-02 16:30:27,610 INFO Welcome to the CDS
2023-06-02 16:30:27,610 INFO Sending request to https://cds.climate.copernicus.eu/api/v2/resources/reanalysis-era5-single-levels
2023-06-02 16:30:27,747 INFO Request is queued
2023-06-02 16:30:30,514 INFO Request is running
2023-06-02 16:30:36,409 INFO Request is completed
/home/mundi/Summer2022/myfuncs.py:73: RuntimeWarning: More than 20 figures have been opened. Figures created through the pyplot interface (`matplotlib.pyplot.figure`) are retained until explicitly closed and may consume too much memory. (To control this warning, see the rcParam `figure.max_open_warning`).
  fig=plt.figure(figsize=[15,15])
2023-06-02 16:30:39,821 INFO Welcome to the CDS
2023-06-02 16:30:39,822 INFO Sending request to https://cds.climate.copernicus.eu/api/v2/resources/reanalysis-era5-single-levels
2023-06-02 16:30:40,088 INFO Request is queued
2023-06-02 16:30:41,224 INFO Request is running
2023-06-02 16:30:45,241 INFO Request is completed
/home/mundi/Summer2022/myfuncs.py:73: RuntimeWarning: More than 20 figures have been opened. Figures created through the pyplot interface (`matplotlib.pyplot.figure`) are retained until explicitly closed and may consume too much memory. (To control this warning, see the rcParam `figure.max_open_warning`).
  fig=plt.figure(figsize=[15,15])
2023-06-02 16:30:47,554 INFO Welcome to the CDS
2023-06-02 16:30:47,554 INFO Sending request to https://cds.climate.copernicus.eu/api/v2/resources/reanalysis-era5-single-levels
2023-06-02 16:30:47,723 INFO Request is queued
2023-06-02 16:30:50,488 INFO Request is running
2023-06-02 16:30:52,872 INFO Request is completed
/home/mundi/Summer2022/myfuncs.py:73: RuntimeWarning: More than 20 figures have been opened. Figures created through the pyplot interface (`matplotlib.pyplot.figure`) are retained until explicitly closed and may consume too much memory. (To control this warning, see the rcParam `figure.max_open_warning`).
  fig=plt.figure(figsize=[15,15])
2023-06-02 16:30:58,554 INFO Welcome to the CDS
2023-06-02 16:30:58,555 INFO Sending request to https://cds.climate.copernicus.eu/api/v2/resources/reanalysis-era5-single-levels
2023-06-02 16:30:58,734 INFO Request is queued
2023-06-02 16:31:03,884 INFO Request is running
2023-06-02 16:31:07,395 INFO Request is completed
/home/mundi/Summer2022/myfuncs.py:73: RuntimeWarning: More than 20 figures have been opened. Figures created through the pyplot interface (`matplotlib.pyplot.figure`) are retained until explicitly closed and may consume too much memory. (To control this warning, see the rcParam `figure.max_open_warning`).
  fig=plt.figure(figsize=[15,15])
2023-06-02 16:31:09,929 INFO Welcome to the CDS
2023-06-02 16:31:09,929 INFO Sending request to https://cds.climate.copernicus.eu/api/v2/resources/reanalysis-era5-single-levels
2023-06-02 16:31:10,102 INFO Request is completed
/home/mundi/Summer2022/myfuncs.py:73: RuntimeWarning: More than 20 figures have been opened. Figures created through the pyplot interface (`matplotlib.pyplot.figure`) are retained until explicitly closed and may consume too much memory. (To control this warning, see the rcParam `figure.max_open_warning`).
  fig=plt.figure(figsize=[15,15])
2023-06-02 16:31:25,141 INFO Welcome to the CDS
2023-06-02 16:31:25,142 INFO Sending request to https://cds.climate.copernicus.eu/api/v2/resources/reanalysis-era5-single-levels
2023-06-02 16:31:25,316 INFO Request is completed
/home/mundi/Summer2022/myfuncs.py:73: RuntimeWarning: More than 20 figures have been opened. Figures created through the pyplot interface (`matplotlib.pyplot.figure`) are retained until explicitly closed and may consume too much memory. (To control this warning, see the rcParam `figure.max_open_warning`).
  fig=plt.figure(figsize=[15,15])
2023-06-02 16:31:27,994 INFO Welcome to the CDS
2023-06-02 16:31:27,994 INFO Sending request to https://cds.climate.copernicus.eu/api/v2/resources/reanalysis-era5-single-levels
2023-06-02 16:31:28,153 INFO Request is queued
2023-06-02 16:31:29,286 INFO Request is running
2023-06-02 16:31:33,304 INFO Request is completed
/home/mundi/Summer2022/myfuncs.py:73: RuntimeWarning: More than 20 figures have been opened. Figures created through the pyplot interface (`matplotlib.pyplot.figure`) are retained until explicitly closed and may consume too much memory. (To control this warning, see the rcParam `figure.max_open_warning`).
  fig=plt.figure(figsize=[15,15])
2023-06-02 16:31:35,731 INFO Welcome to the CDS
2023-06-02 16:31:35,731 INFO Sending request to https://cds.climate.copernicus.eu/api/v2/resources/reanalysis-era5-single-levels
2023-06-02 16:31:35,903 INFO Request is queued
2023-06-02 16:31:38,671 INFO Request is running
2023-06-02 16:31:44,566 INFO Request is completed
/home/mundi/Summer2022/myfuncs.py:73: RuntimeWarning: More than 20 figures have been opened. Figures created through the pyplot interface (`matplotlib.pyplot.figure`) are retained until explicitly closed and may consume too much memory. (To control this warning, see the rcParam `figure.max_open_warning`).
  fig=plt.figure(figsize=[15,15])
2023-06-02 16:31:51,700 INFO Welcome to the CDS
2023-06-02 16:31:51,700 INFO Sending request to https://cds.climate.copernicus.eu/api/v2/resources/reanalysis-era5-single-levels
2023-06-02 16:31:51,882 INFO Request is queued
2023-06-02 16:31:54,649 INFO Request is running
2023-06-02 16:31:57,033 INFO Request is completed
/home/mundi/Summer2022/myfuncs.py:73: RuntimeWarning: More than 20 figures have been opened. Figures created through the pyplot interface (`matplotlib.pyplot.figure`) are retained until explicitly closed and may consume too much memory. (To control this warning, see the rcParam `figure.max_open_warning`).
  fig=plt.figure(figsize=[15,15])
2023-06-02 16:32:03,570 INFO Welcome to the CDS
2023-06-02 16:32:03,570 INFO Sending request to https://cds.climate.copernicus.eu/api/v2/resources/reanalysis-era5-single-levels
2023-06-02 16:32:03,717 INFO Request is queued
2023-06-02 16:32:06,482 INFO Request is running
2023-06-02 16:32:08,867 INFO Request is completed
/home/mundi/Summer2022/myfuncs.py:73: RuntimeWarning: More than 20 figures have been opened. Figures created through the pyplot interface (`matplotlib.pyplot.figure`) are retained until explicitly closed and may consume too much memory. (To control this warning, see the rcParam `figure.max_open_warning`).
  fig=plt.figure(figsize=[15,15])
2023-06-02 16:32:12,799 INFO Welcome to the CDS
2023-06-02 16:32:12,799 INFO Sending request to https://cds.climate.copernicus.eu/api/v2/resources/reanalysis-era5-single-levels
2023-06-02 16:32:12,996 INFO Request is queued
2023-06-02 16:32:15,763 INFO Request is running
2023-06-02 16:32:18,150 INFO Request is completed
/home/mundi/Summer2022/myfuncs.py:73: RuntimeWarning: More than 20 figures have been opened. Figures created through the pyplot interface (`matplotlib.pyplot.figure`) are retained until explicitly closed and may consume too much memory. (To control this warning, see the rcParam `figure.max_open_warning`).
  fig=plt.figure(figsize=[15,15])
2023-06-02 16:32:24,261 INFO Welcome to the CDS
2023-06-02 16:32:24,261 INFO Sending request to https://cds.climate.copernicus.eu/api/v2/resources/reanalysis-era5-single-levels
2023-06-02 16:32:24,429 INFO Request is completed
/home/mundi/Summer2022/myfuncs.py:73: RuntimeWarning: More than 20 figures have been opened. Figures created through the pyplot interface (`matplotlib.pyplot.figure`) are retained until explicitly closed and may consume too much memory. (To control this warning, see the rcParam `figure.max_open_warning`).
  fig=plt.figure(figsize=[15,15])
2023-06-02 16:32:29,652 INFO Welcome to the CDS
2023-06-02 16:32:29,652 INFO Sending request to https://cds.climate.copernicus.eu/api/v2/resources/reanalysis-era5-single-levels
2023-06-02 16:32:29,816 INFO Request is queued
2023-06-02 16:32:30,952 INFO Request is running
2023-06-02 16:32:34,977 INFO Request is completed
/home/mundi/Summer2022/myfuncs.py:73: RuntimeWarning: More than 20 figures have been opened. Figures created through the pyplot interface (`matplotlib.pyplot.figure`) are retained until explicitly closed and may consume too much memory. (To control this warning, see the rcParam `figure.max_open_warning`).
  fig=plt.figure(figsize=[15,15])
2023-06-02 16:32:39,416 INFO Welcome to the CDS
2023-06-02 16:32:39,416 INFO Sending request to https://cds.climate.copernicus.eu/api/v2/resources/reanalysis-era5-single-levels
2023-06-02 16:32:39,565 INFO Request is queued
2023-06-02 16:32:40,702 INFO Request is running
2023-06-02 16:32:44,727 INFO Request is completed
/home/mundi/Summer2022/myfuncs.py:73: RuntimeWarning: More than 20 figures have been opened. Figures created through the pyplot interface (`matplotlib.pyplot.figure`) are retained until explicitly closed and may consume too much memory. (To control this warning, see the rcParam `figure.max_open_warning`).
  fig=plt.figure(figsize=[15,15])
2023-06-02 16:32:47,228 INFO Welcome to the CDS
2023-06-02 16:32:47,228 INFO Sending request to https://cds.climate.copernicus.eu/api/v2/resources/reanalysis-era5-single-levels
2023-06-02 16:32:47,379 INFO Request is queued
2023-06-02 16:32:48,514 INFO Request is running
2023-06-02 16:32:52,538 INFO Request is completed
/home/mundi/Summer2022/myfuncs.py:73: RuntimeWarning: More than 20 figures have been opened. Figures created through the pyplot interface (`matplotlib.pyplot.figure`) are retained until explicitly closed and may consume too much memory. (To control this warning, see the rcParam `figure.max_open_warning`).
  fig=plt.figure(figsize=[15,15])
2023-06-02 16:32:56,516 INFO Welcome to the CDS
2023-06-02 16:32:56,516 INFO Sending request to https://cds.climate.copernicus.eu/api/v2/resources/reanalysis-era5-single-levels
2023-06-02 16:32:56,711 INFO Request is queued
2023-06-02 16:33:05,384 INFO Request is running
2023-06-02 16:33:10,587 INFO Request is completed
/home/mundi/Summer2022/myfuncs.py:73: RuntimeWarning: More than 20 figures have been opened. Figures created through the pyplot interface (`matplotlib.pyplot.figure`) are retained until explicitly closed and may consume too much memory. (To control this warning, see the rcParam `figure.max_open_warning`).
  fig=plt.figure(figsize=[15,15])
2023-06-02 16:33:13,729 INFO Welcome to the CDS
2023-06-02 16:33:13,729 INFO Sending request to https://cds.climate.copernicus.eu/api/v2/resources/reanalysis-era5-single-levels
2023-06-02 16:33:13,905 INFO Request is completed
/home/mundi/Summer2022/myfuncs.py:73: RuntimeWarning: More than 20 figures have been opened. Figures created through the pyplot interface (`matplotlib.pyplot.figure`) are retained until explicitly closed and may consume too much memory. (To control this warning, see the rcParam `figure.max_open_warning`).
  fig=plt.figure(figsize=[15,15])
2023-06-02 16:33:17,268 INFO Welcome to the CDS
2023-06-02 16:33:17,268 INFO Sending request to https://cds.climate.copernicus.eu/api/v2/resources/reanalysis-era5-single-levels
2023-06-02 16:33:17,515 INFO Request is completed
/home/mundi/Summer2022/myfuncs.py:73: RuntimeWarning: More than 20 figures have been opened. Figures created through the pyplot interface (`matplotlib.pyplot.figure`) are retained until explicitly closed and may consume too much memory. (To control this warning, see the rcParam `figure.max_open_warning`).
  fig=plt.figure(figsize=[15,15])
2023-06-02 16:33:22,076 INFO Welcome to the CDS
2023-06-02 16:33:22,076 INFO Sending request to https://cds.climate.copernicus.eu/api/v2/resources/reanalysis-era5-single-levels
2023-06-02 16:33:22,231 INFO Request is queued
2023-06-02 16:33:23,368 INFO Request is running
2023-06-02 16:33:27,392 INFO Request is completed
/home/mundi/Summer2022/myfuncs.py:73: RuntimeWarning: More than 20 figures have been opened. Figures created through the pyplot interface (`matplotlib.pyplot.figure`) are retained until explicitly closed and may consume too much memory. (To control this warning, see the rcParam `figure.max_open_warning`).
  fig=plt.figure(figsize=[15,15])
2023-06-02 16:33:31,658 INFO Welcome to the CDS
2023-06-02 16:33:31,658 INFO Sending request to https://cds.climate.copernicus.eu/api/v2/resources/reanalysis-era5-single-levels
2023-06-02 16:33:31,829 INFO Request is completed
/home/mundi/Summer2022/myfuncs.py:73: RuntimeWarning: More than 20 figures have been opened. Figures created through the pyplot interface (`matplotlib.pyplot.figure`) are retained until explicitly closed and may consume too much memory. (To control this warning, see the rcParam `figure.max_open_warning`).
  fig=plt.figure(figsize=[15,15])
2023-06-02 16:33:38,839 INFO Welcome to the CDS
2023-06-02 16:33:38,839 INFO Sending request to https://cds.climate.copernicus.eu/api/v2/resources/reanalysis-era5-single-levels
2023-06-02 16:33:39,012 INFO Request is queued
2023-06-02 16:34:55,182 INFO Request is completed
/home/mundi/Summer2022/myfuncs.py:73: RuntimeWarning: More than 20 figures have been opened. Figures created through the pyplot interface (`matplotlib.pyplot.figure`) are retained until explicitly closed and may consume too much memory. (To control this warning, see the rcParam `figure.max_open_warning`).
  fig=plt.figure(figsize=[15,15])
2023-06-02 16:34:59,967 INFO Welcome to the CDS
2023-06-02 16:34:59,967 INFO Sending request to https://cds.climate.copernicus.eu/api/v2/resources/reanalysis-era5-single-levels
2023-06-02 16:35:00,118 INFO Request is queued
2023-06-02 16:35:50,504 INFO Request is running
2023-06-02 16:36:16,295 INFO Request is completed
/home/mundi/Summer2022/myfuncs.py:73: RuntimeWarning: More than 20 figures have been opened. Figures created through the pyplot interface (`matplotlib.pyplot.figure`) are retained until explicitly closed and may consume too much memory. (To control this warning, see the rcParam `figure.max_open_warning`).
  fig=plt.figure(figsize=[15,15])
2023-06-02 16:36:18,723 INFO Welcome to the CDS
2023-06-02 16:36:18,723 INFO Sending request to https://cds.climate.copernicus.eu/api/v2/resources/reanalysis-era5-single-levels
2023-06-02 16:36:18,942 INFO Request is completed
/home/mundi/Summer2022/myfuncs.py:73: RuntimeWarning: More than 20 figures have been opened. Figures created through the pyplot interface (`matplotlib.pyplot.figure`) are retained until explicitly closed and may consume too much memory. (To control this warning, see the rcParam `figure.max_open_warning`).
  fig=plt.figure(figsize=[15,15])
2023-06-02 16:36:22,610 INFO Welcome to the CDS
2023-06-02 16:36:22,611 INFO Sending request to https://cds.climate.copernicus.eu/api/v2/resources/reanalysis-era5-single-levels
2023-06-02 16:36:22,770 INFO Request is queued
2023-06-02 16:38:17,562 INFO Request is completed
/home/mundi/Summer2022/myfuncs.py:73: RuntimeWarning: More than 20 figures have been opened. Figures created through the pyplot interface (`matplotlib.pyplot.figure`) are retained until explicitly closed and may consume too much memory. (To control this warning, see the rcParam `figure.max_open_warning`).
  fig=plt.figure(figsize=[15,15])
2023-06-02 16:38:22,234 INFO Welcome to the CDS
2023-06-02 16:38:22,235 INFO Sending request to https://cds.climate.copernicus.eu/api/v2/resources/reanalysis-era5-single-levels
2023-06-02 16:38:22,418 INFO Request is queued
2023-06-02 16:41:15,048 INFO Request is completed
/home/mundi/Summer2022/myfuncs.py:73: RuntimeWarning: More than 20 figures have been opened. Figures created through the pyplot interface (`matplotlib.pyplot.figure`) are retained until explicitly closed and may consume too much memory. (To control this warning, see the rcParam `figure.max_open_warning`).
  fig=plt.figure(figsize=[15,15])
2023-06-02 16:41:18,891 INFO Welcome to the CDS
2023-06-02 16:41:18,891 INFO Sending request to https://cds.climate.copernicus.eu/api/v2/resources/reanalysis-era5-single-levels
2023-06-02 16:41:19,636 INFO Request is completed
/home/mundi/Summer2022/myfuncs.py:73: RuntimeWarning: More than 20 figures have been opened. Figures created through the pyplot interface (`matplotlib.pyplot.figure`) are retained until explicitly closed and may consume too much memory. (To control this warning, see the rcParam `figure.max_open_warning`).
  fig=plt.figure(figsize=[15,15])
2023-06-02 16:41:24,841 INFO Welcome to the CDS
2023-06-02 16:41:24,842 INFO Sending request to https://cds.climate.copernicus.eu/api/v2/resources/reanalysis-era5-single-levels
2023-06-02 16:41:25,056 INFO Request is completed
/home/mundi/Summer2022/myfuncs.py:73: RuntimeWarning: More than 20 figures have been opened. Figures created through the pyplot interface (`matplotlib.pyplot.figure`) are retained until explicitly closed and may consume too much memory. (To control this warning, see the rcParam `figure.max_open_warning`).
  fig=plt.figure(figsize=[15,15])
2023-06-02 16:41:28,051 INFO Welcome to the CDS
2023-06-02 16:41:28,051 INFO Sending request to https://cds.climate.copernicus.eu/api/v2/resources/reanalysis-era5-single-levels
2023-06-02 16:41:28,245 INFO Request is queued
2023-06-02 16:41:31,019 INFO Request is running
2023-06-02 16:41:33,406 INFO Request is completed
/home/mundi/Summer2022/myfuncs.py:73: RuntimeWarning: More than 20 figures have been opened. Figures created through the pyplot interface (`matplotlib.pyplot.figure`) are retained until explicitly closed and may consume too much memory. (To control this warning, see the rcParam `figure.max_open_warning`).
  fig=plt.figure(figsize=[15,15])


