2022-09-14 11:24:18,517 INFO Welcome to the CDS
2022-09-14 11:24:18,517 INFO Sending request to https://cds.climate.copernicus.eu/api/v2/resources/reanalysis-era5-single-levels
2022-09-14 11:24:18,757 INFO Request is completed
2022-09-14 11:24:41,244 INFO Welcome to the CDS
2022-09-14 11:24:41,244 INFO Sending request to https://cds.climate.copernicus.eu/api/v2/resources/reanalysis-era5-single-levels
2022-09-14 11:24:41,498 INFO Request is completed
2022-09-14 11:25:11,740 INFO Welcome to the CDS
2022-09-14 11:25:11,740 INFO Sending request to https://cds.climate.copernicus.eu/api/v2/resources/reanalysis-era5-single-levels
2022-09-14 11:25:11,963 INFO Request is completed
2022-09-14 11:25:49,163 INFO Welcome to the CDS
2022-09-14 11:25:49,163 INFO Sending request to https://cds.climate.copernicus.eu/api/v2/resources/reanalysis-era5-single-levels
2022-09-14 11:25:49,331 INFO Request is completed
2022-09-14 11:28:17,584 INFO Welcome to the CDS
2022-09-14 11:28:17,585 INFO Sending request to https://cds.climate.copernicus.eu/api/v2/resources/reanalysis-era5-single-levels
2022-09-14 11:28:17,784 INFO Request is queued
2022-09-14 11:28:18,909 INFO Request is running
2022-09-14 11:28:39,331 INFO Request is completed
/home/mundi/miniconda3/envs/cyc_loc/lib/python3.8/site-packages/xarray/conventions.py:492: SerializationWarning: variable 'melt_onset_day_seaice_conc_cdr' has multiple fill values {-1, 65535}, decoding all values to NaN.
  new_vars[k] = decode_cf_variable(
2022-09-14 11:33:43,351 INFO Welcome to the CDS
2022-09-14 11:33:43,351 INFO Sending request to https://cds.climate.copernicus.eu/api/v2/resources/reanalysis-era5-single-levels
2022-09-14 11:33:43,596 INFO Request is queued
2022-09-14 11:33:44,723 INFO Request is running
2022-09-14 11:33:48,728 INFO Request is completed
2022-09-14 11:33:50,737 INFO Welcome to the CDS
2022-09-14 11:33:50,738 INFO Sending request to https://cds.climate.copernicus.eu/api/v2/resources/reanalysis-era5-single-levels
2022-09-14 11:33:50,882 INFO Request is queued
2022-09-14 11:33:52,010 INFO Request is running
2022-09-14 11:33:53,637 INFO Request is completed
2022-09-14 11:33:56,684 INFO Welcome to the CDS
2022-09-14 11:33:56,685 INFO Sending request to https://cds.climate.copernicus.eu/api/v2/resources/reanalysis-era5-single-levels
2022-09-14 11:33:56,835 INFO Request is queued
2022-09-14 11:33:57,961 INFO Request is running
2022-09-14 11:34:01,966 INFO Request is completed
2022-09-14 11:34:04,350 INFO Welcome to the CDS
2022-09-14 11:34:04,350 INFO Sending request to https://cds.climate.copernicus.eu/api/v2/resources/reanalysis-era5-single-levels
2022-09-14 11:34:04,517 INFO Request is queued
2022-09-14 11:34:05,644 INFO Request is running
2022-09-14 11:34:09,648 INFO Request is completed
2022-09-14 11:34:11,781 INFO Welcome to the CDS
2022-09-14 11:34:11,781 INFO Sending request to https://cds.climate.copernicus.eu/api/v2/resources/reanalysis-era5-single-levels
2022-09-14 11:34:11,911 INFO Request is queued
2022-09-14 11:34:13,036 INFO Request is running
2022-09-14 11:34:14,663 INFO Request is completed
2022-09-14 11:34:17,000 INFO Welcome to the CDS
2022-09-14 11:34:17,000 INFO Sending request to https://cds.climate.copernicus.eu/api/v2/resources/reanalysis-era5-single-levels
2022-09-14 11:34:17,207 INFO Request is queued
2022-09-14 11:34:18,334 INFO Request is running
2022-09-14 11:34:22,340 INFO Request is completed
2022-09-14 11:34:24,361 INFO Welcome to the CDS
2022-09-14 11:34:24,361 INFO Sending request to https://cds.climate.copernicus.eu/api/v2/resources/reanalysis-era5-single-levels
2022-09-14 11:34:24,502 INFO Request is queued
2022-09-14 11:34:25,629 INFO Request is running
2022-09-14 11:34:29,636 INFO Request is completed
2022-09-14 11:34:31,567 INFO Welcome to the CDS
2022-09-14 11:34:31,567 INFO Sending request to https://cds.climate.copernicus.eu/api/v2/resources/reanalysis-era5-single-levels
2022-09-14 11:34:31,696 INFO Request is queued
2022-09-14 11:34:32,822 INFO Request is running
2022-09-14 11:34:36,824 INFO Request is completed
2022-09-14 11:34:39,440 INFO Welcome to the CDS
2022-09-14 11:34:39,440 INFO Sending request to https://cds.climate.copernicus.eu/api/v2/resources/reanalysis-era5-single-levels
2022-09-14 11:34:39,570 INFO Request is queued
2022-09-14 11:34:40,697 INFO Request is running
2022-09-14 11:34:44,702 INFO Request is completed
2022-09-14 11:34:46,953 INFO Welcome to the CDS
2022-09-14 11:34:46,953 INFO Sending request to https://cds.climate.copernicus.eu/api/v2/resources/reanalysis-era5-single-levels
2022-09-14 11:34:47,092 INFO Request is queued
2022-09-14 11:34:48,219 INFO Request is running
2022-09-14 11:34:52,262 INFO Request is completed
2022-09-14 11:34:54,353 INFO Welcome to the CDS
2022-09-14 11:34:54,353 INFO Sending request to https://cds.climate.copernicus.eu/api/v2/resources/reanalysis-era5-single-levels
2022-09-14 11:34:54,481 INFO Request is queued
2022-09-14 11:34:55,606 INFO Request is running
2022-09-14 11:34:57,232 INFO Request is completed
2022-09-14 11:35:00,105 INFO Welcome to the CDS
2022-09-14 11:35:00,105 INFO Sending request to https://cds.climate.copernicus.eu/api/v2/resources/reanalysis-era5-single-levels
2022-09-14 11:35:00,235 INFO Request is queued
2022-09-14 11:35:01,360 INFO Request is running
2022-09-14 11:35:02,987 INFO Request is completed
2022-09-14 11:35:04,930 INFO Welcome to the CDS
2022-09-14 11:35:04,930 INFO Sending request to https://cds.climate.copernicus.eu/api/v2/resources/reanalysis-era5-single-levels
2022-09-14 11:35:05,082 INFO Request is queued
2022-09-14 11:35:06,207 INFO Request is running
2022-09-14 11:35:10,209 INFO Request is completed
2022-09-14 11:35:12,395 INFO Welcome to the CDS
2022-09-14 11:35:12,395 INFO Sending request to https://cds.climate.copernicus.eu/api/v2/resources/reanalysis-era5-single-levels
2022-09-14 11:35:12,537 INFO Request is queued
2022-09-14 11:35:13,663 INFO Request is running
2022-09-14 11:35:17,670 INFO Request is completed
2022-09-14 11:35:21,119 INFO Welcome to the CDS
2022-09-14 11:35:21,120 INFO Sending request to https://cds.climate.copernicus.eu/api/v2/resources/reanalysis-era5-single-levels
2022-09-14 11:35:21,251 INFO Request is queued
2022-09-14 11:35:22,377 INFO Request is running
2022-09-14 11:35:26,382 INFO Request is completed
2022-09-14 11:35:28,674 INFO Welcome to the CDS
2022-09-14 11:35:28,674 INFO Sending request to https://cds.climate.copernicus.eu/api/v2/resources/reanalysis-era5-single-levels
2022-09-14 11:35:28,820 INFO Request is queued
2022-09-14 11:35:29,947 INFO Request is running
2022-09-14 11:35:33,950 INFO Request is completed
2022-09-14 11:35:37,058 INFO Welcome to the CDS
2022-09-14 11:35:37,058 INFO Sending request to https://cds.climate.copernicus.eu/api/v2/resources/reanalysis-era5-single-levels
2022-09-14 11:35:37,196 INFO Request is queued
2022-09-14 11:35:38,323 INFO Request is running
2022-09-14 11:35:39,950 INFO Request is completed
2022-09-14 11:35:42,169 INFO Welcome to the CDS
2022-09-14 11:35:42,169 INFO Sending request to https://cds.climate.copernicus.eu/api/v2/resources/reanalysis-era5-single-levels
2022-09-14 11:35:42,313 INFO Request is queued
2022-09-14 11:35:43,442 INFO Request is running
2022-09-14 11:35:45,447 INFO Request is completed
2022-09-14 11:35:47,730 INFO Welcome to the CDS
2022-09-14 11:35:47,730 INFO Sending request to https://cds.climate.copernicus.eu/api/v2/resources/reanalysis-era5-single-levels
2022-09-14 11:35:47,872 INFO Request is queued
2022-09-14 11:35:48,998 INFO Request is running
2022-09-14 11:35:50,625 INFO Request is completed
2022-09-14 11:35:54,154 INFO Welcome to the CDS
2022-09-14 11:35:54,154 INFO Sending request to https://cds.climate.copernicus.eu/api/v2/resources/reanalysis-era5-single-levels
2022-09-14 11:35:54,296 INFO Request is queued
2022-09-14 11:35:55,421 INFO Request is running
2022-09-14 11:35:59,425 INFO Request is completed
2022-09-14 11:36:03,701 INFO Welcome to the CDS
2022-09-14 11:36:03,701 INFO Sending request to https://cds.climate.copernicus.eu/api/v2/resources/reanalysis-era5-single-levels
2022-09-14 11:36:03,835 INFO Request is queued
2022-09-14 11:36:04,960 INFO Request is running
2022-09-14 11:36:08,964 INFO Request is completed
/home/mundi/Summer2022/myfuncs.py:73: RuntimeWarning: More than 20 figures have been opened. Figures created through the pyplot interface (`matplotlib.pyplot.figure`) are retained until explicitly closed and may consume too much memory. (To control this warning, see the rcParam `figure.max_open_warning`).
  fig=plt.figure(figsize=[15,15])
2022-09-14 11:36:11,238 INFO Welcome to the CDS
2022-09-14 11:36:11,238 INFO Sending request to https://cds.climate.copernicus.eu/api/v2/resources/reanalysis-era5-single-levels
2022-09-14 11:36:11,368 INFO Request is queued
2022-09-14 11:36:12,493 INFO Request is running
2022-09-14 11:36:16,504 INFO Request is completed
/home/mundi/Summer2022/myfuncs.py:73: RuntimeWarning: More than 20 figures have been opened. Figures created through the pyplot interface (`matplotlib.pyplot.figure`) are retained until explicitly closed and may consume too much memory. (To control this warning, see the rcParam `figure.max_open_warning`).
  fig=plt.figure(figsize=[15,15])
2022-09-14 11:36:19,013 INFO Welcome to the CDS
2022-09-14 11:36:19,013 INFO Sending request to https://cds.climate.copernicus.eu/api/v2/resources/reanalysis-era5-single-levels
2022-09-14 11:36:19,147 INFO Request is queued
2022-09-14 11:36:20,273 INFO Request is running
2022-09-14 11:36:24,278 INFO Request is completed
/home/mundi/Summer2022/myfuncs.py:73: RuntimeWarning: More than 20 figures have been opened. Figures created through the pyplot interface (`matplotlib.pyplot.figure`) are retained until explicitly closed and may consume too much memory. (To control this warning, see the rcParam `figure.max_open_warning`).
  fig=plt.figure(figsize=[15,15])
2022-09-14 11:36:26,385 INFO Welcome to the CDS
2022-09-14 11:36:26,386 INFO Sending request to https://cds.climate.copernicus.eu/api/v2/resources/reanalysis-era5-single-levels
2022-09-14 11:36:26,515 INFO Request is queued
2022-09-14 11:36:27,640 INFO Request is running
2022-09-14 11:36:31,643 INFO Request is completed
/home/mundi/Summer2022/myfuncs.py:73: RuntimeWarning: More than 20 figures have been opened. Figures created through the pyplot interface (`matplotlib.pyplot.figure`) are retained until explicitly closed and may consume too much memory. (To control this warning, see the rcParam `figure.max_open_warning`).
  fig=plt.figure(figsize=[15,15])
2022-09-14 11:36:33,847 INFO Welcome to the CDS
2022-09-14 11:36:33,847 INFO Sending request to https://cds.climate.copernicus.eu/api/v2/resources/reanalysis-era5-single-levels
2022-09-14 11:36:33,999 INFO Request is completed
/home/mundi/Summer2022/myfuncs.py:73: RuntimeWarning: More than 20 figures have been opened. Figures created through the pyplot interface (`matplotlib.pyplot.figure`) are retained until explicitly closed and may consume too much memory. (To control this warning, see the rcParam `figure.max_open_warning`).
  fig=plt.figure(figsize=[15,15])
2022-09-14 11:36:37,700 INFO Welcome to the CDS
2022-09-14 11:36:37,700 INFO Sending request to https://cds.climate.copernicus.eu/api/v2/resources/reanalysis-era5-single-levels
2022-09-14 11:36:37,843 INFO Request is completed
/home/mundi/Summer2022/myfuncs.py:73: RuntimeWarning: More than 20 figures have been opened. Figures created through the pyplot interface (`matplotlib.pyplot.figure`) are retained until explicitly closed and may consume too much memory. (To control this warning, see the rcParam `figure.max_open_warning`).
  fig=plt.figure(figsize=[15,15])
2022-09-14 11:36:39,999 INFO Welcome to the CDS
2022-09-14 11:36:39,999 INFO Sending request to https://cds.climate.copernicus.eu/api/v2/resources/reanalysis-era5-single-levels
2022-09-14 11:36:40,141 INFO Request is completed
/home/mundi/Summer2022/myfuncs.py:73: RuntimeWarning: More than 20 figures have been opened. Figures created through the pyplot interface (`matplotlib.pyplot.figure`) are retained until explicitly closed and may consume too much memory. (To control this warning, see the rcParam `figure.max_open_warning`).
  fig=plt.figure(figsize=[15,15])
2022-09-14 11:36:43,293 INFO Welcome to the CDS
2022-09-14 11:36:43,294 INFO Sending request to https://cds.climate.copernicus.eu/api/v2/resources/reanalysis-era5-single-levels
2022-09-14 11:36:43,423 INFO Request is queued
2022-09-14 11:36:44,550 INFO Request is running
2022-09-14 11:36:46,176 INFO Request is completed
/home/mundi/Summer2022/myfuncs.py:73: RuntimeWarning: More than 20 figures have been opened. Figures created through the pyplot interface (`matplotlib.pyplot.figure`) are retained until explicitly closed and may consume too much memory. (To control this warning, see the rcParam `figure.max_open_warning`).
  fig=plt.figure(figsize=[15,15])
2022-09-14 11:36:48,482 INFO Welcome to the CDS
2022-09-14 11:36:48,483 INFO Sending request to https://cds.climate.copernicus.eu/api/v2/resources/reanalysis-era5-single-levels
2022-09-14 11:36:48,612 INFO Request is queued
2022-09-14 11:36:49,739 INFO Request is running
2022-09-14 11:36:53,744 INFO Request is completed
/home/mundi/Summer2022/myfuncs.py:73: RuntimeWarning: More than 20 figures have been opened. Figures created through the pyplot interface (`matplotlib.pyplot.figure`) are retained until explicitly closed and may consume too much memory. (To control this warning, see the rcParam `figure.max_open_warning`).
  fig=plt.figure(figsize=[15,15])
2022-09-14 11:37:16,170 INFO Welcome to the CDS
2022-09-14 11:37:16,171 INFO Sending request to https://cds.climate.copernicus.eu/api/v2/resources/reanalysis-era5-single-levels
2022-09-14 11:37:16,301 INFO Request is queued
2022-09-14 11:37:17,436 INFO Request is running
2022-09-14 11:37:21,472 INFO Request is completed
/home/mundi/Summer2022/myfuncs.py:73: RuntimeWarning: More than 20 figures have been opened. Figures created through the pyplot interface (`matplotlib.pyplot.figure`) are retained until explicitly closed and may consume too much memory. (To control this warning, see the rcParam `figure.max_open_warning`).
  fig=plt.figure(figsize=[15,15])
2022-09-14 11:37:23,897 INFO Welcome to the CDS
2022-09-14 11:37:23,897 INFO Sending request to https://cds.climate.copernicus.eu/api/v2/resources/reanalysis-era5-single-levels
2022-09-14 11:37:24,028 INFO Request is queued
2022-09-14 11:37:25,155 INFO Request is running
2022-09-14 11:37:26,782 INFO Request is completed
/home/mundi/Summer2022/myfuncs.py:73: RuntimeWarning: More than 20 figures have been opened. Figures created through the pyplot interface (`matplotlib.pyplot.figure`) are retained until explicitly closed and may consume too much memory. (To control this warning, see the rcParam `figure.max_open_warning`).
  fig=plt.figure(figsize=[15,15])
2022-09-14 11:37:30,931 INFO Welcome to the CDS
2022-09-14 11:37:30,931 INFO Sending request to https://cds.climate.copernicus.eu/api/v2/resources/reanalysis-era5-single-levels
2022-09-14 11:37:31,061 INFO Request is queued
2022-09-14 11:37:32,189 INFO Request is running
2022-09-14 11:37:33,816 INFO Request is completed
/home/mundi/Summer2022/myfuncs.py:73: RuntimeWarning: More than 20 figures have been opened. Figures created through the pyplot interface (`matplotlib.pyplot.figure`) are retained until explicitly closed and may consume too much memory. (To control this warning, see the rcParam `figure.max_open_warning`).
  fig=plt.figure(figsize=[15,15])
2022-09-14 11:37:44,560 INFO Welcome to the CDS
2022-09-14 11:37:44,560 INFO Sending request to https://cds.climate.copernicus.eu/api/v2/resources/reanalysis-era5-single-levels
2022-09-14 11:37:44,702 INFO Request is completed
/home/mundi/Summer2022/myfuncs.py:73: RuntimeWarning: More than 20 figures have been opened. Figures created through the pyplot interface (`matplotlib.pyplot.figure`) are retained until explicitly closed and may consume too much memory. (To control this warning, see the rcParam `figure.max_open_warning`).
  fig=plt.figure(figsize=[15,15])
2022-09-14 11:37:46,776 INFO Welcome to the CDS
2022-09-14 11:37:46,776 INFO Sending request to https://cds.climate.copernicus.eu/api/v2/resources/reanalysis-era5-single-levels
2022-09-14 11:37:46,919 INFO Request is completed
/home/mundi/Summer2022/myfuncs.py:73: RuntimeWarning: More than 20 figures have been opened. Figures created through the pyplot interface (`matplotlib.pyplot.figure`) are retained until explicitly closed and may consume too much memory. (To control this warning, see the rcParam `figure.max_open_warning`).
  fig=plt.figure(figsize=[15,15])
2022-09-14 11:37:49,515 INFO Welcome to the CDS
2022-09-14 11:37:49,515 INFO Sending request to https://cds.climate.copernicus.eu/api/v2/resources/reanalysis-era5-single-levels
2022-09-14 11:37:49,645 INFO Request is queued
2022-09-14 11:37:50,772 INFO Request is running
2022-09-14 11:37:54,777 INFO Request is completed
/home/mundi/Summer2022/myfuncs.py:73: RuntimeWarning: More than 20 figures have been opened. Figures created through the pyplot interface (`matplotlib.pyplot.figure`) are retained until explicitly closed and may consume too much memory. (To control this warning, see the rcParam `figure.max_open_warning`).
  fig=plt.figure(figsize=[15,15])
2022-09-14 11:37:59,011 INFO Welcome to the CDS
2022-09-14 11:37:59,011 INFO Sending request to https://cds.climate.copernicus.eu/api/v2/resources/reanalysis-era5-single-levels
2022-09-14 11:37:59,161 INFO Request is queued
2022-09-14 11:38:00,288 INFO Request is running
2022-09-14 11:38:01,915 INFO Request is completed
/home/mundi/Summer2022/myfuncs.py:73: RuntimeWarning: More than 20 figures have been opened. Figures created through the pyplot interface (`matplotlib.pyplot.figure`) are retained until explicitly closed and may consume too much memory. (To control this warning, see the rcParam `figure.max_open_warning`).
  fig=plt.figure(figsize=[15,15])
2022-09-14 11:38:03,860 INFO Welcome to the CDS
2022-09-14 11:38:03,860 INFO Sending request to https://cds.climate.copernicus.eu/api/v2/resources/reanalysis-era5-single-levels
2022-09-14 11:38:04,003 INFO Request is queued
2022-09-14 11:38:05,138 INFO Request is running
2022-09-14 11:38:09,144 INFO Request is completed
/home/mundi/Summer2022/myfuncs.py:73: RuntimeWarning: More than 20 figures have been opened. Figures created through the pyplot interface (`matplotlib.pyplot.figure`) are retained until explicitly closed and may consume too much memory. (To control this warning, see the rcParam `figure.max_open_warning`).
  fig=plt.figure(figsize=[15,15])
2022-09-14 11:38:14,993 INFO Welcome to the CDS
2022-09-14 11:38:14,993 INFO Sending request to https://cds.climate.copernicus.eu/api/v2/resources/reanalysis-era5-single-levels
2022-09-14 11:38:15,122 INFO Request is queued
2022-09-14 11:38:16,249 INFO Request is running
2022-09-14 11:38:20,633 INFO Request is completed
/home/mundi/Summer2022/myfuncs.py:73: RuntimeWarning: More than 20 figures have been opened. Figures created through the pyplot interface (`matplotlib.pyplot.figure`) are retained until explicitly closed and may consume too much memory. (To control this warning, see the rcParam `figure.max_open_warning`).
  fig=plt.figure(figsize=[15,15])
2022-09-14 11:38:22,867 INFO Welcome to the CDS
2022-09-14 11:38:22,867 INFO Sending request to https://cds.climate.copernicus.eu/api/v2/resources/reanalysis-era5-single-levels
2022-09-14 11:38:22,995 INFO Request is queued
2022-09-14 11:38:24,121 INFO Request is running
2022-09-14 11:38:25,746 INFO Request is completed
/home/mundi/Summer2022/myfuncs.py:73: RuntimeWarning: More than 20 figures have been opened. Figures created through the pyplot interface (`matplotlib.pyplot.figure`) are retained until explicitly closed and may consume too much memory. (To control this warning, see the rcParam `figure.max_open_warning`).
  fig=plt.figure(figsize=[15,15])
2022-09-14 11:38:28,155 INFO Welcome to the CDS
2022-09-14 11:38:28,155 INFO Sending request to https://cds.climate.copernicus.eu/api/v2/resources/reanalysis-era5-single-levels
2022-09-14 11:38:28,283 INFO Request is queued
2022-09-14 11:38:29,409 INFO Request is running
2022-09-14 11:38:33,411 INFO Request is completed
/home/mundi/Summer2022/myfuncs.py:73: RuntimeWarning: More than 20 figures have been opened. Figures created through the pyplot interface (`matplotlib.pyplot.figure`) are retained until explicitly closed and may consume too much memory. (To control this warning, see the rcParam `figure.max_open_warning`).
  fig=plt.figure(figsize=[15,15])
2022-09-14 11:38:36,766 INFO Welcome to the CDS
2022-09-14 11:38:36,766 INFO Sending request to https://cds.climate.copernicus.eu/api/v2/resources/reanalysis-era5-single-levels
2022-09-14 11:38:36,903 INFO Request is queued
2022-09-14 11:38:38,028 INFO Request is running
2022-09-14 11:38:39,654 INFO Request is completed
/home/mundi/Summer2022/myfuncs.py:73: RuntimeWarning: More than 20 figures have been opened. Figures created through the pyplot interface (`matplotlib.pyplot.figure`) are retained until explicitly closed and may consume too much memory. (To control this warning, see the rcParam `figure.max_open_warning`).
  fig=plt.figure(figsize=[15,15])
2022-09-14 11:38:42,170 INFO Welcome to the CDS
2022-09-14 11:38:42,170 INFO Sending request to https://cds.climate.copernicus.eu/api/v2/resources/reanalysis-era5-single-levels
2022-09-14 11:38:42,321 INFO Request is queued
2022-09-14 11:38:43,446 INFO Request is running
2022-09-14 11:38:47,499 INFO Request is completed
/home/mundi/Summer2022/myfuncs.py:73: RuntimeWarning: More than 20 figures have been opened. Figures created through the pyplot interface (`matplotlib.pyplot.figure`) are retained until explicitly closed and may consume too much memory. (To control this warning, see the rcParam `figure.max_open_warning`).
  fig=plt.figure(figsize=[15,15])
2022-09-14 11:38:54,131 INFO Welcome to the CDS
2022-09-14 11:38:54,131 INFO Sending request to https://cds.climate.copernicus.eu/api/v2/resources/reanalysis-era5-single-levels
2022-09-14 11:38:54,259 INFO Request is queued
2022-09-14 11:38:55,385 INFO Request is running
2022-09-14 11:38:57,011 INFO Request is completed
/home/mundi/Summer2022/myfuncs.py:73: RuntimeWarning: More than 20 figures have been opened. Figures created through the pyplot interface (`matplotlib.pyplot.figure`) are retained until explicitly closed and may consume too much memory. (To control this warning, see the rcParam `figure.max_open_warning`).
  fig=plt.figure(figsize=[15,15])
2022-09-14 11:39:11,011 INFO Welcome to the CDS
2022-09-14 11:39:11,011 INFO Sending request to https://cds.climate.copernicus.eu/api/v2/resources/reanalysis-era5-single-levels
2022-09-14 11:39:11,154 INFO Request is completed
/home/mundi/Summer2022/myfuncs.py:73: RuntimeWarning: More than 20 figures have been opened. Figures created through the pyplot interface (`matplotlib.pyplot.figure`) are retained until explicitly closed and may consume too much memory. (To control this warning, see the rcParam `figure.max_open_warning`).
  fig=plt.figure(figsize=[15,15])
2022-09-14 11:39:13,296 INFO Welcome to the CDS
2022-09-14 11:39:13,297 INFO Sending request to https://cds.climate.copernicus.eu/api/v2/resources/reanalysis-era5-single-levels
2022-09-14 11:39:13,444 INFO Request is completed
/home/mundi/Summer2022/myfuncs.py:73: RuntimeWarning: More than 20 figures have been opened. Figures created through the pyplot interface (`matplotlib.pyplot.figure`) are retained until explicitly closed and may consume too much memory. (To control this warning, see the rcParam `figure.max_open_warning`).
  fig=plt.figure(figsize=[15,15])
2022-09-14 11:39:16,314 INFO Welcome to the CDS
2022-09-14 11:39:16,314 INFO Sending request to https://cds.climate.copernicus.eu/api/v2/resources/reanalysis-era5-single-levels
2022-09-14 11:39:16,477 INFO Request is completed
/home/mundi/Summer2022/myfuncs.py:73: RuntimeWarning: More than 20 figures have been opened. Figures created through the pyplot interface (`matplotlib.pyplot.figure`) are retained until explicitly closed and may consume too much memory. (To control this warning, see the rcParam `figure.max_open_warning`).
  fig=plt.figure(figsize=[15,15])
2022-09-14 11:39:38,612 INFO Welcome to the CDS
2022-09-14 11:39:38,613 INFO Sending request to https://cds.climate.copernicus.eu/api/v2/resources/reanalysis-era5-single-levels
2022-09-14 11:39:38,843 INFO Request is queued
2022-09-14 11:39:39,975 INFO Request is running
2022-09-14 11:39:41,607 INFO Request is completed
/home/mundi/Summer2022/myfuncs.py:73: RuntimeWarning: More than 20 figures have been opened. Figures created through the pyplot interface (`matplotlib.pyplot.figure`) are retained until explicitly closed and may consume too much memory. (To control this warning, see the rcParam `figure.max_open_warning`).
  fig=plt.figure(figsize=[15,15])
/home/mundi/miniconda3/envs/cyc_loc/lib/python3.8/site-packages/cartopy/mpl/geoaxes.py:1478: UserWarning: No contour levels were found within the data range.
  result = matplotlib.axes.Axes.contour(self, *args, **kwargs)
2022-09-14 11:40:15,864 INFO Welcome to the CDS
2022-09-14 11:40:15,865 INFO Sending request to https://cds.climate.copernicus.eu/api/v2/resources/reanalysis-era5-single-levels
2022-09-14 11:40:16,094 INFO Request is queued
2022-09-14 11:40:17,227 INFO Request is running
2022-09-14 11:40:21,265 INFO Request is completed
/home/mundi/Summer2022/myfuncs.py:73: RuntimeWarning: More than 20 figures have been opened. Figures created through the pyplot interface (`matplotlib.pyplot.figure`) are retained until explicitly closed and may consume too much memory. (To control this warning, see the rcParam `figure.max_open_warning`).
  fig=plt.figure(figsize=[15,15])
/home/mundi/miniconda3/envs/cyc_loc/lib/python3.8/site-packages/cartopy/mpl/geoaxes.py:1478: UserWarning: No contour levels were found within the data range.
  result = matplotlib.axes.Axes.contour(self, *args, **kwargs)
2022-09-14 11:41:15,858 INFO Welcome to the CDS
2022-09-14 11:41:15,859 INFO Sending request to https://cds.climate.copernicus.eu/api/v2/resources/reanalysis-era5-single-levels
2022-09-14 11:41:16,060 INFO Request is completed
/home/mundi/Summer2022/myfuncs.py:73: RuntimeWarning: More than 20 figures have been opened. Figures created through the pyplot interface (`matplotlib.pyplot.figure`) are retained until explicitly closed and may consume too much memory. (To control this warning, see the rcParam `figure.max_open_warning`).
  fig=plt.figure(figsize=[15,15])
2022-09-14 11:41:18,324 INFO Welcome to the CDS
2022-09-14 11:41:18,325 INFO Sending request to https://cds.climate.copernicus.eu/api/v2/resources/reanalysis-era5-single-levels
2022-09-14 11:41:18,453 INFO Request is queued
2022-09-14 11:41:19,579 INFO Request is running
2022-09-14 11:41:23,582 INFO Request is completed
/home/mundi/Summer2022/myfuncs.py:73: RuntimeWarning: More than 20 figures have been opened. Figures created through the pyplot interface (`matplotlib.pyplot.figure`) are retained until explicitly closed and may consume too much memory. (To control this warning, see the rcParam `figure.max_open_warning`).
  fig=plt.figure(figsize=[15,15])
2022-09-14 11:41:25,970 INFO Welcome to the CDS
2022-09-14 11:41:25,970 INFO Sending request to https://cds.climate.copernicus.eu/api/v2/resources/reanalysis-era5-single-levels
2022-09-14 11:41:26,099 INFO Request is queued
2022-09-14 11:41:27,225 INFO Request is running
2022-09-14 11:41:28,851 INFO Request is completed
/home/mundi/Summer2022/myfuncs.py:73: RuntimeWarning: More than 20 figures have been opened. Figures created through the pyplot interface (`matplotlib.pyplot.figure`) are retained until explicitly closed and may consume too much memory. (To control this warning, see the rcParam `figure.max_open_warning`).
  fig=plt.figure(figsize=[15,15])
2022-09-14 11:41:30,967 INFO Welcome to the CDS
2022-09-14 11:41:30,967 INFO Sending request to https://cds.climate.copernicus.eu/api/v2/resources/reanalysis-era5-single-levels
2022-09-14 11:41:31,095 INFO Request is queued
2022-09-14 11:41:32,220 INFO Request is running
2022-09-14 11:41:33,847 INFO Request is completed
/home/mundi/Summer2022/myfuncs.py:73: RuntimeWarning: More than 20 figures have been opened. Figures created through the pyplot interface (`matplotlib.pyplot.figure`) are retained until explicitly closed and may consume too much memory. (To control this warning, see the rcParam `figure.max_open_warning`).
  fig=plt.figure(figsize=[15,15])
2022-09-14 11:41:36,238 INFO Welcome to the CDS
2022-09-14 11:41:36,239 INFO Sending request to https://cds.climate.copernicus.eu/api/v2/resources/reanalysis-era5-single-levels
2022-09-14 11:41:36,368 INFO Request is queued
2022-09-14 11:41:37,493 INFO Request is running
2022-09-14 11:41:39,120 INFO Request is completed
/home/mundi/Summer2022/myfuncs.py:73: RuntimeWarning: More than 20 figures have been opened. Figures created through the pyplot interface (`matplotlib.pyplot.figure`) are retained until explicitly closed and may consume too much memory. (To control this warning, see the rcParam `figure.max_open_warning`).
  fig=plt.figure(figsize=[15,15])
2022-09-14 11:41:41,170 INFO Welcome to the CDS
2022-09-14 11:41:41,170 INFO Sending request to https://cds.climate.copernicus.eu/api/v2/resources/reanalysis-era5-single-levels
2022-09-14 11:41:41,311 INFO Request is queued
2022-09-14 11:41:42,437 INFO Request is running
2022-09-14 11:41:44,062 INFO Request is completed
/home/mundi/Summer2022/myfuncs.py:73: RuntimeWarning: More than 20 figures have been opened. Figures created through the pyplot interface (`matplotlib.pyplot.figure`) are retained until explicitly closed and may consume too much memory. (To control this warning, see the rcParam `figure.max_open_warning`).
  fig=plt.figure(figsize=[15,15])
2022-09-14 11:41:46,121 INFO Welcome to the CDS
2022-09-14 11:41:46,121 INFO Sending request to https://cds.climate.copernicus.eu/api/v2/resources/reanalysis-era5-single-levels
2022-09-14 11:41:46,261 INFO Request is queued
2022-09-14 11:41:47,387 INFO Request is running
2022-09-14 11:41:49,015 INFO Request is completed
/home/mundi/Summer2022/myfuncs.py:73: RuntimeWarning: More than 20 figures have been opened. Figures created through the pyplot interface (`matplotlib.pyplot.figure`) are retained until explicitly closed and may consume too much memory. (To control this warning, see the rcParam `figure.max_open_warning`).
  fig=plt.figure(figsize=[15,15])
2022-09-14 11:41:51,051 INFO Welcome to the CDS
2022-09-14 11:41:51,051 INFO Sending request to https://cds.climate.copernicus.eu/api/v2/resources/reanalysis-era5-single-levels
2022-09-14 11:41:51,180 INFO Request is queued
2022-09-14 11:41:52,306 INFO Request is running
2022-09-14 11:41:53,932 INFO Request is completed
/home/mundi/Summer2022/myfuncs.py:73: RuntimeWarning: More than 20 figures have been opened. Figures created through the pyplot interface (`matplotlib.pyplot.figure`) are retained until explicitly closed and may consume too much memory. (To control this warning, see the rcParam `figure.max_open_warning`).
  fig=plt.figure(figsize=[15,15])
2022-09-14 11:41:56,229 INFO Welcome to the CDS
2022-09-14 11:41:56,229 INFO Sending request to https://cds.climate.copernicus.eu/api/v2/resources/reanalysis-era5-single-levels
2022-09-14 11:41:56,371 INFO Request is completed
/home/mundi/Summer2022/myfuncs.py:73: RuntimeWarning: More than 20 figures have been opened. Figures created through the pyplot interface (`matplotlib.pyplot.figure`) are retained until explicitly closed and may consume too much memory. (To control this warning, see the rcParam `figure.max_open_warning`).
  fig=plt.figure(figsize=[15,15])
2022-09-14 11:42:00,255 INFO Welcome to the CDS
2022-09-14 11:42:00,255 INFO Sending request to https://cds.climate.copernicus.eu/api/v2/resources/reanalysis-era5-single-levels
2022-09-14 11:42:00,399 INFO Request is completed
/home/mundi/Summer2022/myfuncs.py:73: RuntimeWarning: More than 20 figures have been opened. Figures created through the pyplot interface (`matplotlib.pyplot.figure`) are retained until explicitly closed and may consume too much memory. (To control this warning, see the rcParam `figure.max_open_warning`).
  fig=plt.figure(figsize=[15,15])
2022-09-14 11:42:02,702 INFO Welcome to the CDS
2022-09-14 11:42:02,702 INFO Sending request to https://cds.climate.copernicus.eu/api/v2/resources/reanalysis-era5-single-levels
2022-09-14 11:42:02,845 INFO Request is completed
/home/mundi/Summer2022/myfuncs.py:73: RuntimeWarning: More than 20 figures have been opened. Figures created through the pyplot interface (`matplotlib.pyplot.figure`) are retained until explicitly closed and may consume too much memory. (To control this warning, see the rcParam `figure.max_open_warning`).
  fig=plt.figure(figsize=[15,15])
2022-09-14 11:42:05,891 INFO Welcome to the CDS
2022-09-14 11:42:05,891 INFO Sending request to https://cds.climate.copernicus.eu/api/v2/resources/reanalysis-era5-single-levels
2022-09-14 11:42:06,061 INFO Request is completed
/home/mundi/Summer2022/myfuncs.py:73: RuntimeWarning: More than 20 figures have been opened. Figures created through the pyplot interface (`matplotlib.pyplot.figure`) are retained until explicitly closed and may consume too much memory. (To control this warning, see the rcParam `figure.max_open_warning`).
  fig=plt.figure(figsize=[15,15])
2022-09-14 11:42:10,729 INFO Welcome to the CDS
2022-09-14 11:42:10,729 INFO Sending request to https://cds.climate.copernicus.eu/api/v2/resources/reanalysis-era5-single-levels
2022-09-14 11:42:10,933 INFO Request is queued
2022-09-14 11:42:12,059 INFO Request is running
2022-09-14 11:42:13,685 INFO Request is completed
/home/mundi/Summer2022/myfuncs.py:73: RuntimeWarning: More than 20 figures have been opened. Figures created through the pyplot interface (`matplotlib.pyplot.figure`) are retained until explicitly closed and may consume too much memory. (To control this warning, see the rcParam `figure.max_open_warning`).
  fig=plt.figure(figsize=[15,15])
2022-09-14 11:42:16,982 INFO Welcome to the CDS
2022-09-14 11:42:16,982 INFO Sending request to https://cds.climate.copernicus.eu/api/v2/resources/reanalysis-era5-single-levels
2022-09-14 11:42:17,112 INFO Request is queued
2022-09-14 11:42:18,238 INFO Request is running
2022-09-14 11:42:19,865 INFO Request is completed
/home/mundi/Summer2022/myfuncs.py:73: RuntimeWarning: More than 20 figures have been opened. Figures created through the pyplot interface (`matplotlib.pyplot.figure`) are retained until explicitly closed and may consume too much memory. (To control this warning, see the rcParam `figure.max_open_warning`).
  fig=plt.figure(figsize=[15,15])
2022-09-14 11:42:22,809 INFO Welcome to the CDS
2022-09-14 11:42:22,809 INFO Sending request to https://cds.climate.copernicus.eu/api/v2/resources/reanalysis-era5-single-levels
2022-09-14 11:42:22,938 INFO Request is queued
2022-09-14 11:42:24,065 INFO Request is running
2022-09-14 11:42:36,762 INFO Request is completed
/home/mundi/Summer2022/myfuncs.py:73: RuntimeWarning: More than 20 figures have been opened. Figures created through the pyplot interface (`matplotlib.pyplot.figure`) are retained until explicitly closed and may consume too much memory. (To control this warning, see the rcParam `figure.max_open_warning`).
  fig=plt.figure(figsize=[15,15])
2022-09-14 11:42:39,653 INFO Welcome to the CDS
2022-09-14 11:42:39,653 INFO Sending request to https://cds.climate.copernicus.eu/api/v2/resources/reanalysis-era5-single-levels
2022-09-14 11:42:39,797 INFO Request is queued
2022-09-14 11:42:40,925 INFO Request is running
2022-09-14 11:42:42,555 INFO Request is completed
/home/mundi/Summer2022/myfuncs.py:73: RuntimeWarning: More than 20 figures have been opened. Figures created through the pyplot interface (`matplotlib.pyplot.figure`) are retained until explicitly closed and may consume too much memory. (To control this warning, see the rcParam `figure.max_open_warning`).
  fig=plt.figure(figsize=[15,15])
2022-09-14 11:42:44,698 INFO Welcome to the CDS
2022-09-14 11:42:44,698 INFO Sending request to https://cds.climate.copernicus.eu/api/v2/resources/reanalysis-era5-single-levels
2022-09-14 11:42:44,876 INFO Request is queued
2022-09-14 11:42:46,003 INFO Request is running
2022-09-14 11:42:47,630 INFO Request is completed
/home/mundi/Summer2022/myfuncs.py:73: RuntimeWarning: More than 20 figures have been opened. Figures created through the pyplot interface (`matplotlib.pyplot.figure`) are retained until explicitly closed and may consume too much memory. (To control this warning, see the rcParam `figure.max_open_warning`).
  fig=plt.figure(figsize=[15,15])
2022-09-14 11:42:51,042 INFO Welcome to the CDS
2022-09-14 11:42:51,042 INFO Sending request to https://cds.climate.copernicus.eu/api/v2/resources/reanalysis-era5-single-levels
2022-09-14 11:42:51,246 INFO Request is completed
/home/mundi/Summer2022/myfuncs.py:73: RuntimeWarning: More than 20 figures have been opened. Figures created through the pyplot interface (`matplotlib.pyplot.figure`) are retained until explicitly closed and may consume too much memory. (To control this warning, see the rcParam `figure.max_open_warning`).
  fig=plt.figure(figsize=[15,15])
2022-09-14 11:42:53,222 INFO Welcome to the CDS
2022-09-14 11:42:53,222 INFO Sending request to https://cds.climate.copernicus.eu/api/v2/resources/reanalysis-era5-single-levels
2022-09-14 11:42:53,477 INFO Request is queued
2022-09-14 11:42:54,603 INFO Request is running
2022-09-14 11:42:56,230 INFO Request is completed
/home/mundi/Summer2022/myfuncs.py:73: RuntimeWarning: More than 20 figures have been opened. Figures created through the pyplot interface (`matplotlib.pyplot.figure`) are retained until explicitly closed and may consume too much memory. (To control this warning, see the rcParam `figure.max_open_warning`).
  fig=plt.figure(figsize=[15,15])
2022-09-14 11:42:58,728 INFO Welcome to the CDS
2022-09-14 11:42:58,728 INFO Sending request to https://cds.climate.copernicus.eu/api/v2/resources/reanalysis-era5-single-levels
2022-09-14 11:42:58,961 INFO Request is queued
2022-09-14 11:43:00,088 INFO Request is running
2022-09-14 11:43:01,716 INFO Request is completed
/home/mundi/Summer2022/myfuncs.py:73: RuntimeWarning: More than 20 figures have been opened. Figures created through the pyplot interface (`matplotlib.pyplot.figure`) are retained until explicitly closed and may consume too much memory. (To control this warning, see the rcParam `figure.max_open_warning`).
  fig=plt.figure(figsize=[15,15])
2022-09-14 11:43:03,951 INFO Welcome to the CDS
2022-09-14 11:43:03,951 INFO Sending request to https://cds.climate.copernicus.eu/api/v2/resources/reanalysis-era5-single-levels
2022-09-14 11:43:04,094 INFO Request is queued
2022-09-14 11:43:05,220 INFO Request is running
2022-09-14 11:43:06,846 INFO Request is completed
/home/mundi/Summer2022/myfuncs.py:73: RuntimeWarning: More than 20 figures have been opened. Figures created through the pyplot interface (`matplotlib.pyplot.figure`) are retained until explicitly closed and may consume too much memory. (To control this warning, see the rcParam `figure.max_open_warning`).
  fig=plt.figure(figsize=[15,15])
2022-09-14 11:43:08,893 INFO Welcome to the CDS
2022-09-14 11:43:08,893 INFO Sending request to https://cds.climate.copernicus.eu/api/v2/resources/reanalysis-era5-single-levels
2022-09-14 11:43:09,183 INFO Request is queued
2022-09-14 11:43:10,310 INFO Request is running
2022-09-14 11:43:11,937 INFO Request is completed
/home/mundi/Summer2022/myfuncs.py:73: RuntimeWarning: More than 20 figures have been opened. Figures created through the pyplot interface (`matplotlib.pyplot.figure`) are retained until explicitly closed and may consume too much memory. (To control this warning, see the rcParam `figure.max_open_warning`).
  fig=plt.figure(figsize=[15,15])
2022-09-14 11:43:14,096 INFO Welcome to the CDS
2022-09-14 11:43:14,096 INFO Sending request to https://cds.climate.copernicus.eu/api/v2/resources/reanalysis-era5-single-levels
2022-09-14 11:43:14,347 INFO Request is completed
/home/mundi/Summer2022/myfuncs.py:73: RuntimeWarning: More than 20 figures have been opened. Figures created through the pyplot interface (`matplotlib.pyplot.figure`) are retained until explicitly closed and may consume too much memory. (To control this warning, see the rcParam `figure.max_open_warning`).
  fig=plt.figure(figsize=[15,15])
2022-09-14 11:43:16,606 INFO Welcome to the CDS
2022-09-14 11:43:16,606 INFO Sending request to https://cds.climate.copernicus.eu/api/v2/resources/reanalysis-era5-single-levels
2022-09-14 11:43:16,918 INFO Request is queued
2022-09-14 11:43:18,044 INFO Request is running
2022-09-14 11:43:19,672 INFO Request is completed
/home/mundi/Summer2022/myfuncs.py:73: RuntimeWarning: More than 20 figures have been opened. Figures created through the pyplot interface (`matplotlib.pyplot.figure`) are retained until explicitly closed and may consume too much memory. (To control this warning, see the rcParam `figure.max_open_warning`).
  fig=plt.figure(figsize=[15,15])
2022-09-14 11:43:22,651 INFO Welcome to the CDS
2022-09-14 11:43:22,652 INFO Sending request to https://cds.climate.copernicus.eu/api/v2/resources/reanalysis-era5-single-levels
2022-09-14 11:43:22,828 INFO Request is completed
/home/mundi/Summer2022/myfuncs.py:73: RuntimeWarning: More than 20 figures have been opened. Figures created through the pyplot interface (`matplotlib.pyplot.figure`) are retained until explicitly closed and may consume too much memory. (To control this warning, see the rcParam `figure.max_open_warning`).
  fig=plt.figure(figsize=[15,15])
2022-09-14 11:43:25,129 INFO Welcome to the CDS
2022-09-14 11:43:25,129 INFO Sending request to https://cds.climate.copernicus.eu/api/v2/resources/reanalysis-era5-single-levels
2022-09-14 11:43:25,309 INFO Request is completed
/home/mundi/Summer2022/myfuncs.py:73: RuntimeWarning: More than 20 figures have been opened. Figures created through the pyplot interface (`matplotlib.pyplot.figure`) are retained until explicitly closed and may consume too much memory. (To control this warning, see the rcParam `figure.max_open_warning`).
  fig=plt.figure(figsize=[15,15])
/home/mundi/miniconda3/envs/cyc_loc/lib/python3.8/site-packages/cartopy/mpl/geoaxes.py:1478: UserWarning: No contour levels were found within the data range.
  result = matplotlib.axes.Axes.contour(self, *args, **kwargs)
2022-09-14 11:44:40,357 INFO Welcome to the CDS
2022-09-14 11:44:40,357 INFO Sending request to https://cds.climate.copernicus.eu/api/v2/resources/reanalysis-era5-single-levels
2022-09-14 11:44:40,501 INFO Request is completed
/home/mundi/Summer2022/myfuncs.py:73: RuntimeWarning: More than 20 figures have been opened. Figures created through the pyplot interface (`matplotlib.pyplot.figure`) are retained until explicitly closed and may consume too much memory. (To control this warning, see the rcParam `figure.max_open_warning`).
  fig=plt.figure(figsize=[15,15])
2022-09-14 11:44:44,237 INFO Welcome to the CDS
2022-09-14 11:44:44,237 INFO Sending request to https://cds.climate.copernicus.eu/api/v2/resources/reanalysis-era5-single-levels
2022-09-14 11:44:44,456 INFO Request is completed
/home/mundi/Summer2022/myfuncs.py:73: RuntimeWarning: More than 20 figures have been opened. Figures created through the pyplot interface (`matplotlib.pyplot.figure`) are retained until explicitly closed and may consume too much memory. (To control this warning, see the rcParam `figure.max_open_warning`).
  fig=plt.figure(figsize=[15,15])
2022-09-14 11:44:47,421 INFO Welcome to the CDS
2022-09-14 11:44:47,421 INFO Sending request to https://cds.climate.copernicus.eu/api/v2/resources/reanalysis-era5-single-levels
2022-09-14 11:44:47,564 INFO Request is completed
/home/mundi/Summer2022/myfuncs.py:73: RuntimeWarning: More than 20 figures have been opened. Figures created through the pyplot interface (`matplotlib.pyplot.figure`) are retained until explicitly closed and may consume too much memory. (To control this warning, see the rcParam `figure.max_open_warning`).
  fig=plt.figure(figsize=[15,15])
2022-09-14 11:44:52,246 INFO Welcome to the CDS
2022-09-14 11:44:52,246 INFO Sending request to https://cds.climate.copernicus.eu/api/v2/resources/reanalysis-era5-single-levels
2022-09-14 11:44:52,388 INFO Request is completed
/home/mundi/Summer2022/myfuncs.py:73: RuntimeWarning: More than 20 figures have been opened. Figures created through the pyplot interface (`matplotlib.pyplot.figure`) are retained until explicitly closed and may consume too much memory. (To control this warning, see the rcParam `figure.max_open_warning`).
  fig=plt.figure(figsize=[15,15])
2022-09-14 11:44:59,397 INFO Welcome to the CDS
2022-09-14 11:44:59,398 INFO Sending request to https://cds.climate.copernicus.eu/api/v2/resources/reanalysis-era5-single-levels
2022-09-14 11:44:59,541 INFO Request is completed
/home/mundi/Summer2022/myfuncs.py:73: RuntimeWarning: More than 20 figures have been opened. Figures created through the pyplot interface (`matplotlib.pyplot.figure`) are retained until explicitly closed and may consume too much memory. (To control this warning, see the rcParam `figure.max_open_warning`).
  fig=plt.figure(figsize=[15,15])
2022-09-14 11:45:01,975 INFO Welcome to the CDS
2022-09-14 11:45:01,976 INFO Sending request to https://cds.climate.copernicus.eu/api/v2/resources/reanalysis-era5-single-levels
2022-09-14 11:45:02,217 INFO Request is completed
/home/mundi/Summer2022/myfuncs.py:73: RuntimeWarning: More than 20 figures have been opened. Figures created through the pyplot interface (`matplotlib.pyplot.figure`) are retained until explicitly closed and may consume too much memory. (To control this warning, see the rcParam `figure.max_open_warning`).
  fig=plt.figure(figsize=[15,15])
2022-09-14 11:45:10,411 INFO Welcome to the CDS
2022-09-14 11:45:10,411 INFO Sending request to https://cds.climate.copernicus.eu/api/v2/resources/reanalysis-era5-single-levels
2022-09-14 11:45:10,540 INFO Request is queued
2022-09-14 11:45:11,665 INFO Request is running
2022-09-14 11:45:13,291 INFO Request is completed
/home/mundi/Summer2022/myfuncs.py:73: RuntimeWarning: More than 20 figures have been opened. Figures created through the pyplot interface (`matplotlib.pyplot.figure`) are retained until explicitly closed and may consume too much memory. (To control this warning, see the rcParam `figure.max_open_warning`).
  fig=plt.figure(figsize=[15,15])
2022-09-14 11:45:15,764 INFO Welcome to the CDS
2022-09-14 11:45:15,764 INFO Sending request to https://cds.climate.copernicus.eu/api/v2/resources/reanalysis-era5-single-levels
2022-09-14 11:45:15,902 INFO Request is queued
2022-09-14 11:45:17,028 INFO Request is running
2022-09-14 11:45:18,654 INFO Request is completed
/home/mundi/Summer2022/myfuncs.py:73: RuntimeWarning: More than 20 figures have been opened. Figures created through the pyplot interface (`matplotlib.pyplot.figure`) are retained until explicitly closed and may consume too much memory. (To control this warning, see the rcParam `figure.max_open_warning`).
  fig=plt.figure(figsize=[15,15])
2022-09-14 11:45:20,930 INFO Welcome to the CDS
2022-09-14 11:45:20,930 INFO Sending request to https://cds.climate.copernicus.eu/api/v2/resources/reanalysis-era5-single-levels
2022-09-14 11:45:21,058 INFO Request is queued
2022-09-14 11:45:22,184 INFO Request is running
2022-09-14 11:45:23,810 INFO Request is completed
/home/mundi/Summer2022/myfuncs.py:73: RuntimeWarning: More than 20 figures have been opened. Figures created through the pyplot interface (`matplotlib.pyplot.figure`) are retained until explicitly closed and may consume too much memory. (To control this warning, see the rcParam `figure.max_open_warning`).
  fig=plt.figure(figsize=[15,15])
2022-09-14 11:45:25,864 INFO Welcome to the CDS
2022-09-14 11:45:25,864 INFO Sending request to https://cds.climate.copernicus.eu/api/v2/resources/reanalysis-era5-single-levels
2022-09-14 11:45:25,998 INFO Request is queued
2022-09-14 11:45:27,123 INFO Request is running
2022-09-14 11:45:28,748 INFO Request is completed
/home/mundi/Summer2022/myfuncs.py:73: RuntimeWarning: More than 20 figures have been opened. Figures created through the pyplot interface (`matplotlib.pyplot.figure`) are retained until explicitly closed and may consume too much memory. (To control this warning, see the rcParam `figure.max_open_warning`).
  fig=plt.figure(figsize=[15,15])

 
 
Storm 1/17

2014 6 14
---------

2014 6 15
---------

2014 6 16
---------
coords_2014_0614_990
coords_2014_0615_1000
coords_2014_0615_990
coords_2014_0616_1000
coords_2014_0616_990
*exported*
Storm 2/17

2014 7 1
---------

2014 7 2
---------

2014 7 3
---------

2014 7 4
---------

2014 7 5
---------
coords_2014_0701_990
coords_2014_0701_1000
coords_2014_0701_990
coords_2014_0702_1000
coords_2014_0702_990
coords_2014_0703_1000
coords_2014_0703_990
coords_2014_0704_1000
coords_2014_0704_990
coords_2014_0705_1000
*exported*
Storm 3/17

2014 8 10
---------

2014 8 11
---------

2014 8 12
---------

2014 8 13
---------

2014 8 14
---------
coords_2014_0810_990
coords_2014_0811_1000
coords_2014_0811_990
coords_2014_0812_1000
coords_2014_0812_990
coords_2014_0812_1000
coords_2014_0812_990
coords_2014_0812_1000
coords_2014_0812_990
coords_2014_0812_1000
coords_2014_0813_990
coords_2014_0813_1000
coords_2014_0814_990
coords_2014_0814_1000
*exported*
Storm 4/17

2014 8 22
---------

2014 8 23
---------

2014 8 24
---------

2014 8 25
---------

2014 8 26
---------
coords_2014_0822_990
coords_2014_0823_1000
coords_2014_0823_990
coords_2014_0824_1000
coords_2014_0824_990
coords_2014_0825_1000
coords_2014_0825_990
coords_2014_0826_1000
coords_2014_0826_990
*exported*
Storm 5/17

2014 8 31
---------

2014 9 1
---------

2014 9 2
---------

2014 9 3
---------

2014 9 4
---------

2014 9 5
---------
coords_2014_0831_990
coords_2014_0901_1000
coords_2014_0901_990
coords_2014_0902_1000
coords_2014_0902_990
coords_2014_0903_1000
coords_2014_0903_990
coords_2014_0904_1000
coords_2014_0904_990
coords_2014_0905_1000
coords_2014_0905_990
*exported*
Storm 6/17

2014 8 31
---------

2014 9 1
---------

2014 9 2
---------
coords_2014_0831_990
coords_2014_0831_1000
coords_2014_0901_990
coords_2014_0901_1000
coords_2014_0902_990
coords_2014_0902_1000
*exported*
Storm 7/17

2014 9 8
---------

2014 9 9
---------

2014 9 10
---------

2014 9 11
---------

2014 9 12
---------
coords_2014_0908_990
coords_2014_0908_1000
coords_2014_0909_990
coords_2014_0909_1000
coords_2014_0909_990
coords_2014_0910_1000
coords_2014_0911_990
coords_2014_0912_1000
*exported*
Storm 8/17

2014 9 11
---------

2014 9 12
---------

2014 9 13
---------

2014 9 14
---------
coords_2014_0911_990
coords_2014_0912_1000
coords_2014_0913_990
coords_2014_0913_1000
coords_2014_0913_990
coords_2014_0914_1000
coords_2014_0914_990
*exported*
Storm 9/17

2014 9 18
---------

2014 9 19
---------

2014 9 20
---------

2014 9 21
---------
coords_2014_0918_990
coords_2014_0919_1000
coords_2014_0919_990
coords_2014_0920_1000
coords_2014_0920_990
coords_2014_0921_1000
coords_2014_0921_990
*exported*
Storm 10/17

2014 9 24
---------

2014 9 25
---------

2014 9 26
---------
coords_2014_0924_990
coords_2014_0924_1000
coords_2014_0925_990
coords_2014_0925_1000
coords_2014_0926_990
*exported*
Storm 11/17

2014 9 24
---------

2014 9 25
---------

2014 9 26
---------

2014 9 27
---------
1000: ['9'], ['27']

2014 9 28
---------
1000: ['9'], ['28']

2014 9 29
---------

2014 9 30
---------

2014 10 1
---------

2014 10 2
---------

2014 10 3
---------

2014 10 4
---------

2014 10 5
---------

2014 10 6
---------
coords_2014_0924_990
coords_2014_0924_1000
coords_2014_0924_990
coords_2014_0925_1000
coords_2014_0925_990
coords_2014_0926_1000
coords_2014_0926_990
coords_2014_0926_1000
coords_2014_0929_990
coords_2014_0929_1000
coords_2014_0930_990
coords_2014_0930_1000
coords_2014_1001_990
coords_2014_1001_1000
coords_2014_1002_990
coords_2014_1002_1000
coords_2014_1003_990
coords_2014_1003_1000
coords_2014_1004_990
coords_2014_1004_1000
coords_2014_1005_990
coords_2014_1005_1000
coords_2014_1006_990
coords_2014_1006_1000
*exported*
Storm 12/17

2014 9 27
---------

2014 9 28
---------

2014 9 29
---------

2014 9 30
---------
coords_2014_0927_990
coords_2014_0927_1000
coords_2014_0928_990
coords_2014_0928_1000
coords_2014_0929_990
coords_2014_0929_1000
coords_2014_0930_990
coords_2014_0930_1000
*exported*
Storm 13/17

2014 10 9
---------

2014 10 10
---------

2014 10 11
---------
coords_2014_1009_990
coords_2014_1010_1000
coords_2014_1010_990
coords_2014_1011_1000
coords_2014_1011_990
*exported*
Storm 14/17

2014 10 17
---------

2014 10 18
---------

2014 10 19
---------

2014 10 20
---------

2014 10 21
---------

2014 10 22
---------

2014 10 23
---------

2014 10 24
---------

2014 10 25
---------

2014 10 26
---------

2014 10 27
---------
1000: ['10'], ['27']
coords_2014_1017_990
coords_2014_1017_1000
coords_2014_1018_990
coords_2014_1018_1000
coords_2014_1019_990
coords_2014_1019_1000
coords_2014_1020_990
coords_2014_1020_1000
coords_2014_1021_990
coords_2014_1021_1000
coords_2014_1022_990
coords_2014_1022_1000
coords_2014_1023_990
coords_2014_1023_1000
coords_2014_1024_990
coords_2014_1024_1000
coords_2014_1025_990
coords_2014_1025_1000
coords_2014_1026_990
coords_2014_1026_1000
*exported*
Storm 15/17

2014 10 19
---------

2014 10 20
---------

2014 10 21
---------
coords_2014_1019_990
coords_2014_1019_1000
coords_2014_1019_990
coords_2014_1019_1000
coords_2014_1020_990
coords_2014_1020_1000
coords_2014_1021_990
coords_2014_1021_1000
*exported*
Storm 16/17

2014 10 22
---------

2014 10 23
---------

2014 10 24
---------
coords_2014_1022_990
coords_2014_1023_1000
coords_2014_1023_990
coords_2014_1024_1000
*exported*
Storm 17/17

2014 10 28
---------

2014 10 29
---------

2014 10 30
---------

2014 10 31
---------
coords_2014_1028_990
coords_2014_1028_1000
coords_2014_1029_990
coords_2014_1029_1000
coords_2014_1030_990
coords_2014_1030_1000
coords_2014_1031_990
*exported*

FINISHED STORM DATA COLLECTION

 
 
------------------
       done!      
------------------
------------------
elapsed time: 
21.256359835465748

