 
 
Storm 1/35

2016 6 10
---------
1000: ['6'], ['10']

2016 6 11
---------

2016 6 12
---------
coords_2016_0611_990
coords_2016_0612_1000
coords_2016_0612_990
*exported*
Storm 2/35

2016 6 20
---------

2016 6 21
---------

2016 6 22
---------
coords_2016_0620_990
coords_2016_0620_1000
coords_2016_0621_990
coords_2016_0621_1000
coords_2016_0622_990
*exported*
Storm 3/35

2016 6 20
---------

2016 6 21
---------

2016 6 22
---------

2016 6 23
---------
coords_2016_0620_990
coords_2016_0620_1000
coords_2016_0620_990
coords_2016_0621_1000
coords_2016_0622_990
coords_2016_0622_1000
coords_2016_0623_990
coords_2016_0623_1000
*exported*
Storm 4/35

2016 7 4
---------

2016 7 5
---------

2016 7 6
---------

2016 7 7
---------
coords_2016_0704_990
coords_2016_0705_1000
coords_2016_0705_990
coords_2016_0706_1000
coords_2016_0706_990
coords_2016_0707_1000
coords_2016_0707_990
*exported*
Storm 5/35

2016 7 14
---------

2016 7 15
---------

2016 7 16
---------
coords_2016_0714_990
coords_2016_0715_1000
coords_2016_0715_990
coords_2016_0716_1000
coords_2016_0716_990
*exported*
Storm 6/35

2016 7 16
---------

2016 7 17
---------

2016 7 18
---------
coords_2016_0716_990
coords_2016_0716_1000
coords_2016_0716_990
coords_2016_0717_1000
coords_2016_0717_990
coords_2016_0718_1000
*exported*
Storm 7/35

2016 8 3
---------

2016 8 4
---------

2016 8 5
---------
coords_2016_0803_990
coords_2016_0804_1000
coords_2016_0804_990
coords_2016_0805_1000
coords_2016_0805_990
*exported*
Storm 8/35

2016 8 10
---------

2016 8 11
---------

2016 8 12
---------
coords_2016_0810_990
coords_2016_0810_1000
coords_2016_0811_990
coords_2016_0811_1000
coords_2016_0812_990
*exported*
Storm 9/35

2016 8 14
---------

2016 8 15
---------

2016 8 16
---------
coords_2016_0814_990
coords_2016_0814_1000
coords_2016_0815_990
coords_2016_0815_1000
*exported*
Storm 10/35

2016 8 14
---------

2016 8 15
---------

2016 8 16
---------

2016 8 17
---------

2016 8 18
---------
coords_2016_0814_990
coords_2016_0815_1000
coords_2016_0816_990
coords_2016_0817_1000
coords_2016_0817_990
coords_2016_0818_1000
coords_2016_0818_990
*exported*
Storm 11/35

2016 8 14
---------

2016 8 15
---------

2016 8 16
---------
*exported*
Storm 12/35

2016 8 14
---------

2016 8 15
---------

2016 8 16
---------

2016 8 17
---------

2016 8 18
---------

2016 8 19
---------

2016 8 20
---------
coords_2016_0816_990
coords_2016_0817_1000
coords_2016_0817_990
coords_2016_0818_1000
coords_2016_0818_990
coords_2016_0819_1000
coords_2016_0819_990
coords_2016_0820_1000
coords_2016_0820_990
*exported*
Storm 13/35

2016 8 14
---------

2016 8 15
---------

2016 8 16
---------
coords_2016_0815_990
coords_2016_0816_1000
*exported*
Storm 14/35

2016 8 19
---------

2016 8 20
---------

2016 8 21
---------

2016 8 22
---------
coords_2016_0819_990
coords_2016_0819_1000
coords_2016_0820_990
coords_2016_0820_1000
coords_2016_0821_990
coords_2016_0821_1000
coords_2016_0822_990
*exported*
Storm 15/35

2016 8 20
---------

2016 8 21
---------

2016 8 22
---------
coords_2016_0820_990
coords_2016_0820_1000
coords_2016_0821_990
coords_2016_0821_1000
*exported*
Storm 16/35

2016 8 21
---------

2016 8 22
---------

2016 8 23
---------
coords_2016_0821_990
coords_2016_0821_1000
coords_2016_0822_990
coords_2016_0823_1000
coords_2016_0823_990
coords_2016_0823_1000
*exported*
Storm 17/35

2016 8 21
---------

2016 8 22
---------

2016 8 23
---------
coords_2016_0821_990
coords_2016_0822_1000
coords_2016_0822_990
coords_2016_0823_1000
coords_2016_0823_990
*exported*
Storm 18/35

2016 8 25
---------

2016 8 26
---------

2016 8 27
---------

2016 8 28
---------
coords_2016_0825_990
coords_2016_0825_1000
coords_2016_0825_990
coords_2016_0825_1000
coords_2016_0826_990
coords_2016_0826_1000
coords_2016_0827_990
coords_2016_0827_1000
coords_2016_0828_990
*exported*
Storm 19/35

2016 8 27
---------

2016 8 28
---------

2016 8 29
---------

2016 8 30
---------

2016 8 31
---------
1000: ['8'], ['31']

2016 9 1
---------

2016 9 2
---------

2016 9 3
---------

2016 9 4
---------

2016 9 5
---------
coords_2016_0829_990
coords_2016_0830_1000
coords_2016_0901_990
coords_2016_0901_1000
coords_2016_0902_990
coords_2016_0902_1000
coords_2016_0903_990
coords_2016_0904_1000
coords_2016_0904_990
coords_2016_0905_1000
coords_2016_0905_990
*exported*
Storm 20/35

2016 8 27
---------

2016 8 28
---------

2016 8 29
---------
coords_2016_0829_990
*exported*
Storm 21/35

2016 9 4
---------

2016 9 5
---------
coords_2016_0904_990
coords_2016_0905_1000
coords_2016_0905_990
*exported*
Storm 22/35

2016 9 7
---------

2016 9 8
---------

2016 9 9
---------

2016 9 10
---------

2016 9 11
---------

2016 9 12
---------

2016 9 13
---------

2016 9 14
---------
coords_2016_0907_990
coords_2016_0908_1000
coords_2016_0908_990
coords_2016_0909_1000
coords_2016_0909_990
coords_2016_0910_1000
coords_2016_0910_990
coords_2016_0911_1000
coords_2016_0911_990
coords_2016_0912_1000
coords_2016_0912_990
coords_2016_0913_1000
coords_2016_0913_990
coords_2016_0914_1000
*exported*
Storm 23/35

2016 9 12
---------

2016 9 13
---------

2016 9 14
---------

2016 9 15
---------

2016 9 16
---------

2016 9 17
---------
coords_2016_0912_990
coords_2016_0913_1000
coords_2016_0913_990
coords_2016_0914_1000
coords_2016_0914_990
coords_2016_0915_1000
coords_2016_0915_990
coords_2016_0916_1000
coords_2016_0916_990
coords_2016_0917_1000
coords_2016_0917_990
*exported*
Storm 24/35

2016 9 14
---------

2016 9 15
---------

2016 9 16
---------

2016 9 17
---------

2016 9 18
---------
coords_2016_0914_990
coords_2016_0914_1000
coords_2016_0915_990
coords_2016_0915_1000
coords_2016_0916_990
coords_2016_0916_1000
coords_2016_0917_990
coords_2016_0917_1000
coords_2016_0918_990
*exported*
Storm 25/35

2016 9 17
---------

2016 9 18
---------

2016 9 19
---------
coords_2016_0917_990
coords_2016_0917_1000
coords_2016_0918_990
coords_2016_0919_1000
*exported*
Storm 26/35

2016 9 18
---------

2016 9 19
---------

2016 9 20
---------

2016 9 21
---------

2016 9 22
---------

2016 9 23
---------
coords_2016_0919_990
coords_2016_0919_1000
coords_2016_0920_990
coords_2016_0920_1000
coords_2016_0921_990
coords_2016_0921_1000
coords_2016_0921_990
coords_2016_0922_1000
coords_2016_0922_990
coords_2016_0922_1000
coords_2016_0922_990
coords_2016_0923_1000
coords_2016_0923_990
*exported*
Storm 27/35

2016 9 18
---------

2016 9 19
---------

2016 9 20
---------
coords_2016_0918_990
coords_2016_0919_1000
coords_2016_0919_990
coords_2016_0920_1000
coords_2016_0920_990
*exported*
Storm 28/35

2016 9 19
---------

2016 9 20
---------

2016 9 21
---------
coords_2016_0919_990
coords_2016_0919_1000
coords_2016_0919_990
coords_2016_0920_1000
coords_2016_0921_990
*exported*
Storm 29/35

2016 9 20
---------

2016 9 21
---------

2016 9 22
---------

2016 9 23
---------
coords_2016_0920_990
coords_2016_0920_1000
coords_2016_0921_990
coords_2016_0921_1000
coords_2016_0921_990
coords_2016_0921_1000
coords_2016_0921_990
coords_2016_0921_1000
coords_2016_0921_990
coords_2016_0921_1000
coords_2016_0922_990
coords_2016_0922_1000
coords_2016_0923_990
coords_2016_0923_1000
coords_2016_0923_990
*exported*
Storm 30/35

2016 9 26
---------

2016 9 27
---------

2016 9 28
---------

2016 9 29
---------

2016 9 30
---------
coords_2016_0926_990
coords_2016_0926_1000
coords_2016_0927_990
coords_2016_0927_1000
coords_2016_0928_990
coords_2016_0928_1000
coords_2016_0929_990
coords_2016_0929_1000
coords_2016_0930_990
*exported*
Storm 31/35

2016 10 1
---------

2016 10 2
---------

2016 10 3
---------
coords_2016_1001_990
coords_2016_1001_1000
coords_2016_1002_990
coords_2016_1002_1000
coords_2016_1003_990
*exported*
Storm 32/35

2016 10 1
---------

2016 10 2
---------

2016 10 3
---------

2016 10 4
---------

2016 10 5
---------
coords_2016_1001_990
coords_2016_1002_1000
coords_2016_1002_990
coords_2016_1003_1000
coords_2016_1003_990
coords_2016_1004_1000
coords_2016_1004_990
coords_2016_1005_1000
coords_2016_1005_990
*exported*
Storm 33/35

2016 10 18
---------

2016 10 19
---------

2016 10 20
---------
coords_2016_1018_990
coords_2016_1019_1000
coords_2016_1019_990
coords_2016_1020_1000
coords_2016_1020_990
*exported*
Storm 34/35

2016 10 24
---------

2016 10 25
---------

2016 10 26
---------

2016 10 27
---------

2016 10 28
---------

2016 10 29
---------

2016 10 30
---------

2016 10 31
---------
coords_2016_1024_990
coords_2016_1024_1000
coords_2016_1025_990
coords_2016_1026_1000
coords_2016_1026_990
coords_2016_1027_1000
coords_2016_1027_990
coords_2016_1028_1000
coords_2016_1029_990
coords_2016_1031_1000
*exported*
Storm 35/35

2016 10 24
---------
1000: ['10'], ['24']

2016 10 25
---------

2016 10 26
---------

2016 10 27
---------
coords_2016_1025_990
coords_2016_1025_1000
coords_2016_1026_990
coords_2016_1026_1000
coords_2016_1027_990
coords_2016_1027_1000
*exported*

FINISHED STORM DATA COLLECTION

 
 
------------------
       done!      
------------------
------------------
elapsed time: 
44.29963041941325
2022-09-14 11:25:23,966 INFO Welcome to the CDS
2022-09-14 11:25:23,966 INFO Sending request to https://cds.climate.copernicus.eu/api/v2/resources/reanalysis-era5-single-levels
2022-09-14 11:25:24,098 INFO Request is queued
2022-09-14 11:25:25,226 INFO Request is running
2022-09-14 11:26:14,413 INFO Request is completed
2022-09-14 11:27:08,046 INFO Welcome to the CDS
2022-09-14 11:27:08,046 INFO Sending request to https://cds.climate.copernicus.eu/api/v2/resources/reanalysis-era5-single-levels
2022-09-14 11:27:08,266 INFO Request is queued
2022-09-14 11:27:09,392 INFO Request is running
2022-09-14 11:27:58,578 INFO Request is completed
2022-09-14 11:28:35,856 INFO Welcome to the CDS
2022-09-14 11:28:35,856 INFO Sending request to https://cds.climate.copernicus.eu/api/v2/resources/reanalysis-era5-single-levels
2022-09-14 11:28:35,985 INFO Request is queued
2022-09-14 11:28:38,738 INFO Request is running
2022-09-14 11:29:52,074 INFO Request is completed
2022-09-14 11:34:36,631 INFO Welcome to the CDS
2022-09-14 11:34:36,632 INFO Sending request to https://cds.climate.copernicus.eu/api/v2/resources/reanalysis-era5-single-levels
2022-09-14 11:34:36,761 INFO Request is queued
2022-09-14 11:34:37,893 INFO Request is running
2022-09-14 11:35:27,082 INFO Request is completed
2022-09-14 11:39:28,140 INFO Welcome to the CDS
2022-09-14 11:39:28,140 INFO Sending request to https://cds.climate.copernicus.eu/api/v2/resources/reanalysis-era5-single-levels
2022-09-14 11:39:28,286 INFO Request is queued
2022-09-14 11:39:29,411 INFO Request is running
2022-09-14 11:40:18,636 INFO Request is completed
/home/mundi/miniconda3/envs/cyc_loc/lib/python3.8/site-packages/xarray/conventions.py:492: SerializationWarning: variable 'melt_onset_day_seaice_conc_cdr' has multiple fill values {-1, 65535}, decoding all values to NaN.
  new_vars[k] = decode_cf_variable(
2022-09-14 11:47:20,160 INFO Welcome to the CDS
2022-09-14 11:47:20,160 INFO Sending request to https://cds.climate.copernicus.eu/api/v2/resources/reanalysis-era5-single-levels
2022-09-14 11:47:20,287 INFO Request is queued
2022-09-14 11:47:21,413 INFO Request is running
2022-09-14 11:47:23,040 INFO Request is completed
/home/mundi/miniconda3/envs/cyc_loc/lib/python3.8/site-packages/cartopy/mpl/geoaxes.py:1478: UserWarning: No contour levels were found within the data range.
  result = matplotlib.axes.Axes.contour(self, *args, **kwargs)
2022-09-14 11:47:30,865 INFO Welcome to the CDS
2022-09-14 11:47:30,866 INFO Sending request to https://cds.climate.copernicus.eu/api/v2/resources/reanalysis-era5-single-levels
2022-09-14 11:47:30,994 INFO Request is queued
2022-09-14 11:47:32,119 INFO Request is running
2022-09-14 11:47:36,121 INFO Request is completed
2022-09-14 11:47:40,119 INFO Welcome to the CDS
2022-09-14 11:47:40,119 INFO Sending request to https://cds.climate.copernicus.eu/api/v2/resources/reanalysis-era5-single-levels
2022-09-14 11:47:40,247 INFO Request is queued
2022-09-14 11:47:41,372 INFO Request is running
2022-09-14 11:47:45,375 INFO Request is completed
2022-09-14 11:47:47,776 INFO Welcome to the CDS
2022-09-14 11:47:47,777 INFO Sending request to https://cds.climate.copernicus.eu/api/v2/resources/reanalysis-era5-single-levels
2022-09-14 11:47:47,907 INFO Request is queued
2022-09-14 11:47:49,031 INFO Request is running
2022-09-14 11:47:53,033 INFO Request is completed
2022-09-14 11:47:58,378 INFO Welcome to the CDS
2022-09-14 11:47:58,378 INFO Sending request to https://cds.climate.copernicus.eu/api/v2/resources/reanalysis-era5-single-levels
2022-09-14 11:47:58,507 INFO Request is queued
2022-09-14 11:47:59,632 INFO Request is running
2022-09-14 11:48:01,259 INFO Request is completed
2022-09-14 11:48:03,588 INFO Welcome to the CDS
2022-09-14 11:48:03,588 INFO Sending request to https://cds.climate.copernicus.eu/api/v2/resources/reanalysis-era5-single-levels
2022-09-14 11:48:03,731 INFO Request is queued
2022-09-14 11:48:04,856 INFO Request is running
2022-09-14 11:48:08,859 INFO Request is completed
2022-09-14 11:48:14,369 INFO Welcome to the CDS
2022-09-14 11:48:14,370 INFO Sending request to https://cds.climate.copernicus.eu/api/v2/resources/reanalysis-era5-single-levels
2022-09-14 11:48:14,544 INFO Request is completed
2022-09-14 11:48:50,207 INFO Welcome to the CDS
2022-09-14 11:48:50,208 INFO Sending request to https://cds.climate.copernicus.eu/api/v2/resources/reanalysis-era5-single-levels
2022-09-14 11:48:50,396 INFO Request is completed
2022-09-14 11:49:03,811 INFO Welcome to the CDS
2022-09-14 11:49:03,811 INFO Sending request to https://cds.climate.copernicus.eu/api/v2/resources/reanalysis-era5-single-levels
2022-09-14 11:49:03,965 INFO Request is completed
2022-09-14 11:49:07,981 INFO Welcome to the CDS
2022-09-14 11:49:07,981 INFO Sending request to https://cds.climate.copernicus.eu/api/v2/resources/reanalysis-era5-single-levels
2022-09-14 11:49:08,147 INFO Request is queued
2022-09-14 11:49:09,272 INFO Request is running
2022-09-14 11:49:10,898 INFO Request is completed
2022-09-14 11:49:12,842 INFO Welcome to the CDS
2022-09-14 11:49:12,843 INFO Sending request to https://cds.climate.copernicus.eu/api/v2/resources/reanalysis-era5-single-levels
2022-09-14 11:49:13,010 INFO Request is queued
2022-09-14 11:49:14,135 INFO Request is running
2022-09-14 11:49:15,761 INFO Request is completed
2022-09-14 11:49:20,319 INFO Welcome to the CDS
2022-09-14 11:49:20,319 INFO Sending request to https://cds.climate.copernicus.eu/api/v2/resources/reanalysis-era5-single-levels
2022-09-14 11:49:20,448 INFO Request is queued
2022-09-14 11:49:21,573 INFO Request is running
2022-09-14 11:49:25,576 INFO Request is completed
2022-09-14 11:49:31,634 INFO Welcome to the CDS
2022-09-14 11:49:31,634 INFO Sending request to https://cds.climate.copernicus.eu/api/v2/resources/reanalysis-era5-single-levels
2022-09-14 11:49:31,763 INFO Request is queued
2022-09-14 11:49:32,889 INFO Request is running
2022-09-14 11:49:36,892 INFO Request is completed
2022-09-14 11:49:39,058 INFO Welcome to the CDS
2022-09-14 11:49:39,058 INFO Sending request to https://cds.climate.copernicus.eu/api/v2/resources/reanalysis-era5-single-levels
2022-09-14 11:49:39,223 INFO Request is queued
2022-09-14 11:49:40,349 INFO Request is running
2022-09-14 11:49:41,976 INFO Request is completed
2022-09-14 11:49:44,035 INFO Welcome to the CDS
2022-09-14 11:49:44,035 INFO Sending request to https://cds.climate.copernicus.eu/api/v2/resources/reanalysis-era5-single-levels
2022-09-14 11:49:44,178 INFO Request is queued
2022-09-14 11:49:45,306 INFO Request is running
2022-09-14 11:49:46,933 INFO Request is completed
2022-09-14 11:49:49,228 INFO Welcome to the CDS
2022-09-14 11:49:49,228 INFO Sending request to https://cds.climate.copernicus.eu/api/v2/resources/reanalysis-era5-single-levels
2022-09-14 11:49:49,358 INFO Request is queued
2022-09-14 11:49:50,486 INFO Request is running
2022-09-14 11:49:54,492 INFO Request is completed
2022-09-14 11:49:57,490 INFO Welcome to the CDS
2022-09-14 11:49:57,490 INFO Sending request to https://cds.climate.copernicus.eu/api/v2/resources/reanalysis-era5-single-levels
2022-09-14 11:49:57,643 INFO Request is queued
2022-09-14 11:49:58,770 INFO Request is running
2022-09-14 11:50:00,395 INFO Request is completed
2022-09-14 11:50:02,489 INFO Welcome to the CDS
2022-09-14 11:50:02,489 INFO Sending request to https://cds.climate.copernicus.eu/api/v2/resources/reanalysis-era5-single-levels
2022-09-14 11:50:02,632 INFO Request is completed
2022-09-14 11:50:05,965 INFO Welcome to the CDS
2022-09-14 11:50:05,965 INFO Sending request to https://cds.climate.copernicus.eu/api/v2/resources/reanalysis-era5-single-levels
2022-09-14 11:50:06,094 INFO Request is queued
2022-09-14 11:50:07,223 INFO Request is running
2022-09-14 11:50:11,228 INFO Request is completed
2022-09-14 11:50:13,402 INFO Welcome to the CDS
2022-09-14 11:50:13,402 INFO Sending request to https://cds.climate.copernicus.eu/api/v2/resources/reanalysis-era5-single-levels
2022-09-14 11:50:13,543 INFO Request is queued
2022-09-14 11:50:14,669 INFO Request is running
2022-09-14 11:50:16,297 INFO Request is completed
2022-09-14 11:50:20,574 INFO Welcome to the CDS
2022-09-14 11:50:20,574 INFO Sending request to https://cds.climate.copernicus.eu/api/v2/resources/reanalysis-era5-single-levels
2022-09-14 11:50:20,704 INFO Request is queued
2022-09-14 11:50:21,829 INFO Request is running
2022-09-14 11:50:25,831 INFO Request is completed
/home/mundi/Summer2022/myfuncs.py:73: RuntimeWarning: More than 20 figures have been opened. Figures created through the pyplot interface (`matplotlib.pyplot.figure`) are retained until explicitly closed and may consume too much memory. (To control this warning, see the rcParam `figure.max_open_warning`).
  fig=plt.figure(figsize=[15,15])
2022-09-14 11:50:28,810 INFO Welcome to the CDS
2022-09-14 11:50:28,810 INFO Sending request to https://cds.climate.copernicus.eu/api/v2/resources/reanalysis-era5-single-levels
2022-09-14 11:50:28,939 INFO Request is queued
2022-09-14 11:50:30,065 INFO Request is running
2022-09-14 11:50:34,066 INFO Request is completed
/home/mundi/Summer2022/myfuncs.py:73: RuntimeWarning: More than 20 figures have been opened. Figures created through the pyplot interface (`matplotlib.pyplot.figure`) are retained until explicitly closed and may consume too much memory. (To control this warning, see the rcParam `figure.max_open_warning`).
  fig=plt.figure(figsize=[15,15])
2022-09-14 11:50:36,110 INFO Welcome to the CDS
2022-09-14 11:50:36,110 INFO Sending request to https://cds.climate.copernicus.eu/api/v2/resources/reanalysis-era5-single-levels
2022-09-14 11:50:36,252 INFO Request is queued
2022-09-14 11:50:37,378 INFO Request is running
2022-09-14 11:50:39,003 INFO Request is completed
/home/mundi/Summer2022/myfuncs.py:73: RuntimeWarning: More than 20 figures have been opened. Figures created through the pyplot interface (`matplotlib.pyplot.figure`) are retained until explicitly closed and may consume too much memory. (To control this warning, see the rcParam `figure.max_open_warning`).
  fig=plt.figure(figsize=[15,15])
2022-09-14 11:50:41,995 INFO Welcome to the CDS
2022-09-14 11:50:41,995 INFO Sending request to https://cds.climate.copernicus.eu/api/v2/resources/reanalysis-era5-single-levels
2022-09-14 11:50:42,225 INFO Request is queued
2022-09-14 11:50:43,350 INFO Request is running
2022-09-14 11:50:44,975 INFO Request is completed
/home/mundi/Summer2022/myfuncs.py:73: RuntimeWarning: More than 20 figures have been opened. Figures created through the pyplot interface (`matplotlib.pyplot.figure`) are retained until explicitly closed and may consume too much memory. (To control this warning, see the rcParam `figure.max_open_warning`).
  fig=plt.figure(figsize=[15,15])
2022-09-14 11:50:48,474 INFO Welcome to the CDS
2022-09-14 11:50:48,474 INFO Sending request to https://cds.climate.copernicus.eu/api/v2/resources/reanalysis-era5-single-levels
2022-09-14 11:50:48,625 INFO Request is queued
2022-09-14 11:50:49,750 INFO Request is running
2022-09-14 11:50:51,376 INFO Request is completed
/home/mundi/Summer2022/myfuncs.py:73: RuntimeWarning: More than 20 figures have been opened. Figures created through the pyplot interface (`matplotlib.pyplot.figure`) are retained until explicitly closed and may consume too much memory. (To control this warning, see the rcParam `figure.max_open_warning`).
  fig=plt.figure(figsize=[15,15])
2022-09-14 11:50:55,300 INFO Welcome to the CDS
2022-09-14 11:50:55,301 INFO Sending request to https://cds.climate.copernicus.eu/api/v2/resources/reanalysis-era5-single-levels
2022-09-14 11:50:55,429 INFO Request is queued
2022-09-14 11:50:56,554 INFO Request is running
2022-09-14 11:50:58,181 INFO Request is completed
/home/mundi/Summer2022/myfuncs.py:73: RuntimeWarning: More than 20 figures have been opened. Figures created through the pyplot interface (`matplotlib.pyplot.figure`) are retained until explicitly closed and may consume too much memory. (To control this warning, see the rcParam `figure.max_open_warning`).
  fig=plt.figure(figsize=[15,15])
2022-09-14 11:51:00,252 INFO Welcome to the CDS
2022-09-14 11:51:00,252 INFO Sending request to https://cds.climate.copernicus.eu/api/v2/resources/reanalysis-era5-single-levels
2022-09-14 11:51:00,381 INFO Request is queued
2022-09-14 11:51:01,506 INFO Request is running
2022-09-14 11:51:05,509 INFO Request is completed
/home/mundi/Summer2022/myfuncs.py:73: RuntimeWarning: More than 20 figures have been opened. Figures created through the pyplot interface (`matplotlib.pyplot.figure`) are retained until explicitly closed and may consume too much memory. (To control this warning, see the rcParam `figure.max_open_warning`).
  fig=plt.figure(figsize=[15,15])
2022-09-14 11:51:07,701 INFO Welcome to the CDS
2022-09-14 11:51:07,701 INFO Sending request to https://cds.climate.copernicus.eu/api/v2/resources/reanalysis-era5-single-levels
2022-09-14 11:51:07,831 INFO Request is queued
2022-09-14 11:51:08,957 INFO Request is running
2022-09-14 11:51:12,960 INFO Request is completed
/home/mundi/Summer2022/myfuncs.py:73: RuntimeWarning: More than 20 figures have been opened. Figures created through the pyplot interface (`matplotlib.pyplot.figure`) are retained until explicitly closed and may consume too much memory. (To control this warning, see the rcParam `figure.max_open_warning`).
  fig=plt.figure(figsize=[15,15])
2022-09-14 11:51:17,628 INFO Welcome to the CDS
2022-09-14 11:51:17,628 INFO Sending request to https://cds.climate.copernicus.eu/api/v2/resources/reanalysis-era5-single-levels
2022-09-14 11:51:17,758 INFO Request is queued
2022-09-14 11:51:18,884 INFO Request is running
2022-09-14 11:51:20,511 INFO Request is completed
/home/mundi/Summer2022/myfuncs.py:73: RuntimeWarning: More than 20 figures have been opened. Figures created through the pyplot interface (`matplotlib.pyplot.figure`) are retained until explicitly closed and may consume too much memory. (To control this warning, see the rcParam `figure.max_open_warning`).
  fig=plt.figure(figsize=[15,15])
2022-09-14 11:51:40,058 INFO Welcome to the CDS
2022-09-14 11:51:40,059 INFO Sending request to https://cds.climate.copernicus.eu/api/v2/resources/reanalysis-era5-single-levels
2022-09-14 11:51:40,204 INFO Request is completed
/home/mundi/Summer2022/myfuncs.py:73: RuntimeWarning: More than 20 figures have been opened. Figures created through the pyplot interface (`matplotlib.pyplot.figure`) are retained until explicitly closed and may consume too much memory. (To control this warning, see the rcParam `figure.max_open_warning`).
  fig=plt.figure(figsize=[15,15])
2022-09-14 11:51:45,846 INFO Welcome to the CDS
2022-09-14 11:51:45,846 INFO Sending request to https://cds.climate.copernicus.eu/api/v2/resources/reanalysis-era5-single-levels
2022-09-14 11:51:45,988 INFO Request is completed
/home/mundi/Summer2022/myfuncs.py:73: RuntimeWarning: More than 20 figures have been opened. Figures created through the pyplot interface (`matplotlib.pyplot.figure`) are retained until explicitly closed and may consume too much memory. (To control this warning, see the rcParam `figure.max_open_warning`).
  fig=plt.figure(figsize=[15,15])
2022-09-14 11:51:48,286 INFO Welcome to the CDS
2022-09-14 11:51:48,286 INFO Sending request to https://cds.climate.copernicus.eu/api/v2/resources/reanalysis-era5-single-levels
2022-09-14 11:51:48,429 INFO Request is completed
/home/mundi/Summer2022/myfuncs.py:73: RuntimeWarning: More than 20 figures have been opened. Figures created through the pyplot interface (`matplotlib.pyplot.figure`) are retained until explicitly closed and may consume too much memory. (To control this warning, see the rcParam `figure.max_open_warning`).
  fig=plt.figure(figsize=[15,15])
2022-09-14 11:51:51,762 INFO Welcome to the CDS
2022-09-14 11:51:51,762 INFO Sending request to https://cds.climate.copernicus.eu/api/v2/resources/reanalysis-era5-single-levels
2022-09-14 11:51:51,891 INFO Request is queued
2022-09-14 11:51:53,015 INFO Request is running
2022-09-14 11:51:54,641 INFO Request is completed
/home/mundi/Summer2022/myfuncs.py:73: RuntimeWarning: More than 20 figures have been opened. Figures created through the pyplot interface (`matplotlib.pyplot.figure`) are retained until explicitly closed and may consume too much memory. (To control this warning, see the rcParam `figure.max_open_warning`).
  fig=plt.figure(figsize=[15,15])
2022-09-14 11:51:58,013 INFO Welcome to the CDS
2022-09-14 11:51:58,013 INFO Sending request to https://cds.climate.copernicus.eu/api/v2/resources/reanalysis-era5-single-levels
2022-09-14 11:51:58,153 INFO Request is queued
2022-09-14 11:51:59,278 INFO Request is running
2022-09-14 11:52:03,284 INFO Request is completed
/home/mundi/Summer2022/myfuncs.py:73: RuntimeWarning: More than 20 figures have been opened. Figures created through the pyplot interface (`matplotlib.pyplot.figure`) are retained until explicitly closed and may consume too much memory. (To control this warning, see the rcParam `figure.max_open_warning`).
  fig=plt.figure(figsize=[15,15])
2022-09-14 11:52:05,939 INFO Welcome to the CDS
2022-09-14 11:52:05,939 INFO Sending request to https://cds.climate.copernicus.eu/api/v2/resources/reanalysis-era5-single-levels
2022-09-14 11:52:06,082 INFO Request is completed
/home/mundi/Summer2022/myfuncs.py:73: RuntimeWarning: More than 20 figures have been opened. Figures created through the pyplot interface (`matplotlib.pyplot.figure`) are retained until explicitly closed and may consume too much memory. (To control this warning, see the rcParam `figure.max_open_warning`).
  fig=plt.figure(figsize=[15,15])
2022-09-14 11:52:12,386 INFO Welcome to the CDS
2022-09-14 11:52:12,386 INFO Sending request to https://cds.climate.copernicus.eu/api/v2/resources/reanalysis-era5-single-levels
2022-09-14 11:52:12,530 INFO Request is completed
/home/mundi/Summer2022/myfuncs.py:73: RuntimeWarning: More than 20 figures have been opened. Figures created through the pyplot interface (`matplotlib.pyplot.figure`) are retained until explicitly closed and may consume too much memory. (To control this warning, see the rcParam `figure.max_open_warning`).
  fig=plt.figure(figsize=[15,15])
2022-09-14 11:52:29,540 INFO Welcome to the CDS
2022-09-14 11:52:29,541 INFO Sending request to https://cds.climate.copernicus.eu/api/v2/resources/reanalysis-era5-single-levels
2022-09-14 11:52:29,686 INFO Request is completed
/home/mundi/Summer2022/myfuncs.py:73: RuntimeWarning: More than 20 figures have been opened. Figures created through the pyplot interface (`matplotlib.pyplot.figure`) are retained until explicitly closed and may consume too much memory. (To control this warning, see the rcParam `figure.max_open_warning`).
  fig=plt.figure(figsize=[15,15])
2022-09-14 11:52:44,342 INFO Welcome to the CDS
2022-09-14 11:52:44,342 INFO Sending request to https://cds.climate.copernicus.eu/api/v2/resources/reanalysis-era5-single-levels
2022-09-14 11:52:44,487 INFO Request is completed
/home/mundi/Summer2022/myfuncs.py:73: RuntimeWarning: More than 20 figures have been opened. Figures created through the pyplot interface (`matplotlib.pyplot.figure`) are retained until explicitly closed and may consume too much memory. (To control this warning, see the rcParam `figure.max_open_warning`).
  fig=plt.figure(figsize=[15,15])
2022-09-14 11:52:51,533 INFO Welcome to the CDS
2022-09-14 11:52:51,534 INFO Sending request to https://cds.climate.copernicus.eu/api/v2/resources/reanalysis-era5-single-levels
2022-09-14 11:52:51,679 INFO Request is completed
/home/mundi/Summer2022/myfuncs.py:73: RuntimeWarning: More than 20 figures have been opened. Figures created through the pyplot interface (`matplotlib.pyplot.figure`) are retained until explicitly closed and may consume too much memory. (To control this warning, see the rcParam `figure.max_open_warning`).
  fig=plt.figure(figsize=[15,15])
2022-09-14 11:53:02,774 INFO Welcome to the CDS
2022-09-14 11:53:02,774 INFO Sending request to https://cds.climate.copernicus.eu/api/v2/resources/reanalysis-era5-single-levels
2022-09-14 11:53:02,950 INFO Request is completed
/home/mundi/Summer2022/myfuncs.py:73: RuntimeWarning: More than 20 figures have been opened. Figures created through the pyplot interface (`matplotlib.pyplot.figure`) are retained until explicitly closed and may consume too much memory. (To control this warning, see the rcParam `figure.max_open_warning`).
  fig=plt.figure(figsize=[15,15])
2022-09-14 11:53:07,004 INFO Welcome to the CDS
2022-09-14 11:53:07,005 INFO Sending request to https://cds.climate.copernicus.eu/api/v2/resources/reanalysis-era5-single-levels
2022-09-14 11:53:07,151 INFO Request is completed
/home/mundi/Summer2022/myfuncs.py:73: RuntimeWarning: More than 20 figures have been opened. Figures created through the pyplot interface (`matplotlib.pyplot.figure`) are retained until explicitly closed and may consume too much memory. (To control this warning, see the rcParam `figure.max_open_warning`).
  fig=plt.figure(figsize=[15,15])
2022-09-14 11:53:12,740 INFO Welcome to the CDS
2022-09-14 11:53:12,740 INFO Sending request to https://cds.climate.copernicus.eu/api/v2/resources/reanalysis-era5-single-levels
2022-09-14 11:53:12,883 INFO Request is completed
/home/mundi/Summer2022/myfuncs.py:73: RuntimeWarning: More than 20 figures have been opened. Figures created through the pyplot interface (`matplotlib.pyplot.figure`) are retained until explicitly closed and may consume too much memory. (To control this warning, see the rcParam `figure.max_open_warning`).
  fig=plt.figure(figsize=[15,15])
2022-09-14 11:53:15,597 INFO Welcome to the CDS
2022-09-14 11:53:15,597 INFO Sending request to https://cds.climate.copernicus.eu/api/v2/resources/reanalysis-era5-single-levels
2022-09-14 11:53:15,742 INFO Request is queued
2022-09-14 11:53:16,867 INFO Request is running
2022-09-14 11:53:20,872 INFO Request is completed
/home/mundi/Summer2022/myfuncs.py:73: RuntimeWarning: More than 20 figures have been opened. Figures created through the pyplot interface (`matplotlib.pyplot.figure`) are retained until explicitly closed and may consume too much memory. (To control this warning, see the rcParam `figure.max_open_warning`).
  fig=plt.figure(figsize=[15,15])
2022-09-14 11:53:26,639 INFO Welcome to the CDS
2022-09-14 11:53:26,640 INFO Sending request to https://cds.climate.copernicus.eu/api/v2/resources/reanalysis-era5-single-levels
2022-09-14 11:53:27,146 INFO Request is queued
2022-09-14 11:53:28,272 INFO Request is running
2022-09-14 11:53:32,274 INFO Request is completed
/home/mundi/Summer2022/myfuncs.py:73: RuntimeWarning: More than 20 figures have been opened. Figures created through the pyplot interface (`matplotlib.pyplot.figure`) are retained until explicitly closed and may consume too much memory. (To control this warning, see the rcParam `figure.max_open_warning`).
  fig=plt.figure(figsize=[15,15])
2022-09-14 11:53:37,020 INFO Welcome to the CDS
2022-09-14 11:53:37,020 INFO Sending request to https://cds.climate.copernicus.eu/api/v2/resources/reanalysis-era5-single-levels
2022-09-14 11:53:37,189 INFO Request is completed
/home/mundi/Summer2022/myfuncs.py:73: RuntimeWarning: More than 20 figures have been opened. Figures created through the pyplot interface (`matplotlib.pyplot.figure`) are retained until explicitly closed and may consume too much memory. (To control this warning, see the rcParam `figure.max_open_warning`).
  fig=plt.figure(figsize=[15,15])
2022-09-14 11:53:46,828 INFO Welcome to the CDS
2022-09-14 11:53:46,828 INFO Sending request to https://cds.climate.copernicus.eu/api/v2/resources/reanalysis-era5-single-levels
2022-09-14 11:53:47,009 INFO Request is completed
/home/mundi/Summer2022/myfuncs.py:73: RuntimeWarning: More than 20 figures have been opened. Figures created through the pyplot interface (`matplotlib.pyplot.figure`) are retained until explicitly closed and may consume too much memory. (To control this warning, see the rcParam `figure.max_open_warning`).
  fig=plt.figure(figsize=[15,15])
2022-09-14 11:53:49,402 INFO Welcome to the CDS
2022-09-14 11:53:49,402 INFO Sending request to https://cds.climate.copernicus.eu/api/v2/resources/reanalysis-era5-single-levels
2022-09-14 11:53:49,544 INFO Request is completed
/home/mundi/Summer2022/myfuncs.py:73: RuntimeWarning: More than 20 figures have been opened. Figures created through the pyplot interface (`matplotlib.pyplot.figure`) are retained until explicitly closed and may consume too much memory. (To control this warning, see the rcParam `figure.max_open_warning`).
  fig=plt.figure(figsize=[15,15])
2022-09-14 11:53:52,926 INFO Welcome to the CDS
2022-09-14 11:53:52,927 INFO Sending request to https://cds.climate.copernicus.eu/api/v2/resources/reanalysis-era5-single-levels
2022-09-14 11:53:53,101 INFO Request is completed
/home/mundi/Summer2022/myfuncs.py:73: RuntimeWarning: More than 20 figures have been opened. Figures created through the pyplot interface (`matplotlib.pyplot.figure`) are retained until explicitly closed and may consume too much memory. (To control this warning, see the rcParam `figure.max_open_warning`).
  fig=plt.figure(figsize=[15,15])
2022-09-14 11:53:58,621 INFO Welcome to the CDS
2022-09-14 11:53:58,622 INFO Sending request to https://cds.climate.copernicus.eu/api/v2/resources/reanalysis-era5-single-levels
2022-09-14 11:53:58,810 INFO Request is completed
/home/mundi/Summer2022/myfuncs.py:73: RuntimeWarning: More than 20 figures have been opened. Figures created through the pyplot interface (`matplotlib.pyplot.figure`) are retained until explicitly closed and may consume too much memory. (To control this warning, see the rcParam `figure.max_open_warning`).
  fig=plt.figure(figsize=[15,15])
2022-09-14 11:54:02,906 INFO Welcome to the CDS
2022-09-14 11:54:02,906 INFO Sending request to https://cds.climate.copernicus.eu/api/v2/resources/reanalysis-era5-single-levels
2022-09-14 11:54:03,034 INFO Request is queued
2022-09-14 11:54:04,170 INFO Request is running
2022-09-14 11:54:05,796 INFO Request is completed
/home/mundi/Summer2022/myfuncs.py:73: RuntimeWarning: More than 20 figures have been opened. Figures created through the pyplot interface (`matplotlib.pyplot.figure`) are retained until explicitly closed and may consume too much memory. (To control this warning, see the rcParam `figure.max_open_warning`).
  fig=plt.figure(figsize=[15,15])
2022-09-14 11:54:09,968 INFO Welcome to the CDS
2022-09-14 11:54:09,968 INFO Sending request to https://cds.climate.copernicus.eu/api/v2/resources/reanalysis-era5-single-levels
2022-09-14 11:54:10,097 INFO Request is queued
2022-09-14 11:54:11,222 INFO Request is running
2022-09-14 11:54:15,223 INFO Request is completed
/home/mundi/Summer2022/myfuncs.py:73: RuntimeWarning: More than 20 figures have been opened. Figures created through the pyplot interface (`matplotlib.pyplot.figure`) are retained until explicitly closed and may consume too much memory. (To control this warning, see the rcParam `figure.max_open_warning`).
  fig=plt.figure(figsize=[15,15])
2022-09-14 11:54:37,123 INFO Welcome to the CDS
2022-09-14 11:54:37,123 INFO Sending request to https://cds.climate.copernicus.eu/api/v2/resources/reanalysis-era5-single-levels
2022-09-14 11:54:37,265 INFO Request is completed
/home/mundi/Summer2022/myfuncs.py:73: RuntimeWarning: More than 20 figures have been opened. Figures created through the pyplot interface (`matplotlib.pyplot.figure`) are retained until explicitly closed and may consume too much memory. (To control this warning, see the rcParam `figure.max_open_warning`).
  fig=plt.figure(figsize=[15,15])
2022-09-14 11:54:42,276 INFO Welcome to the CDS
2022-09-14 11:54:42,276 INFO Sending request to https://cds.climate.copernicus.eu/api/v2/resources/reanalysis-era5-single-levels
2022-09-14 11:54:42,460 INFO Request is completed
/home/mundi/Summer2022/myfuncs.py:73: RuntimeWarning: More than 20 figures have been opened. Figures created through the pyplot interface (`matplotlib.pyplot.figure`) are retained until explicitly closed and may consume too much memory. (To control this warning, see the rcParam `figure.max_open_warning`).
  fig=plt.figure(figsize=[15,15])
2022-09-14 11:54:48,561 INFO Welcome to the CDS
2022-09-14 11:54:48,561 INFO Sending request to https://cds.climate.copernicus.eu/api/v2/resources/reanalysis-era5-single-levels
2022-09-14 11:54:48,706 INFO Request is completed
/home/mundi/Summer2022/myfuncs.py:73: RuntimeWarning: More than 20 figures have been opened. Figures created through the pyplot interface (`matplotlib.pyplot.figure`) are retained until explicitly closed and may consume too much memory. (To control this warning, see the rcParam `figure.max_open_warning`).
  fig=plt.figure(figsize=[15,15])
2022-09-14 11:55:05,086 INFO Welcome to the CDS
2022-09-14 11:55:05,086 INFO Sending request to https://cds.climate.copernicus.eu/api/v2/resources/reanalysis-era5-single-levels
2022-09-14 11:55:05,245 INFO Request is completed
/home/mundi/Summer2022/myfuncs.py:73: RuntimeWarning: More than 20 figures have been opened. Figures created through the pyplot interface (`matplotlib.pyplot.figure`) are retained until explicitly closed and may consume too much memory. (To control this warning, see the rcParam `figure.max_open_warning`).
  fig=plt.figure(figsize=[15,15])
2022-09-14 11:55:10,131 INFO Welcome to the CDS
2022-09-14 11:55:10,132 INFO Sending request to https://cds.climate.copernicus.eu/api/v2/resources/reanalysis-era5-single-levels
2022-09-14 11:55:10,285 INFO Request is completed
/home/mundi/Summer2022/myfuncs.py:73: RuntimeWarning: More than 20 figures have been opened. Figures created through the pyplot interface (`matplotlib.pyplot.figure`) are retained until explicitly closed and may consume too much memory. (To control this warning, see the rcParam `figure.max_open_warning`).
  fig=plt.figure(figsize=[15,15])
2022-09-14 11:55:27,977 INFO Welcome to the CDS
2022-09-14 11:55:27,978 INFO Sending request to https://cds.climate.copernicus.eu/api/v2/resources/reanalysis-era5-single-levels
2022-09-14 11:55:28,114 INFO Request is queued
2022-09-14 11:55:29,240 INFO Request is running
2022-09-14 11:55:30,870 INFO Request is completed
/home/mundi/Summer2022/myfuncs.py:73: RuntimeWarning: More than 20 figures have been opened. Figures created through the pyplot interface (`matplotlib.pyplot.figure`) are retained until explicitly closed and may consume too much memory. (To control this warning, see the rcParam `figure.max_open_warning`).
  fig=plt.figure(figsize=[15,15])
2022-09-14 11:55:38,505 INFO Welcome to the CDS
2022-09-14 11:55:38,505 INFO Sending request to https://cds.climate.copernicus.eu/api/v2/resources/reanalysis-era5-single-levels
2022-09-14 11:55:38,649 INFO Request is completed
/home/mundi/Summer2022/myfuncs.py:73: RuntimeWarning: More than 20 figures have been opened. Figures created through the pyplot interface (`matplotlib.pyplot.figure`) are retained until explicitly closed and may consume too much memory. (To control this warning, see the rcParam `figure.max_open_warning`).
  fig=plt.figure(figsize=[15,15])
2022-09-14 11:55:48,661 INFO Welcome to the CDS
2022-09-14 11:55:48,661 INFO Sending request to https://cds.climate.copernicus.eu/api/v2/resources/reanalysis-era5-single-levels
2022-09-14 11:55:48,804 INFO Request is completed
/home/mundi/Summer2022/myfuncs.py:73: RuntimeWarning: More than 20 figures have been opened. Figures created through the pyplot interface (`matplotlib.pyplot.figure`) are retained until explicitly closed and may consume too much memory. (To control this warning, see the rcParam `figure.max_open_warning`).
  fig=plt.figure(figsize=[15,15])
2022-09-14 11:55:57,351 INFO Welcome to the CDS
2022-09-14 11:55:57,351 INFO Sending request to https://cds.climate.copernicus.eu/api/v2/resources/reanalysis-era5-single-levels
2022-09-14 11:55:57,493 INFO Request is completed
/home/mundi/Summer2022/myfuncs.py:73: RuntimeWarning: More than 20 figures have been opened. Figures created through the pyplot interface (`matplotlib.pyplot.figure`) are retained until explicitly closed and may consume too much memory. (To control this warning, see the rcParam `figure.max_open_warning`).
  fig=plt.figure(figsize=[15,15])
2022-09-14 11:55:59,795 INFO Welcome to the CDS
2022-09-14 11:55:59,795 INFO Sending request to https://cds.climate.copernicus.eu/api/v2/resources/reanalysis-era5-single-levels
2022-09-14 11:55:59,924 INFO Request is queued
2022-09-14 11:56:01,049 INFO Request is running
2022-09-14 11:56:02,674 INFO Request is completed
/home/mundi/Summer2022/myfuncs.py:73: RuntimeWarning: More than 20 figures have been opened. Figures created through the pyplot interface (`matplotlib.pyplot.figure`) are retained until explicitly closed and may consume too much memory. (To control this warning, see the rcParam `figure.max_open_warning`).
  fig=plt.figure(figsize=[15,15])
2022-09-14 11:56:08,531 INFO Welcome to the CDS
2022-09-14 11:56:08,531 INFO Sending request to https://cds.climate.copernicus.eu/api/v2/resources/reanalysis-era5-single-levels
2022-09-14 11:56:08,694 INFO Request is queued
2022-09-14 11:56:09,820 INFO Request is running
2022-09-14 11:56:13,823 INFO Request is completed
/home/mundi/Summer2022/myfuncs.py:73: RuntimeWarning: More than 20 figures have been opened. Figures created through the pyplot interface (`matplotlib.pyplot.figure`) are retained until explicitly closed and may consume too much memory. (To control this warning, see the rcParam `figure.max_open_warning`).
  fig=plt.figure(figsize=[15,15])
2022-09-14 11:56:18,967 INFO Welcome to the CDS
2022-09-14 11:56:18,967 INFO Sending request to https://cds.climate.copernicus.eu/api/v2/resources/reanalysis-era5-single-levels
2022-09-14 11:56:19,095 INFO Request is queued
2022-09-14 11:56:20,220 INFO Request is running
2022-09-14 11:56:24,222 INFO Request is completed
/home/mundi/Summer2022/myfuncs.py:73: RuntimeWarning: More than 20 figures have been opened. Figures created through the pyplot interface (`matplotlib.pyplot.figure`) are retained until explicitly closed and may consume too much memory. (To control this warning, see the rcParam `figure.max_open_warning`).
  fig=plt.figure(figsize=[15,15])
2022-09-14 11:56:27,658 INFO Welcome to the CDS
2022-09-14 11:56:27,659 INFO Sending request to https://cds.climate.copernicus.eu/api/v2/resources/reanalysis-era5-single-levels
2022-09-14 11:56:27,805 INFO Request is queued
2022-09-14 11:56:28,930 INFO Request is running
2022-09-14 11:56:32,932 INFO Request is completed
/home/mundi/Summer2022/myfuncs.py:73: RuntimeWarning: More than 20 figures have been opened. Figures created through the pyplot interface (`matplotlib.pyplot.figure`) are retained until explicitly closed and may consume too much memory. (To control this warning, see the rcParam `figure.max_open_warning`).
  fig=plt.figure(figsize=[15,15])
2022-09-14 11:56:39,729 INFO Welcome to the CDS
2022-09-14 11:56:39,729 INFO Sending request to https://cds.climate.copernicus.eu/api/v2/resources/reanalysis-era5-single-levels
2022-09-14 11:56:39,871 INFO Request is completed
/home/mundi/Summer2022/myfuncs.py:73: RuntimeWarning: More than 20 figures have been opened. Figures created through the pyplot interface (`matplotlib.pyplot.figure`) are retained until explicitly closed and may consume too much memory. (To control this warning, see the rcParam `figure.max_open_warning`).
  fig=plt.figure(figsize=[15,15])
2022-09-14 11:57:16,199 INFO Welcome to the CDS
2022-09-14 11:57:16,199 INFO Sending request to https://cds.climate.copernicus.eu/api/v2/resources/reanalysis-era5-single-levels
2022-09-14 11:57:16,432 INFO Request is completed
/home/mundi/Summer2022/myfuncs.py:73: RuntimeWarning: More than 20 figures have been opened. Figures created through the pyplot interface (`matplotlib.pyplot.figure`) are retained until explicitly closed and may consume too much memory. (To control this warning, see the rcParam `figure.max_open_warning`).
  fig=plt.figure(figsize=[15,15])
2022-09-14 11:57:26,093 INFO Welcome to the CDS
2022-09-14 11:57:26,093 INFO Sending request to https://cds.climate.copernicus.eu/api/v2/resources/reanalysis-era5-single-levels
2022-09-14 11:57:26,223 INFO Request is queued
2022-09-14 11:57:27,349 INFO Request is running
2022-09-14 11:57:31,352 INFO Request is completed
/home/mundi/Summer2022/myfuncs.py:73: RuntimeWarning: More than 20 figures have been opened. Figures created through the pyplot interface (`matplotlib.pyplot.figure`) are retained until explicitly closed and may consume too much memory. (To control this warning, see the rcParam `figure.max_open_warning`).
  fig=plt.figure(figsize=[15,15])
2022-09-14 11:57:33,429 INFO Welcome to the CDS
2022-09-14 11:57:33,429 INFO Sending request to https://cds.climate.copernicus.eu/api/v2/resources/reanalysis-era5-single-levels
2022-09-14 11:57:33,567 INFO Request is queued
2022-09-14 11:57:34,693 INFO Request is running
2022-09-14 11:57:36,318 INFO Request is completed
/home/mundi/Summer2022/myfuncs.py:73: RuntimeWarning: More than 20 figures have been opened. Figures created through the pyplot interface (`matplotlib.pyplot.figure`) are retained until explicitly closed and may consume too much memory. (To control this warning, see the rcParam `figure.max_open_warning`).
  fig=plt.figure(figsize=[15,15])
2022-09-14 11:57:42,415 INFO Welcome to the CDS
2022-09-14 11:57:42,415 INFO Sending request to https://cds.climate.copernicus.eu/api/v2/resources/reanalysis-era5-single-levels
2022-09-14 11:57:42,562 INFO Request is queued
2022-09-14 11:57:43,688 INFO Request is running
2022-09-14 11:57:47,693 INFO Request is completed
/home/mundi/Summer2022/myfuncs.py:73: RuntimeWarning: More than 20 figures have been opened. Figures created through the pyplot interface (`matplotlib.pyplot.figure`) are retained until explicitly closed and may consume too much memory. (To control this warning, see the rcParam `figure.max_open_warning`).
  fig=plt.figure(figsize=[15,15])
/home/mundi/miniconda3/envs/cyc_loc/lib/python3.8/site-packages/cartopy/mpl/geoaxes.py:1478: UserWarning: No contour levels were found within the data range.
  result = matplotlib.axes.Axes.contour(self, *args, **kwargs)
2022-09-14 11:59:11,696 INFO Welcome to the CDS
2022-09-14 11:59:11,696 INFO Sending request to https://cds.climate.copernicus.eu/api/v2/resources/reanalysis-era5-single-levels
2022-09-14 11:59:11,842 INFO Request is queued
2022-09-14 11:59:12,973 INFO Request is running
2022-09-14 11:59:16,987 INFO Request is completed
/home/mundi/Summer2022/myfuncs.py:73: RuntimeWarning: More than 20 figures have been opened. Figures created through the pyplot interface (`matplotlib.pyplot.figure`) are retained until explicitly closed and may consume too much memory. (To control this warning, see the rcParam `figure.max_open_warning`).
  fig=plt.figure(figsize=[15,15])
2022-09-14 11:59:19,419 INFO Welcome to the CDS
2022-09-14 11:59:19,420 INFO Sending request to https://cds.climate.copernicus.eu/api/v2/resources/reanalysis-era5-single-levels
2022-09-14 11:59:19,574 INFO Request is queued
2022-09-14 11:59:20,700 INFO Request is running
2022-09-14 11:59:28,207 INFO Request is completed
/home/mundi/Summer2022/myfuncs.py:73: RuntimeWarning: More than 20 figures have been opened. Figures created through the pyplot interface (`matplotlib.pyplot.figure`) are retained until explicitly closed and may consume too much memory. (To control this warning, see the rcParam `figure.max_open_warning`).
  fig=plt.figure(figsize=[15,15])
2022-09-14 11:59:30,582 INFO Welcome to the CDS
2022-09-14 11:59:30,583 INFO Sending request to https://cds.climate.copernicus.eu/api/v2/resources/reanalysis-era5-single-levels
2022-09-14 11:59:30,712 INFO Request is queued
2022-09-14 11:59:31,842 INFO Request is running
2022-09-14 11:59:33,469 INFO Request is completed
/home/mundi/Summer2022/myfuncs.py:73: RuntimeWarning: More than 20 figures have been opened. Figures created through the pyplot interface (`matplotlib.pyplot.figure`) are retained until explicitly closed and may consume too much memory. (To control this warning, see the rcParam `figure.max_open_warning`).
  fig=plt.figure(figsize=[15,15])
2022-09-14 11:59:43,846 INFO Welcome to the CDS
2022-09-14 11:59:43,847 INFO Sending request to https://cds.climate.copernicus.eu/api/v2/resources/reanalysis-era5-single-levels
2022-09-14 11:59:43,989 INFO Request is queued
2022-09-14 11:59:45,115 INFO Request is running
2022-09-14 11:59:49,120 INFO Request is completed
/home/mundi/Summer2022/myfuncs.py:73: RuntimeWarning: More than 20 figures have been opened. Figures created through the pyplot interface (`matplotlib.pyplot.figure`) are retained until explicitly closed and may consume too much memory. (To control this warning, see the rcParam `figure.max_open_warning`).
  fig=plt.figure(figsize=[15,15])
2022-09-14 11:59:51,436 INFO Welcome to the CDS
2022-09-14 11:59:51,437 INFO Sending request to https://cds.climate.copernicus.eu/api/v2/resources/reanalysis-era5-single-levels
2022-09-14 11:59:51,568 INFO Request is queued
2022-09-14 11:59:52,696 INFO Request is running
2022-09-14 11:59:54,323 INFO Request is completed
/home/mundi/Summer2022/myfuncs.py:73: RuntimeWarning: More than 20 figures have been opened. Figures created through the pyplot interface (`matplotlib.pyplot.figure`) are retained until explicitly closed and may consume too much memory. (To control this warning, see the rcParam `figure.max_open_warning`).
  fig=plt.figure(figsize=[15,15])
2022-09-14 11:59:58,256 INFO Welcome to the CDS
2022-09-14 11:59:58,256 INFO Sending request to https://cds.climate.copernicus.eu/api/v2/resources/reanalysis-era5-single-levels
2022-09-14 11:59:58,399 INFO Request is completed
/home/mundi/Summer2022/myfuncs.py:73: RuntimeWarning: More than 20 figures have been opened. Figures created through the pyplot interface (`matplotlib.pyplot.figure`) are retained until explicitly closed and may consume too much memory. (To control this warning, see the rcParam `figure.max_open_warning`).
  fig=plt.figure(figsize=[15,15])
2022-09-14 12:00:33,092 INFO Welcome to the CDS
2022-09-14 12:00:33,092 INFO Sending request to https://cds.climate.copernicus.eu/api/v2/resources/reanalysis-era5-single-levels
2022-09-14 12:00:33,304 INFO Request is completed
/home/mundi/Summer2022/myfuncs.py:73: RuntimeWarning: More than 20 figures have been opened. Figures created through the pyplot interface (`matplotlib.pyplot.figure`) are retained until explicitly closed and may consume too much memory. (To control this warning, see the rcParam `figure.max_open_warning`).
  fig=plt.figure(figsize=[15,15])
2022-09-14 12:00:44,592 INFO Welcome to the CDS
2022-09-14 12:00:44,593 INFO Sending request to https://cds.climate.copernicus.eu/api/v2/resources/reanalysis-era5-single-levels
2022-09-14 12:00:44,799 INFO Request is completed
/home/mundi/Summer2022/myfuncs.py:73: RuntimeWarning: More than 20 figures have been opened. Figures created through the pyplot interface (`matplotlib.pyplot.figure`) are retained until explicitly closed and may consume too much memory. (To control this warning, see the rcParam `figure.max_open_warning`).
  fig=plt.figure(figsize=[15,15])
2022-09-14 12:01:05,445 INFO Welcome to the CDS
2022-09-14 12:01:05,445 INFO Sending request to https://cds.climate.copernicus.eu/api/v2/resources/reanalysis-era5-single-levels
2022-09-14 12:01:05,592 INFO Request is completed
/home/mundi/Summer2022/myfuncs.py:73: RuntimeWarning: More than 20 figures have been opened. Figures created through the pyplot interface (`matplotlib.pyplot.figure`) are retained until explicitly closed and may consume too much memory. (To control this warning, see the rcParam `figure.max_open_warning`).
  fig=plt.figure(figsize=[15,15])
2022-09-14 12:01:08,560 INFO Welcome to the CDS
2022-09-14 12:01:08,560 INFO Sending request to https://cds.climate.copernicus.eu/api/v2/resources/reanalysis-era5-single-levels
2022-09-14 12:01:08,714 INFO Request is completed
/home/mundi/Summer2022/myfuncs.py:73: RuntimeWarning: More than 20 figures have been opened. Figures created through the pyplot interface (`matplotlib.pyplot.figure`) are retained until explicitly closed and may consume too much memory. (To control this warning, see the rcParam `figure.max_open_warning`).
  fig=plt.figure(figsize=[15,15])
2022-09-14 12:01:12,718 INFO Welcome to the CDS
2022-09-14 12:01:12,718 INFO Sending request to https://cds.climate.copernicus.eu/api/v2/resources/reanalysis-era5-single-levels
2022-09-14 12:01:12,886 INFO Request is queued
2022-09-14 12:01:14,012 INFO Request is running
2022-09-14 12:01:18,019 INFO Request is completed
/home/mundi/Summer2022/myfuncs.py:73: RuntimeWarning: More than 20 figures have been opened. Figures created through the pyplot interface (`matplotlib.pyplot.figure`) are retained until explicitly closed and may consume too much memory. (To control this warning, see the rcParam `figure.max_open_warning`).
  fig=plt.figure(figsize=[15,15])
2022-09-14 12:01:20,485 INFO Welcome to the CDS
2022-09-14 12:01:20,485 INFO Sending request to https://cds.climate.copernicus.eu/api/v2/resources/reanalysis-era5-single-levels
2022-09-14 12:01:20,616 INFO Request is queued
2022-09-14 12:01:21,741 INFO Request is running
2022-09-14 12:01:23,368 INFO Request is completed
/home/mundi/Summer2022/myfuncs.py:73: RuntimeWarning: More than 20 figures have been opened. Figures created through the pyplot interface (`matplotlib.pyplot.figure`) are retained until explicitly closed and may consume too much memory. (To control this warning, see the rcParam `figure.max_open_warning`).
  fig=plt.figure(figsize=[15,15])
2022-09-14 12:01:26,001 INFO Welcome to the CDS
2022-09-14 12:01:26,002 INFO Sending request to https://cds.climate.copernicus.eu/api/v2/resources/reanalysis-era5-single-levels
2022-09-14 12:01:26,145 INFO Request is queued
2022-09-14 12:01:27,272 INFO Request is running
2022-09-14 12:01:31,276 INFO Request is completed
/home/mundi/Summer2022/myfuncs.py:73: RuntimeWarning: More than 20 figures have been opened. Figures created through the pyplot interface (`matplotlib.pyplot.figure`) are retained until explicitly closed and may consume too much memory. (To control this warning, see the rcParam `figure.max_open_warning`).
  fig=plt.figure(figsize=[15,15])
2022-09-14 12:01:34,583 INFO Welcome to the CDS
2022-09-14 12:01:34,583 INFO Sending request to https://cds.climate.copernicus.eu/api/v2/resources/reanalysis-era5-single-levels
2022-09-14 12:01:34,751 INFO Request is queued
2022-09-14 12:01:35,877 INFO Request is running
2022-09-14 12:01:37,504 INFO Request is completed
/home/mundi/Summer2022/myfuncs.py:73: RuntimeWarning: More than 20 figures have been opened. Figures created through the pyplot interface (`matplotlib.pyplot.figure`) are retained until explicitly closed and may consume too much memory. (To control this warning, see the rcParam `figure.max_open_warning`).
  fig=plt.figure(figsize=[15,15])
2022-09-14 12:01:40,945 INFO Welcome to the CDS
2022-09-14 12:01:40,945 INFO Sending request to https://cds.climate.copernicus.eu/api/v2/resources/reanalysis-era5-single-levels
2022-09-14 12:01:41,074 INFO Request is queued
2022-09-14 12:01:42,199 INFO Request is running
2022-09-14 12:01:46,204 INFO Request is completed
/home/mundi/Summer2022/myfuncs.py:73: RuntimeWarning: More than 20 figures have been opened. Figures created through the pyplot interface (`matplotlib.pyplot.figure`) are retained until explicitly closed and may consume too much memory. (To control this warning, see the rcParam `figure.max_open_warning`).
  fig=plt.figure(figsize=[15,15])
2022-09-14 12:01:48,974 INFO Welcome to the CDS
2022-09-14 12:01:48,974 INFO Sending request to https://cds.climate.copernicus.eu/api/v2/resources/reanalysis-era5-single-levels
2022-09-14 12:01:49,124 INFO Request is queued
2022-09-14 12:01:50,253 INFO Request is running
2022-09-14 12:01:54,258 INFO Request is completed
/home/mundi/Summer2022/myfuncs.py:73: RuntimeWarning: More than 20 figures have been opened. Figures created through the pyplot interface (`matplotlib.pyplot.figure`) are retained until explicitly closed and may consume too much memory. (To control this warning, see the rcParam `figure.max_open_warning`).
  fig=plt.figure(figsize=[15,15])
2022-09-14 12:01:56,520 INFO Welcome to the CDS
2022-09-14 12:01:56,521 INFO Sending request to https://cds.climate.copernicus.eu/api/v2/resources/reanalysis-era5-single-levels
2022-09-14 12:01:56,666 INFO Request is queued
2022-09-14 12:01:57,794 INFO Request is running
2022-09-14 12:01:59,421 INFO Request is completed
/home/mundi/Summer2022/myfuncs.py:73: RuntimeWarning: More than 20 figures have been opened. Figures created through the pyplot interface (`matplotlib.pyplot.figure`) are retained until explicitly closed and may consume too much memory. (To control this warning, see the rcParam `figure.max_open_warning`).
  fig=plt.figure(figsize=[15,15])
2022-09-14 12:02:03,896 INFO Welcome to the CDS
2022-09-14 12:02:03,896 INFO Sending request to https://cds.climate.copernicus.eu/api/v2/resources/reanalysis-era5-single-levels
2022-09-14 12:02:04,024 INFO Request is queued
2022-09-14 12:02:05,150 INFO Request is running
2022-09-14 12:02:06,778 INFO Request is completed
/home/mundi/Summer2022/myfuncs.py:73: RuntimeWarning: More than 20 figures have been opened. Figures created through the pyplot interface (`matplotlib.pyplot.figure`) are retained until explicitly closed and may consume too much memory. (To control this warning, see the rcParam `figure.max_open_warning`).
  fig=plt.figure(figsize=[15,15])
2022-09-14 12:02:37,148 INFO Welcome to the CDS
2022-09-14 12:02:37,148 INFO Sending request to https://cds.climate.copernicus.eu/api/v2/resources/reanalysis-era5-single-levels
2022-09-14 12:02:37,314 INFO Request is completed
/home/mundi/Summer2022/myfuncs.py:73: RuntimeWarning: More than 20 figures have been opened. Figures created through the pyplot interface (`matplotlib.pyplot.figure`) are retained until explicitly closed and may consume too much memory. (To control this warning, see the rcParam `figure.max_open_warning`).
  fig=plt.figure(figsize=[15,15])
2022-09-14 12:02:41,206 INFO Welcome to the CDS
2022-09-14 12:02:41,206 INFO Sending request to https://cds.climate.copernicus.eu/api/v2/resources/reanalysis-era5-single-levels
2022-09-14 12:02:41,364 INFO Request is completed
/home/mundi/Summer2022/myfuncs.py:73: RuntimeWarning: More than 20 figures have been opened. Figures created through the pyplot interface (`matplotlib.pyplot.figure`) are retained until explicitly closed and may consume too much memory. (To control this warning, see the rcParam `figure.max_open_warning`).
  fig=plt.figure(figsize=[15,15])
2022-09-14 12:02:46,100 INFO Welcome to the CDS
2022-09-14 12:02:46,100 INFO Sending request to https://cds.climate.copernicus.eu/api/v2/resources/reanalysis-era5-single-levels
2022-09-14 12:02:46,244 INFO Request is completed
/home/mundi/Summer2022/myfuncs.py:73: RuntimeWarning: More than 20 figures have been opened. Figures created through the pyplot interface (`matplotlib.pyplot.figure`) are retained until explicitly closed and may consume too much memory. (To control this warning, see the rcParam `figure.max_open_warning`).
  fig=plt.figure(figsize=[15,15])
2022-09-14 12:02:50,174 INFO Welcome to the CDS
2022-09-14 12:02:50,174 INFO Sending request to https://cds.climate.copernicus.eu/api/v2/resources/reanalysis-era5-single-levels
2022-09-14 12:02:50,304 INFO Request is queued
2022-09-14 12:02:51,432 INFO Request is running
2022-09-14 12:02:53,436 INFO Request is completed
/home/mundi/Summer2022/myfuncs.py:73: RuntimeWarning: More than 20 figures have been opened. Figures created through the pyplot interface (`matplotlib.pyplot.figure`) are retained until explicitly closed and may consume too much memory. (To control this warning, see the rcParam `figure.max_open_warning`).
  fig=plt.figure(figsize=[15,15])
2022-09-14 12:02:58,327 INFO Welcome to the CDS
2022-09-14 12:02:58,328 INFO Sending request to https://cds.climate.copernicus.eu/api/v2/resources/reanalysis-era5-single-levels
2022-09-14 12:02:58,455 INFO Request is queued
2022-09-14 12:02:59,580 INFO Request is running
2022-09-14 12:03:01,206 INFO Request is completed
/home/mundi/Summer2022/myfuncs.py:73: RuntimeWarning: More than 20 figures have been opened. Figures created through the pyplot interface (`matplotlib.pyplot.figure`) are retained until explicitly closed and may consume too much memory. (To control this warning, see the rcParam `figure.max_open_warning`).
  fig=plt.figure(figsize=[15,15])
2022-09-14 12:03:03,789 INFO Welcome to the CDS
2022-09-14 12:03:03,789 INFO Sending request to https://cds.climate.copernicus.eu/api/v2/resources/reanalysis-era5-single-levels
2022-09-14 12:03:03,948 INFO Request is queued
2022-09-14 12:03:05,072 INFO Request is running
2022-09-14 12:03:06,697 INFO Request is completed
/home/mundi/Summer2022/myfuncs.py:73: RuntimeWarning: More than 20 figures have been opened. Figures created through the pyplot interface (`matplotlib.pyplot.figure`) are retained until explicitly closed and may consume too much memory. (To control this warning, see the rcParam `figure.max_open_warning`).
  fig=plt.figure(figsize=[15,15])
2022-09-14 12:03:09,362 INFO Welcome to the CDS
2022-09-14 12:03:09,362 INFO Sending request to https://cds.climate.copernicus.eu/api/v2/resources/reanalysis-era5-single-levels
2022-09-14 12:03:09,503 INFO Request is completed
/home/mundi/Summer2022/myfuncs.py:73: RuntimeWarning: More than 20 figures have been opened. Figures created through the pyplot interface (`matplotlib.pyplot.figure`) are retained until explicitly closed and may consume too much memory. (To control this warning, see the rcParam `figure.max_open_warning`).
  fig=plt.figure(figsize=[15,15])
2022-09-14 12:03:13,426 INFO Welcome to the CDS
2022-09-14 12:03:13,426 INFO Sending request to https://cds.climate.copernicus.eu/api/v2/resources/reanalysis-era5-single-levels
2022-09-14 12:03:13,569 INFO Request is completed
/home/mundi/Summer2022/myfuncs.py:73: RuntimeWarning: More than 20 figures have been opened. Figures created through the pyplot interface (`matplotlib.pyplot.figure`) are retained until explicitly closed and may consume too much memory. (To control this warning, see the rcParam `figure.max_open_warning`).
  fig=plt.figure(figsize=[15,15])
2022-09-14 12:03:21,274 INFO Welcome to the CDS
2022-09-14 12:03:21,275 INFO Sending request to https://cds.climate.copernicus.eu/api/v2/resources/reanalysis-era5-single-levels
2022-09-14 12:03:21,437 INFO Request is completed
/home/mundi/Summer2022/myfuncs.py:73: RuntimeWarning: More than 20 figures have been opened. Figures created through the pyplot interface (`matplotlib.pyplot.figure`) are retained until explicitly closed and may consume too much memory. (To control this warning, see the rcParam `figure.max_open_warning`).
  fig=plt.figure(figsize=[15,15])
2022-09-14 12:03:23,870 INFO Welcome to the CDS
2022-09-14 12:03:23,870 INFO Sending request to https://cds.climate.copernicus.eu/api/v2/resources/reanalysis-era5-single-levels
2022-09-14 12:03:24,039 INFO Request is completed
/home/mundi/Summer2022/myfuncs.py:73: RuntimeWarning: More than 20 figures have been opened. Figures created through the pyplot interface (`matplotlib.pyplot.figure`) are retained until explicitly closed and may consume too much memory. (To control this warning, see the rcParam `figure.max_open_warning`).
  fig=plt.figure(figsize=[15,15])
2022-09-14 12:03:26,694 INFO Welcome to the CDS
2022-09-14 12:03:26,694 INFO Sending request to https://cds.climate.copernicus.eu/api/v2/resources/reanalysis-era5-single-levels
2022-09-14 12:03:26,824 INFO Request is queued
2022-09-14 12:03:27,950 INFO Request is running
2022-09-14 12:03:29,577 INFO Request is completed
/home/mundi/Summer2022/myfuncs.py:73: RuntimeWarning: More than 20 figures have been opened. Figures created through the pyplot interface (`matplotlib.pyplot.figure`) are retained until explicitly closed and may consume too much memory. (To control this warning, see the rcParam `figure.max_open_warning`).
  fig=plt.figure(figsize=[15,15])
2022-09-14 12:03:36,043 INFO Welcome to the CDS
2022-09-14 12:03:36,043 INFO Sending request to https://cds.climate.copernicus.eu/api/v2/resources/reanalysis-era5-single-levels
2022-09-14 12:03:36,248 INFO Request is completed
/home/mundi/Summer2022/myfuncs.py:73: RuntimeWarning: More than 20 figures have been opened. Figures created through the pyplot interface (`matplotlib.pyplot.figure`) are retained until explicitly closed and may consume too much memory. (To control this warning, see the rcParam `figure.max_open_warning`).
  fig=plt.figure(figsize=[15,15])
2022-09-14 12:03:44,251 INFO Welcome to the CDS
2022-09-14 12:03:44,252 INFO Sending request to https://cds.climate.copernicus.eu/api/v2/resources/reanalysis-era5-single-levels
2022-09-14 12:03:44,393 INFO Request is completed
/home/mundi/Summer2022/myfuncs.py:73: RuntimeWarning: More than 20 figures have been opened. Figures created through the pyplot interface (`matplotlib.pyplot.figure`) are retained until explicitly closed and may consume too much memory. (To control this warning, see the rcParam `figure.max_open_warning`).
  fig=plt.figure(figsize=[15,15])
2022-09-14 12:03:50,508 INFO Welcome to the CDS
2022-09-14 12:03:50,508 INFO Sending request to https://cds.climate.copernicus.eu/api/v2/resources/reanalysis-era5-single-levels
2022-09-14 12:03:50,655 INFO Request is queued
2022-09-14 12:03:51,781 INFO Request is running
2022-09-14 12:03:53,406 INFO Request is completed
/home/mundi/Summer2022/myfuncs.py:73: RuntimeWarning: More than 20 figures have been opened. Figures created through the pyplot interface (`matplotlib.pyplot.figure`) are retained until explicitly closed and may consume too much memory. (To control this warning, see the rcParam `figure.max_open_warning`).
  fig=plt.figure(figsize=[15,15])
2022-09-14 12:03:57,413 INFO Welcome to the CDS
2022-09-14 12:03:57,414 INFO Sending request to https://cds.climate.copernicus.eu/api/v2/resources/reanalysis-era5-single-levels
2022-09-14 12:03:57,557 INFO Request is completed
/home/mundi/Summer2022/myfuncs.py:73: RuntimeWarning: More than 20 figures have been opened. Figures created through the pyplot interface (`matplotlib.pyplot.figure`) are retained until explicitly closed and may consume too much memory. (To control this warning, see the rcParam `figure.max_open_warning`).
  fig=plt.figure(figsize=[15,15])
2022-09-14 12:04:08,430 INFO Welcome to the CDS
2022-09-14 12:04:08,430 INFO Sending request to https://cds.climate.copernicus.eu/api/v2/resources/reanalysis-era5-single-levels
2022-09-14 12:04:08,628 INFO Request is completed
/home/mundi/Summer2022/myfuncs.py:73: RuntimeWarning: More than 20 figures have been opened. Figures created through the pyplot interface (`matplotlib.pyplot.figure`) are retained until explicitly closed and may consume too much memory. (To control this warning, see the rcParam `figure.max_open_warning`).
  fig=plt.figure(figsize=[15,15])
2022-09-14 12:04:11,767 INFO Welcome to the CDS
2022-09-14 12:04:11,767 INFO Sending request to https://cds.climate.copernicus.eu/api/v2/resources/reanalysis-era5-single-levels
2022-09-14 12:04:12,069 INFO Request is queued
2022-09-14 12:04:13,195 INFO Request is running
2022-09-14 12:04:17,200 INFO Request is completed
/home/mundi/Summer2022/myfuncs.py:73: RuntimeWarning: More than 20 figures have been opened. Figures created through the pyplot interface (`matplotlib.pyplot.figure`) are retained until explicitly closed and may consume too much memory. (To control this warning, see the rcParam `figure.max_open_warning`).
  fig=plt.figure(figsize=[15,15])
2022-09-14 12:04:19,386 INFO Welcome to the CDS
2022-09-14 12:04:19,386 INFO Sending request to https://cds.climate.copernicus.eu/api/v2/resources/reanalysis-era5-single-levels
2022-09-14 12:04:19,526 INFO Request is queued
2022-09-14 12:04:20,651 INFO Request is running
2022-09-14 12:04:24,654 INFO Request is completed
/home/mundi/Summer2022/myfuncs.py:73: RuntimeWarning: More than 20 figures have been opened. Figures created through the pyplot interface (`matplotlib.pyplot.figure`) are retained until explicitly closed and may consume too much memory. (To control this warning, see the rcParam `figure.max_open_warning`).
  fig=plt.figure(figsize=[15,15])
2022-09-14 12:04:27,025 INFO Welcome to the CDS
2022-09-14 12:04:27,025 INFO Sending request to https://cds.climate.copernicus.eu/api/v2/resources/reanalysis-era5-single-levels
2022-09-14 12:04:27,153 INFO Request is queued
2022-09-14 12:04:28,279 INFO Request is running
2022-09-14 12:04:29,906 INFO Request is completed
/home/mundi/Summer2022/myfuncs.py:73: RuntimeWarning: More than 20 figures have been opened. Figures created through the pyplot interface (`matplotlib.pyplot.figure`) are retained until explicitly closed and may consume too much memory. (To control this warning, see the rcParam `figure.max_open_warning`).
  fig=plt.figure(figsize=[15,15])
2022-09-14 12:04:34,834 INFO Welcome to the CDS
2022-09-14 12:04:34,834 INFO Sending request to https://cds.climate.copernicus.eu/api/v2/resources/reanalysis-era5-single-levels
2022-09-14 12:04:34,972 INFO Request is queued
2022-09-14 12:04:36,098 INFO Request is running
2022-09-14 12:04:40,100 INFO Request is completed
/home/mundi/Summer2022/myfuncs.py:73: RuntimeWarning: More than 20 figures have been opened. Figures created through the pyplot interface (`matplotlib.pyplot.figure`) are retained until explicitly closed and may consume too much memory. (To control this warning, see the rcParam `figure.max_open_warning`).
  fig=plt.figure(figsize=[15,15])
2022-09-14 12:04:45,734 INFO Welcome to the CDS
2022-09-14 12:04:45,734 INFO Sending request to https://cds.climate.copernicus.eu/api/v2/resources/reanalysis-era5-single-levels
2022-09-14 12:04:45,876 INFO Request is completed
/home/mundi/Summer2022/myfuncs.py:73: RuntimeWarning: More than 20 figures have been opened. Figures created through the pyplot interface (`matplotlib.pyplot.figure`) are retained until explicitly closed and may consume too much memory. (To control this warning, see the rcParam `figure.max_open_warning`).
  fig=plt.figure(figsize=[15,15])
2022-09-14 12:04:48,171 INFO Welcome to the CDS
2022-09-14 12:04:48,171 INFO Sending request to https://cds.climate.copernicus.eu/api/v2/resources/reanalysis-era5-single-levels
2022-09-14 12:04:48,385 INFO Request is completed
/home/mundi/Summer2022/myfuncs.py:73: RuntimeWarning: More than 20 figures have been opened. Figures created through the pyplot interface (`matplotlib.pyplot.figure`) are retained until explicitly closed and may consume too much memory. (To control this warning, see the rcParam `figure.max_open_warning`).
  fig=plt.figure(figsize=[15,15])
2022-09-14 12:04:51,050 INFO Welcome to the CDS
2022-09-14 12:04:51,050 INFO Sending request to https://cds.climate.copernicus.eu/api/v2/resources/reanalysis-era5-single-levels
2022-09-14 12:04:51,194 INFO Request is completed
/home/mundi/Summer2022/myfuncs.py:73: RuntimeWarning: More than 20 figures have been opened. Figures created through the pyplot interface (`matplotlib.pyplot.figure`) are retained until explicitly closed and may consume too much memory. (To control this warning, see the rcParam `figure.max_open_warning`).
  fig=plt.figure(figsize=[15,15])
2022-09-14 12:05:01,076 INFO Welcome to the CDS
2022-09-14 12:05:01,077 INFO Sending request to https://cds.climate.copernicus.eu/api/v2/resources/reanalysis-era5-single-levels
2022-09-14 12:05:01,221 INFO Request is completed
/home/mundi/Summer2022/myfuncs.py:73: RuntimeWarning: More than 20 figures have been opened. Figures created through the pyplot interface (`matplotlib.pyplot.figure`) are retained until explicitly closed and may consume too much memory. (To control this warning, see the rcParam `figure.max_open_warning`).
  fig=plt.figure(figsize=[15,15])
2022-09-14 12:05:08,938 INFO Welcome to the CDS
2022-09-14 12:05:08,938 INFO Sending request to https://cds.climate.copernicus.eu/api/v2/resources/reanalysis-era5-single-levels
2022-09-14 12:05:09,085 INFO Request is completed
/home/mundi/Summer2022/myfuncs.py:73: RuntimeWarning: More than 20 figures have been opened. Figures created through the pyplot interface (`matplotlib.pyplot.figure`) are retained until explicitly closed and may consume too much memory. (To control this warning, see the rcParam `figure.max_open_warning`).
  fig=plt.figure(figsize=[15,15])
2022-09-14 12:05:11,265 INFO Welcome to the CDS
2022-09-14 12:05:11,265 INFO Sending request to https://cds.climate.copernicus.eu/api/v2/resources/reanalysis-era5-single-levels
2022-09-14 12:05:11,408 INFO Request is completed
/home/mundi/Summer2022/myfuncs.py:73: RuntimeWarning: More than 20 figures have been opened. Figures created through the pyplot interface (`matplotlib.pyplot.figure`) are retained until explicitly closed and may consume too much memory. (To control this warning, see the rcParam `figure.max_open_warning`).
  fig=plt.figure(figsize=[15,15])
2022-09-14 12:05:13,578 INFO Welcome to the CDS
2022-09-14 12:05:13,578 INFO Sending request to https://cds.climate.copernicus.eu/api/v2/resources/reanalysis-era5-single-levels
2022-09-14 12:05:13,722 INFO Request is completed
/home/mundi/Summer2022/myfuncs.py:73: RuntimeWarning: More than 20 figures have been opened. Figures created through the pyplot interface (`matplotlib.pyplot.figure`) are retained until explicitly closed and may consume too much memory. (To control this warning, see the rcParam `figure.max_open_warning`).
  fig=plt.figure(figsize=[15,15])
2022-09-14 12:05:23,098 INFO Welcome to the CDS
2022-09-14 12:05:23,098 INFO Sending request to https://cds.climate.copernicus.eu/api/v2/resources/reanalysis-era5-single-levels
2022-09-14 12:05:23,253 INFO Request is completed
/home/mundi/Summer2022/myfuncs.py:73: RuntimeWarning: More than 20 figures have been opened. Figures created through the pyplot interface (`matplotlib.pyplot.figure`) are retained until explicitly closed and may consume too much memory. (To control this warning, see the rcParam `figure.max_open_warning`).
  fig=plt.figure(figsize=[15,15])
2022-09-14 12:05:50,079 INFO Welcome to the CDS
2022-09-14 12:05:50,079 INFO Sending request to https://cds.climate.copernicus.eu/api/v2/resources/reanalysis-era5-single-levels
2022-09-14 12:05:50,332 INFO Request is completed
/home/mundi/Summer2022/myfuncs.py:73: RuntimeWarning: More than 20 figures have been opened. Figures created through the pyplot interface (`matplotlib.pyplot.figure`) are retained until explicitly closed and may consume too much memory. (To control this warning, see the rcParam `figure.max_open_warning`).
  fig=plt.figure(figsize=[15,15])
2022-09-14 12:05:54,979 INFO Welcome to the CDS
2022-09-14 12:05:54,980 INFO Sending request to https://cds.climate.copernicus.eu/api/v2/resources/reanalysis-era5-single-levels
2022-09-14 12:05:55,136 INFO Request is completed
/home/mundi/Summer2022/myfuncs.py:73: RuntimeWarning: More than 20 figures have been opened. Figures created through the pyplot interface (`matplotlib.pyplot.figure`) are retained until explicitly closed and may consume too much memory. (To control this warning, see the rcParam `figure.max_open_warning`).
  fig=plt.figure(figsize=[15,15])
2022-09-14 12:05:57,829 INFO Welcome to the CDS
2022-09-14 12:05:57,829 INFO Sending request to https://cds.climate.copernicus.eu/api/v2/resources/reanalysis-era5-single-levels
2022-09-14 12:05:58,337 INFO Request is queued
2022-09-14 12:05:59,463 INFO Request is running
2022-09-14 12:06:01,088 INFO Request is completed
/home/mundi/Summer2022/myfuncs.py:73: RuntimeWarning: More than 20 figures have been opened. Figures created through the pyplot interface (`matplotlib.pyplot.figure`) are retained until explicitly closed and may consume too much memory. (To control this warning, see the rcParam `figure.max_open_warning`).
  fig=plt.figure(figsize=[15,15])
2022-09-14 12:06:03,820 INFO Welcome to the CDS
2022-09-14 12:06:03,821 INFO Sending request to https://cds.climate.copernicus.eu/api/v2/resources/reanalysis-era5-single-levels
2022-09-14 12:06:03,948 INFO Request is queued
2022-09-14 12:06:05,072 INFO Request is running
2022-09-14 12:06:09,074 INFO Request is completed
/home/mundi/Summer2022/myfuncs.py:73: RuntimeWarning: More than 20 figures have been opened. Figures created through the pyplot interface (`matplotlib.pyplot.figure`) are retained until explicitly closed and may consume too much memory. (To control this warning, see the rcParam `figure.max_open_warning`).
  fig=plt.figure(figsize=[15,15])
2022-09-14 12:06:12,328 INFO Welcome to the CDS
2022-09-14 12:06:12,328 INFO Sending request to https://cds.climate.copernicus.eu/api/v2/resources/reanalysis-era5-single-levels
2022-09-14 12:06:12,457 INFO Request is queued
2022-09-14 12:06:13,582 INFO Request is running
2022-09-14 12:06:15,207 INFO Request is completed
/home/mundi/Summer2022/myfuncs.py:73: RuntimeWarning: More than 20 figures have been opened. Figures created through the pyplot interface (`matplotlib.pyplot.figure`) are retained until explicitly closed and may consume too much memory. (To control this warning, see the rcParam `figure.max_open_warning`).
  fig=plt.figure(figsize=[15,15])
2022-09-14 12:06:19,249 INFO Welcome to the CDS
2022-09-14 12:06:19,249 INFO Sending request to https://cds.climate.copernicus.eu/api/v2/resources/reanalysis-era5-single-levels
2022-09-14 12:06:19,376 INFO Request is queued
2022-09-14 12:06:20,501 INFO Request is running
2022-09-14 12:06:24,502 INFO Request is completed
/home/mundi/Summer2022/myfuncs.py:73: RuntimeWarning: More than 20 figures have been opened. Figures created through the pyplot interface (`matplotlib.pyplot.figure`) are retained until explicitly closed and may consume too much memory. (To control this warning, see the rcParam `figure.max_open_warning`).
  fig=plt.figure(figsize=[15,15])
2022-09-14 12:06:29,242 INFO Welcome to the CDS
2022-09-14 12:06:29,242 INFO Sending request to https://cds.climate.copernicus.eu/api/v2/resources/reanalysis-era5-single-levels
2022-09-14 12:06:29,372 INFO Request is queued
2022-09-14 12:06:30,498 INFO Request is running
2022-09-14 12:06:32,123 INFO Request is completed
/home/mundi/Summer2022/myfuncs.py:73: RuntimeWarning: More than 20 figures have been opened. Figures created through the pyplot interface (`matplotlib.pyplot.figure`) are retained until explicitly closed and may consume too much memory. (To control this warning, see the rcParam `figure.max_open_warning`).
  fig=plt.figure(figsize=[15,15])
2022-09-14 12:06:42,555 INFO Welcome to the CDS
2022-09-14 12:06:42,555 INFO Sending request to https://cds.climate.copernicus.eu/api/v2/resources/reanalysis-era5-single-levels
2022-09-14 12:06:42,684 INFO Request is queued
2022-09-14 12:06:43,809 INFO Request is running
2022-09-14 12:06:45,435 INFO Request is completed
/home/mundi/Summer2022/myfuncs.py:73: RuntimeWarning: More than 20 figures have been opened. Figures created through the pyplot interface (`matplotlib.pyplot.figure`) are retained until explicitly closed and may consume too much memory. (To control this warning, see the rcParam `figure.max_open_warning`).
  fig=plt.figure(figsize=[15,15])
2022-09-14 12:06:49,967 INFO Welcome to the CDS
2022-09-14 12:06:49,967 INFO Sending request to https://cds.climate.copernicus.eu/api/v2/resources/reanalysis-era5-single-levels
2022-09-14 12:06:50,124 INFO Request is queued
2022-09-14 12:06:51,250 INFO Request is running
2022-09-14 12:06:52,878 INFO Request is completed
/home/mundi/Summer2022/myfuncs.py:73: RuntimeWarning: More than 20 figures have been opened. Figures created through the pyplot interface (`matplotlib.pyplot.figure`) are retained until explicitly closed and may consume too much memory. (To control this warning, see the rcParam `figure.max_open_warning`).
  fig=plt.figure(figsize=[15,15])
2022-09-14 12:06:57,466 INFO Welcome to the CDS
2022-09-14 12:06:57,466 INFO Sending request to https://cds.climate.copernicus.eu/api/v2/resources/reanalysis-era5-single-levels
2022-09-14 12:06:57,609 INFO Request is queued
2022-09-14 12:06:58,735 INFO Request is running
2022-09-14 12:07:00,361 INFO Request is completed
/home/mundi/Summer2022/myfuncs.py:73: RuntimeWarning: More than 20 figures have been opened. Figures created through the pyplot interface (`matplotlib.pyplot.figure`) are retained until explicitly closed and may consume too much memory. (To control this warning, see the rcParam `figure.max_open_warning`).
  fig=plt.figure(figsize=[15,15])
2022-09-14 12:07:04,848 INFO Welcome to the CDS
2022-09-14 12:07:04,848 INFO Sending request to https://cds.climate.copernicus.eu/api/v2/resources/reanalysis-era5-single-levels
2022-09-14 12:07:04,989 INFO Request is completed
/home/mundi/Summer2022/myfuncs.py:73: RuntimeWarning: More than 20 figures have been opened. Figures created through the pyplot interface (`matplotlib.pyplot.figure`) are retained until explicitly closed and may consume too much memory. (To control this warning, see the rcParam `figure.max_open_warning`).
  fig=plt.figure(figsize=[15,15])
2022-09-14 12:07:13,943 INFO Welcome to the CDS
2022-09-14 12:07:13,943 INFO Sending request to https://cds.climate.copernicus.eu/api/v2/resources/reanalysis-era5-single-levels
2022-09-14 12:07:14,124 INFO Request is completed
/home/mundi/Summer2022/myfuncs.py:73: RuntimeWarning: More than 20 figures have been opened. Figures created through the pyplot interface (`matplotlib.pyplot.figure`) are retained until explicitly closed and may consume too much memory. (To control this warning, see the rcParam `figure.max_open_warning`).
  fig=plt.figure(figsize=[15,15])
2022-09-14 12:07:18,192 INFO Welcome to the CDS
2022-09-14 12:07:18,193 INFO Sending request to https://cds.climate.copernicus.eu/api/v2/resources/reanalysis-era5-single-levels
2022-09-14 12:07:18,342 INFO Request is completed
/home/mundi/Summer2022/myfuncs.py:73: RuntimeWarning: More than 20 figures have been opened. Figures created through the pyplot interface (`matplotlib.pyplot.figure`) are retained until explicitly closed and may consume too much memory. (To control this warning, see the rcParam `figure.max_open_warning`).
  fig=plt.figure(figsize=[15,15])
2022-09-14 12:07:21,104 INFO Welcome to the CDS
2022-09-14 12:07:21,104 INFO Sending request to https://cds.climate.copernicus.eu/api/v2/resources/reanalysis-era5-single-levels
2022-09-14 12:07:21,235 INFO Request is queued
2022-09-14 12:07:22,360 INFO Request is running
2022-09-14 12:07:26,363 INFO Request is completed
/home/mundi/Summer2022/myfuncs.py:73: RuntimeWarning: More than 20 figures have been opened. Figures created through the pyplot interface (`matplotlib.pyplot.figure`) are retained until explicitly closed and may consume too much memory. (To control this warning, see the rcParam `figure.max_open_warning`).
  fig=plt.figure(figsize=[15,15])
2022-09-14 12:07:30,316 INFO Welcome to the CDS
2022-09-14 12:07:30,316 INFO Sending request to https://cds.climate.copernicus.eu/api/v2/resources/reanalysis-era5-single-levels
2022-09-14 12:07:30,445 INFO Request is queued
2022-09-14 12:07:31,572 INFO Request is running
2022-09-14 12:07:33,198 INFO Request is completed
/home/mundi/Summer2022/myfuncs.py:73: RuntimeWarning: More than 20 figures have been opened. Figures created through the pyplot interface (`matplotlib.pyplot.figure`) are retained until explicitly closed and may consume too much memory. (To control this warning, see the rcParam `figure.max_open_warning`).
  fig=plt.figure(figsize=[15,15])
2022-09-14 12:07:35,926 INFO Welcome to the CDS
2022-09-14 12:07:35,926 INFO Sending request to https://cds.climate.copernicus.eu/api/v2/resources/reanalysis-era5-single-levels
2022-09-14 12:07:36,054 INFO Request is queued
2022-09-14 12:07:37,179 INFO Request is running
2022-09-14 12:07:38,804 INFO Request is completed
/home/mundi/Summer2022/myfuncs.py:73: RuntimeWarning: More than 20 figures have been opened. Figures created through the pyplot interface (`matplotlib.pyplot.figure`) are retained until explicitly closed and may consume too much memory. (To control this warning, see the rcParam `figure.max_open_warning`).
  fig=plt.figure(figsize=[15,15])
2022-09-14 12:07:44,558 INFO Welcome to the CDS
2022-09-14 12:07:44,559 INFO Sending request to https://cds.climate.copernicus.eu/api/v2/resources/reanalysis-era5-single-levels
2022-09-14 12:07:44,699 INFO Request is queued
2022-09-14 12:07:45,825 INFO Request is running
2022-09-14 12:07:49,829 INFO Request is completed
/home/mundi/Summer2022/myfuncs.py:73: RuntimeWarning: More than 20 figures have been opened. Figures created through the pyplot interface (`matplotlib.pyplot.figure`) are retained until explicitly closed and may consume too much memory. (To control this warning, see the rcParam `figure.max_open_warning`).
  fig=plt.figure(figsize=[15,15])
2022-09-14 12:07:52,094 INFO Welcome to the CDS
2022-09-14 12:07:52,094 INFO Sending request to https://cds.climate.copernicus.eu/api/v2/resources/reanalysis-era5-single-levels
2022-09-14 12:07:52,224 INFO Request is queued
2022-09-14 12:07:53,349 INFO Request is running
2022-09-14 12:07:54,975 INFO Request is completed
/home/mundi/Summer2022/myfuncs.py:73: RuntimeWarning: More than 20 figures have been opened. Figures created through the pyplot interface (`matplotlib.pyplot.figure`) are retained until explicitly closed and may consume too much memory. (To control this warning, see the rcParam `figure.max_open_warning`).
  fig=plt.figure(figsize=[15,15])
2022-09-14 12:08:00,076 INFO Welcome to the CDS
2022-09-14 12:08:00,076 INFO Sending request to https://cds.climate.copernicus.eu/api/v2/resources/reanalysis-era5-single-levels
2022-09-14 12:08:00,204 INFO Request is queued
2022-09-14 12:08:01,329 INFO Request is running
2022-09-14 12:08:05,333 INFO Request is completed
/home/mundi/Summer2022/myfuncs.py:73: RuntimeWarning: More than 20 figures have been opened. Figures created through the pyplot interface (`matplotlib.pyplot.figure`) are retained until explicitly closed and may consume too much memory. (To control this warning, see the rcParam `figure.max_open_warning`).
  fig=plt.figure(figsize=[15,15])
2022-09-14 12:08:11,064 INFO Welcome to the CDS
2022-09-14 12:08:11,064 INFO Sending request to https://cds.climate.copernicus.eu/api/v2/resources/reanalysis-era5-single-levels
2022-09-14 12:08:11,193 INFO Request is queued
2022-09-14 12:08:12,319 INFO Request is running
2022-09-14 12:08:16,320 INFO Request is completed
/home/mundi/Summer2022/myfuncs.py:73: RuntimeWarning: More than 20 figures have been opened. Figures created through the pyplot interface (`matplotlib.pyplot.figure`) are retained until explicitly closed and may consume too much memory. (To control this warning, see the rcParam `figure.max_open_warning`).
  fig=plt.figure(figsize=[15,15])
2022-09-14 12:08:18,842 INFO Welcome to the CDS
2022-09-14 12:08:18,843 INFO Sending request to https://cds.climate.copernicus.eu/api/v2/resources/reanalysis-era5-single-levels
2022-09-14 12:08:18,971 INFO Request is queued
2022-09-14 12:08:20,096 INFO Request is running
2022-09-14 12:08:24,099 INFO Request is completed
/home/mundi/Summer2022/myfuncs.py:73: RuntimeWarning: More than 20 figures have been opened. Figures created through the pyplot interface (`matplotlib.pyplot.figure`) are retained until explicitly closed and may consume too much memory. (To control this warning, see the rcParam `figure.max_open_warning`).
  fig=plt.figure(figsize=[15,15])
2022-09-14 12:08:28,305 INFO Welcome to the CDS
2022-09-14 12:08:28,305 INFO Sending request to https://cds.climate.copernicus.eu/api/v2/resources/reanalysis-era5-single-levels
2022-09-14 12:08:28,434 INFO Request is queued
2022-09-14 12:08:29,559 INFO Request is running
2022-09-14 12:08:33,562 INFO Request is completed
/home/mundi/Summer2022/myfuncs.py:73: RuntimeWarning: More than 20 figures have been opened. Figures created through the pyplot interface (`matplotlib.pyplot.figure`) are retained until explicitly closed and may consume too much memory. (To control this warning, see the rcParam `figure.max_open_warning`).
  fig=plt.figure(figsize=[15,15])
2022-09-14 12:08:37,805 INFO Welcome to the CDS
2022-09-14 12:08:37,806 INFO Sending request to https://cds.climate.copernicus.eu/api/v2/resources/reanalysis-era5-single-levels
2022-09-14 12:08:37,956 INFO Request is queued
2022-09-14 12:08:39,081 INFO Request is running
2022-09-14 12:08:43,083 INFO Request is completed
/home/mundi/Summer2022/myfuncs.py:73: RuntimeWarning: More than 20 figures have been opened. Figures created through the pyplot interface (`matplotlib.pyplot.figure`) are retained until explicitly closed and may consume too much memory. (To control this warning, see the rcParam `figure.max_open_warning`).
  fig=plt.figure(figsize=[15,15])
2022-09-14 12:08:46,724 INFO Welcome to the CDS
2022-09-14 12:08:46,724 INFO Sending request to https://cds.climate.copernicus.eu/api/v2/resources/reanalysis-era5-single-levels
2022-09-14 12:08:46,853 INFO Request is queued
2022-09-14 12:08:47,979 INFO Request is running
2022-09-14 12:08:51,989 INFO Request is completed
/home/mundi/Summer2022/myfuncs.py:73: RuntimeWarning: More than 20 figures have been opened. Figures created through the pyplot interface (`matplotlib.pyplot.figure`) are retained until explicitly closed and may consume too much memory. (To control this warning, see the rcParam `figure.max_open_warning`).
  fig=plt.figure(figsize=[15,15])
2022-09-14 12:08:56,942 INFO Welcome to the CDS
2022-09-14 12:08:56,943 INFO Sending request to https://cds.climate.copernicus.eu/api/v2/resources/reanalysis-era5-single-levels
2022-09-14 12:08:57,075 INFO Request is queued
2022-09-14 12:08:58,201 INFO Request is running
2022-09-14 12:08:59,827 INFO Request is completed
/home/mundi/Summer2022/myfuncs.py:73: RuntimeWarning: More than 20 figures have been opened. Figures created through the pyplot interface (`matplotlib.pyplot.figure`) are retained until explicitly closed and may consume too much memory. (To control this warning, see the rcParam `figure.max_open_warning`).
  fig=plt.figure(figsize=[15,15])
2022-09-14 12:09:02,444 INFO Welcome to the CDS
2022-09-14 12:09:02,444 INFO Sending request to https://cds.climate.copernicus.eu/api/v2/resources/reanalysis-era5-single-levels
2022-09-14 12:09:02,574 INFO Request is queued
2022-09-14 12:09:03,700 INFO Request is running
2022-09-14 12:09:07,704 INFO Request is completed
/home/mundi/Summer2022/myfuncs.py:73: RuntimeWarning: More than 20 figures have been opened. Figures created through the pyplot interface (`matplotlib.pyplot.figure`) are retained until explicitly closed and may consume too much memory. (To control this warning, see the rcParam `figure.max_open_warning`).
  fig=plt.figure(figsize=[15,15])
2022-09-14 12:09:12,639 INFO Welcome to the CDS
2022-09-14 12:09:12,640 INFO Sending request to https://cds.climate.copernicus.eu/api/v2/resources/reanalysis-era5-single-levels
2022-09-14 12:09:12,803 INFO Request is completed
/home/mundi/Summer2022/myfuncs.py:73: RuntimeWarning: More than 20 figures have been opened. Figures created through the pyplot interface (`matplotlib.pyplot.figure`) are retained until explicitly closed and may consume too much memory. (To control this warning, see the rcParam `figure.max_open_warning`).
  fig=plt.figure(figsize=[15,15])
/home/mundi/miniconda3/envs/cyc_loc/lib/python3.8/site-packages/cartopy/mpl/geoaxes.py:1478: UserWarning: No contour levels were found within the data range.
  result = matplotlib.axes.Axes.contour(self, *args, **kwargs)
2022-09-14 12:09:25,032 INFO Welcome to the CDS
2022-09-14 12:09:25,033 INFO Sending request to https://cds.climate.copernicus.eu/api/v2/resources/reanalysis-era5-single-levels
2022-09-14 12:09:25,179 INFO Request is completed
/home/mundi/Summer2022/myfuncs.py:73: RuntimeWarning: More than 20 figures have been opened. Figures created through the pyplot interface (`matplotlib.pyplot.figure`) are retained until explicitly closed and may consume too much memory. (To control this warning, see the rcParam `figure.max_open_warning`).
  fig=plt.figure(figsize=[15,15])
2022-09-14 12:09:30,014 INFO Welcome to the CDS
2022-09-14 12:09:30,014 INFO Sending request to https://cds.climate.copernicus.eu/api/v2/resources/reanalysis-era5-single-levels
2022-09-14 12:09:30,175 INFO Request is completed
/home/mundi/Summer2022/myfuncs.py:73: RuntimeWarning: More than 20 figures have been opened. Figures created through the pyplot interface (`matplotlib.pyplot.figure`) are retained until explicitly closed and may consume too much memory. (To control this warning, see the rcParam `figure.max_open_warning`).
  fig=plt.figure(figsize=[15,15])
2022-09-14 12:09:38,585 INFO Welcome to the CDS
2022-09-14 12:09:38,585 INFO Sending request to https://cds.climate.copernicus.eu/api/v2/resources/reanalysis-era5-single-levels
2022-09-14 12:09:38,729 INFO Request is completed
/home/mundi/Summer2022/myfuncs.py:73: RuntimeWarning: More than 20 figures have been opened. Figures created through the pyplot interface (`matplotlib.pyplot.figure`) are retained until explicitly closed and may consume too much memory. (To control this warning, see the rcParam `figure.max_open_warning`).
  fig=plt.figure(figsize=[15,15])


