 
 
Storm 1/29

2017 6 9
---------

2017 6 10
---------

2017 6 11
---------
coords_2017_0609_990
coords_2017_0610_1000
coords_2017_0610_990
coords_2017_0611_1000
coords_2017_0611_990
*exported*
Storm 2/29

2017 6 15
---------

2017 6 16
---------

2017 6 17
---------

2017 6 18
---------
coords_2017_0615_990
coords_2017_0616_1000
coords_2017_0616_990
coords_2017_0617_1000
coords_2017_0617_990
coords_2017_0618_1000
coords_2017_0618_990
*exported*
Storm 3/29

2017 6 19
---------

2017 6 20
---------

2017 6 21
---------

2017 6 22
---------
coords_2017_0619_990
coords_2017_0619_1000
coords_2017_0620_990
coords_2017_0620_1000
coords_2017_0621_990
coords_2017_0622_1000
coords_2017_0622_990
*exported*
Storm 4/29

2017 6 20
---------

2017 6 21
---------

2017 6 22
---------

2017 6 23
---------

2017 6 24
---------
coords_2017_0620_990
coords_2017_0621_1000
coords_2017_0621_990
coords_2017_0621_1000
coords_2017_0622_990
coords_2017_0622_1000
coords_2017_0623_990
coords_2017_0623_1000
coords_2017_0624_990
coords_2017_0624_1000
*exported*
Storm 5/29

2017 6 23
---------

2017 6 24
---------

2017 6 25
---------

2017 6 26
---------
coords_2017_0623_990
coords_2017_0624_1000
coords_2017_0625_990
coords_2017_0626_1000
*exported*
Storm 6/29

2017 6 23
---------

2017 6 24
---------

2017 6 25
---------

2017 6 26
---------
coords_2017_0623_990
coords_2017_0624_1000
coords_2017_0625_990
coords_2017_0625_1000
coords_2017_0626_990
*exported*
Storm 7/29

2017 6 24
---------

2017 6 25
---------

2017 6 26
---------
coords_2017_0625_990
coords_2017_0626_1000
*exported*
Storm 8/29

2017 6 25
---------

2017 6 26
---------

2017 6 27
---------

2017 6 28
---------
coords_2017_0625_990
coords_2017_0625_1000
coords_2017_0627_990
coords_2017_0627_1000
coords_2017_0628_990
coords_2017_0628_1000
coords_2017_0628_990
*exported*
Storm 9/29

2017 6 30
---------

2017 7 1
---------

2017 7 2
---------
coords_2017_0630_990
coords_2017_0630_1000
coords_2017_0701_990
coords_2017_0701_1000
coords_2017_0702_990
coords_2017_0702_1000
*exported*
Storm 10/29

2017 7 3
---------

2017 7 4
---------

2017 7 5
---------
coords_2017_0703_990
coords_2017_0703_1000
coords_2017_0704_990
coords_2017_0704_1000
coords_2017_0705_990
coords_2017_0705_1000
*exported*
Storm 11/29

2017 7 15
---------

2017 7 16
---------

2017 7 17
---------

2017 7 18
---------
coords_2017_0715_990
coords_2017_0715_1000
coords_2017_0716_990
coords_2017_0716_1000
coords_2017_0717_990
coords_2017_0717_1000
coords_2017_0718_990
coords_2017_0718_1000
*exported*
Storm 12/29

2017 7 18
---------

2017 7 19
---------
coords_2017_0718_990
coords_2017_0718_1000
coords_2017_0719_990
coords_2017_0719_1000
*exported*
Storm 13/29

2017 7 30
---------

2017 7 31
---------

2017 8 1
---------

2017 8 2
---------
coords_2017_0730_990
coords_2017_0730_1000
coords_2017_0730_990
coords_2017_0730_1000
coords_2017_0731_990
coords_2017_0731_1000
coords_2017_0731_990
coords_2017_0731_1000
coords_2017_0801_990
coords_2017_0801_1000
coords_2017_0801_990
coords_2017_0802_1000
coords_2017_0802_990
*exported*
Storm 14/29

2017 7 30
---------

2017 7 31
---------

2017 8 1
---------

2017 8 2
---------
coords_2017_0730_990
coords_2017_0730_1000
coords_2017_0730_990
coords_2017_0730_1000
coords_2017_0731_990
coords_2017_0731_1000
coords_2017_0731_990
coords_2017_0731_1000
coords_2017_0801_990
coords_2017_0801_1000
coords_2017_0801_990
coords_2017_0802_1000
*exported*
Storm 15/29

2017 8 5
---------

2017 8 6
---------

2017 8 7
---------
coords_2017_0805_990
coords_2017_0806_1000
coords_2017_0806_990
coords_2017_0807_1000
*exported*
Storm 16/29

2017 8 6
---------

2017 8 7
---------

2017 8 8
---------

2017 8 9
---------
coords_2017_0806_990
coords_2017_0806_1000
coords_2017_0807_990
coords_2017_0807_1000
coords_2017_0808_990
coords_2017_0809_1000
coords_2017_0809_990
coords_2017_0809_1000
coords_2017_0809_990
*exported*
Storm 17/29

2017 8 8
---------

2017 8 9
---------

2017 8 10
---------

2017 8 11
---------

2017 8 12
---------

2017 8 13
---------
coords_2017_0808_990
coords_2017_0808_1000
coords_2017_0809_990
coords_2017_0809_1000
coords_2017_0809_990
coords_2017_0809_1000
coords_2017_0810_990
coords_2017_0810_1000
coords_2017_0811_990
coords_2017_0811_1000
coords_2017_0812_990
coords_2017_0813_1000
*exported*
Storm 18/29

2017 8 11
---------
1000: ['8'], ['11']

2017 8 12
---------

2017 8 13
---------

2017 8 14
---------

2017 8 15
---------

2017 8 16
---------
coords_2017_0812_990
coords_2017_0812_1000
coords_2017_0813_990
coords_2017_0813_1000
coords_2017_0814_990
coords_2017_0814_1000
coords_2017_0815_990
coords_2017_0815_1000
coords_2017_0816_990
*exported*
Storm 19/29

2017 8 26
---------

2017 8 27
---------

2017 8 28
---------

2017 8 29
---------
1000: ['8'], ['29']

2017 8 30
---------

2017 8 31
---------
coords_2017_0826_990
coords_2017_0827_1000
coords_2017_0827_990
coords_2017_0828_1000
coords_2017_0828_990
coords_2017_0830_1000
coords_2017_0831_990
coords_2017_0831_1000
*exported*
Storm 20/29

2017 9 7
---------

2017 9 8
---------

2017 9 9
---------

2017 9 10
---------

2017 9 11
---------

2017 9 12
---------
coords_2017_0907_990
coords_2017_0908_1000
coords_2017_0908_990
coords_2017_0909_1000
coords_2017_0909_990
coords_2017_0910_1000
coords_2017_0910_990
coords_2017_0911_1000
coords_2017_0911_990
coords_2017_0912_1000
coords_2017_0912_990
*exported*
Storm 21/29

2017 9 19
---------

2017 9 20
---------

2017 9 21
---------

2017 9 22
---------

2017 9 23
---------
coords_2017_0919_990
coords_2017_0919_1000
coords_2017_0920_990
coords_2017_0920_1000
coords_2017_0921_990
coords_2017_0921_1000
coords_2017_0922_990
coords_2017_0922_1000
coords_2017_0923_990
*exported*
Storm 22/29

2017 10 3
---------

2017 10 4
---------

2017 10 5
---------

2017 10 6
---------

2017 10 7
---------

2017 10 8
---------
coords_2017_1003_990
coords_2017_1003_1000
coords_2017_1004_990
coords_2017_1004_1000
coords_2017_1004_990
coords_2017_1005_1000
coords_2017_1005_990
coords_2017_1006_1000
coords_2017_1006_990
coords_2017_1007_1000
coords_2017_1007_990
coords_2017_1008_1000
coords_2017_1008_990
*exported*
Storm 23/29

2017 10 9
---------

2017 10 10
---------

2017 10 11
---------

2017 10 12
---------

2017 10 13
---------

2017 10 14
---------

2017 10 15
---------
1000: ['10'], ['15']

2017 10 16
---------
1000: ['10'], ['16']

2017 10 17
---------

2017 10 18
---------

2017 10 19
---------

2017 10 20
---------
coords_2017_1009_990
coords_2017_1009_1000
coords_2017_1010_990
coords_2017_1010_1000
coords_2017_1011_990
coords_2017_1011_1000
coords_2017_1012_990
coords_2017_1012_1000
coords_2017_1013_990
coords_2017_1013_1000
coords_2017_1014_990
coords_2017_1014_1000
coords_2017_1017_990
coords_2017_1017_1000
coords_2017_1018_990
coords_2017_1018_1000
coords_2017_1019_990
coords_2017_1019_1000
coords_2017_1020_990
coords_2017_1020_1000
*exported*
Storm 24/29

2017 10 11
---------

2017 10 12
---------

2017 10 13
---------
coords_2017_1011_990
coords_2017_1012_1000
coords_2017_1012_990
coords_2017_1013_1000
coords_2017_1013_990
*exported*
Storm 25/29

2017 10 18
---------

2017 10 19
---------

2017 10 20
---------

2017 10 21
---------

2017 10 22
---------

2017 10 23
---------

2017 10 24
---------
coords_2017_1018_990
coords_2017_1018_1000
coords_2017_1019_990
coords_2017_1020_1000
coords_2017_1020_990
coords_2017_1021_1000
coords_2017_1021_990
coords_2017_1022_1000
coords_2017_1022_990
coords_2017_1023_1000
coords_2017_1023_990
coords_2017_1024_1000
coords_2017_1024_990
*exported*
Storm 26/29

2017 10 22
---------

2017 10 23
---------

2017 10 24
---------

2017 10 25
---------
coords_2017_1022_990
coords_2017_1022_1000
coords_2017_1023_990
coords_2017_1023_1000
coords_2017_1024_990
coords_2017_1025_1000
coords_2017_1025_990
*exported*
Storm 27/29

2017 10 23
---------

2017 10 24
---------

2017 10 25
---------

2017 10 26
---------
coords_2017_1023_990
coords_2017_1024_1000
coords_2017_1024_990
coords_2017_1025_1000
coords_2017_1025_990
coords_2017_1026_1000
coords_2017_1026_990
*exported*
Storm 28/29

2017 10 23
---------

2017 10 24
---------
coords_2017_1023_990
coords_2017_1024_1000
coords_2017_1024_990
*exported*
Storm 29/29

2017 10 27
---------

2017 10 28
---------

2017 10 29
---------

2017 10 30
---------

2017 10 31
---------
coords_2017_1027_990
coords_2017_1027_1000
coords_2017_1028_990
coords_2017_1028_1000
coords_2017_1029_990
coords_2017_1029_1000
coords_2017_1030_990
coords_2017_1030_1000
coords_2017_1031_990
coords_2017_1031_1000
*exported*

FINISHED STORM DATA COLLECTION

 
 
------------------
       done!      
------------------
------------------
elapsed time: 
34.28430720965068
2022-09-14 11:25:40,440 INFO Welcome to the CDS
2022-09-14 11:25:40,441 INFO Sending request to https://cds.climate.copernicus.eu/api/v2/resources/reanalysis-era5-single-levels
2022-09-14 11:25:40,586 INFO Request is queued
2022-09-14 11:25:41,712 INFO Request is running
2022-09-14 11:26:30,891 INFO Request is completed
2022-09-14 11:28:32,647 INFO Welcome to the CDS
2022-09-14 11:28:32,647 INFO Sending request to https://cds.climate.copernicus.eu/api/v2/resources/reanalysis-era5-single-levels
2022-09-14 11:28:32,835 INFO Request is queued
2022-09-14 11:28:33,960 INFO Request is running
2022-09-14 11:29:23,191 INFO Request is completed
2022-09-14 11:30:30,397 INFO Welcome to the CDS
2022-09-14 11:30:30,397 INFO Sending request to https://cds.climate.copernicus.eu/api/v2/resources/reanalysis-era5-single-levels
2022-09-14 11:30:30,558 INFO Request is queued
2022-09-14 11:30:31,684 INFO Request is running
2022-09-14 11:31:20,861 INFO Request is completed
2022-09-14 11:32:58,051 INFO Welcome to the CDS
2022-09-14 11:32:58,051 INFO Sending request to https://cds.climate.copernicus.eu/api/v2/resources/reanalysis-era5-single-levels
2022-09-14 11:32:58,182 INFO Request is queued
2022-09-14 11:32:59,307 INFO Request is running
2022-09-14 11:33:48,484 INFO Request is completed
2022-09-14 11:35:07,448 INFO Welcome to the CDS
2022-09-14 11:35:07,448 INFO Sending request to https://cds.climate.copernicus.eu/api/v2/resources/reanalysis-era5-single-levels
2022-09-14 11:35:07,576 INFO Request is queued
2022-09-14 11:35:08,701 INFO Request is running
2022-09-14 11:36:23,660 INFO Request is completed
/home/mundi/miniconda3/envs/cyc_loc/lib/python3.8/site-packages/xarray/conventions.py:492: SerializationWarning: variable 'melt_onset_day_seaice_conc_cdr' has multiple fill values {-1, 65535}, decoding all values to NaN.
  new_vars[k] = decode_cf_variable(
2022-09-14 11:41:54,667 INFO Welcome to the CDS
2022-09-14 11:41:54,667 INFO Sending request to https://cds.climate.copernicus.eu/api/v2/resources/reanalysis-era5-single-levels
2022-09-14 11:41:54,806 INFO Request is queued
2022-09-14 11:41:55,931 INFO Request is running
2022-09-14 11:41:57,556 INFO Request is completed
2022-09-14 11:41:59,764 INFO Welcome to the CDS
2022-09-14 11:41:59,765 INFO Sending request to https://cds.climate.copernicus.eu/api/v2/resources/reanalysis-era5-single-levels
2022-09-14 11:41:59,894 INFO Request is queued
2022-09-14 11:42:01,019 INFO Request is running
2022-09-14 11:42:02,645 INFO Request is completed
2022-09-14 11:42:04,767 INFO Welcome to the CDS
2022-09-14 11:42:04,767 INFO Sending request to https://cds.climate.copernicus.eu/api/v2/resources/reanalysis-era5-single-levels
2022-09-14 11:42:04,928 INFO Request is queued
2022-09-14 11:42:06,053 INFO Request is running
2022-09-14 11:42:10,056 INFO Request is completed
2022-09-14 11:42:12,419 INFO Welcome to the CDS
2022-09-14 11:42:12,419 INFO Sending request to https://cds.climate.copernicus.eu/api/v2/resources/reanalysis-era5-single-levels
2022-09-14 11:42:12,547 INFO Request is queued
2022-09-14 11:42:13,673 INFO Request is running
2022-09-14 11:42:17,675 INFO Request is completed
2022-09-14 11:42:19,941 INFO Welcome to the CDS
2022-09-14 11:42:19,941 INFO Sending request to https://cds.climate.copernicus.eu/api/v2/resources/reanalysis-era5-single-levels
2022-09-14 11:42:20,069 INFO Request is queued
2022-09-14 11:42:21,194 INFO Request is running
2022-09-14 11:42:28,699 INFO Request is completed
2022-09-14 11:42:30,963 INFO Welcome to the CDS
2022-09-14 11:42:30,963 INFO Sending request to https://cds.climate.copernicus.eu/api/v2/resources/reanalysis-era5-single-levels
2022-09-14 11:42:31,091 INFO Request is queued
2022-09-14 11:42:32,216 INFO Request is running
2022-09-14 11:42:36,218 INFO Request is completed
2022-09-14 11:42:38,371 INFO Welcome to the CDS
2022-09-14 11:42:38,371 INFO Sending request to https://cds.climate.copernicus.eu/api/v2/resources/reanalysis-era5-single-levels
2022-09-14 11:42:38,509 INFO Request is queued
2022-09-14 11:42:39,634 INFO Request is running
2022-09-14 11:42:43,637 INFO Request is completed
2022-09-14 11:42:45,810 INFO Welcome to the CDS
2022-09-14 11:42:45,811 INFO Sending request to https://cds.climate.copernicus.eu/api/v2/resources/reanalysis-era5-single-levels
2022-09-14 11:42:45,940 INFO Request is queued
2022-09-14 11:42:47,067 INFO Request is running
2022-09-14 11:42:48,693 INFO Request is completed
2022-09-14 11:42:51,361 INFO Welcome to the CDS
2022-09-14 11:42:51,361 INFO Sending request to https://cds.climate.copernicus.eu/api/v2/resources/reanalysis-era5-single-levels
2022-09-14 11:42:51,490 INFO Request is queued
2022-09-14 11:42:52,616 INFO Request is running
2022-09-14 11:42:56,621 INFO Request is completed
2022-09-14 11:42:59,231 INFO Welcome to the CDS
2022-09-14 11:42:59,231 INFO Sending request to https://cds.climate.copernicus.eu/api/v2/resources/reanalysis-era5-single-levels
2022-09-14 11:42:59,359 INFO Request is queued
2022-09-14 11:43:00,483 INFO Request is running
2022-09-14 11:43:02,114 INFO Request is completed
2022-09-14 11:43:04,516 INFO Welcome to the CDS
2022-09-14 11:43:04,516 INFO Sending request to https://cds.climate.copernicus.eu/api/v2/resources/reanalysis-era5-single-levels
2022-09-14 11:43:04,653 INFO Request is queued
2022-09-14 11:43:05,778 INFO Request is running
2022-09-14 11:43:09,780 INFO Request is completed
2022-09-14 11:43:12,183 INFO Welcome to the CDS
2022-09-14 11:43:12,183 INFO Sending request to https://cds.climate.copernicus.eu/api/v2/resources/reanalysis-era5-single-levels
2022-09-14 11:43:12,325 INFO Request is completed
2022-09-14 11:43:21,987 INFO Welcome to the CDS
2022-09-14 11:43:21,987 INFO Sending request to https://cds.climate.copernicus.eu/api/v2/resources/reanalysis-era5-single-levels
2022-09-14 11:43:22,153 INFO Request is completed
2022-09-14 11:43:27,678 INFO Welcome to the CDS
2022-09-14 11:43:27,678 INFO Sending request to https://cds.climate.copernicus.eu/api/v2/resources/reanalysis-era5-single-levels
2022-09-14 11:43:27,824 INFO Request is completed
2022-09-14 11:43:33,153 INFO Welcome to the CDS
2022-09-14 11:43:33,153 INFO Sending request to https://cds.climate.copernicus.eu/api/v2/resources/reanalysis-era5-single-levels
2022-09-14 11:43:33,283 INFO Request is queued
2022-09-14 11:43:34,409 INFO Request is running
2022-09-14 11:43:36,035 INFO Request is completed
2022-09-14 11:43:38,065 INFO Welcome to the CDS
2022-09-14 11:43:38,066 INFO Sending request to https://cds.climate.copernicus.eu/api/v2/resources/reanalysis-era5-single-levels
2022-09-14 11:43:38,205 INFO Request is queued
2022-09-14 11:43:39,331 INFO Request is running
2022-09-14 11:43:40,958 INFO Request is completed
2022-09-14 11:43:44,007 INFO Welcome to the CDS
2022-09-14 11:43:44,008 INFO Sending request to https://cds.climate.copernicus.eu/api/v2/resources/reanalysis-era5-single-levels
2022-09-14 11:43:44,154 INFO Request is completed
2022-09-14 11:43:49,206 INFO Welcome to the CDS
2022-09-14 11:43:49,206 INFO Sending request to https://cds.climate.copernicus.eu/api/v2/resources/reanalysis-era5-single-levels
2022-09-14 11:43:49,351 INFO Request is completed
2022-09-14 11:43:51,739 INFO Welcome to the CDS
2022-09-14 11:43:51,739 INFO Sending request to https://cds.climate.copernicus.eu/api/v2/resources/reanalysis-era5-single-levels
2022-09-14 11:43:51,884 INFO Request is queued
2022-09-14 11:43:53,010 INFO Request is running
2022-09-14 11:43:57,012 INFO Request is completed
2022-09-14 11:43:59,156 INFO Welcome to the CDS
2022-09-14 11:43:59,157 INFO Sending request to https://cds.climate.copernicus.eu/api/v2/resources/reanalysis-era5-single-levels
2022-09-14 11:43:59,286 INFO Request is queued
2022-09-14 11:44:00,412 INFO Request is running
2022-09-14 11:44:02,038 INFO Request is completed
2022-09-14 11:44:04,342 INFO Welcome to the CDS
2022-09-14 11:44:04,342 INFO Sending request to https://cds.climate.copernicus.eu/api/v2/resources/reanalysis-era5-single-levels
2022-09-14 11:44:04,866 INFO Request is completed
/home/mundi/Summer2022/myfuncs.py:73: RuntimeWarning: More than 20 figures have been opened. Figures created through the pyplot interface (`matplotlib.pyplot.figure`) are retained until explicitly closed and may consume too much memory. (To control this warning, see the rcParam `figure.max_open_warning`).
  fig=plt.figure(figsize=[15,15])
2022-09-14 11:44:10,422 INFO Welcome to the CDS
2022-09-14 11:44:10,422 INFO Sending request to https://cds.climate.copernicus.eu/api/v2/resources/reanalysis-era5-single-levels
2022-09-14 11:44:10,565 INFO Request is completed
/home/mundi/Summer2022/myfuncs.py:73: RuntimeWarning: More than 20 figures have been opened. Figures created through the pyplot interface (`matplotlib.pyplot.figure`) are retained until explicitly closed and may consume too much memory. (To control this warning, see the rcParam `figure.max_open_warning`).
  fig=plt.figure(figsize=[15,15])
2022-09-14 11:44:13,005 INFO Welcome to the CDS
2022-09-14 11:44:13,005 INFO Sending request to https://cds.climate.copernicus.eu/api/v2/resources/reanalysis-era5-single-levels
2022-09-14 11:44:13,220 INFO Request is completed
/home/mundi/Summer2022/myfuncs.py:73: RuntimeWarning: More than 20 figures have been opened. Figures created through the pyplot interface (`matplotlib.pyplot.figure`) are retained until explicitly closed and may consume too much memory. (To control this warning, see the rcParam `figure.max_open_warning`).
  fig=plt.figure(figsize=[15,15])
2022-09-14 11:44:15,603 INFO Welcome to the CDS
2022-09-14 11:44:15,603 INFO Sending request to https://cds.climate.copernicus.eu/api/v2/resources/reanalysis-era5-single-levels
2022-09-14 11:44:15,745 INFO Request is completed
/home/mundi/Summer2022/myfuncs.py:73: RuntimeWarning: More than 20 figures have been opened. Figures created through the pyplot interface (`matplotlib.pyplot.figure`) are retained until explicitly closed and may consume too much memory. (To control this warning, see the rcParam `figure.max_open_warning`).
  fig=plt.figure(figsize=[15,15])
2022-09-14 11:44:18,081 INFO Welcome to the CDS
2022-09-14 11:44:18,081 INFO Sending request to https://cds.climate.copernicus.eu/api/v2/resources/reanalysis-era5-single-levels
2022-09-14 11:44:18,239 INFO Request is completed
/home/mundi/Summer2022/myfuncs.py:73: RuntimeWarning: More than 20 figures have been opened. Figures created through the pyplot interface (`matplotlib.pyplot.figure`) are retained until explicitly closed and may consume too much memory. (To control this warning, see the rcParam `figure.max_open_warning`).
  fig=plt.figure(figsize=[15,15])
2022-09-14 11:44:31,143 INFO Welcome to the CDS
2022-09-14 11:44:31,144 INFO Sending request to https://cds.climate.copernicus.eu/api/v2/resources/reanalysis-era5-single-levels
2022-09-14 11:44:31,290 INFO Request is completed
/home/mundi/Summer2022/myfuncs.py:73: RuntimeWarning: More than 20 figures have been opened. Figures created through the pyplot interface (`matplotlib.pyplot.figure`) are retained until explicitly closed and may consume too much memory. (To control this warning, see the rcParam `figure.max_open_warning`).
  fig=plt.figure(figsize=[15,15])
2022-09-14 11:44:35,499 INFO Welcome to the CDS
2022-09-14 11:44:35,499 INFO Sending request to https://cds.climate.copernicus.eu/api/v2/resources/reanalysis-era5-single-levels
2022-09-14 11:44:35,674 INFO Request is completed
/home/mundi/Summer2022/myfuncs.py:73: RuntimeWarning: More than 20 figures have been opened. Figures created through the pyplot interface (`matplotlib.pyplot.figure`) are retained until explicitly closed and may consume too much memory. (To control this warning, see the rcParam `figure.max_open_warning`).
  fig=plt.figure(figsize=[15,15])
2022-09-14 11:44:39,835 INFO Welcome to the CDS
2022-09-14 11:44:39,835 INFO Sending request to https://cds.climate.copernicus.eu/api/v2/resources/reanalysis-era5-single-levels
2022-09-14 11:44:39,996 INFO Request is completed
/home/mundi/Summer2022/myfuncs.py:73: RuntimeWarning: More than 20 figures have been opened. Figures created through the pyplot interface (`matplotlib.pyplot.figure`) are retained until explicitly closed and may consume too much memory. (To control this warning, see the rcParam `figure.max_open_warning`).
  fig=plt.figure(figsize=[15,15])
2022-09-14 11:44:47,037 INFO Welcome to the CDS
2022-09-14 11:44:47,037 INFO Sending request to https://cds.climate.copernicus.eu/api/v2/resources/reanalysis-era5-single-levels
2022-09-14 11:44:47,180 INFO Request is completed
/home/mundi/Summer2022/myfuncs.py:73: RuntimeWarning: More than 20 figures have been opened. Figures created through the pyplot interface (`matplotlib.pyplot.figure`) are retained until explicitly closed and may consume too much memory. (To control this warning, see the rcParam `figure.max_open_warning`).
  fig=plt.figure(figsize=[15,15])
2022-09-14 11:44:57,448 INFO Welcome to the CDS
2022-09-14 11:44:57,448 INFO Sending request to https://cds.climate.copernicus.eu/api/v2/resources/reanalysis-era5-single-levels
2022-09-14 11:44:57,577 INFO Request is queued
2022-09-14 11:44:58,703 INFO Request is running
2022-09-14 11:45:00,330 INFO Request is completed
/home/mundi/Summer2022/myfuncs.py:73: RuntimeWarning: More than 20 figures have been opened. Figures created through the pyplot interface (`matplotlib.pyplot.figure`) are retained until explicitly closed and may consume too much memory. (To control this warning, see the rcParam `figure.max_open_warning`).
  fig=plt.figure(figsize=[15,15])
2022-09-14 11:45:03,180 INFO Welcome to the CDS
2022-09-14 11:45:03,181 INFO Sending request to https://cds.climate.copernicus.eu/api/v2/resources/reanalysis-era5-single-levels
2022-09-14 11:45:03,310 INFO Request is queued
2022-09-14 11:45:04,437 INFO Request is running
2022-09-14 11:45:08,441 INFO Request is completed
/home/mundi/Summer2022/myfuncs.py:73: RuntimeWarning: More than 20 figures have been opened. Figures created through the pyplot interface (`matplotlib.pyplot.figure`) are retained until explicitly closed and may consume too much memory. (To control this warning, see the rcParam `figure.max_open_warning`).
  fig=plt.figure(figsize=[15,15])
2022-09-14 11:45:10,502 INFO Welcome to the CDS
2022-09-14 11:45:10,502 INFO Sending request to https://cds.climate.copernicus.eu/api/v2/resources/reanalysis-era5-single-levels
2022-09-14 11:45:10,631 INFO Request is queued
2022-09-14 11:45:11,756 INFO Request is running
2022-09-14 11:45:15,758 INFO Request is completed
/home/mundi/Summer2022/myfuncs.py:73: RuntimeWarning: More than 20 figures have been opened. Figures created through the pyplot interface (`matplotlib.pyplot.figure`) are retained until explicitly closed and may consume too much memory. (To control this warning, see the rcParam `figure.max_open_warning`).
  fig=plt.figure(figsize=[15,15])
2022-09-14 11:45:18,141 INFO Welcome to the CDS
2022-09-14 11:45:18,141 INFO Sending request to https://cds.climate.copernicus.eu/api/v2/resources/reanalysis-era5-single-levels
2022-09-14 11:45:18,270 INFO Request is queued
2022-09-14 11:45:19,395 INFO Request is running
2022-09-14 11:45:21,021 INFO Request is completed
/home/mundi/Summer2022/myfuncs.py:73: RuntimeWarning: More than 20 figures have been opened. Figures created through the pyplot interface (`matplotlib.pyplot.figure`) are retained until explicitly closed and may consume too much memory. (To control this warning, see the rcParam `figure.max_open_warning`).
  fig=plt.figure(figsize=[15,15])
2022-09-14 11:45:23,302 INFO Welcome to the CDS
2022-09-14 11:45:23,302 INFO Sending request to https://cds.climate.copernicus.eu/api/v2/resources/reanalysis-era5-single-levels
2022-09-14 11:45:23,431 INFO Request is queued
2022-09-14 11:45:24,556 INFO Request is running
2022-09-14 11:45:26,181 INFO Request is completed
/home/mundi/Summer2022/myfuncs.py:73: RuntimeWarning: More than 20 figures have been opened. Figures created through the pyplot interface (`matplotlib.pyplot.figure`) are retained until explicitly closed and may consume too much memory. (To control this warning, see the rcParam `figure.max_open_warning`).
  fig=plt.figure(figsize=[15,15])
2022-09-14 11:45:28,584 INFO Welcome to the CDS
2022-09-14 11:45:28,584 INFO Sending request to https://cds.climate.copernicus.eu/api/v2/resources/reanalysis-era5-single-levels
2022-09-14 11:45:28,719 INFO Request is queued
2022-09-14 11:45:29,844 INFO Request is running
2022-09-14 11:45:33,847 INFO Request is completed
/home/mundi/Summer2022/myfuncs.py:73: RuntimeWarning: More than 20 figures have been opened. Figures created through the pyplot interface (`matplotlib.pyplot.figure`) are retained until explicitly closed and may consume too much memory. (To control this warning, see the rcParam `figure.max_open_warning`).
  fig=plt.figure(figsize=[15,15])
2022-09-14 11:45:36,016 INFO Welcome to the CDS
2022-09-14 11:45:36,016 INFO Sending request to https://cds.climate.copernicus.eu/api/v2/resources/reanalysis-era5-single-levels
2022-09-14 11:45:36,147 INFO Request is queued
2022-09-14 11:45:37,273 INFO Request is running
2022-09-14 11:45:38,899 INFO Request is completed
/home/mundi/Summer2022/myfuncs.py:73: RuntimeWarning: More than 20 figures have been opened. Figures created through the pyplot interface (`matplotlib.pyplot.figure`) are retained until explicitly closed and may consume too much memory. (To control this warning, see the rcParam `figure.max_open_warning`).
  fig=plt.figure(figsize=[15,15])
2022-09-14 11:45:41,069 INFO Welcome to the CDS
2022-09-14 11:45:41,070 INFO Sending request to https://cds.climate.copernicus.eu/api/v2/resources/reanalysis-era5-single-levels
2022-09-14 11:45:41,199 INFO Request is queued
2022-09-14 11:45:42,331 INFO Request is running
2022-09-14 11:45:43,957 INFO Request is completed
/home/mundi/Summer2022/myfuncs.py:73: RuntimeWarning: More than 20 figures have been opened. Figures created through the pyplot interface (`matplotlib.pyplot.figure`) are retained until explicitly closed and may consume too much memory. (To control this warning, see the rcParam `figure.max_open_warning`).
  fig=plt.figure(figsize=[15,15])
2022-09-14 11:45:46,131 INFO Welcome to the CDS
2022-09-14 11:45:46,132 INFO Sending request to https://cds.climate.copernicus.eu/api/v2/resources/reanalysis-era5-single-levels
2022-09-14 11:45:46,275 INFO Request is queued
2022-09-14 11:45:47,402 INFO Request is running
2022-09-14 11:45:49,028 INFO Request is completed
/home/mundi/Summer2022/myfuncs.py:73: RuntimeWarning: More than 20 figures have been opened. Figures created through the pyplot interface (`matplotlib.pyplot.figure`) are retained until explicitly closed and may consume too much memory. (To control this warning, see the rcParam `figure.max_open_warning`).
  fig=plt.figure(figsize=[15,15])
2022-09-14 11:45:51,469 INFO Welcome to the CDS
2022-09-14 11:45:51,469 INFO Sending request to https://cds.climate.copernicus.eu/api/v2/resources/reanalysis-era5-single-levels
2022-09-14 11:45:51,605 INFO Request is queued
2022-09-14 11:45:52,729 INFO Request is running
2022-09-14 11:45:54,355 INFO Request is completed
/home/mundi/Summer2022/myfuncs.py:73: RuntimeWarning: More than 20 figures have been opened. Figures created through the pyplot interface (`matplotlib.pyplot.figure`) are retained until explicitly closed and may consume too much memory. (To control this warning, see the rcParam `figure.max_open_warning`).
  fig=plt.figure(figsize=[15,15])
2022-09-14 11:45:56,636 INFO Welcome to the CDS
2022-09-14 11:45:56,636 INFO Sending request to https://cds.climate.copernicus.eu/api/v2/resources/reanalysis-era5-single-levels
2022-09-14 11:45:56,826 INFO Request is queued
2022-09-14 11:45:57,951 INFO Request is running
2022-09-14 11:45:59,577 INFO Request is completed
/home/mundi/Summer2022/myfuncs.py:73: RuntimeWarning: More than 20 figures have been opened. Figures created through the pyplot interface (`matplotlib.pyplot.figure`) are retained until explicitly closed and may consume too much memory. (To control this warning, see the rcParam `figure.max_open_warning`).
  fig=plt.figure(figsize=[15,15])
2022-09-14 11:46:01,953 INFO Welcome to the CDS
2022-09-14 11:46:01,953 INFO Sending request to https://cds.climate.copernicus.eu/api/v2/resources/reanalysis-era5-single-levels
2022-09-14 11:46:02,096 INFO Request is queued
2022-09-14 11:46:03,221 INFO Request is running
2022-09-14 11:46:04,846 INFO Request is completed
/home/mundi/Summer2022/myfuncs.py:73: RuntimeWarning: More than 20 figures have been opened. Figures created through the pyplot interface (`matplotlib.pyplot.figure`) are retained until explicitly closed and may consume too much memory. (To control this warning, see the rcParam `figure.max_open_warning`).
  fig=plt.figure(figsize=[15,15])
2022-09-14 11:46:07,112 INFO Welcome to the CDS
2022-09-14 11:46:07,112 INFO Sending request to https://cds.climate.copernicus.eu/api/v2/resources/reanalysis-era5-single-levels
2022-09-14 11:46:07,256 INFO Request is completed
/home/mundi/Summer2022/myfuncs.py:73: RuntimeWarning: More than 20 figures have been opened. Figures created through the pyplot interface (`matplotlib.pyplot.figure`) are retained until explicitly closed and may consume too much memory. (To control this warning, see the rcParam `figure.max_open_warning`).
  fig=plt.figure(figsize=[15,15])
2022-09-14 11:46:09,513 INFO Welcome to the CDS
2022-09-14 11:46:09,513 INFO Sending request to https://cds.climate.copernicus.eu/api/v2/resources/reanalysis-era5-single-levels
2022-09-14 11:46:09,643 INFO Request is queued
2022-09-14 11:46:10,768 INFO Request is running
2022-09-14 11:46:12,394 INFO Request is completed
/home/mundi/Summer2022/myfuncs.py:73: RuntimeWarning: More than 20 figures have been opened. Figures created through the pyplot interface (`matplotlib.pyplot.figure`) are retained until explicitly closed and may consume too much memory. (To control this warning, see the rcParam `figure.max_open_warning`).
  fig=plt.figure(figsize=[15,15])
2022-09-14 11:46:14,621 INFO Welcome to the CDS
2022-09-14 11:46:14,621 INFO Sending request to https://cds.climate.copernicus.eu/api/v2/resources/reanalysis-era5-single-levels
2022-09-14 11:46:14,749 INFO Request is queued
2022-09-14 11:46:15,876 INFO Request is running
2022-09-14 11:46:17,885 INFO Request is completed
/home/mundi/Summer2022/myfuncs.py:73: RuntimeWarning: More than 20 figures have been opened. Figures created through the pyplot interface (`matplotlib.pyplot.figure`) are retained until explicitly closed and may consume too much memory. (To control this warning, see the rcParam `figure.max_open_warning`).
  fig=plt.figure(figsize=[15,15])
2022-09-14 11:46:20,173 INFO Welcome to the CDS
2022-09-14 11:46:20,173 INFO Sending request to https://cds.climate.copernicus.eu/api/v2/resources/reanalysis-era5-single-levels
2022-09-14 11:46:20,313 INFO Request is queued
2022-09-14 11:46:21,438 INFO Request is running
2022-09-14 11:46:25,440 INFO Request is completed
/home/mundi/Summer2022/myfuncs.py:73: RuntimeWarning: More than 20 figures have been opened. Figures created through the pyplot interface (`matplotlib.pyplot.figure`) are retained until explicitly closed and may consume too much memory. (To control this warning, see the rcParam `figure.max_open_warning`).
  fig=plt.figure(figsize=[15,15])
2022-09-14 11:46:27,834 INFO Welcome to the CDS
2022-09-14 11:46:27,834 INFO Sending request to https://cds.climate.copernicus.eu/api/v2/resources/reanalysis-era5-single-levels
2022-09-14 11:46:28,113 INFO Request is queued
2022-09-14 11:46:29,238 INFO Request is running
2022-09-14 11:46:30,864 INFO Request is completed
/home/mundi/Summer2022/myfuncs.py:73: RuntimeWarning: More than 20 figures have been opened. Figures created through the pyplot interface (`matplotlib.pyplot.figure`) are retained until explicitly closed and may consume too much memory. (To control this warning, see the rcParam `figure.max_open_warning`).
  fig=plt.figure(figsize=[15,15])
2022-09-14 11:46:34,483 INFO Welcome to the CDS
2022-09-14 11:46:34,483 INFO Sending request to https://cds.climate.copernicus.eu/api/v2/resources/reanalysis-era5-single-levels
2022-09-14 11:46:34,620 INFO Request is queued
2022-09-14 11:46:35,745 INFO Request is running
2022-09-14 11:46:39,748 INFO Request is completed
/home/mundi/Summer2022/myfuncs.py:73: RuntimeWarning: More than 20 figures have been opened. Figures created through the pyplot interface (`matplotlib.pyplot.figure`) are retained until explicitly closed and may consume too much memory. (To control this warning, see the rcParam `figure.max_open_warning`).
  fig=plt.figure(figsize=[15,15])
2022-09-14 11:46:42,024 INFO Welcome to the CDS
2022-09-14 11:46:42,024 INFO Sending request to https://cds.climate.copernicus.eu/api/v2/resources/reanalysis-era5-single-levels
2022-09-14 11:46:42,167 INFO Request is completed
/home/mundi/Summer2022/myfuncs.py:73: RuntimeWarning: More than 20 figures have been opened. Figures created through the pyplot interface (`matplotlib.pyplot.figure`) are retained until explicitly closed and may consume too much memory. (To control this warning, see the rcParam `figure.max_open_warning`).
  fig=plt.figure(figsize=[15,15])
2022-09-14 11:46:44,453 INFO Welcome to the CDS
2022-09-14 11:46:44,453 INFO Sending request to https://cds.climate.copernicus.eu/api/v2/resources/reanalysis-era5-single-levels
2022-09-14 11:46:44,594 INFO Request is completed
/home/mundi/Summer2022/myfuncs.py:73: RuntimeWarning: More than 20 figures have been opened. Figures created through the pyplot interface (`matplotlib.pyplot.figure`) are retained until explicitly closed and may consume too much memory. (To control this warning, see the rcParam `figure.max_open_warning`).
  fig=plt.figure(figsize=[15,15])
2022-09-14 11:46:47,241 INFO Welcome to the CDS
2022-09-14 11:46:47,241 INFO Sending request to https://cds.climate.copernicus.eu/api/v2/resources/reanalysis-era5-single-levels
2022-09-14 11:46:47,383 INFO Request is completed
/home/mundi/Summer2022/myfuncs.py:73: RuntimeWarning: More than 20 figures have been opened. Figures created through the pyplot interface (`matplotlib.pyplot.figure`) are retained until explicitly closed and may consume too much memory. (To control this warning, see the rcParam `figure.max_open_warning`).
  fig=plt.figure(figsize=[15,15])
2022-09-14 11:46:50,495 INFO Welcome to the CDS
2022-09-14 11:46:50,496 INFO Sending request to https://cds.climate.copernicus.eu/api/v2/resources/reanalysis-era5-single-levels
2022-09-14 11:46:50,657 INFO Request is completed
/home/mundi/Summer2022/myfuncs.py:73: RuntimeWarning: More than 20 figures have been opened. Figures created through the pyplot interface (`matplotlib.pyplot.figure`) are retained until explicitly closed and may consume too much memory. (To control this warning, see the rcParam `figure.max_open_warning`).
  fig=plt.figure(figsize=[15,15])
2022-09-14 11:46:54,933 INFO Welcome to the CDS
2022-09-14 11:46:54,933 INFO Sending request to https://cds.climate.copernicus.eu/api/v2/resources/reanalysis-era5-single-levels
2022-09-14 11:46:55,068 INFO Request is queued
2022-09-14 11:46:56,193 INFO Request is running
2022-09-14 11:47:00,194 INFO Request is completed
/home/mundi/Summer2022/myfuncs.py:73: RuntimeWarning: More than 20 figures have been opened. Figures created through the pyplot interface (`matplotlib.pyplot.figure`) are retained until explicitly closed and may consume too much memory. (To control this warning, see the rcParam `figure.max_open_warning`).
  fig=plt.figure(figsize=[15,15])
2022-09-14 11:47:04,380 INFO Welcome to the CDS
2022-09-14 11:47:04,380 INFO Sending request to https://cds.climate.copernicus.eu/api/v2/resources/reanalysis-era5-single-levels
2022-09-14 11:47:04,547 INFO Request is queued
2022-09-14 11:47:05,671 INFO Request is running
2022-09-14 11:47:09,672 INFO Request is completed
/home/mundi/Summer2022/myfuncs.py:73: RuntimeWarning: More than 20 figures have been opened. Figures created through the pyplot interface (`matplotlib.pyplot.figure`) are retained until explicitly closed and may consume too much memory. (To control this warning, see the rcParam `figure.max_open_warning`).
  fig=plt.figure(figsize=[15,15])
2022-09-14 11:47:11,957 INFO Welcome to the CDS
2022-09-14 11:47:11,957 INFO Sending request to https://cds.climate.copernicus.eu/api/v2/resources/reanalysis-era5-single-levels
2022-09-14 11:47:12,086 INFO Request is queued
2022-09-14 11:47:13,212 INFO Request is running
2022-09-14 11:47:14,838 INFO Request is completed
/home/mundi/Summer2022/myfuncs.py:73: RuntimeWarning: More than 20 figures have been opened. Figures created through the pyplot interface (`matplotlib.pyplot.figure`) are retained until explicitly closed and may consume too much memory. (To control this warning, see the rcParam `figure.max_open_warning`).
  fig=plt.figure(figsize=[15,15])
2022-09-14 11:47:20,961 INFO Welcome to the CDS
2022-09-14 11:47:20,962 INFO Sending request to https://cds.climate.copernicus.eu/api/v2/resources/reanalysis-era5-single-levels
2022-09-14 11:47:21,132 INFO Request is completed
/home/mundi/Summer2022/myfuncs.py:73: RuntimeWarning: More than 20 figures have been opened. Figures created through the pyplot interface (`matplotlib.pyplot.figure`) are retained until explicitly closed and may consume too much memory. (To control this warning, see the rcParam `figure.max_open_warning`).
  fig=plt.figure(figsize=[15,15])
2022-09-14 11:47:25,905 INFO Welcome to the CDS
2022-09-14 11:47:25,906 INFO Sending request to https://cds.climate.copernicus.eu/api/v2/resources/reanalysis-era5-single-levels
2022-09-14 11:47:26,048 INFO Request is completed
/home/mundi/Summer2022/myfuncs.py:73: RuntimeWarning: More than 20 figures have been opened. Figures created through the pyplot interface (`matplotlib.pyplot.figure`) are retained until explicitly closed and may consume too much memory. (To control this warning, see the rcParam `figure.max_open_warning`).
  fig=plt.figure(figsize=[15,15])
2022-09-14 11:47:29,761 INFO Welcome to the CDS
2022-09-14 11:47:29,761 INFO Sending request to https://cds.climate.copernicus.eu/api/v2/resources/reanalysis-era5-single-levels
2022-09-14 11:47:29,891 INFO Request is queued
2022-09-14 11:47:31,017 INFO Request is running
2022-09-14 11:47:35,021 INFO Request is completed
/home/mundi/Summer2022/myfuncs.py:73: RuntimeWarning: More than 20 figures have been opened. Figures created through the pyplot interface (`matplotlib.pyplot.figure`) are retained until explicitly closed and may consume too much memory. (To control this warning, see the rcParam `figure.max_open_warning`).
  fig=plt.figure(figsize=[15,15])
2022-09-14 11:47:38,268 INFO Welcome to the CDS
2022-09-14 11:47:38,269 INFO Sending request to https://cds.climate.copernicus.eu/api/v2/resources/reanalysis-era5-single-levels
2022-09-14 11:47:38,411 INFO Request is queued
2022-09-14 11:47:39,536 INFO Request is running
2022-09-14 11:47:43,539 INFO Request is completed
/home/mundi/Summer2022/myfuncs.py:73: RuntimeWarning: More than 20 figures have been opened. Figures created through the pyplot interface (`matplotlib.pyplot.figure`) are retained until explicitly closed and may consume too much memory. (To control this warning, see the rcParam `figure.max_open_warning`).
  fig=plt.figure(figsize=[15,15])
2022-09-14 11:47:46,596 INFO Welcome to the CDS
2022-09-14 11:47:46,596 INFO Sending request to https://cds.climate.copernicus.eu/api/v2/resources/reanalysis-era5-single-levels
2022-09-14 11:47:46,740 INFO Request is completed
/home/mundi/Summer2022/myfuncs.py:73: RuntimeWarning: More than 20 figures have been opened. Figures created through the pyplot interface (`matplotlib.pyplot.figure`) are retained until explicitly closed and may consume too much memory. (To control this warning, see the rcParam `figure.max_open_warning`).
  fig=plt.figure(figsize=[15,15])
2022-09-14 11:47:49,134 INFO Welcome to the CDS
2022-09-14 11:47:49,134 INFO Sending request to https://cds.climate.copernicus.eu/api/v2/resources/reanalysis-era5-single-levels
2022-09-14 11:47:49,417 INFO Request is completed
/home/mundi/Summer2022/myfuncs.py:73: RuntimeWarning: More than 20 figures have been opened. Figures created through the pyplot interface (`matplotlib.pyplot.figure`) are retained until explicitly closed and may consume too much memory. (To control this warning, see the rcParam `figure.max_open_warning`).
  fig=plt.figure(figsize=[15,15])
2022-09-14 11:47:52,677 INFO Welcome to the CDS
2022-09-14 11:47:52,677 INFO Sending request to https://cds.climate.copernicus.eu/api/v2/resources/reanalysis-era5-single-levels
2022-09-14 11:47:52,821 INFO Request is queued
2022-09-14 11:47:53,947 INFO Request is running
2022-09-14 11:47:57,950 INFO Request is completed
/home/mundi/Summer2022/myfuncs.py:73: RuntimeWarning: More than 20 figures have been opened. Figures created through the pyplot interface (`matplotlib.pyplot.figure`) are retained until explicitly closed and may consume too much memory. (To control this warning, see the rcParam `figure.max_open_warning`).
  fig=plt.figure(figsize=[15,15])
2022-09-14 11:47:59,891 INFO Welcome to the CDS
2022-09-14 11:47:59,891 INFO Sending request to https://cds.climate.copernicus.eu/api/v2/resources/reanalysis-era5-single-levels
2022-09-14 11:48:00,031 INFO Request is queued
2022-09-14 11:48:01,156 INFO Request is running
2022-09-14 11:48:05,162 INFO Request is completed
/home/mundi/Summer2022/myfuncs.py:73: RuntimeWarning: More than 20 figures have been opened. Figures created through the pyplot interface (`matplotlib.pyplot.figure`) are retained until explicitly closed and may consume too much memory. (To control this warning, see the rcParam `figure.max_open_warning`).
  fig=plt.figure(figsize=[15,15])
2022-09-14 11:48:07,691 INFO Welcome to the CDS
2022-09-14 11:48:07,691 INFO Sending request to https://cds.climate.copernicus.eu/api/v2/resources/reanalysis-era5-single-levels
2022-09-14 11:48:07,836 INFO Request is queued
2022-09-14 11:48:08,963 INFO Request is running
2022-09-14 11:48:12,969 INFO Request is completed
/home/mundi/Summer2022/myfuncs.py:73: RuntimeWarning: More than 20 figures have been opened. Figures created through the pyplot interface (`matplotlib.pyplot.figure`) are retained until explicitly closed and may consume too much memory. (To control this warning, see the rcParam `figure.max_open_warning`).
  fig=plt.figure(figsize=[15,15])
2022-09-14 11:48:16,386 INFO Welcome to the CDS
2022-09-14 11:48:16,386 INFO Sending request to https://cds.climate.copernicus.eu/api/v2/resources/reanalysis-era5-single-levels
2022-09-14 11:48:16,551 INFO Request is queued
2022-09-14 11:48:17,678 INFO Request is running
2022-09-14 11:48:21,681 INFO Request is completed
/home/mundi/Summer2022/myfuncs.py:73: RuntimeWarning: More than 20 figures have been opened. Figures created through the pyplot interface (`matplotlib.pyplot.figure`) are retained until explicitly closed and may consume too much memory. (To control this warning, see the rcParam `figure.max_open_warning`).
  fig=plt.figure(figsize=[15,15])
2022-09-14 11:48:35,225 INFO Welcome to the CDS
2022-09-14 11:48:35,225 INFO Sending request to https://cds.climate.copernicus.eu/api/v2/resources/reanalysis-era5-single-levels
2022-09-14 11:48:35,371 INFO Request is completed
/home/mundi/Summer2022/myfuncs.py:73: RuntimeWarning: More than 20 figures have been opened. Figures created through the pyplot interface (`matplotlib.pyplot.figure`) are retained until explicitly closed and may consume too much memory. (To control this warning, see the rcParam `figure.max_open_warning`).
  fig=plt.figure(figsize=[15,15])
/home/mundi/miniconda3/envs/cyc_loc/lib/python3.8/site-packages/cartopy/mpl/geoaxes.py:1478: UserWarning: No contour levels were found within the data range.
  result = matplotlib.axes.Axes.contour(self, *args, **kwargs)
2022-09-14 11:49:37,122 INFO Welcome to the CDS
2022-09-14 11:49:37,122 INFO Sending request to https://cds.climate.copernicus.eu/api/v2/resources/reanalysis-era5-single-levels
2022-09-14 11:49:37,645 INFO Request is completed
/home/mundi/Summer2022/myfuncs.py:73: RuntimeWarning: More than 20 figures have been opened. Figures created through the pyplot interface (`matplotlib.pyplot.figure`) are retained until explicitly closed and may consume too much memory. (To control this warning, see the rcParam `figure.max_open_warning`).
  fig=plt.figure(figsize=[15,15])
2022-09-14 11:49:39,811 INFO Welcome to the CDS
2022-09-14 11:49:39,811 INFO Sending request to https://cds.climate.copernicus.eu/api/v2/resources/reanalysis-era5-single-levels
2022-09-14 11:49:39,955 INFO Request is completed
/home/mundi/Summer2022/myfuncs.py:73: RuntimeWarning: More than 20 figures have been opened. Figures created through the pyplot interface (`matplotlib.pyplot.figure`) are retained until explicitly closed and may consume too much memory. (To control this warning, see the rcParam `figure.max_open_warning`).
  fig=plt.figure(figsize=[15,15])
2022-09-14 11:49:42,133 INFO Welcome to the CDS
2022-09-14 11:49:42,133 INFO Sending request to https://cds.climate.copernicus.eu/api/v2/resources/reanalysis-era5-single-levels
2022-09-14 11:49:42,272 INFO Request is queued
2022-09-14 11:49:43,398 INFO Request is running
2022-09-14 11:49:45,024 INFO Request is completed
/home/mundi/Summer2022/myfuncs.py:73: RuntimeWarning: More than 20 figures have been opened. Figures created through the pyplot interface (`matplotlib.pyplot.figure`) are retained until explicitly closed and may consume too much memory. (To control this warning, see the rcParam `figure.max_open_warning`).
  fig=plt.figure(figsize=[15,15])
2022-09-14 11:49:46,990 INFO Welcome to the CDS
2022-09-14 11:49:46,990 INFO Sending request to https://cds.climate.copernicus.eu/api/v2/resources/reanalysis-era5-single-levels
2022-09-14 11:49:47,119 INFO Request is queued
2022-09-14 11:49:48,245 INFO Request is running
2022-09-14 11:49:49,871 INFO Request is completed
/home/mundi/Summer2022/myfuncs.py:73: RuntimeWarning: More than 20 figures have been opened. Figures created through the pyplot interface (`matplotlib.pyplot.figure`) are retained until explicitly closed and may consume too much memory. (To control this warning, see the rcParam `figure.max_open_warning`).
  fig=plt.figure(figsize=[15,15])
2022-09-14 11:49:54,912 INFO Welcome to the CDS
2022-09-14 11:49:54,912 INFO Sending request to https://cds.climate.copernicus.eu/api/v2/resources/reanalysis-era5-single-levels
2022-09-14 11:49:55,094 INFO Request is queued
2022-09-14 11:49:56,220 INFO Request is running
2022-09-14 11:50:00,221 INFO Request is completed
/home/mundi/Summer2022/myfuncs.py:73: RuntimeWarning: More than 20 figures have been opened. Figures created through the pyplot interface (`matplotlib.pyplot.figure`) are retained until explicitly closed and may consume too much memory. (To control this warning, see the rcParam `figure.max_open_warning`).
  fig=plt.figure(figsize=[15,15])
2022-09-14 11:50:02,676 INFO Welcome to the CDS
2022-09-14 11:50:02,676 INFO Sending request to https://cds.climate.copernicus.eu/api/v2/resources/reanalysis-era5-single-levels
2022-09-14 11:50:02,831 INFO Request is queued
2022-09-14 11:50:03,971 INFO Request is running
2022-09-14 11:50:05,596 INFO Request is completed
/home/mundi/Summer2022/myfuncs.py:73: RuntimeWarning: More than 20 figures have been opened. Figures created through the pyplot interface (`matplotlib.pyplot.figure`) are retained until explicitly closed and may consume too much memory. (To control this warning, see the rcParam `figure.max_open_warning`).
  fig=plt.figure(figsize=[15,15])
2022-09-14 11:50:07,769 INFO Welcome to the CDS
2022-09-14 11:50:07,769 INFO Sending request to https://cds.climate.copernicus.eu/api/v2/resources/reanalysis-era5-single-levels
2022-09-14 11:50:07,904 INFO Request is queued
2022-09-14 11:50:09,030 INFO Request is running
2022-09-14 11:50:13,033 INFO Request is completed
/home/mundi/Summer2022/myfuncs.py:73: RuntimeWarning: More than 20 figures have been opened. Figures created through the pyplot interface (`matplotlib.pyplot.figure`) are retained until explicitly closed and may consume too much memory. (To control this warning, see the rcParam `figure.max_open_warning`).
  fig=plt.figure(figsize=[15,15])
2022-09-14 11:50:15,184 INFO Welcome to the CDS
2022-09-14 11:50:15,184 INFO Sending request to https://cds.climate.copernicus.eu/api/v2/resources/reanalysis-era5-single-levels
2022-09-14 11:50:15,312 INFO Request is queued
2022-09-14 11:50:16,438 INFO Request is running
2022-09-14 11:50:18,064 INFO Request is completed
/home/mundi/Summer2022/myfuncs.py:73: RuntimeWarning: More than 20 figures have been opened. Figures created through the pyplot interface (`matplotlib.pyplot.figure`) are retained until explicitly closed and may consume too much memory. (To control this warning, see the rcParam `figure.max_open_warning`).
  fig=plt.figure(figsize=[15,15])
2022-09-14 11:50:20,636 INFO Welcome to the CDS
2022-09-14 11:50:20,636 INFO Sending request to https://cds.climate.copernicus.eu/api/v2/resources/reanalysis-era5-single-levels
2022-09-14 11:50:20,764 INFO Request is queued
2022-09-14 11:50:23,514 INFO Request is running
2022-09-14 11:50:29,394 INFO Request is completed
/home/mundi/Summer2022/myfuncs.py:73: RuntimeWarning: More than 20 figures have been opened. Figures created through the pyplot interface (`matplotlib.pyplot.figure`) are retained until explicitly closed and may consume too much memory. (To control this warning, see the rcParam `figure.max_open_warning`).
  fig=plt.figure(figsize=[15,15])
/home/mundi/miniconda3/envs/cyc_loc/lib/python3.8/site-packages/cartopy/mpl/geoaxes.py:1478: UserWarning: No contour levels were found within the data range.
  result = matplotlib.axes.Axes.contour(self, *args, **kwargs)
2022-09-14 11:50:59,139 INFO Welcome to the CDS
2022-09-14 11:50:59,139 INFO Sending request to https://cds.climate.copernicus.eu/api/v2/resources/reanalysis-era5-single-levels
2022-09-14 11:50:59,266 INFO Request is queued
2022-09-14 11:51:00,391 INFO Request is running
2022-09-14 11:51:04,393 INFO Request is completed
/home/mundi/Summer2022/myfuncs.py:73: RuntimeWarning: More than 20 figures have been opened. Figures created through the pyplot interface (`matplotlib.pyplot.figure`) are retained until explicitly closed and may consume too much memory. (To control this warning, see the rcParam `figure.max_open_warning`).
  fig=plt.figure(figsize=[15,15])
2022-09-14 11:51:08,917 INFO Welcome to the CDS
2022-09-14 11:51:08,917 INFO Sending request to https://cds.climate.copernicus.eu/api/v2/resources/reanalysis-era5-single-levels
2022-09-14 11:51:09,047 INFO Request is queued
2022-09-14 11:51:10,172 INFO Request is running
2022-09-14 11:51:14,173 INFO Request is completed
/home/mundi/Summer2022/myfuncs.py:73: RuntimeWarning: More than 20 figures have been opened. Figures created through the pyplot interface (`matplotlib.pyplot.figure`) are retained until explicitly closed and may consume too much memory. (To control this warning, see the rcParam `figure.max_open_warning`).
  fig=plt.figure(figsize=[15,15])
2022-09-14 11:51:17,340 INFO Welcome to the CDS
2022-09-14 11:51:17,340 INFO Sending request to https://cds.climate.copernicus.eu/api/v2/resources/reanalysis-era5-single-levels
2022-09-14 11:51:17,482 INFO Request is queued
2022-09-14 11:51:18,607 INFO Request is running
2022-09-14 11:51:22,608 INFO Request is completed
/home/mundi/Summer2022/myfuncs.py:73: RuntimeWarning: More than 20 figures have been opened. Figures created through the pyplot interface (`matplotlib.pyplot.figure`) are retained until explicitly closed and may consume too much memory. (To control this warning, see the rcParam `figure.max_open_warning`).
  fig=plt.figure(figsize=[15,15])
2022-09-14 11:51:27,182 INFO Welcome to the CDS
2022-09-14 11:51:27,182 INFO Sending request to https://cds.climate.copernicus.eu/api/v2/resources/reanalysis-era5-single-levels
2022-09-14 11:51:27,334 INFO Request is queued
2022-09-14 11:51:28,459 INFO Request is running
2022-09-14 11:51:32,462 INFO Request is completed
/home/mundi/Summer2022/myfuncs.py:73: RuntimeWarning: More than 20 figures have been opened. Figures created through the pyplot interface (`matplotlib.pyplot.figure`) are retained until explicitly closed and may consume too much memory. (To control this warning, see the rcParam `figure.max_open_warning`).
  fig=plt.figure(figsize=[15,15])
2022-09-14 11:51:37,388 INFO Welcome to the CDS
2022-09-14 11:51:37,388 INFO Sending request to https://cds.climate.copernicus.eu/api/v2/resources/reanalysis-era5-single-levels
2022-09-14 11:51:37,516 INFO Request is queued
2022-09-14 11:51:38,642 INFO Request is running
2022-09-14 11:51:40,268 INFO Request is completed
/home/mundi/Summer2022/myfuncs.py:73: RuntimeWarning: More than 20 figures have been opened. Figures created through the pyplot interface (`matplotlib.pyplot.figure`) are retained until explicitly closed and may consume too much memory. (To control this warning, see the rcParam `figure.max_open_warning`).
  fig=plt.figure(figsize=[15,15])
2022-09-14 11:51:43,830 INFO Welcome to the CDS
2022-09-14 11:51:43,830 INFO Sending request to https://cds.climate.copernicus.eu/api/v2/resources/reanalysis-era5-single-levels
2022-09-14 11:51:43,960 INFO Request is queued
2022-09-14 11:51:45,086 INFO Request is running
2022-09-14 11:51:46,712 INFO Request is completed
/home/mundi/Summer2022/myfuncs.py:73: RuntimeWarning: More than 20 figures have been opened. Figures created through the pyplot interface (`matplotlib.pyplot.figure`) are retained until explicitly closed and may consume too much memory. (To control this warning, see the rcParam `figure.max_open_warning`).
  fig=plt.figure(figsize=[15,15])
2022-09-14 11:51:49,324 INFO Welcome to the CDS
2022-09-14 11:51:49,325 INFO Sending request to https://cds.climate.copernicus.eu/api/v2/resources/reanalysis-era5-single-levels
2022-09-14 11:51:49,481 INFO Request is queued
2022-09-14 11:51:50,606 INFO Request is running
2022-09-14 11:51:54,607 INFO Request is completed
/home/mundi/Summer2022/myfuncs.py:73: RuntimeWarning: More than 20 figures have been opened. Figures created through the pyplot interface (`matplotlib.pyplot.figure`) are retained until explicitly closed and may consume too much memory. (To control this warning, see the rcParam `figure.max_open_warning`).
  fig=plt.figure(figsize=[15,15])
2022-09-14 11:51:58,014 INFO Welcome to the CDS
2022-09-14 11:51:58,014 INFO Sending request to https://cds.climate.copernicus.eu/api/v2/resources/reanalysis-era5-single-levels
2022-09-14 11:51:58,191 INFO Request is queued
2022-09-14 11:51:59,317 INFO Request is running
2022-09-14 11:52:00,943 INFO Request is completed
/home/mundi/Summer2022/myfuncs.py:73: RuntimeWarning: More than 20 figures have been opened. Figures created through the pyplot interface (`matplotlib.pyplot.figure`) are retained until explicitly closed and may consume too much memory. (To control this warning, see the rcParam `figure.max_open_warning`).
  fig=plt.figure(figsize=[15,15])
2022-09-14 11:52:03,768 INFO Welcome to the CDS
2022-09-14 11:52:03,768 INFO Sending request to https://cds.climate.copernicus.eu/api/v2/resources/reanalysis-era5-single-levels
2022-09-14 11:52:03,925 INFO Request is queued
2022-09-14 11:52:05,050 INFO Request is running
2022-09-14 11:52:09,053 INFO Request is completed
/home/mundi/Summer2022/myfuncs.py:73: RuntimeWarning: More than 20 figures have been opened. Figures created through the pyplot interface (`matplotlib.pyplot.figure`) are retained until explicitly closed and may consume too much memory. (To control this warning, see the rcParam `figure.max_open_warning`).
  fig=plt.figure(figsize=[15,15])
2022-09-14 11:52:13,098 INFO Welcome to the CDS
2022-09-14 11:52:13,098 INFO Sending request to https://cds.climate.copernicus.eu/api/v2/resources/reanalysis-era5-single-levels
2022-09-14 11:52:13,239 INFO Request is queued
2022-09-14 11:52:14,364 INFO Request is running
2022-09-14 11:52:15,991 INFO Request is completed
/home/mundi/Summer2022/myfuncs.py:73: RuntimeWarning: More than 20 figures have been opened. Figures created through the pyplot interface (`matplotlib.pyplot.figure`) are retained until explicitly closed and may consume too much memory. (To control this warning, see the rcParam `figure.max_open_warning`).
  fig=plt.figure(figsize=[15,15])
2022-09-14 11:52:18,764 INFO Welcome to the CDS
2022-09-14 11:52:18,764 INFO Sending request to https://cds.climate.copernicus.eu/api/v2/resources/reanalysis-era5-single-levels
2022-09-14 11:52:18,893 INFO Request is queued
2022-09-14 11:52:20,018 INFO Request is running
2022-09-14 11:52:24,019 INFO Request is completed
/home/mundi/Summer2022/myfuncs.py:73: RuntimeWarning: More than 20 figures have been opened. Figures created through the pyplot interface (`matplotlib.pyplot.figure`) are retained until explicitly closed and may consume too much memory. (To control this warning, see the rcParam `figure.max_open_warning`).
  fig=plt.figure(figsize=[15,15])
2022-09-14 11:52:26,177 INFO Welcome to the CDS
2022-09-14 11:52:26,177 INFO Sending request to https://cds.climate.copernicus.eu/api/v2/resources/reanalysis-era5-single-levels
2022-09-14 11:52:26,320 INFO Request is queued
2022-09-14 11:52:27,446 INFO Request is running
2022-09-14 11:52:31,449 INFO Request is completed
/home/mundi/Summer2022/myfuncs.py:73: RuntimeWarning: More than 20 figures have been opened. Figures created through the pyplot interface (`matplotlib.pyplot.figure`) are retained until explicitly closed and may consume too much memory. (To control this warning, see the rcParam `figure.max_open_warning`).
  fig=plt.figure(figsize=[15,15])
2022-09-14 11:52:34,068 INFO Welcome to the CDS
2022-09-14 11:52:34,069 INFO Sending request to https://cds.climate.copernicus.eu/api/v2/resources/reanalysis-era5-single-levels
2022-09-14 11:52:34,207 INFO Request is queued
2022-09-14 11:52:35,332 INFO Request is running
2022-09-14 11:52:39,334 INFO Request is completed
/home/mundi/Summer2022/myfuncs.py:73: RuntimeWarning: More than 20 figures have been opened. Figures created through the pyplot interface (`matplotlib.pyplot.figure`) are retained until explicitly closed and may consume too much memory. (To control this warning, see the rcParam `figure.max_open_warning`).
  fig=plt.figure(figsize=[15,15])
2022-09-14 11:52:42,333 INFO Welcome to the CDS
2022-09-14 11:52:42,333 INFO Sending request to https://cds.climate.copernicus.eu/api/v2/resources/reanalysis-era5-single-levels
2022-09-14 11:52:42,463 INFO Request is queued
2022-09-14 11:52:43,588 INFO Request is running
2022-09-14 11:52:45,213 INFO Request is completed
/home/mundi/Summer2022/myfuncs.py:73: RuntimeWarning: More than 20 figures have been opened. Figures created through the pyplot interface (`matplotlib.pyplot.figure`) are retained until explicitly closed and may consume too much memory. (To control this warning, see the rcParam `figure.max_open_warning`).
  fig=plt.figure(figsize=[15,15])
2022-09-14 11:52:48,752 INFO Welcome to the CDS
2022-09-14 11:52:48,752 INFO Sending request to https://cds.climate.copernicus.eu/api/v2/resources/reanalysis-era5-single-levels
2022-09-14 11:52:48,894 INFO Request is queued
2022-09-14 11:52:50,020 INFO Request is running
2022-09-14 11:52:54,021 INFO Request is completed
/home/mundi/Summer2022/myfuncs.py:73: RuntimeWarning: More than 20 figures have been opened. Figures created through the pyplot interface (`matplotlib.pyplot.figure`) are retained until explicitly closed and may consume too much memory. (To control this warning, see the rcParam `figure.max_open_warning`).
  fig=plt.figure(figsize=[15,15])
2022-09-14 11:52:57,715 INFO Welcome to the CDS
2022-09-14 11:52:57,715 INFO Sending request to https://cds.climate.copernicus.eu/api/v2/resources/reanalysis-era5-single-levels
2022-09-14 11:52:57,847 INFO Request is queued
2022-09-14 11:52:58,995 INFO Request is running
2022-09-14 11:53:00,621 INFO Request is completed
/home/mundi/Summer2022/myfuncs.py:73: RuntimeWarning: More than 20 figures have been opened. Figures created through the pyplot interface (`matplotlib.pyplot.figure`) are retained until explicitly closed and may consume too much memory. (To control this warning, see the rcParam `figure.max_open_warning`).
  fig=plt.figure(figsize=[15,15])
2022-09-14 11:53:05,802 INFO Welcome to the CDS
2022-09-14 11:53:05,802 INFO Sending request to https://cds.climate.copernicus.eu/api/v2/resources/reanalysis-era5-single-levels
2022-09-14 11:53:05,956 INFO Request is queued
2022-09-14 11:53:07,081 INFO Request is running
2022-09-14 11:53:11,084 INFO Request is completed
/home/mundi/Summer2022/myfuncs.py:73: RuntimeWarning: More than 20 figures have been opened. Figures created through the pyplot interface (`matplotlib.pyplot.figure`) are retained until explicitly closed and may consume too much memory. (To control this warning, see the rcParam `figure.max_open_warning`).
  fig=plt.figure(figsize=[15,15])
2022-09-14 11:53:13,487 INFO Welcome to the CDS
2022-09-14 11:53:13,487 INFO Sending request to https://cds.climate.copernicus.eu/api/v2/resources/reanalysis-era5-single-levels
2022-09-14 11:53:13,663 INFO Request is queued
2022-09-14 11:53:14,788 INFO Request is running
2022-09-14 11:53:18,791 INFO Request is completed
/home/mundi/Summer2022/myfuncs.py:73: RuntimeWarning: More than 20 figures have been opened. Figures created through the pyplot interface (`matplotlib.pyplot.figure`) are retained until explicitly closed and may consume too much memory. (To control this warning, see the rcParam `figure.max_open_warning`).
  fig=plt.figure(figsize=[15,15])
2022-09-14 11:53:21,480 INFO Welcome to the CDS
2022-09-14 11:53:21,480 INFO Sending request to https://cds.climate.copernicus.eu/api/v2/resources/reanalysis-era5-single-levels
2022-09-14 11:53:21,610 INFO Request is queued
2022-09-14 11:53:22,735 INFO Request is running
2022-09-14 11:53:26,753 INFO Request is completed
/home/mundi/Summer2022/myfuncs.py:73: RuntimeWarning: More than 20 figures have been opened. Figures created through the pyplot interface (`matplotlib.pyplot.figure`) are retained until explicitly closed and may consume too much memory. (To control this warning, see the rcParam `figure.max_open_warning`).
  fig=plt.figure(figsize=[15,15])
2022-09-14 11:53:30,124 INFO Welcome to the CDS
2022-09-14 11:53:30,124 INFO Sending request to https://cds.climate.copernicus.eu/api/v2/resources/reanalysis-era5-single-levels
2022-09-14 11:53:30,269 INFO Request is queued
2022-09-14 11:53:31,394 INFO Request is running
2022-09-14 11:53:35,397 INFO Request is completed
/home/mundi/Summer2022/myfuncs.py:73: RuntimeWarning: More than 20 figures have been opened. Figures created through the pyplot interface (`matplotlib.pyplot.figure`) are retained until explicitly closed and may consume too much memory. (To control this warning, see the rcParam `figure.max_open_warning`).
  fig=plt.figure(figsize=[15,15])
2022-09-14 11:53:37,628 INFO Welcome to the CDS
2022-09-14 11:53:37,628 INFO Sending request to https://cds.climate.copernicus.eu/api/v2/resources/reanalysis-era5-single-levels
2022-09-14 11:53:37,756 INFO Request is queued
2022-09-14 11:53:38,882 INFO Request is running
2022-09-14 11:53:40,509 INFO Request is completed
/home/mundi/Summer2022/myfuncs.py:73: RuntimeWarning: More than 20 figures have been opened. Figures created through the pyplot interface (`matplotlib.pyplot.figure`) are retained until explicitly closed and may consume too much memory. (To control this warning, see the rcParam `figure.max_open_warning`).
  fig=plt.figure(figsize=[15,15])
2022-09-14 11:53:44,841 INFO Welcome to the CDS
2022-09-14 11:53:44,841 INFO Sending request to https://cds.climate.copernicus.eu/api/v2/resources/reanalysis-era5-single-levels
2022-09-14 11:53:44,998 INFO Request is queued
2022-09-14 11:53:46,123 INFO Request is running
2022-09-14 11:53:50,127 INFO Request is completed
/home/mundi/Summer2022/myfuncs.py:73: RuntimeWarning: More than 20 figures have been opened. Figures created through the pyplot interface (`matplotlib.pyplot.figure`) are retained until explicitly closed and may consume too much memory. (To control this warning, see the rcParam `figure.max_open_warning`).
  fig=plt.figure(figsize=[15,15])
2022-09-14 11:53:57,203 INFO Welcome to the CDS
2022-09-14 11:53:57,203 INFO Sending request to https://cds.climate.copernicus.eu/api/v2/resources/reanalysis-era5-single-levels
2022-09-14 11:53:57,331 INFO Request is queued
2022-09-14 11:53:58,468 INFO Request is running
2022-09-14 11:54:00,094 INFO Request is completed
/home/mundi/Summer2022/myfuncs.py:73: RuntimeWarning: More than 20 figures have been opened. Figures created through the pyplot interface (`matplotlib.pyplot.figure`) are retained until explicitly closed and may consume too much memory. (To control this warning, see the rcParam `figure.max_open_warning`).
  fig=plt.figure(figsize=[15,15])
2022-09-14 11:54:03,060 INFO Welcome to the CDS
2022-09-14 11:54:03,060 INFO Sending request to https://cds.climate.copernicus.eu/api/v2/resources/reanalysis-era5-single-levels
2022-09-14 11:54:03,189 INFO Request is queued
2022-09-14 11:54:04,314 INFO Request is running
2022-09-14 11:54:08,315 INFO Request is completed
/home/mundi/Summer2022/myfuncs.py:73: RuntimeWarning: More than 20 figures have been opened. Figures created through the pyplot interface (`matplotlib.pyplot.figure`) are retained until explicitly closed and may consume too much memory. (To control this warning, see the rcParam `figure.max_open_warning`).
  fig=plt.figure(figsize=[15,15])
2022-09-14 11:54:13,880 INFO Welcome to the CDS
2022-09-14 11:54:13,881 INFO Sending request to https://cds.climate.copernicus.eu/api/v2/resources/reanalysis-era5-single-levels
2022-09-14 11:54:14,023 INFO Request is queued
2022-09-14 11:54:15,149 INFO Request is running
2022-09-14 11:54:19,151 INFO Request is completed
/home/mundi/Summer2022/myfuncs.py:73: RuntimeWarning: More than 20 figures have been opened. Figures created through the pyplot interface (`matplotlib.pyplot.figure`) are retained until explicitly closed and may consume too much memory. (To control this warning, see the rcParam `figure.max_open_warning`).
  fig=plt.figure(figsize=[15,15])
2022-09-14 11:54:23,227 INFO Welcome to the CDS
2022-09-14 11:54:23,227 INFO Sending request to https://cds.climate.copernicus.eu/api/v2/resources/reanalysis-era5-single-levels
2022-09-14 11:54:23,391 INFO Request is queued
2022-09-14 11:54:24,516 INFO Request is running
2022-09-14 11:54:28,519 INFO Request is completed
/home/mundi/Summer2022/myfuncs.py:73: RuntimeWarning: More than 20 figures have been opened. Figures created through the pyplot interface (`matplotlib.pyplot.figure`) are retained until explicitly closed and may consume too much memory. (To control this warning, see the rcParam `figure.max_open_warning`).
  fig=plt.figure(figsize=[15,15])
/home/mundi/miniconda3/envs/cyc_loc/lib/python3.8/site-packages/cartopy/mpl/geoaxes.py:1478: UserWarning: No contour levels were found within the data range.
  result = matplotlib.axes.Axes.contour(self, *args, **kwargs)
2022-09-14 11:55:21,444 INFO Welcome to the CDS
2022-09-14 11:55:21,444 INFO Sending request to https://cds.climate.copernicus.eu/api/v2/resources/reanalysis-era5-single-levels
2022-09-14 11:55:21,572 INFO Request is queued
2022-09-14 11:55:22,707 INFO Request is running
2022-09-14 11:55:24,337 INFO Request is completed
/home/mundi/Summer2022/myfuncs.py:73: RuntimeWarning: More than 20 figures have been opened. Figures created through the pyplot interface (`matplotlib.pyplot.figure`) are retained until explicitly closed and may consume too much memory. (To control this warning, see the rcParam `figure.max_open_warning`).
  fig=plt.figure(figsize=[15,15])
/home/mundi/miniconda3/envs/cyc_loc/lib/python3.8/site-packages/cartopy/mpl/geoaxes.py:1478: UserWarning: No contour levels were found within the data range.
  result = matplotlib.axes.Axes.contour(self, *args, **kwargs)
2022-09-14 11:56:20,830 INFO Welcome to the CDS
2022-09-14 11:56:20,831 INFO Sending request to https://cds.climate.copernicus.eu/api/v2/resources/reanalysis-era5-single-levels
2022-09-14 11:56:21,085 INFO Request is queued
2022-09-14 11:56:22,210 INFO Request is running
2022-09-14 11:56:24,218 INFO Request is completed
/home/mundi/Summer2022/myfuncs.py:73: RuntimeWarning: More than 20 figures have been opened. Figures created through the pyplot interface (`matplotlib.pyplot.figure`) are retained until explicitly closed and may consume too much memory. (To control this warning, see the rcParam `figure.max_open_warning`).
  fig=plt.figure(figsize=[15,15])
2022-09-14 11:56:26,610 INFO Welcome to the CDS
2022-09-14 11:56:26,610 INFO Sending request to https://cds.climate.copernicus.eu/api/v2/resources/reanalysis-era5-single-levels
2022-09-14 11:56:26,749 INFO Request is queued
2022-09-14 11:56:27,876 INFO Request is running
2022-09-14 11:56:31,882 INFO Request is completed
/home/mundi/Summer2022/myfuncs.py:73: RuntimeWarning: More than 20 figures have been opened. Figures created through the pyplot interface (`matplotlib.pyplot.figure`) are retained until explicitly closed and may consume too much memory. (To control this warning, see the rcParam `figure.max_open_warning`).
  fig=plt.figure(figsize=[15,15])
2022-09-14 11:56:34,037 INFO Welcome to the CDS
2022-09-14 11:56:34,037 INFO Sending request to https://cds.climate.copernicus.eu/api/v2/resources/reanalysis-era5-single-levels
2022-09-14 11:56:34,166 INFO Request is queued
2022-09-14 11:56:35,293 INFO Request is running
2022-09-14 11:56:39,302 INFO Request is completed
/home/mundi/Summer2022/myfuncs.py:73: RuntimeWarning: More than 20 figures have been opened. Figures created through the pyplot interface (`matplotlib.pyplot.figure`) are retained until explicitly closed and may consume too much memory. (To control this warning, see the rcParam `figure.max_open_warning`).
  fig=plt.figure(figsize=[15,15])
2022-09-14 11:56:43,304 INFO Welcome to the CDS
2022-09-14 11:56:43,304 INFO Sending request to https://cds.climate.copernicus.eu/api/v2/resources/reanalysis-era5-single-levels
2022-09-14 11:56:43,448 INFO Request is queued
2022-09-14 11:56:44,575 INFO Request is running
2022-09-14 11:56:48,579 INFO Request is completed
/home/mundi/Summer2022/myfuncs.py:73: RuntimeWarning: More than 20 figures have been opened. Figures created through the pyplot interface (`matplotlib.pyplot.figure`) are retained until explicitly closed and may consume too much memory. (To control this warning, see the rcParam `figure.max_open_warning`).
  fig=plt.figure(figsize=[15,15])
2022-09-14 11:56:52,299 INFO Welcome to the CDS
2022-09-14 11:56:52,299 INFO Sending request to https://cds.climate.copernicus.eu/api/v2/resources/reanalysis-era5-single-levels
2022-09-14 11:56:52,470 INFO Request is completed
/home/mundi/Summer2022/myfuncs.py:73: RuntimeWarning: More than 20 figures have been opened. Figures created through the pyplot interface (`matplotlib.pyplot.figure`) are retained until explicitly closed and may consume too much memory. (To control this warning, see the rcParam `figure.max_open_warning`).
  fig=plt.figure(figsize=[15,15])
2022-09-14 11:57:03,557 INFO Welcome to the CDS
2022-09-14 11:57:03,558 INFO Sending request to https://cds.climate.copernicus.eu/api/v2/resources/reanalysis-era5-single-levels
2022-09-14 11:57:03,704 INFO Request is completed
/home/mundi/Summer2022/myfuncs.py:73: RuntimeWarning: More than 20 figures have been opened. Figures created through the pyplot interface (`matplotlib.pyplot.figure`) are retained until explicitly closed and may consume too much memory. (To control this warning, see the rcParam `figure.max_open_warning`).
  fig=plt.figure(figsize=[15,15])
2022-09-14 11:57:06,602 INFO Welcome to the CDS
2022-09-14 11:57:06,602 INFO Sending request to https://cds.climate.copernicus.eu/api/v2/resources/reanalysis-era5-single-levels
2022-09-14 11:57:06,747 INFO Request is completed
/home/mundi/Summer2022/myfuncs.py:73: RuntimeWarning: More than 20 figures have been opened. Figures created through the pyplot interface (`matplotlib.pyplot.figure`) are retained until explicitly closed and may consume too much memory. (To control this warning, see the rcParam `figure.max_open_warning`).
  fig=plt.figure(figsize=[15,15])
2022-09-14 11:57:10,410 INFO Welcome to the CDS
2022-09-14 11:57:10,410 INFO Sending request to https://cds.climate.copernicus.eu/api/v2/resources/reanalysis-era5-single-levels
2022-09-14 11:57:10,556 INFO Request is completed
/home/mundi/Summer2022/myfuncs.py:73: RuntimeWarning: More than 20 figures have been opened. Figures created through the pyplot interface (`matplotlib.pyplot.figure`) are retained until explicitly closed and may consume too much memory. (To control this warning, see the rcParam `figure.max_open_warning`).
  fig=plt.figure(figsize=[15,15])
2022-09-14 11:57:12,801 INFO Welcome to the CDS
2022-09-14 11:57:12,801 INFO Sending request to https://cds.climate.copernicus.eu/api/v2/resources/reanalysis-era5-single-levels
2022-09-14 11:57:13,074 INFO Request is completed
/home/mundi/Summer2022/myfuncs.py:73: RuntimeWarning: More than 20 figures have been opened. Figures created through the pyplot interface (`matplotlib.pyplot.figure`) are retained until explicitly closed and may consume too much memory. (To control this warning, see the rcParam `figure.max_open_warning`).
  fig=plt.figure(figsize=[15,15])
2022-09-14 11:57:17,024 INFO Welcome to the CDS
2022-09-14 11:57:17,024 INFO Sending request to https://cds.climate.copernicus.eu/api/v2/resources/reanalysis-era5-single-levels
2022-09-14 11:57:17,202 INFO Request is completed
/home/mundi/Summer2022/myfuncs.py:73: RuntimeWarning: More than 20 figures have been opened. Figures created through the pyplot interface (`matplotlib.pyplot.figure`) are retained until explicitly closed and may consume too much memory. (To control this warning, see the rcParam `figure.max_open_warning`).
  fig=plt.figure(figsize=[15,15])
2022-09-14 11:57:20,628 INFO Welcome to the CDS
2022-09-14 11:57:20,629 INFO Sending request to https://cds.climate.copernicus.eu/api/v2/resources/reanalysis-era5-single-levels
2022-09-14 11:57:20,759 INFO Request is queued
2022-09-14 11:57:21,887 INFO Request is running
2022-09-14 11:57:25,891 INFO Request is completed
/home/mundi/Summer2022/myfuncs.py:73: RuntimeWarning: More than 20 figures have been opened. Figures created through the pyplot interface (`matplotlib.pyplot.figure`) are retained until explicitly closed and may consume too much memory. (To control this warning, see the rcParam `figure.max_open_warning`).
  fig=plt.figure(figsize=[15,15])
2022-09-14 11:57:29,754 INFO Welcome to the CDS
2022-09-14 11:57:29,754 INFO Sending request to https://cds.climate.copernicus.eu/api/v2/resources/reanalysis-era5-single-levels
2022-09-14 11:57:29,885 INFO Request is queued
2022-09-14 11:57:31,011 INFO Request is running
2022-09-14 11:57:35,017 INFO Request is completed
/home/mundi/Summer2022/myfuncs.py:73: RuntimeWarning: More than 20 figures have been opened. Figures created through the pyplot interface (`matplotlib.pyplot.figure`) are retained until explicitly closed and may consume too much memory. (To control this warning, see the rcParam `figure.max_open_warning`).
  fig=plt.figure(figsize=[15,15])
2022-09-14 11:57:40,889 INFO Welcome to the CDS
2022-09-14 11:57:40,890 INFO Sending request to https://cds.climate.copernicus.eu/api/v2/resources/reanalysis-era5-single-levels
2022-09-14 11:57:41,031 INFO Request is queued
2022-09-14 11:57:42,159 INFO Request is running
2022-09-14 11:57:43,786 INFO Request is completed
/home/mundi/Summer2022/myfuncs.py:73: RuntimeWarning: More than 20 figures have been opened. Figures created through the pyplot interface (`matplotlib.pyplot.figure`) are retained until explicitly closed and may consume too much memory. (To control this warning, see the rcParam `figure.max_open_warning`).
  fig=plt.figure(figsize=[15,15])
2022-09-14 11:57:47,041 INFO Welcome to the CDS
2022-09-14 11:57:47,041 INFO Sending request to https://cds.climate.copernicus.eu/api/v2/resources/reanalysis-era5-single-levels
2022-09-14 11:57:47,170 INFO Request is queued
2022-09-14 11:57:48,297 INFO Request is running
2022-09-14 11:57:52,301 INFO Request is completed
/home/mundi/Summer2022/myfuncs.py:73: RuntimeWarning: More than 20 figures have been opened. Figures created through the pyplot interface (`matplotlib.pyplot.figure`) are retained until explicitly closed and may consume too much memory. (To control this warning, see the rcParam `figure.max_open_warning`).
  fig=plt.figure(figsize=[15,15])
2022-09-14 11:57:56,374 INFO Welcome to the CDS
2022-09-14 11:57:56,374 INFO Sending request to https://cds.climate.copernicus.eu/api/v2/resources/reanalysis-era5-single-levels
2022-09-14 11:57:56,520 INFO Request is completed
/home/mundi/Summer2022/myfuncs.py:73: RuntimeWarning: More than 20 figures have been opened. Figures created through the pyplot interface (`matplotlib.pyplot.figure`) are retained until explicitly closed and may consume too much memory. (To control this warning, see the rcParam `figure.max_open_warning`).
  fig=plt.figure(figsize=[15,15])
2022-09-14 11:58:00,711 INFO Welcome to the CDS
2022-09-14 11:58:00,712 INFO Sending request to https://cds.climate.copernicus.eu/api/v2/resources/reanalysis-era5-single-levels
2022-09-14 11:58:00,857 INFO Request is completed
/home/mundi/Summer2022/myfuncs.py:73: RuntimeWarning: More than 20 figures have been opened. Figures created through the pyplot interface (`matplotlib.pyplot.figure`) are retained until explicitly closed and may consume too much memory. (To control this warning, see the rcParam `figure.max_open_warning`).
  fig=plt.figure(figsize=[15,15])
2022-09-14 11:58:05,188 INFO Welcome to the CDS
2022-09-14 11:58:05,189 INFO Sending request to https://cds.climate.copernicus.eu/api/v2/resources/reanalysis-era5-single-levels
2022-09-14 11:58:05,350 INFO Request is completed
/home/mundi/Summer2022/myfuncs.py:73: RuntimeWarning: More than 20 figures have been opened. Figures created through the pyplot interface (`matplotlib.pyplot.figure`) are retained until explicitly closed and may consume too much memory. (To control this warning, see the rcParam `figure.max_open_warning`).
  fig=plt.figure(figsize=[15,15])
2022-09-14 11:58:23,889 INFO Welcome to the CDS
2022-09-14 11:58:23,889 INFO Sending request to https://cds.climate.copernicus.eu/api/v2/resources/reanalysis-era5-single-levels
2022-09-14 11:58:24,040 INFO Request is queued
2022-09-14 11:58:25,168 INFO Request is running
2022-09-14 11:58:29,174 INFO Request is completed
/home/mundi/Summer2022/myfuncs.py:73: RuntimeWarning: More than 20 figures have been opened. Figures created through the pyplot interface (`matplotlib.pyplot.figure`) are retained until explicitly closed and may consume too much memory. (To control this warning, see the rcParam `figure.max_open_warning`).
  fig=plt.figure(figsize=[15,15])
2022-09-14 11:58:34,719 INFO Welcome to the CDS
2022-09-14 11:58:34,719 INFO Sending request to https://cds.climate.copernicus.eu/api/v2/resources/reanalysis-era5-single-levels
2022-09-14 11:58:34,901 INFO Request is completed
/home/mundi/Summer2022/myfuncs.py:73: RuntimeWarning: More than 20 figures have been opened. Figures created through the pyplot interface (`matplotlib.pyplot.figure`) are retained until explicitly closed and may consume too much memory. (To control this warning, see the rcParam `figure.max_open_warning`).
  fig=plt.figure(figsize=[15,15])
2022-09-14 11:58:40,685 INFO Welcome to the CDS
2022-09-14 11:58:40,685 INFO Sending request to https://cds.climate.copernicus.eu/api/v2/resources/reanalysis-era5-single-levels
2022-09-14 11:58:40,846 INFO Request is completed
/home/mundi/Summer2022/myfuncs.py:73: RuntimeWarning: More than 20 figures have been opened. Figures created through the pyplot interface (`matplotlib.pyplot.figure`) are retained until explicitly closed and may consume too much memory. (To control this warning, see the rcParam `figure.max_open_warning`).
  fig=plt.figure(figsize=[15,15])
2022-09-14 11:58:45,417 INFO Welcome to the CDS
2022-09-14 11:58:45,418 INFO Sending request to https://cds.climate.copernicus.eu/api/v2/resources/reanalysis-era5-single-levels
2022-09-14 11:58:45,591 INFO Request is completed
/home/mundi/Summer2022/myfuncs.py:73: RuntimeWarning: More than 20 figures have been opened. Figures created through the pyplot interface (`matplotlib.pyplot.figure`) are retained until explicitly closed and may consume too much memory. (To control this warning, see the rcParam `figure.max_open_warning`).
  fig=plt.figure(figsize=[15,15])
2022-09-14 11:58:49,354 INFO Welcome to the CDS
2022-09-14 11:58:49,355 INFO Sending request to https://cds.climate.copernicus.eu/api/v2/resources/reanalysis-era5-single-levels
2022-09-14 11:58:49,552 INFO Request is queued
2022-09-14 11:58:52,307 INFO Request is running
2022-09-14 11:58:58,189 INFO Request is completed
/home/mundi/Summer2022/myfuncs.py:73: RuntimeWarning: More than 20 figures have been opened. Figures created through the pyplot interface (`matplotlib.pyplot.figure`) are retained until explicitly closed and may consume too much memory. (To control this warning, see the rcParam `figure.max_open_warning`).
  fig=plt.figure(figsize=[15,15])
2022-09-14 11:59:02,164 INFO Welcome to the CDS
2022-09-14 11:59:02,164 INFO Sending request to https://cds.climate.copernicus.eu/api/v2/resources/reanalysis-era5-single-levels
2022-09-14 11:59:02,361 INFO Request is completed
/home/mundi/Summer2022/myfuncs.py:73: RuntimeWarning: More than 20 figures have been opened. Figures created through the pyplot interface (`matplotlib.pyplot.figure`) are retained until explicitly closed and may consume too much memory. (To control this warning, see the rcParam `figure.max_open_warning`).
  fig=plt.figure(figsize=[15,15])
2022-09-14 11:59:10,661 INFO Welcome to the CDS
2022-09-14 11:59:10,661 INFO Sending request to https://cds.climate.copernicus.eu/api/v2/resources/reanalysis-era5-single-levels
2022-09-14 11:59:10,805 INFO Request is completed
/home/mundi/Summer2022/myfuncs.py:73: RuntimeWarning: More than 20 figures have been opened. Figures created through the pyplot interface (`matplotlib.pyplot.figure`) are retained until explicitly closed and may consume too much memory. (To control this warning, see the rcParam `figure.max_open_warning`).
  fig=plt.figure(figsize=[15,15])
2022-09-14 11:59:18,190 INFO Welcome to the CDS
2022-09-14 11:59:18,190 INFO Sending request to https://cds.climate.copernicus.eu/api/v2/resources/reanalysis-era5-single-levels
2022-09-14 11:59:18,323 INFO Request is queued
2022-09-14 11:59:19,834 INFO Request is running
2022-09-14 11:59:23,837 INFO Request is completed
/home/mundi/Summer2022/myfuncs.py:73: RuntimeWarning: More than 20 figures have been opened. Figures created through the pyplot interface (`matplotlib.pyplot.figure`) are retained until explicitly closed and may consume too much memory. (To control this warning, see the rcParam `figure.max_open_warning`).
  fig=plt.figure(figsize=[15,15])
2022-09-14 11:59:26,015 INFO Welcome to the CDS
2022-09-14 11:59:26,015 INFO Sending request to https://cds.climate.copernicus.eu/api/v2/resources/reanalysis-era5-single-levels
2022-09-14 11:59:26,155 INFO Request is queued
2022-09-14 11:59:27,281 INFO Request is running
2022-09-14 11:59:28,908 INFO Request is completed
/home/mundi/Summer2022/myfuncs.py:73: RuntimeWarning: More than 20 figures have been opened. Figures created through the pyplot interface (`matplotlib.pyplot.figure`) are retained until explicitly closed and may consume too much memory. (To control this warning, see the rcParam `figure.max_open_warning`).
  fig=plt.figure(figsize=[15,15])
2022-09-14 11:59:31,420 INFO Welcome to the CDS
2022-09-14 11:59:31,420 INFO Sending request to https://cds.climate.copernicus.eu/api/v2/resources/reanalysis-era5-single-levels
2022-09-14 11:59:31,566 INFO Request is queued
2022-09-14 11:59:32,691 INFO Request is running
2022-09-14 11:59:36,695 INFO Request is completed
/home/mundi/Summer2022/myfuncs.py:73: RuntimeWarning: More than 20 figures have been opened. Figures created through the pyplot interface (`matplotlib.pyplot.figure`) are retained until explicitly closed and may consume too much memory. (To control this warning, see the rcParam `figure.max_open_warning`).
  fig=plt.figure(figsize=[15,15])
2022-09-14 11:59:40,087 INFO Welcome to the CDS
2022-09-14 11:59:40,087 INFO Sending request to https://cds.climate.copernicus.eu/api/v2/resources/reanalysis-era5-single-levels
2022-09-14 11:59:40,216 INFO Request is queued
2022-09-14 11:59:41,342 INFO Request is running
2022-09-14 11:59:45,346 INFO Request is completed
/home/mundi/Summer2022/myfuncs.py:73: RuntimeWarning: More than 20 figures have been opened. Figures created through the pyplot interface (`matplotlib.pyplot.figure`) are retained until explicitly closed and may consume too much memory. (To control this warning, see the rcParam `figure.max_open_warning`).
  fig=plt.figure(figsize=[15,15])
2022-09-14 11:59:48,470 INFO Welcome to the CDS
2022-09-14 11:59:48,471 INFO Sending request to https://cds.climate.copernicus.eu/api/v2/resources/reanalysis-era5-single-levels
2022-09-14 11:59:48,603 INFO Request is queued
2022-09-14 11:59:49,730 INFO Request is running
2022-09-14 11:59:53,735 INFO Request is completed
/home/mundi/Summer2022/myfuncs.py:73: RuntimeWarning: More than 20 figures have been opened. Figures created through the pyplot interface (`matplotlib.pyplot.figure`) are retained until explicitly closed and may consume too much memory. (To control this warning, see the rcParam `figure.max_open_warning`).
  fig=plt.figure(figsize=[15,15])


