- filepaths

********
* 2010 *
********
{'seaice': True, 'winds': False, 'sst': False, 'sst_daily': False, 'glorys': False, 'air_temp': False}

- census acquired
- data export set up
 
2010: Storm 1/112
... sea ice area completed
2010: Storm 2/112
... sea ice area completed
2010: Storm 3/112
... sea ice area completed
2010: Storm 4/112
... sea ice area completed
2010: Storm 5/112
... sea ice area completed
2010: Storm 6/112
... sea ice area completed
2010: Storm 7/112
... sea ice area completed
2010: Storm 8/112
... sea ice area completed
2010: Storm 9/112
... sea ice area completed
2010: Storm 10/112
... sea ice area completed
2010: Storm 11/112
... sea ice area completed
2010: Storm 12/112
... sea ice area completed
2010: Storm 13/112
... sea ice area completed
2010: Storm 14/112
... sea ice area completed
2010: Storm 15/112
duplicate storm start
... sea ice area completed
2010: Storm 16/112
... sea ice area completed
2010: Storm 17/112
... sea ice area completed
2010: Storm 18/112
... sea ice area completed
2010: Storm 19/112
... sea ice area completed
2010: Storm 20/112
... sea ice area completed
2010: Storm 21/112
... sea ice area completed
2010: Storm 22/112
... sea ice area completed
2010: Storm 23/112
... sea ice area completed
2010: Storm 24/112
duplicate storm start
... sea ice area completed
2010: Storm 25/112
... sea ice area completed
2010: Storm 26/112
... sea ice area completed
2010: Storm 27/112
... sea ice area completed
2010: Storm 28/112
... sea ice area completed
2010: Storm 29/112
duplicate storm start
... sea ice area completed
2010: Storm 30/112
... sea ice area completed
2010: Storm 31/112
... sea ice area completed
2010: Storm 32/112
... sea ice area completed
2010: Storm 33/112
... sea ice area completed
2010: Storm 34/112
duplicate storm start
... sea ice area completed
2010: Storm 35/112
... sea ice area completed
2010: Storm 36/112
... sea ice area completed
2010: Storm 37/112
... sea ice area completed
2010: Storm 38/112
... sea ice area completed
2010: Storm 39/112
... sea ice area completed
2010: Storm 40/112
... sea ice area completed
2010: Storm 41/112
... sea ice area completed
2010: Storm 42/112
... sea ice area completed
2010: Storm 43/112
... sea ice area completed
2010: Storm 44/112
... sea ice area completed
2010: Storm 45/112
... sea ice area completed
2010: Storm 46/112
... sea ice area completed
2010: Storm 47/112
duplicate storm start
... sea ice area completed
2010: Storm 48/112
... sea ice area completed
2010: Storm 49/112
... sea ice area completed
2010: Storm 50/112
... sea ice area completed
2010: Storm 51/112
... sea ice area completed
2010: Storm 52/112
... sea ice area completed
2010: Storm 53/112
... sea ice area completed
2010: Storm 54/112
... sea ice area completed
2010: Storm 55/112
... sea ice area completed
2010: Storm 56/112
... sea ice area completed
2010: Storm 57/112
... sea ice area completed
2010: Storm 58/112
... sea ice area completed
2010: Storm 59/112
... sea ice area completed
2010: Storm 60/112
... sea ice area completed
2010: Storm 61/112
... sea ice area completed
2010: Storm 62/112
... sea ice area completed
2010: Storm 63/112
duplicate storm start
... sea ice area completed
2010: Storm 64/112
... sea ice area completed
2010: Storm 65/112
duplicate storm start
... sea ice area completed
2010: Storm 66/112
... sea ice area completed
2010: Storm 67/112
... sea ice area completed
2010: Storm 68/112
... sea ice area completed
2010: Storm 69/112
... sea ice area completed
2010: Storm 70/112
duplicate storm start
... sea ice area completed
2010: Storm 71/112
... sea ice area completed
2010: Storm 72/112
... sea ice area completed
2010: Storm 73/112
... sea ice area completed
2010: Storm 74/112
... sea ice area completed
2010: Storm 75/112
... sea ice area completed
2010: Storm 76/112
... sea ice area completed
2010: Storm 77/112
... sea ice area completed
2010: Storm 78/112
... sea ice area completed
2010: Storm 79/112
... sea ice area completed
2010: Storm 80/112
... sea ice area completed
2010: Storm 81/112
... sea ice area completed
2010: Storm 82/112
... sea ice area completed
2010: Storm 83/112
... sea ice area completed
2010: Storm 84/112
... sea ice area completed
2010: Storm 85/112
... sea ice area completed
2010: Storm 86/112
... sea ice area completed
2010: Storm 87/112
... sea ice area completed
2010: Storm 88/112
duplicate storm start
... sea ice area completed
2010: Storm 89/112
... sea ice area completed
2010: Storm 90/112
... sea ice area completed
2010: Storm 91/112
... sea ice area completed
2010: Storm 92/112
duplicate storm start
... sea ice area completed
2010: Storm 93/112
... sea ice area completed
2010: Storm 94/112
... sea ice area completed
2010: Storm 95/112
... sea ice area completed
2010: Storm 96/112
... sea ice area completed
2010: Storm 97/112
... sea ice area completed
2010: Storm 98/112
... sea ice area completed
2010: Storm 99/112
... sea ice area completed
2010: Storm 100/112
... sea ice area completed
2010: Storm 101/112
... sea ice area completed
2010: Storm 102/112
... sea ice area completed
2010: Storm 103/112
... sea ice area completed
2010: Storm 104/112
... sea ice area completed
2010: Storm 105/112
... sea ice area completed
2010: Storm 106/112
... sea ice area completed
2010: Storm 107/112
... sea ice area completed
2010: Storm 108/112
duplicate storm start
... sea ice area completed
2010: Storm 109/112
... sea ice area completed
2010: Storm 110/112
... sea ice area completed
2010: Storm 111/112
... sea ice area completed
2010: Storm 112/112
... sea ice area completed

--------------------------
DONE CALCULATING:
nstorms,  (112,)
analysis ranges,  (22,)
sea ice,  (22,)

--------------------------


--------------------------
      EXPORT TO NC        
--------------------------



*ERROR* ... saving nc file
--------------------------
analysis ranges,  (112, 22)
sea ice,  (112, 22) (112, 0)


conflicting sizes for dimension 'time': length 0 on 'sia_clim_miz2_990' and length 22 on 'analysis_ranges'
Traceback (most recent call last):
  File "aa_storm_tseries1_sens.py", line 419, in <module>
    ds = xr.Dataset(data_vars=data_vars,
  File "/home/mundi/miniconda3/envs/cyc_loc2/lib/python3.8/site-packages/xarray/core/dataset.py", line 687, in __init__
    variables, coord_names, dims, indexes, _ = merge_data_and_coords(
  File "/home/mundi/miniconda3/envs/cyc_loc2/lib/python3.8/site-packages/xarray/core/merge.py", line 467, in merge_data_and_coords
    return merge_core(
  File "/home/mundi/miniconda3/envs/cyc_loc2/lib/python3.8/site-packages/xarray/core/merge.py", line 619, in merge_core
    dims = calculate_dimensions(variables)
  File "/home/mundi/miniconda3/envs/cyc_loc2/lib/python3.8/site-packages/xarray/core/dataset.py", line 206, in calculate_dimensions
    raise ValueError(
ValueError: conflicting sizes for dimension 'time': length 0 on 'sia_clim_miz2_990' and length 22 on 'analysis_ranges'


 
 
------------------
       done!      
------------------
2010 elapsed time: 
5.6 minutes


********
* 2011 *
********
{'seaice': True, 'winds': False, 'sst': False, 'sst_daily': False, 'glorys': False, 'air_temp': False}

- census acquired
- data export set up
 
2011: Storm 1/98
... sea ice area completed
2011: Storm 2/98
... sea ice area completed
2011: Storm 3/98
... sea ice area completed
2011: Storm 4/98
... sea ice area completed
2011: Storm 5/98
... sea ice area completed
2011: Storm 6/98
... sea ice area completed
2011: Storm 7/98
... sea ice area completed
2011: Storm 8/98
... sea ice area completed
2011: Storm 9/98
... sea ice area completed
2011: Storm 10/98
... sea ice area completed
2011: Storm 11/98
duplicate storm start
... sea ice area completed
2011: Storm 12/98
... sea ice area completed
2011: Storm 13/98
... sea ice area completed
2011: Storm 14/98
... sea ice area completed
2011: Storm 15/98
... sea ice area completed
2011: Storm 16/98
... sea ice area completed
2011: Storm 17/98
... sea ice area completed
2011: Storm 18/98
... sea ice area completed
2011: Storm 19/98
... sea ice area completed
2011: Storm 20/98
... sea ice area completed
2011: Storm 21/98
... sea ice area completed
2011: Storm 22/98
... sea ice area completed
2011: Storm 23/98
... sea ice area completed
2011: Storm 24/98
duplicate storm start
... sea ice area completed
2011: Storm 25/98
... sea ice area completed
2011: Storm 26/98
... sea ice area completed
2011: Storm 27/98
... sea ice area completed
2011: Storm 28/98
... sea ice area completed
2011: Storm 29/98
duplicate storm start
... sea ice area completed
2011: Storm 30/98
... sea ice area completed
2011: Storm 31/98
... sea ice area completed
2011: Storm 32/98
... sea ice area completed
2011: Storm 33/98
... sea ice area completed
2011: Storm 34/98
... sea ice area completed
2011: Storm 35/98
... sea ice area completed
2011: Storm 36/98
duplicate storm start
... sea ice area completed
2011: Storm 37/98
duplicate storm start
... sea ice area completed
2011: Storm 38/98
... sea ice area completed
2011: Storm 39/98
duplicate storm start
... sea ice area completed
2011: Storm 40/98
... sea ice area completed
2011: Storm 41/98
... sea ice area completed
2011: Storm 42/98
... sea ice area completed
2011: Storm 43/98
duplicate storm start
... sea ice area completed
2011: Storm 44/98
... sea ice area completed
2011: Storm 45/98
... sea ice area completed
2011: Storm 46/98
duplicate storm start
... sea ice area completed
2011: Storm 47/98
... sea ice area completed
2011: Storm 48/98
... sea ice area completed
2011: Storm 49/98
... sea ice area completed
2011: Storm 50/98
... sea ice area completed
2011: Storm 51/98
... sea ice area completed
2011: Storm 52/98
... sea ice area completed
2011: Storm 53/98
... sea ice area completed
2011: Storm 54/98
duplicate storm start
... sea ice area completed
2011: Storm 55/98
... sea ice area completed
2011: Storm 56/98
... sea ice area completed
2011: Storm 57/98
... sea ice area completed
2011: Storm 58/98
... sea ice area completed
2011: Storm 59/98
... sea ice area completed
2011: Storm 60/98
... sea ice area completed
2011: Storm 61/98
... sea ice area completed
2011: Storm 62/98
... sea ice area completed
2011: Storm 63/98
... sea ice area completed
2011: Storm 64/98
... sea ice area completed
2011: Storm 65/98
... sea ice area completed
2011: Storm 66/98
... sea ice area completed
2011: Storm 67/98
... sea ice area completed
2011: Storm 68/98
... sea ice area completed
2011: Storm 69/98
duplicate storm start
... sea ice area completed
2011: Storm 70/98
... sea ice area completed
2011: Storm 71/98
... sea ice area completed
2011: Storm 72/98
... sea ice area completed
2011: Storm 73/98
... sea ice area completed
2011: Storm 74/98
... sea ice area completed
2011: Storm 75/98
... sea ice area completed
2011: Storm 76/98
... sea ice area completed
2011: Storm 77/98
... sea ice area completed
2011: Storm 78/98
... sea ice area completed
2011: Storm 79/98
... sea ice area completed
2011: Storm 80/98
... sea ice area completed
2011: Storm 81/98
... sea ice area completed
2011: Storm 82/98
duplicate storm start
... sea ice area completed
2011: Storm 83/98
... sea ice area completed
2011: Storm 84/98
... sea ice area completed
2011: Storm 85/98
duplicate storm start
... sea ice area completed
2011: Storm 86/98
... sea ice area completed
2011: Storm 87/98
... sea ice area completed
2011: Storm 88/98
... sea ice area completed
2011: Storm 89/98
... sea ice area completed
2011: Storm 90/98
... sea ice area completed
2011: Storm 91/98
... sea ice area completed
2011: Storm 92/98
... sea ice area completed
2011: Storm 93/98
... sea ice area completed
2011: Storm 94/98
... sea ice area completed
2011: Storm 95/98
... sea ice area completed
2011: Storm 96/98
... sea ice area completed
2011: Storm 97/98
... sea ice area completed
2011: Storm 98/98
... sea ice area completed

--------------------------
DONE CALCULATING:
nstorms,  (98,)
analysis ranges,  (22,)
sea ice,  (22,)

--------------------------


--------------------------
      EXPORT TO NC        
--------------------------



*ERROR* ... saving nc file
--------------------------
analysis ranges,  (98, 22)
sea ice,  (98, 22) (98, 0)


conflicting sizes for dimension 'time': length 0 on 'sia_clim_miz2_990' and length 22 on 'analysis_ranges'
Traceback (most recent call last):
  File "aa_storm_tseries1_sens.py", line 419, in <module>
    ds = xr.Dataset(data_vars=data_vars,
  File "/home/mundi/miniconda3/envs/cyc_loc2/lib/python3.8/site-packages/xarray/core/dataset.py", line 687, in __init__
    variables, coord_names, dims, indexes, _ = merge_data_and_coords(
  File "/home/mundi/miniconda3/envs/cyc_loc2/lib/python3.8/site-packages/xarray/core/merge.py", line 467, in merge_data_and_coords
    return merge_core(
  File "/home/mundi/miniconda3/envs/cyc_loc2/lib/python3.8/site-packages/xarray/core/merge.py", line 619, in merge_core
    dims = calculate_dimensions(variables)
  File "/home/mundi/miniconda3/envs/cyc_loc2/lib/python3.8/site-packages/xarray/core/dataset.py", line 206, in calculate_dimensions
    raise ValueError(
ValueError: conflicting sizes for dimension 'time': length 0 on 'sia_clim_miz2_990' and length 22 on 'analysis_ranges'


 
 
------------------
       done!      
------------------
2011 elapsed time: 
4.0 minutes


********
* 2012 *
********
{'seaice': True, 'winds': False, 'sst': False, 'sst_daily': False, 'glorys': False, 'air_temp': False}

- census acquired
- data export set up
 
2012: Storm 1/101
... sea ice area completed
2012: Storm 2/101
... sea ice area completed
2012: Storm 3/101
duplicate storm start
... sea ice area completed
2012: Storm 4/101
... sea ice area completed
2012: Storm 5/101
... sea ice area completed
2012: Storm 6/101
... sea ice area completed
2012: Storm 7/101
... sea ice area completed
2012: Storm 8/101
... sea ice area completed
2012: Storm 9/101
... sea ice area completed
2012: Storm 10/101
... sea ice area completed
2012: Storm 11/101
... sea ice area completed
2012: Storm 12/101
... sea ice area completed
2012: Storm 13/101
... sea ice area completed
2012: Storm 14/101
... sea ice area completed
2012: Storm 15/101
... sea ice area completed
2012: Storm 16/101
duplicate storm start
... sea ice area completed
2012: Storm 17/101
... sea ice area completed
2012: Storm 18/101
duplicate storm start
... sea ice area completed
2012: Storm 19/101
... sea ice area completed
2012: Storm 20/101
... sea ice area completed
2012: Storm 21/101
... sea ice area completed
2012: Storm 22/101
... sea ice area completed
2012: Storm 23/101
... sea ice area completed
2012: Storm 24/101
... sea ice area completed
2012: Storm 25/101
... sea ice area completed
2012: Storm 26/101
... sea ice area completed
2012: Storm 27/101
... sea ice area completed
2012: Storm 28/101
... sea ice area completed
2012: Storm 29/101
... sea ice area completed
2012: Storm 30/101
... sea ice area completed
2012: Storm 31/101
... sea ice area completed
2012: Storm 32/101
... sea ice area completed
2012: Storm 33/101
... sea ice area completed
2012: Storm 34/101
... sea ice area completed
2012: Storm 35/101
... sea ice area completed
2012: Storm 36/101
... sea ice area completed
2012: Storm 37/101
... sea ice area completed
2012: Storm 38/101
... sea ice area completed
2012: Storm 39/101
... sea ice area completed
2012: Storm 40/101
... sea ice area completed
2012: Storm 41/101
... sea ice area completed
2012: Storm 42/101
... sea ice area completed
2012: Storm 43/101
... sea ice area completed
2012: Storm 44/101
... sea ice area completed
2012: Storm 45/101
duplicate storm start
... sea ice area completed
2012: Storm 46/101
... sea ice area completed
2012: Storm 47/101
... sea ice area completed
2012: Storm 48/101
... sea ice area completed
2012: Storm 49/101
... sea ice area completed
2012: Storm 50/101
... sea ice area completed
2012: Storm 51/101
... sea ice area completed
2012: Storm 52/101
duplicate storm start
... sea ice area completed
2012: Storm 53/101
... sea ice area completed
2012: Storm 54/101
... sea ice area completed
2012: Storm 55/101
... sea ice area completed
2012: Storm 56/101
... sea ice area completed
2012: Storm 57/101
... sea ice area completed
2012: Storm 58/101
... sea ice area completed
2012: Storm 59/101
... sea ice area completed
2012: Storm 60/101
... sea ice area completed
2012: Storm 61/101
... sea ice area completed
2012: Storm 62/101
... sea ice area completed
2012: Storm 63/101
... sea ice area completed
2012: Storm 64/101
... sea ice area completed
2012: Storm 65/101
... sea ice area completed
2012: Storm 66/101
... sea ice area completed
2012: Storm 67/101
... sea ice area completed
2012: Storm 68/101
... sea ice area completed
2012: Storm 69/101
... sea ice area completed
2012: Storm 70/101
... sea ice area completed
2012: Storm 71/101
... sea ice area completed
2012: Storm 72/101
... sea ice area completed
2012: Storm 73/101
... sea ice area completed
2012: Storm 74/101
... sea ice area completed
2012: Storm 75/101
... sea ice area completed
2012: Storm 76/101
... sea ice area completed
2012: Storm 77/101
... sea ice area completed
2012: Storm 78/101
... sea ice area completed
2012: Storm 79/101
... sea ice area completed
2012: Storm 80/101
... sea ice area completed
2012: Storm 81/101
duplicate storm start
... sea ice area completed
2012: Storm 82/101
duplicate storm start
... sea ice area completed
2012: Storm 83/101
... sea ice area completed
2012: Storm 84/101
... sea ice area completed
2012: Storm 85/101
... sea ice area completed
2012: Storm 86/101
... sea ice area completed
2012: Storm 87/101
... sea ice area completed
2012: Storm 88/101
... sea ice area completed
2012: Storm 89/101
duplicate storm start
... sea ice area completed
2012: Storm 90/101
... sea ice area completed
2012: Storm 91/101
... sea ice area completed
2012: Storm 92/101
... sea ice area completed
2012: Storm 93/101
... sea ice area completed
2012: Storm 94/101
... sea ice area completed
2012: Storm 95/101
... sea ice area completed
2012: Storm 96/101
... sea ice area completed
2012: Storm 97/101
... sea ice area completed
2012: Storm 98/101
... sea ice area completed
2012: Storm 99/101
... sea ice area completed
2012: Storm 100/101
... sea ice area completed
2012: Storm 101/101
... sea ice area completed

--------------------------
DONE CALCULATING:
nstorms,  (101,)
analysis ranges,  (22,)
sea ice,  (22,)

--------------------------


--------------------------
      EXPORT TO NC        
--------------------------



*ERROR* ... saving nc file
--------------------------
analysis ranges,  (101, 22)
sea ice,  (101, 22) (101, 0)


conflicting sizes for dimension 'time': length 0 on 'sia_clim_miz2_990' and length 22 on 'analysis_ranges'
Traceback (most recent call last):
  File "aa_storm_tseries1_sens.py", line 419, in <module>
    ds = xr.Dataset(data_vars=data_vars,
  File "/home/mundi/miniconda3/envs/cyc_loc2/lib/python3.8/site-packages/xarray/core/dataset.py", line 687, in __init__
    variables, coord_names, dims, indexes, _ = merge_data_and_coords(
  File "/home/mundi/miniconda3/envs/cyc_loc2/lib/python3.8/site-packages/xarray/core/merge.py", line 467, in merge_data_and_coords
    return merge_core(
  File "/home/mundi/miniconda3/envs/cyc_loc2/lib/python3.8/site-packages/xarray/core/merge.py", line 619, in merge_core
    dims = calculate_dimensions(variables)
  File "/home/mundi/miniconda3/envs/cyc_loc2/lib/python3.8/site-packages/xarray/core/dataset.py", line 206, in calculate_dimensions
    raise ValueError(
ValueError: conflicting sizes for dimension 'time': length 0 on 'sia_clim_miz2_990' and length 22 on 'analysis_ranges'


 
 
------------------
       done!      
------------------
2012 elapsed time: 
5.2 minutes


********
* 2013 *
********
{'seaice': True, 'winds': False, 'sst': False, 'sst_daily': False, 'glorys': False, 'air_temp': False}

- census acquired
- data export set up
 
2013: Storm 1/104
... sea ice area completed
2013: Storm 2/104
duplicate storm start
... sea ice area completed
2013: Storm 3/104
... sea ice area completed
2013: Storm 4/104
... sea ice area completed
2013: Storm 5/104
... sea ice area completed
2013: Storm 6/104
... sea ice area completed
2013: Storm 7/104
... sea ice area completed
2013: Storm 8/104
... sea ice area completed
2013: Storm 9/104
... sea ice area completed
2013: Storm 10/104
... sea ice area completed
2013: Storm 11/104
... sea ice area completed
2013: Storm 12/104
... sea ice area completed
2013: Storm 13/104
... sea ice area completed
2013: Storm 14/104
... sea ice area completed
2013: Storm 15/104
... sea ice area completed
2013: Storm 16/104
... sea ice area completed
2013: Storm 17/104
... sea ice area completed
2013: Storm 18/104
... sea ice area completed
2013: Storm 19/104
... sea ice area completed
2013: Storm 20/104
... sea ice area completed
2013: Storm 21/104
... sea ice area completed
2013: Storm 22/104
... sea ice area completed
2013: Storm 23/104
... sea ice area completed
2013: Storm 24/104
... sea ice area completed
2013: Storm 25/104
... sea ice area completed
2013: Storm 26/104
... sea ice area completed
2013: Storm 27/104
... sea ice area completed
2013: Storm 28/104
... sea ice area completed
2013: Storm 29/104
... sea ice area completed
2013: Storm 30/104
... sea ice area completed
2013: Storm 31/104
... sea ice area completed
2013: Storm 32/104
... sea ice area completed
2013: Storm 33/104
... sea ice area completed
2013: Storm 34/104
duplicate storm start
... sea ice area completed
2013: Storm 35/104
duplicate storm start
... sea ice area completed
2013: Storm 36/104
... sea ice area completed
2013: Storm 37/104
... sea ice area completed
2013: Storm 38/104
... sea ice area completed
2013: Storm 39/104
... sea ice area completed
2013: Storm 40/104
... sea ice area completed
2013: Storm 41/104
... sea ice area completed
2013: Storm 42/104
... sea ice area completed
2013: Storm 43/104
... sea ice area completed
2013: Storm 44/104
... sea ice area completed
2013: Storm 45/104
... sea ice area completed
2013: Storm 46/104
... sea ice area completed
2013: Storm 47/104
... sea ice area completed
2013: Storm 48/104
... sea ice area completed
2013: Storm 49/104
... sea ice area completed
2013: Storm 50/104
... sea ice area completed
2013: Storm 51/104
... sea ice area completed
2013: Storm 52/104
... sea ice area completed
2013: Storm 53/104
... sea ice area completed
2013: Storm 54/104
duplicate storm start
... sea ice area completed
2013: Storm 55/104
... sea ice area completed
2013: Storm 56/104
... sea ice area completed
2013: Storm 57/104
... sea ice area completed
2013: Storm 58/104
... sea ice area completed
2013: Storm 59/104
... sea ice area completed
2013: Storm 60/104
... sea ice area completed
2013: Storm 61/104
duplicate storm start
... sea ice area completed
2013: Storm 62/104
... sea ice area completed
2013: Storm 63/104
... sea ice area completed
2013: Storm 64/104
... sea ice area completed
2013: Storm 65/104
... sea ice area completed
2013: Storm 66/104
... sea ice area completed
2013: Storm 67/104
... sea ice area completed
2013: Storm 68/104
... sea ice area completed
2013: Storm 69/104
... sea ice area completed
2013: Storm 70/104
... sea ice area completed
2013: Storm 71/104
... sea ice area completed
2013: Storm 72/104
... sea ice area completed
2013: Storm 73/104
... sea ice area completed
2013: Storm 74/104
... sea ice area completed
2013: Storm 75/104
... sea ice area completed
2013: Storm 76/104
... sea ice area completed
2013: Storm 77/104
... sea ice area completed
2013: Storm 78/104
... sea ice area completed
2013: Storm 79/104
... sea ice area completed
2013: Storm 80/104
... sea ice area completed
2013: Storm 81/104
duplicate storm start
... sea ice area completed
2013: Storm 82/104
... sea ice area completed
2013: Storm 83/104
... sea ice area completed
2013: Storm 84/104
... sea ice area completed
2013: Storm 85/104
... sea ice area completed
2013: Storm 86/104
... sea ice area completed
2013: Storm 87/104
... sea ice area completed
2013: Storm 88/104
... sea ice area completed
2013: Storm 89/104
... sea ice area completed
2013: Storm 90/104
... sea ice area completed
2013: Storm 91/104
... sea ice area completed
2013: Storm 92/104
... sea ice area completed
2013: Storm 93/104
... sea ice area completed
2013: Storm 94/104
... sea ice area completed
2013: Storm 95/104
duplicate storm start
... sea ice area completed
2013: Storm 96/104
... sea ice area completed
2013: Storm 97/104
... sea ice area completed
2013: Storm 98/104
... sea ice area completed
2013: Storm 99/104
... sea ice area completed
2013: Storm 100/104
... sea ice area completed
2013: Storm 101/104
... sea ice area completed
2013: Storm 102/104
... sea ice area completed
2013: Storm 103/104
... sea ice area completed
2013: Storm 104/104
... sea ice area completed

--------------------------
DONE CALCULATING:
nstorms,  (104,)
analysis ranges,  (22,)
sea ice,  (22,)

--------------------------


--------------------------
      EXPORT TO NC        
--------------------------



*ERROR* ... saving nc file
--------------------------
analysis ranges,  (104, 22)
sea ice,  (104, 22) (104, 0)


conflicting sizes for dimension 'time': length 0 on 'sia_clim_miz2_990' and length 22 on 'analysis_ranges'
Traceback (most recent call last):
  File "aa_storm_tseries1_sens.py", line 419, in <module>
    ds = xr.Dataset(data_vars=data_vars,
  File "/home/mundi/miniconda3/envs/cyc_loc2/lib/python3.8/site-packages/xarray/core/dataset.py", line 687, in __init__
    variables, coord_names, dims, indexes, _ = merge_data_and_coords(
  File "/home/mundi/miniconda3/envs/cyc_loc2/lib/python3.8/site-packages/xarray/core/merge.py", line 467, in merge_data_and_coords
    return merge_core(
  File "/home/mundi/miniconda3/envs/cyc_loc2/lib/python3.8/site-packages/xarray/core/merge.py", line 619, in merge_core
    dims = calculate_dimensions(variables)
  File "/home/mundi/miniconda3/envs/cyc_loc2/lib/python3.8/site-packages/xarray/core/dataset.py", line 206, in calculate_dimensions
    raise ValueError(
ValueError: conflicting sizes for dimension 'time': length 0 on 'sia_clim_miz2_990' and length 22 on 'analysis_ranges'


 
 
------------------
       done!      
------------------
2013 elapsed time: 
4.5 minutes


********
* 2014 *
********
{'seaice': True, 'winds': False, 'sst': False, 'sst_daily': False, 'glorys': False, 'air_temp': False}

- census acquired
- data export set up
 
2014: Storm 1/102
... sea ice area completed
2014: Storm 2/102
... sea ice area completed
2014: Storm 3/102
... sea ice area completed
2014: Storm 4/102
... sea ice area completed
2014: Storm 5/102
... sea ice area completed
2014: Storm 6/102
... sea ice area completed
2014: Storm 7/102
... sea ice area completed
2014: Storm 8/102
... sea ice area completed
2014: Storm 9/102
... sea ice area completed
2014: Storm 10/102
... sea ice area completed
2014: Storm 11/102
... sea ice area completed
2014: Storm 12/102
... sea ice area completed
2014: Storm 13/102
... sea ice area completed
2014: Storm 14/102
... sea ice area completed
2014: Storm 15/102
... sea ice area completed
2014: Storm 16/102
... sea ice area completed
2014: Storm 17/102
... sea ice area completed
2014: Storm 18/102
... sea ice area completed
2014: Storm 19/102
... sea ice area completed
2014: Storm 20/102
duplicate storm start
... sea ice area completed
2014: Storm 21/102
... sea ice area completed
2014: Storm 22/102
... sea ice area completed
2014: Storm 23/102
... sea ice area completed
2014: Storm 24/102
... sea ice area completed
2014: Storm 25/102
... sea ice area completed
2014: Storm 26/102
... sea ice area completed
2014: Storm 27/102
... sea ice area completed
2014: Storm 28/102
... sea ice area completed
2014: Storm 29/102
... sea ice area completed
2014: Storm 30/102
... sea ice area completed
2014: Storm 31/102
... sea ice area completed
2014: Storm 32/102
duplicate storm start
... sea ice area completed
2014: Storm 33/102
... sea ice area completed
2014: Storm 34/102
... sea ice area completed
2014: Storm 35/102
... sea ice area completed
2014: Storm 36/102
... sea ice area completed
2014: Storm 37/102
... sea ice area completed
2014: Storm 38/102
duplicate storm start
... sea ice area completed
2014: Storm 39/102
... sea ice area completed
2014: Storm 40/102
duplicate storm start
... sea ice area completed
2014: Storm 41/102
duplicate storm start
... sea ice area completed
2014: Storm 42/102
... sea ice area completed
2014: Storm 43/102
... sea ice area completed
2014: Storm 44/102
... sea ice area completed
2014: Storm 45/102
... sea ice area completed
2014: Storm 46/102
duplicate storm start
... sea ice area completed
2014: Storm 47/102
... sea ice area completed
2014: Storm 48/102
... sea ice area completed
2014: Storm 49/102
... sea ice area completed
2014: Storm 50/102
... sea ice area completed
2014: Storm 51/102
... sea ice area completed
2014: Storm 52/102
... sea ice area completed
2014: Storm 53/102
... sea ice area completed
2014: Storm 54/102
... sea ice area completed
2014: Storm 55/102
... sea ice area completed
2014: Storm 56/102
... sea ice area completed
2014: Storm 57/102
... sea ice area completed
2014: Storm 58/102
... sea ice area completed
2014: Storm 59/102
... sea ice area completed
2014: Storm 60/102
... sea ice area completed
2014: Storm 61/102
... sea ice area completed
2014: Storm 62/102
... sea ice area completed
2014: Storm 63/102
duplicate storm start
... sea ice area completed
2014: Storm 64/102
... sea ice area completed
2014: Storm 65/102
... sea ice area completed
2014: Storm 66/102
... sea ice area completed
2014: Storm 67/102
... sea ice area completed
2014: Storm 68/102
... sea ice area completed
2014: Storm 69/102
... sea ice area completed
2014: Storm 70/102
... sea ice area completed
2014: Storm 71/102
... sea ice area completed
2014: Storm 72/102
... sea ice area completed
2014: Storm 73/102
... sea ice area completed
2014: Storm 74/102
... sea ice area completed
2014: Storm 75/102
duplicate storm start
... sea ice area completed
2014: Storm 76/102
... sea ice area completed
2014: Storm 77/102
... sea ice area completed
2014: Storm 78/102
duplicate storm start
... sea ice area completed
2014: Storm 79/102
... sea ice area completed
2014: Storm 80/102
... sea ice area completed
2014: Storm 81/102
... sea ice area completed
2014: Storm 82/102
... sea ice area completed
2014: Storm 83/102
... sea ice area completed
2014: Storm 84/102
... sea ice area completed
2014: Storm 85/102
... sea ice area completed
2014: Storm 86/102
... sea ice area completed
2014: Storm 87/102
... sea ice area completed
2014: Storm 88/102
... sea ice area completed
2014: Storm 89/102
... sea ice area completed
2014: Storm 90/102
... sea ice area completed
2014: Storm 91/102
... sea ice area completed
2014: Storm 92/102
... sea ice area completed
2014: Storm 93/102
... sea ice area completed
2014: Storm 94/102
... sea ice area completed
2014: Storm 95/102
... sea ice area completed
2014: Storm 96/102
... sea ice area completed
2014: Storm 97/102
... sea ice area completed
2014: Storm 98/102
... sea ice area completed
2014: Storm 99/102
... sea ice area completed
2014: Storm 100/102
duplicate storm start
... sea ice area completed
2014: Storm 101/102
... sea ice area completed
2014: Storm 102/102
... sea ice area completed

--------------------------
DONE CALCULATING:
nstorms,  (102,)
analysis ranges,  (22,)
sea ice,  (22,)

--------------------------


--------------------------
      EXPORT TO NC        
--------------------------



*ERROR* ... saving nc file
--------------------------
analysis ranges,  (102, 22)
sea ice,  (102, 22) (102, 0)


conflicting sizes for dimension 'time': length 0 on 'sia_clim_miz2_990' and length 22 on 'analysis_ranges'
Traceback (most recent call last):
  File "aa_storm_tseries1_sens.py", line 419, in <module>
    ds = xr.Dataset(data_vars=data_vars,
  File "/home/mundi/miniconda3/envs/cyc_loc2/lib/python3.8/site-packages/xarray/core/dataset.py", line 687, in __init__
    variables, coord_names, dims, indexes, _ = merge_data_and_coords(
  File "/home/mundi/miniconda3/envs/cyc_loc2/lib/python3.8/site-packages/xarray/core/merge.py", line 467, in merge_data_and_coords
    return merge_core(
  File "/home/mundi/miniconda3/envs/cyc_loc2/lib/python3.8/site-packages/xarray/core/merge.py", line 619, in merge_core
    dims = calculate_dimensions(variables)
  File "/home/mundi/miniconda3/envs/cyc_loc2/lib/python3.8/site-packages/xarray/core/dataset.py", line 206, in calculate_dimensions
    raise ValueError(
ValueError: conflicting sizes for dimension 'time': length 0 on 'sia_clim_miz2_990' and length 22 on 'analysis_ranges'


 
 
------------------
       done!      
------------------
2014 elapsed time: 
4.6 minutes


********
* 2015 *
********
{'seaice': True, 'winds': False, 'sst': False, 'sst_daily': False, 'glorys': False, 'air_temp': False}

- census acquired
- data export set up
 
2015: Storm 1/118
... sea ice area completed
2015: Storm 2/118
... sea ice area completed
2015: Storm 3/118
... sea ice area completed
2015: Storm 4/118
... sea ice area completed
2015: Storm 5/118
... sea ice area completed
2015: Storm 6/118
... sea ice area completed
2015: Storm 7/118
... sea ice area completed
2015: Storm 8/118
... sea ice area completed
2015: Storm 9/118
duplicate storm start
... sea ice area completed
2015: Storm 10/118
... sea ice area completed
2015: Storm 11/118
... sea ice area completed
2015: Storm 12/118
duplicate storm start
... sea ice area completed
2015: Storm 13/118
... sea ice area completed
2015: Storm 14/118
duplicate storm start
... sea ice area completed
2015: Storm 15/118
... sea ice area completed
2015: Storm 16/118
... sea ice area completed
2015: Storm 17/118
... sea ice area completed
2015: Storm 18/118
... sea ice area completed
2015: Storm 19/118
... sea ice area completed
2015: Storm 20/118
... sea ice area completed
2015: Storm 21/118
... sea ice area completed
2015: Storm 22/118
... sea ice area completed
2015: Storm 23/118
... sea ice area completed
2015: Storm 24/118
duplicate storm start
... sea ice area completed
2015: Storm 25/118
... sea ice area completed
2015: Storm 26/118
duplicate storm start
... sea ice area completed
2015: Storm 27/118
... sea ice area completed
2015: Storm 28/118
... sea ice area completed
2015: Storm 29/118
... sea ice area completed
2015: Storm 30/118
... sea ice area completed
2015: Storm 31/118
... sea ice area completed
2015: Storm 32/118
... sea ice area completed
2015: Storm 33/118
... sea ice area completed
2015: Storm 34/118
... sea ice area completed
2015: Storm 35/118
... sea ice area completed
2015: Storm 36/118
... sea ice area completed
2015: Storm 37/118
... sea ice area completed
2015: Storm 38/118
... sea ice area completed
2015: Storm 39/118
... sea ice area completed
2015: Storm 40/118
... sea ice area completed
2015: Storm 41/118
... sea ice area completed
2015: Storm 42/118
... sea ice area completed
2015: Storm 43/118
duplicate storm start
... sea ice area completed
2015: Storm 44/118
... sea ice area completed
2015: Storm 45/118
duplicate storm start
... sea ice area completed
2015: Storm 46/118
... sea ice area completed
2015: Storm 47/118
... sea ice area completed
2015: Storm 48/118
... sea ice area completed
2015: Storm 49/118
... sea ice area completed
2015: Storm 50/118
... sea ice area completed
2015: Storm 51/118
duplicate storm start
... sea ice area completed
2015: Storm 52/118
... sea ice area completed
2015: Storm 53/118
duplicate storm start
... sea ice area completed
2015: Storm 54/118
... sea ice area completed
2015: Storm 55/118
... sea ice area completed
2015: Storm 56/118
... sea ice area completed
2015: Storm 57/118
... sea ice area completed
2015: Storm 58/118
... sea ice area completed
2015: Storm 59/118
... sea ice area completed
2015: Storm 60/118
duplicate storm start
... sea ice area completed
2015: Storm 61/118
duplicate storm start
... sea ice area completed
2015: Storm 62/118
... sea ice area completed
2015: Storm 63/118
... sea ice area completed
2015: Storm 64/118
... sea ice area completed
2015: Storm 65/118
... sea ice area completed
2015: Storm 66/118
duplicate storm start
... sea ice area completed
2015: Storm 67/118
... sea ice area completed
2015: Storm 68/118
duplicate storm start
... sea ice area completed
2015: Storm 69/118
... sea ice area completed
2015: Storm 70/118
... sea ice area completed
2015: Storm 71/118
/home/mundi/miniconda3/envs/cyc_loc2/lib/python3.8/site-packages/xarray/conventions.py:512: SerializationWarning: variable 'cdr_seaice_conc' has _Unsigned attribute but is not of integer type. Ignoring attribute.
  new_vars[k] = decode_cf_variable(
/home/mundi/miniconda3/envs/cyc_loc2/lib/python3.8/site-packages/xarray/conventions.py:512: SerializationWarning: variable 'nsidc_bt_seaice_conc' has _Unsigned attribute but is not of integer type. Ignoring attribute.
  new_vars[k] = decode_cf_variable(
/home/mundi/miniconda3/envs/cyc_loc2/lib/python3.8/site-packages/xarray/conventions.py:512: SerializationWarning: variable 'nsidc_nt_seaice_conc' has _Unsigned attribute but is not of integer type. Ignoring attribute.
  new_vars[k] = decode_cf_variable(
/home/mundi/miniconda3/envs/cyc_loc2/lib/python3.8/site-packages/xarray/conventions.py:512: SerializationWarning: variable 'qa_of_cdr_seaice_conc' has _Unsigned attribute but is not of integer type. Ignoring attribute.
  new_vars[k] = decode_cf_variable(
/home/mundi/miniconda3/envs/cyc_loc2/lib/python3.8/site-packages/xarray/conventions.py:512: SerializationWarning: variable 'spatial_interpolation_flag' has _Unsigned attribute but is not of integer type. Ignoring attribute.
  new_vars[k] = decode_cf_variable(
/home/mundi/miniconda3/envs/cyc_loc2/lib/python3.8/site-packages/xarray/conventions.py:512: SerializationWarning: variable 'temporal_interpolation_flag' has _Unsigned attribute but is not of integer type. Ignoring attribute.
  new_vars[k] = decode_cf_variable(
aa_storm_tseries1_sens.py:175: RuntimeWarning: invalid value encountered in greater
  miz_points = np.where(((sic>miz[0]) & (sic<=miz[1])), 1, miz_points)
aa_storm_tseries1_sens.py:175: RuntimeWarning: invalid value encountered in less_equal
  miz_points = np.where(((sic>miz[0]) & (sic<=miz[1])), 1, miz_points)
Traceback (most recent call last):
  File "aa_storm_tseries1_sens.py", line 148, in <module>
    stormstr = stormstr1 + next(dupe)
StopIteration

ERROR conda.cli.main_run:execute(49): `conda run python aa_storm_tseries1_sens.py` failed. (See above for error)

