Terminated

ERROR conda.cli.main_run:execute(49): `conda run python aa_storm_tseries1_sens.py` failed. (See above for error)
- filepaths

********
* 2017 *
********
{'seaice': True, 'winds': False, 'sst': False, 'sst_daily': False, 'glorys': False, 'air_temp': False}

- census acquired
- data export set up
 
2017: Storm 1/111
... sea ice area completed
2017: Storm 2/111
... sea ice area completed
2017: Storm 3/111
... sea ice area completed
2017: Storm 4/111
... sea ice area completed
2017: Storm 5/111
... sea ice area completed
2017: Storm 6/111
... sea ice area completed
2017: Storm 7/111
... sea ice area completed
2017: Storm 8/111
... sea ice area completed
2017: Storm 9/111
... sea ice area completed
2017: Storm 10/111

